[2024-12-12T06:05:38.103+0000] {local_task_job_runner.py:123} INFO - ::group::Pre task execution logs
[2024-12-12T06:05:38.258+0000] {taskinstance.py:2613} INFO - Dependencies all met for dep_context=non-requeueable deps ti=<TaskInstance: parallel_new_price_with_group.process_groups.process_group_3 manual__2024-12-12T06:05:33.443603+00:00 [queued]>
[2024-12-12T06:05:38.288+0000] {taskinstance.py:2613} INFO - Dependencies all met for dep_context=requeueable deps ti=<TaskInstance: parallel_new_price_with_group.process_groups.process_group_3 manual__2024-12-12T06:05:33.443603+00:00 [queued]>
[2024-12-12T06:05:38.288+0000] {taskinstance.py:2866} INFO - Starting attempt 1 of 2
[2024-12-12T06:05:38.377+0000] {taskinstance.py:2889} INFO - Executing <Task(PythonOperator): process_groups.process_group_3> on 2024-12-12 06:05:33.443603+00:00
[2024-12-12T06:05:38.390+0000] {standard_task_runner.py:104} INFO - Running: ['airflow', 'tasks', 'run', 'parallel_new_price_with_group', 'process_groups.process_group_3', 'manual__2024-12-12T06:05:33.443603+00:00', '--job-id', '296', '--raw', '--subdir', 'DAGS_FOLDER/Extract_new_price_data.py', '--cfg-path', '/tmp/tmphvkam2us']
[2024-12-12T06:05:38.395+0000] {standard_task_runner.py:105} INFO - Job 296: Subtask process_groups.process_group_3
[2024-12-12T06:05:38.396+0000] {logging_mixin.py:190} WARNING - /usr/local/lib/python3.12/site-packages/airflow/task/task_runner/standard_task_runner.py:70 DeprecationWarning: This process (pid=8316) is multi-threaded, use of fork() may lead to deadlocks in the child.
[2024-12-12T06:05:38.396+0000] {standard_task_runner.py:72} INFO - Started process 8337 to run task
[2024-12-12T06:05:38.600+0000] {task_command.py:467} INFO - Running <TaskInstance: parallel_new_price_with_group.process_groups.process_group_3 manual__2024-12-12T06:05:33.443603+00:00 [running]> on host b97e805017e1
[2024-12-12T06:05:38.898+0000] {taskinstance.py:3132} INFO - Exporting env vars: AIRFLOW_CTX_DAG_OWNER='airflowDWH' AIRFLOW_CTX_DAG_ID='parallel_new_price_with_group' AIRFLOW_CTX_TASK_ID='process_groups.process_group_3' AIRFLOW_CTX_EXECUTION_DATE='2024-12-12T06:05:33.443603+00:00' AIRFLOW_CTX_TRY_NUMBER='1' AIRFLOW_CTX_DAG_RUN_ID='manual__2024-12-12T06:05:33.443603+00:00'
[2024-12-12T06:05:38.900+0000] {taskinstance.py:731} INFO - ::endgroup::
[2024-12-12T06:05:41.618+0000] {data_explorer.py:64} WARNING - Thông tin niêm yết & giao dịch sẽ được truy xuất từ TCBS
[2024-12-12T06:05:42.914+0000] {data_explorer.py:64} WARNING - Thông tin niêm yết & giao dịch sẽ được truy xuất từ TCBS
[2024-12-12T06:05:43.898+0000] {data_explorer.py:64} WARNING - Thông tin niêm yết & giao dịch sẽ được truy xuất từ TCBS
[2024-12-12T06:05:44.740+0000] {data_explorer.py:64} WARNING - Thông tin niêm yết & giao dịch sẽ được truy xuất từ TCBS
[2024-12-12T06:05:44.995+0000] {logging_mixin.py:190} INFO - Mã cổ phiếu TBR hiện bị dừng giao dịch
[2024-12-12T06:05:46.004+0000] {data_explorer.py:64} WARNING - Thông tin niêm yết & giao dịch sẽ được truy xuất từ TCBS
[2024-12-12T06:05:47.407+0000] {data_explorer.py:64} WARNING - Thông tin niêm yết & giao dịch sẽ được truy xuất từ TCBS
[2024-12-12T06:05:49.440+0000] {data_explorer.py:64} WARNING - Thông tin niêm yết & giao dịch sẽ được truy xuất từ TCBS
[2024-12-12T06:05:50.993+0000] {data_explorer.py:64} WARNING - Thông tin niêm yết & giao dịch sẽ được truy xuất từ TCBS
[2024-12-12T06:05:51.737+0000] {data_explorer.py:64} WARNING - Thông tin niêm yết & giao dịch sẽ được truy xuất từ TCBS
[2024-12-12T06:05:51.950+0000] {logging_mixin.py:190} INFO - Mã cổ phiếu LMH hiện bị dừng giao dịch
[2024-12-12T06:05:52.716+0000] {data_explorer.py:64} WARNING - Thông tin niêm yết & giao dịch sẽ được truy xuất từ TCBS
[2024-12-12T06:05:53.575+0000] {data_explorer.py:64} WARNING - Thông tin niêm yết & giao dịch sẽ được truy xuất từ TCBS
[2024-12-12T06:05:54.770+0000] {data_explorer.py:64} WARNING - Thông tin niêm yết & giao dịch sẽ được truy xuất từ TCBS
[2024-12-12T06:05:55.964+0000] {data_explorer.py:64} WARNING - Thông tin niêm yết & giao dịch sẽ được truy xuất từ TCBS
[2024-12-12T06:05:56.229+0000] {logging_mixin.py:190} INFO - Mã cổ phiếu PVR hiện bị dừng giao dịch
[2024-12-12T06:05:57.235+0000] {data_explorer.py:64} WARNING - Thông tin niêm yết & giao dịch sẽ được truy xuất từ TCBS
[2024-12-12T06:05:58.432+0000] {data_explorer.py:64} WARNING - Thông tin niêm yết & giao dịch sẽ được truy xuất từ TCBS
[2024-12-12T06:05:59.623+0000] {data_explorer.py:64} WARNING - Thông tin niêm yết & giao dịch sẽ được truy xuất từ TCBS
[2024-12-12T06:06:00.683+0000] {data_explorer.py:64} WARNING - Thông tin niêm yết & giao dịch sẽ được truy xuất từ TCBS
[2024-12-12T06:06:01.194+0000] {logging_mixin.py:190} INFO - Mã cổ phiếu PXC hiện bị dừng giao dịch
[2024-12-12T06:06:01.758+0000] {data_explorer.py:64} WARNING - Thông tin niêm yết & giao dịch sẽ được truy xuất từ TCBS
[2024-12-12T06:06:02.611+0000] {data_explorer.py:64} WARNING - Thông tin niêm yết & giao dịch sẽ được truy xuất từ TCBS
[2024-12-12T06:06:02.819+0000] {logging_mixin.py:190} INFO - Mã cổ phiếu SZG hiện bị dừng giao dịch
[2024-12-12T06:06:03.694+0000] {data_explorer.py:64} WARNING - Thông tin niêm yết & giao dịch sẽ được truy xuất từ TCBS
[2024-12-12T06:06:04.607+0000] {data_explorer.py:64} WARNING - Thông tin niêm yết & giao dịch sẽ được truy xuất từ TCBS
[2024-12-12T06:06:05.231+0000] {logging_mixin.py:190} INFO - Mã cổ phiếu STL hiện bị dừng giao dịch
[2024-12-12T06:06:05.744+0000] {data_explorer.py:64} WARNING - Thông tin niêm yết & giao dịch sẽ được truy xuất từ TCBS
[2024-12-12T06:06:07.036+0000] {data_explorer.py:64} WARNING - Thông tin niêm yết & giao dịch sẽ được truy xuất từ TCBS
[2024-12-12T06:06:08.059+0000] {data_explorer.py:64} WARNING - Thông tin niêm yết & giao dịch sẽ được truy xuất từ TCBS
[2024-12-12T06:06:09.061+0000] {data_explorer.py:64} WARNING - Thông tin niêm yết & giao dịch sẽ được truy xuất từ TCBS
[2024-12-12T06:06:10.052+0000] {data_explorer.py:64} WARNING - Thông tin niêm yết & giao dịch sẽ được truy xuất từ TCBS
[2024-12-12T06:06:10.297+0000] {python.py:240} INFO - Done. Returned value was: None
[2024-12-12T06:06:10.339+0000] {taskinstance.py:340} INFO - ::group::Post task execution logs
[2024-12-12T06:06:10.340+0000] {taskinstance.py:352} INFO - Marking task as SUCCESS. dag_id=parallel_new_price_with_group, task_id=process_groups.process_group_3, run_id=manual__2024-12-12T06:05:33.443603+00:00, execution_date=20241212T060533, start_date=20241212T060538, end_date=20241212T060610
[2024-12-12T06:06:10.475+0000] {local_task_job_runner.py:266} INFO - Task exited with return code 0
[2024-12-12T06:06:10.521+0000] {local_task_job_runner.py:245} INFO - ::endgroup::
