[2024-12-15T11:03:33.706+0000] {local_task_job_runner.py:123} INFO - ::group::Pre task execution logs
[2024-12-15T11:03:33.754+0000] {taskinstance.py:2613} INFO - Dependencies all met for dep_context=non-requeueable deps ti=<TaskInstance: parallel_new_financial_reports.financial_reports.run_main_report manual__2024-12-15T11:03:29.249664+00:00 [queued]>
[2024-12-15T11:03:33.772+0000] {taskinstance.py:2613} INFO - Dependencies all met for dep_context=requeueable deps ti=<TaskInstance: parallel_new_financial_reports.financial_reports.run_main_report manual__2024-12-15T11:03:29.249664+00:00 [queued]>
[2024-12-15T11:03:33.772+0000] {taskinstance.py:2866} INFO - Starting attempt 1 of 1
[2024-12-15T11:03:33.850+0000] {taskinstance.py:2889} INFO - Executing <Task(PythonOperator): financial_reports.run_main_report> on 2024-12-15 11:03:29.249664+00:00
[2024-12-15T11:03:33.863+0000] {logging_mixin.py:190} WARNING - /usr/local/lib/python3.12/site-packages/airflow/task/task_runner/standard_task_runner.py:70 DeprecationWarning: This process (pid=600) is multi-threaded, use of fork() may lead to deadlocks in the child.
[2024-12-15T11:03:33.866+0000] {standard_task_runner.py:72} INFO - Started process 611 to run task
[2024-12-15T11:03:33.863+0000] {standard_task_runner.py:104} INFO - Running: ['airflow', 'tasks', 'run', 'parallel_new_financial_reports', 'financial_reports.run_main_report', 'manual__2024-12-15T11:03:29.249664+00:00', '--job-id', '405', '--raw', '--subdir', 'DAGS_FOLDER/Extract_new_financial_data.py', '--cfg-path', '/tmp/tmp9bsg89q2']
[2024-12-15T11:03:33.867+0000] {standard_task_runner.py:105} INFO - Job 405: Subtask financial_reports.run_main_report
[2024-12-15T11:03:34.021+0000] {task_command.py:467} INFO - Running <TaskInstance: parallel_new_financial_reports.financial_reports.run_main_report manual__2024-12-15T11:03:29.249664+00:00 [running]> on host 2f7cc6f48508
[2024-12-15T11:03:34.246+0000] {taskinstance.py:3132} INFO - Exporting env vars: AIRFLOW_CTX_DAG_OWNER='airflowDWH' AIRFLOW_CTX_DAG_ID='parallel_new_financial_reports' AIRFLOW_CTX_TASK_ID='financial_reports.run_main_report' AIRFLOW_CTX_EXECUTION_DATE='2024-12-15T11:03:29.249664+00:00' AIRFLOW_CTX_TRY_NUMBER='1' AIRFLOW_CTX_DAG_RUN_ID='manual__2024-12-15T11:03:29.249664+00:00'
[2024-12-15T11:03:34.249+0000] {taskinstance.py:731} INFO - ::endgroup::
[2024-12-15T11:04:15.143+0000] {logging_mixin.py:190} INFO - Mã AGG đã được xử lý
[2024-12-15T11:04:30.006+0000] {logging_mixin.py:190} INFO - Mã LEC đã được xử lý
[2024-12-15T11:04:46.300+0000] {logging_mixin.py:190} INFO - Mã FDC đã được xử lý
[2024-12-15T11:05:00.737+0000] {logging_mixin.py:190} INFO - Mã API đã được xử lý
[2024-12-15T11:05:13.768+0000] {logging_mixin.py:190} INFO - Mã D11 đã được xử lý
[2024-12-15T11:05:13.775+0000] {logging_mixin.py:190} INFO - Đã lưu dữ liệu sau 5 mã chứng khoán.
[2024-12-15T11:05:26.823+0000] {logging_mixin.py:190} INFO - Mã HAR đã được xử lý
[2024-12-15T11:05:39.094+0000] {logging_mixin.py:190} INFO - Mã XDH đã được xử lý
[2024-12-15T11:05:57.825+0000] {logging_mixin.py:190} INFO - Mã C21 đã được xử lý
[2024-12-15T11:05:57.887+0000] {local_task_job_runner.py:346} WARNING - State of this instance has been externally set to success. Terminating instance.
[2024-12-15T11:05:57.890+0000] {local_task_job_runner.py:245} INFO - ::endgroup::
[2024-12-15T11:05:57.893+0000] {process_utils.py:132} INFO - Sending 15 to group 611. PIDs of all processes in the group: [611]
[2024-12-15T11:05:57.894+0000] {process_utils.py:87} INFO - Sending the signal 15 to group 611
[2024-12-15T11:05:57.894+0000] {taskinstance.py:3093} ERROR - Received SIGTERM. Terminating subprocesses.
[2024-12-15T11:05:57.988+0000] {taskinstance.py:340} INFO - ::group::Post task execution logs
[2024-12-15T11:05:58.031+0000] {process_utils.py:80} INFO - Process psutil.Process(pid=611, status='terminated', exitcode=0, started='11:03:33') (611) terminated with exit code 0
