[2024-12-12T14:24:50.212+0000] {local_task_job_runner.py:123} INFO - ::group::Pre task execution logs
[2024-12-12T14:24:50.237+0000] {taskinstance.py:2613} INFO - Dependencies all met for dep_context=non-requeueable deps ti=<TaskInstance: parallel_historical_price_with_group.load_history_price_to_db manual__2024-12-12T14:23:33.327854+00:00 [queued]>
[2024-12-12T14:24:50.248+0000] {taskinstance.py:2613} INFO - Dependencies all met for dep_context=requeueable deps ti=<TaskInstance: parallel_historical_price_with_group.load_history_price_to_db manual__2024-12-12T14:23:33.327854+00:00 [queued]>
[2024-12-12T14:24:50.248+0000] {taskinstance.py:2866} INFO - Starting attempt 1 of 1
[2024-12-12T14:24:50.263+0000] {taskinstance.py:2889} INFO - Executing <Task(PythonOperator): load_history_price_to_db> on 2024-12-12 14:23:33.327854+00:00
[2024-12-12T14:24:50.273+0000] {logging_mixin.py:190} WARNING - /usr/local/lib/python3.12/site-packages/airflow/task/task_runner/standard_task_runner.py:70 DeprecationWarning: This process (pid=4874) is multi-threaded, use of fork() may lead to deadlocks in the child.
[2024-12-12T14:24:50.274+0000] {standard_task_runner.py:72} INFO - Started process 4876 to run task
[2024-12-12T14:24:50.274+0000] {standard_task_runner.py:104} INFO - Running: ['airflow', 'tasks', 'run', 'parallel_historical_price_with_group', 'load_history_price_to_db', 'manual__2024-12-12T14:23:33.327854+00:00', '--job-id', '380', '--raw', '--subdir', 'DAGS_FOLDER/Extract_history_price_data.py', '--cfg-path', '/tmp/tmp6ebose16']
[2024-12-12T14:24:50.276+0000] {standard_task_runner.py:105} INFO - Job 380: Subtask load_history_price_to_db
[2024-12-12T14:24:50.357+0000] {task_command.py:467} INFO - Running <TaskInstance: parallel_historical_price_with_group.load_history_price_to_db manual__2024-12-12T14:23:33.327854+00:00 [running]> on host f1b774b5d57f
[2024-12-12T14:24:50.483+0000] {taskinstance.py:3132} INFO - Exporting env vars: AIRFLOW_CTX_DAG_OWNER='airflowDWH' AIRFLOW_CTX_DAG_ID='parallel_historical_price_with_group' AIRFLOW_CTX_TASK_ID='load_history_price_to_db' AIRFLOW_CTX_EXECUTION_DATE='2024-12-12T14:23:33.327854+00:00' AIRFLOW_CTX_TRY_NUMBER='1' AIRFLOW_CTX_DAG_RUN_ID='manual__2024-12-12T14:23:33.327854+00:00'
[2024-12-12T14:24:50.485+0000] {taskinstance.py:731} INFO - ::endgroup::
[2024-12-12T14:24:50.528+0000] {base.py:84} INFO - Retrieving connection 'load_to_staging'
[2024-12-12T14:24:51.221+0000] {logging_mixin.py:190} INFO - Dữ liệu đã được tải thành công vào bảng lichsugia.
[2024-12-12T14:24:51.221+0000] {python.py:240} INFO - Done. Returned value was: None
[2024-12-12T14:24:51.241+0000] {taskinstance.py:340} INFO - ::group::Post task execution logs
[2024-12-12T14:24:51.242+0000] {taskinstance.py:352} INFO - Marking task as SUCCESS. dag_id=parallel_historical_price_with_group, task_id=load_history_price_to_db, run_id=manual__2024-12-12T14:23:33.327854+00:00, execution_date=20241212T142333, start_date=20241212T142450, end_date=20241212T142451
[2024-12-12T14:24:51.296+0000] {local_task_job_runner.py:266} INFO - Task exited with return code 0
[2024-12-12T14:24:51.325+0000] {taskinstance.py:3895} INFO - 0 downstream tasks scheduled from follow-on schedule check
[2024-12-12T14:24:51.329+0000] {local_task_job_runner.py:245} INFO - ::endgroup::
