[2024-12-16T13:00:05.497+0000] {local_task_job_runner.py:123} INFO - ::group::Pre task execution logs
[2024-12-16T13:00:05.713+0000] {taskinstance.py:2613} INFO - Dependencies all met for dep_context=non-requeueable deps ti=<TaskInstance: parallel_new_price_with_group.process_groups.process_group_3 scheduled__2024-12-13T13:00:00+00:00 [queued]>
[2024-12-16T13:00:05.757+0000] {taskinstance.py:2613} INFO - Dependencies all met for dep_context=requeueable deps ti=<TaskInstance: parallel_new_price_with_group.process_groups.process_group_3 scheduled__2024-12-13T13:00:00+00:00 [queued]>
[2024-12-16T13:00:05.760+0000] {taskinstance.py:2866} INFO - Starting attempt 1 of 4
[2024-12-16T13:00:05.808+0000] {taskinstance.py:2889} INFO - Executing <Task(PythonOperator): process_groups.process_group_3> on 2024-12-13 13:00:00+00:00
[2024-12-16T13:00:05.856+0000] {logging_mixin.py:190} WARNING - /usr/local/lib/python3.12/site-packages/airflow/task/task_runner/standard_task_runner.py:70 DeprecationWarning: This process (pid=13688) is multi-threaded, use of fork() may lead to deadlocks in the child.
[2024-12-16T13:00:05.866+0000] {standard_task_runner.py:72} INFO - Started process 13706 to run task
[2024-12-16T13:00:05.878+0000] {standard_task_runner.py:104} INFO - Running: ['airflow', 'tasks', 'run', 'parallel_new_price_with_group', 'process_groups.process_group_3', 'scheduled__2024-12-13T13:00:00+00:00', '--job-id', '430', '--raw', '--subdir', 'DAGS_FOLDER/Extract_new_price_data.py', '--cfg-path', '/tmp/tmp330groen']
[2024-12-16T13:00:05.890+0000] {standard_task_runner.py:105} INFO - Job 430: Subtask process_groups.process_group_3
[2024-12-16T13:00:06.312+0000] {task_command.py:467} INFO - Running <TaskInstance: parallel_new_price_with_group.process_groups.process_group_3 scheduled__2024-12-13T13:00:00+00:00 [running]> on host 8e02006e0a25
[2024-12-16T13:00:06.896+0000] {taskinstance.py:3132} INFO - Exporting env vars: AIRFLOW_CTX_DAG_OWNER='airflowDWH' AIRFLOW_CTX_DAG_ID='parallel_new_price_with_group' AIRFLOW_CTX_TASK_ID='process_groups.process_group_3' AIRFLOW_CTX_EXECUTION_DATE='2024-12-13T13:00:00+00:00' AIRFLOW_CTX_TRY_NUMBER='1' AIRFLOW_CTX_DAG_RUN_ID='scheduled__2024-12-13T13:00:00+00:00'
[2024-12-16T13:00:06.902+0000] {taskinstance.py:731} INFO - ::endgroup::
[2024-12-16T13:00:08.697+0000] {data_explorer.py:64} WARNING - Thông tin niêm yết & giao dịch sẽ được truy xuất từ TCBS
[2024-12-16T13:00:09.767+0000] {data_explorer.py:64} WARNING - Thông tin niêm yết & giao dịch sẽ được truy xuất từ TCBS
[2024-12-16T13:00:10.588+0000] {data_explorer.py:64} WARNING - Thông tin niêm yết & giao dịch sẽ được truy xuất từ TCBS
[2024-12-16T13:00:13.367+0000] {data_explorer.py:64} WARNING - Thông tin niêm yết & giao dịch sẽ được truy xuất từ TCBS
[2024-12-16T13:00:14.284+0000] {data_explorer.py:64} WARNING - Thông tin niêm yết & giao dịch sẽ được truy xuất từ TCBS
[2024-12-16T13:00:15.161+0000] {data_explorer.py:64} WARNING - Thông tin niêm yết & giao dịch sẽ được truy xuất từ TCBS
[2024-12-16T13:00:15.381+0000] {logging_mixin.py:190} INFO - Mã cổ phiếu RCL hiện bị dừng giao dịch
[2024-12-16T13:00:15.976+0000] {data_explorer.py:64} WARNING - Thông tin niêm yết & giao dịch sẽ được truy xuất từ TCBS
[2024-12-16T13:00:16.204+0000] {logging_mixin.py:190} INFO - Mã cổ phiếu TBR hiện bị dừng giao dịch
[2024-12-16T13:00:16.838+0000] {data_explorer.py:64} WARNING - Thông tin niêm yết & giao dịch sẽ được truy xuất từ TCBS
[2024-12-16T13:00:17.672+0000] {data_explorer.py:64} WARNING - Thông tin niêm yết & giao dịch sẽ được truy xuất từ TCBS
[2024-12-16T13:00:18.495+0000] {data_explorer.py:64} WARNING - Thông tin niêm yết & giao dịch sẽ được truy xuất từ TCBS
[2024-12-16T13:00:19.386+0000] {data_explorer.py:64} WARNING - Thông tin niêm yết & giao dịch sẽ được truy xuất từ TCBS
[2024-12-16T13:00:20.199+0000] {data_explorer.py:64} WARNING - Thông tin niêm yết & giao dịch sẽ được truy xuất từ TCBS
[2024-12-16T13:00:20.898+0000] {data_explorer.py:64} WARNING - Thông tin niêm yết & giao dịch sẽ được truy xuất từ TCBS
[2024-12-16T13:00:21.715+0000] {data_explorer.py:64} WARNING - Thông tin niêm yết & giao dịch sẽ được truy xuất từ TCBS
[2024-12-16T13:00:21.959+0000] {logging_mixin.py:190} INFO - Mã cổ phiếu LMH hiện bị dừng giao dịch
[2024-12-16T13:00:22.498+0000] {data_explorer.py:64} WARNING - Thông tin niêm yết & giao dịch sẽ được truy xuất từ TCBS
[2024-12-16T13:00:23.328+0000] {data_explorer.py:64} WARNING - Thông tin niêm yết & giao dịch sẽ được truy xuất từ TCBS
[2024-12-16T13:00:23.547+0000] {logging_mixin.py:190} INFO - Mã cổ phiếu PVR hiện bị dừng giao dịch
[2024-12-16T13:00:24.583+0000] {data_explorer.py:64} WARNING - Thông tin niêm yết & giao dịch sẽ được truy xuất từ TCBS
[2024-12-16T13:00:25.495+0000] {data_explorer.py:64} WARNING - Thông tin niêm yết & giao dịch sẽ được truy xuất từ TCBS
[2024-12-16T13:00:26.255+0000] {data_explorer.py:64} WARNING - Thông tin niêm yết & giao dịch sẽ được truy xuất từ TCBS
[2024-12-16T13:00:27.034+0000] {data_explorer.py:64} WARNING - Thông tin niêm yết & giao dịch sẽ được truy xuất từ TCBS
[2024-12-16T13:00:27.324+0000] {logging_mixin.py:190} INFO - Mã cổ phiếu PXC hiện bị dừng giao dịch
[2024-12-16T13:00:28.098+0000] {data_explorer.py:64} WARNING - Thông tin niêm yết & giao dịch sẽ được truy xuất từ TCBS
[2024-12-16T13:00:28.909+0000] {data_explorer.py:64} WARNING - Thông tin niêm yết & giao dịch sẽ được truy xuất từ TCBS
[2024-12-16T13:00:29.122+0000] {logging_mixin.py:190} INFO - Mã cổ phiếu SZG hiện bị dừng giao dịch
[2024-12-16T13:00:29.701+0000] {data_explorer.py:64} WARNING - Thông tin niêm yết & giao dịch sẽ được truy xuất từ TCBS
[2024-12-16T13:00:30.566+0000] {data_explorer.py:64} WARNING - Thông tin niêm yết & giao dịch sẽ được truy xuất từ TCBS
[2024-12-16T13:00:30.800+0000] {logging_mixin.py:190} INFO - Mã cổ phiếu STL hiện bị dừng giao dịch
[2024-12-16T13:00:31.532+0000] {data_explorer.py:64} WARNING - Thông tin niêm yết & giao dịch sẽ được truy xuất từ TCBS
[2024-12-16T13:00:32.239+0000] {data_explorer.py:64} WARNING - Thông tin niêm yết & giao dịch sẽ được truy xuất từ TCBS
[2024-12-16T13:00:32.447+0000] {python.py:240} INFO - Done. Returned value was: None
[2024-12-16T13:00:32.473+0000] {taskinstance.py:340} INFO - ::group::Post task execution logs
[2024-12-16T13:00:32.474+0000] {taskinstance.py:352} INFO - Marking task as SUCCESS. dag_id=parallel_new_price_with_group, task_id=process_groups.process_group_3, run_id=scheduled__2024-12-13T13:00:00+00:00, execution_date=20241213T130000, start_date=20241216T130005, end_date=20241216T130032
[2024-12-16T13:00:32.532+0000] {local_task_job_runner.py:266} INFO - Task exited with return code 0
[2024-12-16T13:00:32.574+0000] {taskinstance.py:3895} INFO - 0 downstream tasks scheduled from follow-on schedule check
[2024-12-16T13:00:32.577+0000] {local_task_job_runner.py:245} INFO - ::endgroup::
