[2024-12-13T13:09:39.726+0000] {local_task_job_runner.py:123} INFO - ::group::Pre task execution logs
[2024-12-13T13:09:40.012+0000] {taskinstance.py:2613} INFO - Dependencies all met for dep_context=non-requeueable deps ti=<TaskInstance: parallel_new_price_with_group.process_groups.process_group_0 scheduled__2024-12-12T13:00:00+00:00 [queued]>
[2024-12-13T13:09:40.122+0000] {taskinstance.py:2613} INFO - Dependencies all met for dep_context=requeueable deps ti=<TaskInstance: parallel_new_price_with_group.process_groups.process_group_0 scheduled__2024-12-12T13:00:00+00:00 [queued]>
[2024-12-13T13:09:40.122+0000] {taskinstance.py:2866} INFO - Starting attempt 1 of 4
[2024-12-13T13:09:40.358+0000] {taskinstance.py:2889} INFO - Executing <Task(PythonOperator): process_groups.process_group_0> on 2024-12-12 13:00:00+00:00
[2024-12-13T13:09:40.501+0000] {logging_mixin.py:190} WARNING - /usr/local/lib/python3.12/site-packages/airflow/task/task_runner/standard_task_runner.py:70 DeprecationWarning: This process (pid=213) is multi-threaded, use of fork() may lead to deadlocks in the child.
[2024-12-13T13:09:40.564+0000] {standard_task_runner.py:104} INFO - Running: ['airflow', 'tasks', 'run', 'parallel_new_price_with_group', 'process_groups.process_group_0', 'scheduled__2024-12-12T13:00:00+00:00', '--job-id', '388', '--raw', '--subdir', 'DAGS_FOLDER/Extract_new_price_data.py', '--cfg-path', '/tmp/tmp6gq4fzgb']
[2024-12-13T13:09:40.568+0000] {standard_task_runner.py:105} INFO - Job 388: Subtask process_groups.process_group_0
[2024-12-13T13:09:40.564+0000] {standard_task_runner.py:72} INFO - Started process 249 to run task
[2024-12-13T13:09:41.948+0000] {task_command.py:467} INFO - Running <TaskInstance: parallel_new_price_with_group.process_groups.process_group_0 scheduled__2024-12-12T13:00:00+00:00 [running]> on host 2f7cc6f48508
[2024-12-13T13:09:43.157+0000] {taskinstance.py:3132} INFO - Exporting env vars: AIRFLOW_CTX_DAG_OWNER='airflowDWH' AIRFLOW_CTX_DAG_ID='parallel_new_price_with_group' AIRFLOW_CTX_TASK_ID='process_groups.process_group_0' AIRFLOW_CTX_EXECUTION_DATE='2024-12-12T13:00:00+00:00' AIRFLOW_CTX_TRY_NUMBER='1' AIRFLOW_CTX_DAG_RUN_ID='scheduled__2024-12-12T13:00:00+00:00'
[2024-12-13T13:09:43.159+0000] {taskinstance.py:731} INFO - ::endgroup::
[2024-12-13T13:09:48.357+0000] {data_explorer.py:64} WARNING - Thông tin niêm yết & giao dịch sẽ được truy xuất từ TCBS
[2024-12-13T13:09:49.924+0000] {data_explorer.py:64} WARNING - Thông tin niêm yết & giao dịch sẽ được truy xuất từ TCBS
[2024-12-13T13:09:50.185+0000] {logging_mixin.py:190} INFO - Mã cổ phiếu LEC hiện bị dừng giao dịch
[2024-12-13T13:09:51.113+0000] {data_explorer.py:64} WARNING - Thông tin niêm yết & giao dịch sẽ được truy xuất từ TCBS
[2024-12-13T13:09:52.797+0000] {data_explorer.py:64} WARNING - Thông tin niêm yết & giao dịch sẽ được truy xuất từ TCBS
[2024-12-13T13:09:55.020+0000] {data_explorer.py:64} WARNING - Thông tin niêm yết & giao dịch sẽ được truy xuất từ TCBS
[2024-12-13T13:09:55.468+0000] {logging_mixin.py:190} INFO - Mã cổ phiếu D11 hiện bị dừng giao dịch
[2024-12-13T13:09:58.573+0000] {data_explorer.py:64} WARNING - Thông tin niêm yết & giao dịch sẽ được truy xuất từ TCBS
[2024-12-13T13:10:02.798+0000] {data_explorer.py:64} WARNING - Thông tin niêm yết & giao dịch sẽ được truy xuất từ TCBS
[2024-12-13T13:10:05.897+0000] {data_explorer.py:64} WARNING - Thông tin niêm yết & giao dịch sẽ được truy xuất từ TCBS
[2024-12-13T13:10:06.502+0000] {logging_mixin.py:190} INFO - Mã cổ phiếu C21 hiện bị dừng giao dịch
[2024-12-13T13:10:09.085+0000] {data_explorer.py:64} WARNING - Thông tin niêm yết & giao dịch sẽ được truy xuất từ TCBS
[2024-12-13T13:10:10.962+0000] {data_explorer.py:64} WARNING - Thông tin niêm yết & giao dịch sẽ được truy xuất từ TCBS
[2024-12-13T13:10:11.511+0000] {logging_mixin.py:190} INFO - Mã cổ phiếu CK8 hiện bị dừng giao dịch
[2024-12-13T13:10:14.001+0000] {data_explorer.py:64} WARNING - Thông tin niêm yết & giao dịch sẽ được truy xuất từ TCBS
[2024-12-13T13:10:15.616+0000] {data_explorer.py:64} WARNING - Thông tin niêm yết & giao dịch sẽ được truy xuất từ TCBS
[2024-12-13T13:10:15.997+0000] {logging_mixin.py:190} INFO - Mã cổ phiếu CLG hiện bị dừng giao dịch
[2024-12-13T13:10:17.339+0000] {data_explorer.py:64} WARNING - Thông tin niêm yết & giao dịch sẽ được truy xuất từ TCBS
[2024-12-13T13:10:17.897+0000] {logging_mixin.py:190} INFO - Mã cổ phiếu MGR hiện bị dừng giao dịch
[2024-12-13T13:10:19.114+0000] {data_explorer.py:64} WARNING - Thông tin niêm yết & giao dịch sẽ được truy xuất từ TCBS
[2024-12-13T13:10:19.488+0000] {logging_mixin.py:190} INFO - Mã cổ phiếu HPI hiện bị dừng giao dịch
[2024-12-13T13:10:20.400+0000] {data_explorer.py:64} WARNING - Thông tin niêm yết & giao dịch sẽ được truy xuất từ TCBS
[2024-12-13T13:10:20.688+0000] {logging_mixin.py:190} INFO - Mã cổ phiếu DRH hiện bị dừng giao dịch
[2024-12-13T13:10:21.675+0000] {data_explorer.py:64} WARNING - Thông tin niêm yết & giao dịch sẽ được truy xuất từ TCBS
[2024-12-13T13:10:23.531+0000] {data_explorer.py:64} WARNING - Thông tin niêm yết & giao dịch sẽ được truy xuất từ TCBS
[2024-12-13T13:10:25.507+0000] {data_explorer.py:64} WARNING - Thông tin niêm yết & giao dịch sẽ được truy xuất từ TCBS
[2024-12-13T13:10:27.078+0000] {data_explorer.py:64} WARNING - Thông tin niêm yết & giao dịch sẽ được truy xuất từ TCBS
[2024-12-13T13:10:27.327+0000] {logging_mixin.py:190} INFO - Mã cổ phiếu BVL hiện bị dừng giao dịch
[2024-12-13T13:10:28.361+0000] {data_explorer.py:64} WARNING - Thông tin niêm yết & giao dịch sẽ được truy xuất từ TCBS
[2024-12-13T13:10:30.570+0000] {data_explorer.py:64} WARNING - Thông tin niêm yết & giao dịch sẽ được truy xuất từ TCBS
[2024-12-13T13:10:32.398+0000] {data_explorer.py:64} WARNING - Thông tin niêm yết & giao dịch sẽ được truy xuất từ TCBS
[2024-12-13T13:10:34.088+0000] {data_explorer.py:64} WARNING - Thông tin niêm yết & giao dịch sẽ được truy xuất từ TCBS
[2024-12-13T13:10:34.458+0000] {logging_mixin.py:190} INFO - Mã cổ phiếu FLC hiện bị dừng giao dịch
[2024-12-13T13:10:35.293+0000] {data_explorer.py:64} WARNING - Thông tin niêm yết & giao dịch sẽ được truy xuất từ TCBS
[2024-12-13T13:10:36.425+0000] {data_explorer.py:64} WARNING - Thông tin niêm yết & giao dịch sẽ được truy xuất từ TCBS
[2024-12-13T13:10:37.962+0000] {data_explorer.py:64} WARNING - Thông tin niêm yết & giao dịch sẽ được truy xuất từ TCBS
[2024-12-13T13:10:38.777+0000] {python.py:240} INFO - Done. Returned value was: None
[2024-12-13T13:10:39.330+0000] {taskinstance.py:340} INFO - ::group::Post task execution logs
[2024-12-13T13:10:39.337+0000] {taskinstance.py:352} INFO - Marking task as SUCCESS. dag_id=parallel_new_price_with_group, task_id=process_groups.process_group_0, run_id=scheduled__2024-12-12T13:00:00+00:00, execution_date=20241212T130000, start_date=20241213T130940, end_date=20241213T131039
[2024-12-13T13:10:39.541+0000] {local_task_job_runner.py:266} INFO - Task exited with return code 0
[2024-12-13T13:10:39.840+0000] {taskinstance.py:3895} INFO - 1 downstream tasks scheduled from follow-on schedule check
[2024-12-13T13:10:39.848+0000] {local_task_job_runner.py:245} INFO - ::endgroup::
