[2024-12-08T14:38:26.106+0000] {local_task_job_runner.py:123} INFO - ::group::Pre task execution logs
[2024-12-08T14:38:26.249+0000] {taskinstance.py:2613} INFO - Dependencies all met for dep_context=non-requeueable deps ti=<TaskInstance: parallel_historical_price_with_group.process_groups.process_group_3 manual__2024-12-08T14:38:17.565636+00:00 [queued]>
[2024-12-08T14:38:26.267+0000] {taskinstance.py:2613} INFO - Dependencies all met for dep_context=requeueable deps ti=<TaskInstance: parallel_historical_price_with_group.process_groups.process_group_3 manual__2024-12-08T14:38:17.565636+00:00 [queued]>
[2024-12-08T14:38:26.268+0000] {taskinstance.py:2866} INFO - Starting attempt 1 of 1
[2024-12-08T14:38:26.323+0000] {taskinstance.py:2889} INFO - Executing <Task(PythonOperator): process_groups.process_group_3> on 2024-12-08 14:38:17.565636+00:00
[2024-12-08T14:38:26.350+0000] {logging_mixin.py:190} WARNING - /usr/local/lib/python3.12/site-packages/airflow/task/task_runner/standard_task_runner.py:70 DeprecationWarning: This process (pid=711) is multi-threaded, use of fork() may lead to deadlocks in the child.
[2024-12-08T14:38:26.361+0000] {standard_task_runner.py:72} INFO - Started process 720 to run task
[2024-12-08T14:38:26.348+0000] {standard_task_runner.py:104} INFO - Running: ['airflow', 'tasks', 'run', 'parallel_historical_price_with_group', 'process_groups.process_group_3', 'manual__2024-12-08T14:38:17.565636+00:00', '--job-id', '172', '--raw', '--subdir', 'DAGS_FOLDER/Extract_history_price_data.py', '--cfg-path', '/tmp/tmp50kj991o']
[2024-12-08T14:38:26.364+0000] {standard_task_runner.py:105} INFO - Job 172: Subtask process_groups.process_group_3
[2024-12-08T14:38:28.709+0000] {task_command.py:467} INFO - Running <TaskInstance: parallel_historical_price_with_group.process_groups.process_group_3 manual__2024-12-08T14:38:17.565636+00:00 [running]> on host a15ab3c9c934
[2024-12-08T14:38:29.534+0000] {taskinstance.py:3132} INFO - Exporting env vars: AIRFLOW_CTX_DAG_OWNER='airflowDWH' AIRFLOW_CTX_DAG_ID='parallel_historical_price_with_group' AIRFLOW_CTX_TASK_ID='process_groups.process_group_3' AIRFLOW_CTX_EXECUTION_DATE='2024-12-08T14:38:17.565636+00:00' AIRFLOW_CTX_TRY_NUMBER='1' AIRFLOW_CTX_DAG_RUN_ID='manual__2024-12-08T14:38:17.565636+00:00'
[2024-12-08T14:38:29.542+0000] {taskinstance.py:731} INFO - ::endgroup::
[2024-12-08T14:38:35.666+0000] {data_explorer.py:64} WARNING - Thông tin niêm yết & giao dịch sẽ được truy xuất từ TCBS
[2024-12-08T14:38:37.726+0000] {data_explorer.py:64} WARNING - Thông tin niêm yết & giao dịch sẽ được truy xuất từ TCBS
[2024-12-08T14:38:39.101+0000] {data_explorer.py:64} WARNING - Thông tin niêm yết & giao dịch sẽ được truy xuất từ TCBS
[2024-12-08T14:38:40.335+0000] {data_explorer.py:64} WARNING - Thông tin niêm yết & giao dịch sẽ được truy xuất từ TCBS
[2024-12-08T14:38:42.149+0000] {data_explorer.py:64} WARNING - Thông tin niêm yết & giao dịch sẽ được truy xuất từ TCBS
[2024-12-08T14:38:43.439+0000] {data_explorer.py:64} WARNING - Thông tin niêm yết & giao dịch sẽ được truy xuất từ TCBS
[2024-12-08T14:38:44.577+0000] {data_explorer.py:64} WARNING - Thông tin niêm yết & giao dịch sẽ được truy xuất từ TCBS
[2024-12-08T14:38:45.663+0000] {data_explorer.py:64} WARNING - Thông tin niêm yết & giao dịch sẽ được truy xuất từ TCBS
[2024-12-08T14:38:46.901+0000] {data_explorer.py:64} WARNING - Thông tin niêm yết & giao dịch sẽ được truy xuất từ TCBS
[2024-12-08T14:38:47.979+0000] {data_explorer.py:64} WARNING - Thông tin niêm yết & giao dịch sẽ được truy xuất từ TCBS
[2024-12-08T14:38:49.223+0000] {data_explorer.py:64} WARNING - Thông tin niêm yết & giao dịch sẽ được truy xuất từ TCBS
[2024-12-08T14:38:50.323+0000] {data_explorer.py:64} WARNING - Thông tin niêm yết & giao dịch sẽ được truy xuất từ TCBS
[2024-12-08T14:38:51.465+0000] {data_explorer.py:64} WARNING - Thông tin niêm yết & giao dịch sẽ được truy xuất từ TCBS
[2024-12-08T14:38:52.655+0000] {data_explorer.py:64} WARNING - Thông tin niêm yết & giao dịch sẽ được truy xuất từ TCBS
[2024-12-08T14:38:53.770+0000] {data_explorer.py:64} WARNING - Thông tin niêm yết & giao dịch sẽ được truy xuất từ TCBS
[2024-12-08T14:38:54.835+0000] {data_explorer.py:64} WARNING - Thông tin niêm yết & giao dịch sẽ được truy xuất từ TCBS
[2024-12-08T14:38:55.860+0000] {data_explorer.py:64} WARNING - Thông tin niêm yết & giao dịch sẽ được truy xuất từ TCBS
[2024-12-08T14:38:56.984+0000] {data_explorer.py:64} WARNING - Thông tin niêm yết & giao dịch sẽ được truy xuất từ TCBS
[2024-12-08T14:38:58.045+0000] {data_explorer.py:64} WARNING - Thông tin niêm yết & giao dịch sẽ được truy xuất từ TCBS
[2024-12-08T14:38:59.362+0000] {data_explorer.py:64} WARNING - Thông tin niêm yết & giao dịch sẽ được truy xuất từ TCBS
[2024-12-08T14:39:00.471+0000] {data_explorer.py:64} WARNING - Thông tin niêm yết & giao dịch sẽ được truy xuất từ TCBS
[2024-12-08T14:39:01.856+0000] {data_explorer.py:64} WARNING - Thông tin niêm yết & giao dịch sẽ được truy xuất từ TCBS
[2024-12-08T14:39:03.075+0000] {data_explorer.py:64} WARNING - Thông tin niêm yết & giao dịch sẽ được truy xuất từ TCBS
[2024-12-08T14:39:04.558+0000] {data_explorer.py:64} WARNING - Thông tin niêm yết & giao dịch sẽ được truy xuất từ TCBS
[2024-12-08T14:39:05.991+0000] {data_explorer.py:64} WARNING - Thông tin niêm yết & giao dịch sẽ được truy xuất từ TCBS
[2024-12-08T14:39:07.317+0000] {data_explorer.py:64} WARNING - Thông tin niêm yết & giao dịch sẽ được truy xuất từ TCBS
[2024-12-08T14:39:08.131+0000] {python.py:240} INFO - Done. Returned value was: None
[2024-12-08T14:39:08.186+0000] {taskinstance.py:340} INFO - ::group::Post task execution logs
[2024-12-08T14:39:08.188+0000] {taskinstance.py:352} INFO - Marking task as SUCCESS. dag_id=parallel_historical_price_with_group, task_id=process_groups.process_group_3, run_id=manual__2024-12-08T14:38:17.565636+00:00, execution_date=20241208T143817, start_date=20241208T143826, end_date=20241208T143908
[2024-12-08T14:39:08.268+0000] {local_task_job_runner.py:266} INFO - Task exited with return code 0
[2024-12-08T14:39:08.387+0000] {local_task_job_runner.py:245} INFO - ::endgroup::
