[2024-12-13T18:26:52.052+0000] {local_task_job_runner.py:123} INFO - ::group::Pre task execution logs
[2024-12-13T18:26:52.077+0000] {taskinstance.py:2613} INFO - Dependencies all met for dep_context=non-requeueable deps ti=<TaskInstance: parallel_new_price_with_group.Load_to_fact_price manual__2024-12-13T18:26:47.373423+00:00 [queued]>
[2024-12-13T18:26:52.149+0000] {taskinstance.py:2613} INFO - Dependencies all met for dep_context=requeueable deps ti=<TaskInstance: parallel_new_price_with_group.Load_to_fact_price manual__2024-12-13T18:26:47.373423+00:00 [queued]>
[2024-12-13T18:26:52.149+0000] {taskinstance.py:2866} INFO - Starting attempt 1 of 4
[2024-12-13T18:26:52.164+0000] {taskinstance.py:2889} INFO - Executing <Task(PythonOperator): Load_to_fact_price> on 2024-12-13 18:26:47.373423+00:00
[2024-12-13T18:26:52.172+0000] {logging_mixin.py:190} WARNING - /usr/local/lib/python3.12/site-packages/airflow/task/task_runner/standard_task_runner.py:70 DeprecationWarning: This process (pid=7812) is multi-threaded, use of fork() may lead to deadlocks in the child.
[2024-12-13T18:26:52.172+0000] {standard_task_runner.py:72} INFO - Started process 7828 to run task
[2024-12-13T18:26:52.172+0000] {standard_task_runner.py:104} INFO - Running: ['airflow', 'tasks', 'run', 'parallel_new_price_with_group', 'Load_to_fact_price', 'manual__2024-12-13T18:26:47.373423+00:00', '--job-id', '396', '--raw', '--subdir', 'DAGS_FOLDER/Extract_new_price_data.py', '--cfg-path', '/tmp/tmp6z8vw5qh']
[2024-12-13T18:26:52.174+0000] {standard_task_runner.py:105} INFO - Job 396: Subtask Load_to_fact_price
[2024-12-13T18:26:52.262+0000] {task_command.py:467} INFO - Running <TaskInstance: parallel_new_price_with_group.Load_to_fact_price manual__2024-12-13T18:26:47.373423+00:00 [running]> on host 2f7cc6f48508
[2024-12-13T18:26:52.438+0000] {taskinstance.py:3132} INFO - Exporting env vars: AIRFLOW_CTX_DAG_OWNER='airflowDWH' AIRFLOW_CTX_DAG_ID='parallel_new_price_with_group' AIRFLOW_CTX_TASK_ID='Load_to_fact_price' AIRFLOW_CTX_EXECUTION_DATE='2024-12-13T18:26:47.373423+00:00' AIRFLOW_CTX_TRY_NUMBER='1' AIRFLOW_CTX_DAG_RUN_ID='manual__2024-12-13T18:26:47.373423+00:00'
[2024-12-13T18:26:52.439+0000] {taskinstance.py:731} INFO - ::endgroup::
[2024-12-13T18:26:52.477+0000] {base.py:84} INFO - Retrieving connection 'load_to_staging'
[2024-12-13T18:26:55.155+0000] {base.py:84} INFO - Retrieving connection 'load_to_dwh'
[2024-12-13T18:31:19.763+0000] {logging_mixin.py:190} INFO - ETL process completed successfully.
[2024-12-13T18:31:19.810+0000] {python.py:240} INFO - Done. Returned value was: None
[2024-12-13T18:31:19.837+0000] {taskinstance.py:340} INFO - ::group::Post task execution logs
[2024-12-13T18:31:19.837+0000] {taskinstance.py:352} INFO - Marking task as SUCCESS. dag_id=parallel_new_price_with_group, task_id=Load_to_fact_price, run_id=manual__2024-12-13T18:26:47.373423+00:00, execution_date=20241213T182647, start_date=20241213T182652, end_date=20241213T183119
[2024-12-13T18:31:19.895+0000] {local_task_job_runner.py:266} INFO - Task exited with return code 0
[2024-12-13T18:31:19.923+0000] {taskinstance.py:3895} INFO - 0 downstream tasks scheduled from follow-on schedule check
[2024-12-13T18:31:19.928+0000] {local_task_job_runner.py:245} INFO - ::endgroup::
