[2024-12-12T13:36:11.517+0000] {local_task_job_runner.py:123} INFO - ::group::Pre task execution logs
[2024-12-12T13:36:11.876+0000] {taskinstance.py:2613} INFO - Dependencies all met for dep_context=non-requeueable deps ti=<TaskInstance: parallel_new_price_with_group.process_groups.process_group_1 scheduled__2024-12-11T13:36:00+00:00 [queued]>
[2024-12-12T13:36:11.932+0000] {taskinstance.py:2613} INFO - Dependencies all met for dep_context=requeueable deps ti=<TaskInstance: parallel_new_price_with_group.process_groups.process_group_1 scheduled__2024-12-11T13:36:00+00:00 [queued]>
[2024-12-12T13:36:11.933+0000] {taskinstance.py:2866} INFO - Starting attempt 1 of 2
[2024-12-12T13:36:12.058+0000] {taskinstance.py:2889} INFO - Executing <Task(PythonOperator): process_groups.process_group_1> on 2024-12-11 13:36:00+00:00
[2024-12-12T13:36:12.102+0000] {standard_task_runner.py:104} INFO - Running: ['airflow', 'tasks', 'run', 'parallel_new_price_with_group', 'process_groups.process_group_1', 'scheduled__2024-12-11T13:36:00+00:00', '--job-id', '323', '--raw', '--subdir', 'DAGS_FOLDER/Extract_new_price_data.py', '--cfg-path', '/tmp/tmp9omj7qct']
[2024-12-12T13:36:12.127+0000] {logging_mixin.py:190} WARNING - /usr/local/lib/python3.12/site-packages/airflow/task/task_runner/standard_task_runner.py:70 DeprecationWarning: This process (pid=1586) is multi-threaded, use of fork() may lead to deadlocks in the child.
[2024-12-12T13:36:12.135+0000] {standard_task_runner.py:105} INFO - Job 323: Subtask process_groups.process_group_1
[2024-12-12T13:36:12.135+0000] {standard_task_runner.py:72} INFO - Started process 1611 to run task
[2024-12-12T13:36:13.389+0000] {task_command.py:467} INFO - Running <TaskInstance: parallel_new_price_with_group.process_groups.process_group_1 scheduled__2024-12-11T13:36:00+00:00 [running]> on host f1b774b5d57f
[2024-12-12T13:36:14.273+0000] {taskinstance.py:3132} INFO - Exporting env vars: AIRFLOW_CTX_DAG_OWNER='airflowDWH' AIRFLOW_CTX_DAG_ID='parallel_new_price_with_group' AIRFLOW_CTX_TASK_ID='process_groups.process_group_1' AIRFLOW_CTX_EXECUTION_DATE='2024-12-11T13:36:00+00:00' AIRFLOW_CTX_TRY_NUMBER='1' AIRFLOW_CTX_DAG_RUN_ID='scheduled__2024-12-11T13:36:00+00:00'
[2024-12-12T13:36:14.275+0000] {taskinstance.py:731} INFO - ::endgroup::
[2024-12-12T13:36:21.193+0000] {data_explorer.py:64} WARNING - Thông tin niêm yết & giao dịch sẽ được truy xuất từ TCBS
[2024-12-12T13:36:26.021+0000] {data_explorer.py:64} WARNING - Thông tin niêm yết & giao dịch sẽ được truy xuất từ TCBS
[2024-12-12T13:36:27.577+0000] {data_explorer.py:64} WARNING - Thông tin niêm yết & giao dịch sẽ được truy xuất từ TCBS
[2024-12-12T13:36:29.600+0000] {data_explorer.py:64} WARNING - Thông tin niêm yết & giao dịch sẽ được truy xuất từ TCBS
[2024-12-12T13:36:31.339+0000] {data_explorer.py:64} WARNING - Thông tin niêm yết & giao dịch sẽ được truy xuất từ TCBS
[2024-12-12T13:36:31.683+0000] {logging_mixin.py:190} INFO - Mã cổ phiếu DCH hiện bị dừng giao dịch
[2024-12-12T13:36:33.062+0000] {data_explorer.py:64} WARNING - Thông tin niêm yết & giao dịch sẽ được truy xuất từ TCBS
[2024-12-12T13:36:33.354+0000] {logging_mixin.py:190} INFO - Mã cổ phiếu AMD hiện bị dừng giao dịch
[2024-12-12T13:36:34.410+0000] {data_explorer.py:64} WARNING - Thông tin niêm yết & giao dịch sẽ được truy xuất từ TCBS
[2024-12-12T13:36:35.629+0000] {data_explorer.py:64} WARNING - Thông tin niêm yết & giao dịch sẽ được truy xuất từ TCBS
[2024-12-12T13:36:37.444+0000] {data_explorer.py:64} WARNING - Thông tin niêm yết & giao dịch sẽ được truy xuất từ TCBS
[2024-12-12T13:36:38.895+0000] {data_explorer.py:64} WARNING - Thông tin niêm yết & giao dịch sẽ được truy xuất từ TCBS
[2024-12-12T13:36:40.365+0000] {data_explorer.py:64} WARNING - Thông tin niêm yết & giao dịch sẽ được truy xuất từ TCBS
[2024-12-12T13:36:42.318+0000] {data_explorer.py:64} WARNING - Thông tin niêm yết & giao dịch sẽ được truy xuất từ TCBS
[2024-12-12T13:36:42.686+0000] {logging_mixin.py:190} INFO - Mã cổ phiếu KAC hiện bị dừng giao dịch
[2024-12-12T13:36:43.936+0000] {data_explorer.py:64} WARNING - Thông tin niêm yết & giao dịch sẽ được truy xuất từ TCBS
[2024-12-12T13:36:45.406+0000] {data_explorer.py:64} WARNING - Thông tin niêm yết & giao dịch sẽ được truy xuất từ TCBS
[2024-12-12T13:36:46.489+0000] {data_explorer.py:64} WARNING - Thông tin niêm yết & giao dịch sẽ được truy xuất từ TCBS
[2024-12-12T13:36:46.859+0000] {logging_mixin.py:190} INFO - Mã cổ phiếu HD8 hiện bị dừng giao dịch
[2024-12-12T13:36:48.327+0000] {data_explorer.py:64} WARNING - Thông tin niêm yết & giao dịch sẽ được truy xuất từ TCBS
[2024-12-12T13:36:49.335+0000] {data_explorer.py:64} WARNING - Thông tin niêm yết & giao dịch sẽ được truy xuất từ TCBS
[2024-12-12T13:36:50.503+0000] {data_explorer.py:64} WARNING - Thông tin niêm yết & giao dịch sẽ được truy xuất từ TCBS
[2024-12-12T13:36:51.908+0000] {data_explorer.py:64} WARNING - Thông tin niêm yết & giao dịch sẽ được truy xuất từ TCBS
[2024-12-12T13:36:53.297+0000] {data_explorer.py:64} WARNING - Thông tin niêm yết & giao dịch sẽ được truy xuất từ TCBS
[2024-12-12T13:36:54.798+0000] {data_explorer.py:64} WARNING - Thông tin niêm yết & giao dịch sẽ được truy xuất từ TCBS
[2024-12-12T13:36:56.013+0000] {data_explorer.py:64} WARNING - Thông tin niêm yết & giao dịch sẽ được truy xuất từ TCBS
[2024-12-12T13:36:57.155+0000] {data_explorer.py:64} WARNING - Thông tin niêm yết & giao dịch sẽ được truy xuất từ TCBS
[2024-12-12T13:36:57.372+0000] {logging_mixin.py:190} INFO - Mã cổ phiếu ITA hiện bị dừng giao dịch
[2024-12-12T13:36:57.967+0000] {data_explorer.py:64} WARNING - Thông tin niêm yết & giao dịch sẽ được truy xuất từ TCBS
[2024-12-12T13:36:58.798+0000] {data_explorer.py:64} WARNING - Thông tin niêm yết & giao dịch sẽ được truy xuất từ TCBS
[2024-12-12T13:36:59.723+0000] {data_explorer.py:64} WARNING - Thông tin niêm yết & giao dịch sẽ được truy xuất từ TCBS
[2024-12-12T13:37:00.005+0000] {python.py:240} INFO - Done. Returned value was: None
[2024-12-12T13:37:00.127+0000] {taskinstance.py:340} INFO - ::group::Post task execution logs
[2024-12-12T13:37:00.130+0000] {taskinstance.py:352} INFO - Marking task as SUCCESS. dag_id=parallel_new_price_with_group, task_id=process_groups.process_group_1, run_id=scheduled__2024-12-11T13:36:00+00:00, execution_date=20241211T133600, start_date=20241212T133611, end_date=20241212T133700
[2024-12-12T13:37:00.274+0000] {local_task_job_runner.py:266} INFO - Task exited with return code 0
[2024-12-12T13:37:00.529+0000] {taskinstance.py:3895} INFO - 0 downstream tasks scheduled from follow-on schedule check
[2024-12-12T13:37:00.536+0000] {local_task_job_runner.py:245} INFO - ::endgroup::
