[2024-12-16T10:05:09.807+0000] {processor.py:186} INFO - Started process (PID=1520) to work on /opt/airflow/dags/Extract_and_company_info_to_staging.py
[2024-12-16T10:05:09.807+0000] {processor.py:914} INFO - Processing file /opt/airflow/dags/Extract_and_company_info_to_staging.py for tasks to queue
[2024-12-16T10:05:09.809+0000] {logging_mixin.py:190} INFO - [2024-12-16T10:05:09.808+0000] {dagbag.py:588} INFO - Filling up the DagBag from /opt/airflow/dags/Extract_and_company_info_to_staging.py
[2024-12-16T10:05:10.991+0000] {processor.py:925} INFO - DAG(s) 'load_company_info_to_staging_db' retrieved from /opt/airflow/dags/Extract_and_company_info_to_staging.py
[2024-12-16T10:05:11.189+0000] {logging_mixin.py:190} INFO - [2024-12-16T10:05:11.189+0000] {dag.py:3239} INFO - Sync 1 DAGs
[2024-12-16T10:05:11.210+0000] {logging_mixin.py:190} INFO - [2024-12-16T10:05:11.210+0000] {dag.py:4180} INFO - Setting next_dagrun for load_company_info_to_staging_db to 2024-12-12 12:45:00+00:00, run_after=2024-12-13 12:45:00+00:00
[2024-12-16T10:05:11.260+0000] {processor.py:208} INFO - Processing /opt/airflow/dags/Extract_and_company_info_to_staging.py took 1.459 seconds
[2024-12-16T10:05:41.703+0000] {processor.py:186} INFO - Started process (PID=1561) to work on /opt/airflow/dags/Extract_and_company_info_to_staging.py
[2024-12-16T10:05:41.705+0000] {processor.py:914} INFO - Processing file /opt/airflow/dags/Extract_and_company_info_to_staging.py for tasks to queue
[2024-12-16T10:05:41.709+0000] {logging_mixin.py:190} INFO - [2024-12-16T10:05:41.709+0000] {dagbag.py:588} INFO - Filling up the DagBag from /opt/airflow/dags/Extract_and_company_info_to_staging.py
[2024-12-16T10:05:43.522+0000] {processor.py:925} INFO - DAG(s) 'load_company_info_to_staging_db' retrieved from /opt/airflow/dags/Extract_and_company_info_to_staging.py
[2024-12-16T10:05:43.650+0000] {logging_mixin.py:190} INFO - [2024-12-16T10:05:43.649+0000] {dag.py:3239} INFO - Sync 1 DAGs
[2024-12-16T10:05:43.695+0000] {logging_mixin.py:190} INFO - [2024-12-16T10:05:43.695+0000] {dag.py:4180} INFO - Setting next_dagrun for load_company_info_to_staging_db to 2024-12-13 12:45:00+00:00, run_after=2024-12-16 12:45:00+00:00
[2024-12-16T10:05:43.750+0000] {processor.py:208} INFO - Processing /opt/airflow/dags/Extract_and_company_info_to_staging.py took 2.061 seconds
[2024-12-16T10:06:13.894+0000] {processor.py:186} INFO - Started process (PID=1597) to work on /opt/airflow/dags/Extract_and_company_info_to_staging.py
[2024-12-16T10:06:13.895+0000] {processor.py:914} INFO - Processing file /opt/airflow/dags/Extract_and_company_info_to_staging.py for tasks to queue
[2024-12-16T10:06:13.896+0000] {logging_mixin.py:190} INFO - [2024-12-16T10:06:13.896+0000] {dagbag.py:588} INFO - Filling up the DagBag from /opt/airflow/dags/Extract_and_company_info_to_staging.py
[2024-12-16T10:06:15.595+0000] {processor.py:925} INFO - DAG(s) 'load_company_info_to_staging_db' retrieved from /opt/airflow/dags/Extract_and_company_info_to_staging.py
[2024-12-16T10:06:15.669+0000] {logging_mixin.py:190} INFO - [2024-12-16T10:06:15.668+0000] {dag.py:3239} INFO - Sync 1 DAGs
[2024-12-16T10:06:15.717+0000] {logging_mixin.py:190} INFO - [2024-12-16T10:06:15.716+0000] {dag.py:4180} INFO - Setting next_dagrun for load_company_info_to_staging_db to 2024-12-13 12:45:00+00:00, run_after=2024-12-16 12:45:00+00:00
[2024-12-16T10:06:15.780+0000] {processor.py:208} INFO - Processing /opt/airflow/dags/Extract_and_company_info_to_staging.py took 1.896 seconds
[2024-12-16T10:06:46.158+0000] {processor.py:186} INFO - Started process (PID=1633) to work on /opt/airflow/dags/Extract_and_company_info_to_staging.py
[2024-12-16T10:06:46.160+0000] {processor.py:914} INFO - Processing file /opt/airflow/dags/Extract_and_company_info_to_staging.py for tasks to queue
[2024-12-16T10:06:46.162+0000] {logging_mixin.py:190} INFO - [2024-12-16T10:06:46.161+0000] {dagbag.py:588} INFO - Filling up the DagBag from /opt/airflow/dags/Extract_and_company_info_to_staging.py
[2024-12-16T10:06:47.630+0000] {processor.py:925} INFO - DAG(s) 'load_company_info_to_staging_db' retrieved from /opt/airflow/dags/Extract_and_company_info_to_staging.py
[2024-12-16T10:06:47.709+0000] {logging_mixin.py:190} INFO - [2024-12-16T10:06:47.708+0000] {dag.py:3239} INFO - Sync 1 DAGs
[2024-12-16T10:06:47.762+0000] {logging_mixin.py:190} INFO - [2024-12-16T10:06:47.761+0000] {dag.py:4180} INFO - Setting next_dagrun for load_company_info_to_staging_db to 2024-12-13 12:45:00+00:00, run_after=2024-12-16 12:45:00+00:00
[2024-12-16T10:06:47.818+0000] {processor.py:208} INFO - Processing /opt/airflow/dags/Extract_and_company_info_to_staging.py took 1.666 seconds
[2024-12-16T10:07:17.967+0000] {processor.py:186} INFO - Started process (PID=1670) to work on /opt/airflow/dags/Extract_and_company_info_to_staging.py
[2024-12-16T10:07:17.970+0000] {processor.py:914} INFO - Processing file /opt/airflow/dags/Extract_and_company_info_to_staging.py for tasks to queue
[2024-12-16T10:07:17.971+0000] {logging_mixin.py:190} INFO - [2024-12-16T10:07:17.971+0000] {dagbag.py:588} INFO - Filling up the DagBag from /opt/airflow/dags/Extract_and_company_info_to_staging.py
[2024-12-16T10:07:19.505+0000] {processor.py:925} INFO - DAG(s) 'load_company_info_to_staging_db' retrieved from /opt/airflow/dags/Extract_and_company_info_to_staging.py
[2024-12-16T10:07:19.571+0000] {logging_mixin.py:190} INFO - [2024-12-16T10:07:19.570+0000] {dag.py:3239} INFO - Sync 1 DAGs
[2024-12-16T10:07:19.613+0000] {logging_mixin.py:190} INFO - [2024-12-16T10:07:19.613+0000] {dag.py:4180} INFO - Setting next_dagrun for load_company_info_to_staging_db to 2024-12-13 12:45:00+00:00, run_after=2024-12-16 12:45:00+00:00
[2024-12-16T10:07:19.650+0000] {processor.py:208} INFO - Processing /opt/airflow/dags/Extract_and_company_info_to_staging.py took 1.692 seconds
[2024-12-16T10:07:49.839+0000] {processor.py:186} INFO - Started process (PID=1712) to work on /opt/airflow/dags/Extract_and_company_info_to_staging.py
[2024-12-16T10:07:49.842+0000] {processor.py:914} INFO - Processing file /opt/airflow/dags/Extract_and_company_info_to_staging.py for tasks to queue
[2024-12-16T10:07:49.843+0000] {logging_mixin.py:190} INFO - [2024-12-16T10:07:49.843+0000] {dagbag.py:588} INFO - Filling up the DagBag from /opt/airflow/dags/Extract_and_company_info_to_staging.py
[2024-12-16T10:07:51.195+0000] {processor.py:925} INFO - DAG(s) 'load_company_info_to_staging_db' retrieved from /opt/airflow/dags/Extract_and_company_info_to_staging.py
[2024-12-16T10:07:51.248+0000] {logging_mixin.py:190} INFO - [2024-12-16T10:07:51.247+0000] {dag.py:3239} INFO - Sync 1 DAGs
[2024-12-16T10:07:51.290+0000] {logging_mixin.py:190} INFO - [2024-12-16T10:07:51.290+0000] {dag.py:4180} INFO - Setting next_dagrun for load_company_info_to_staging_db to 2024-12-13 12:45:00+00:00, run_after=2024-12-16 12:45:00+00:00
[2024-12-16T10:07:51.328+0000] {processor.py:208} INFO - Processing /opt/airflow/dags/Extract_and_company_info_to_staging.py took 1.497 seconds
[2024-12-16T10:08:21.823+0000] {processor.py:186} INFO - Started process (PID=1748) to work on /opt/airflow/dags/Extract_and_company_info_to_staging.py
[2024-12-16T10:08:21.825+0000] {processor.py:914} INFO - Processing file /opt/airflow/dags/Extract_and_company_info_to_staging.py for tasks to queue
[2024-12-16T10:08:21.829+0000] {logging_mixin.py:190} INFO - [2024-12-16T10:08:21.828+0000] {dagbag.py:588} INFO - Filling up the DagBag from /opt/airflow/dags/Extract_and_company_info_to_staging.py
[2024-12-16T10:08:23.162+0000] {processor.py:925} INFO - DAG(s) 'load_company_info_to_staging_db' retrieved from /opt/airflow/dags/Extract_and_company_info_to_staging.py
[2024-12-16T10:08:23.207+0000] {logging_mixin.py:190} INFO - [2024-12-16T10:08:23.207+0000] {dag.py:3239} INFO - Sync 1 DAGs
[2024-12-16T10:08:23.239+0000] {logging_mixin.py:190} INFO - [2024-12-16T10:08:23.239+0000] {dag.py:4180} INFO - Setting next_dagrun for load_company_info_to_staging_db to 2024-12-13 12:45:00+00:00, run_after=2024-12-16 12:45:00+00:00
[2024-12-16T10:08:23.269+0000] {processor.py:208} INFO - Processing /opt/airflow/dags/Extract_and_company_info_to_staging.py took 1.456 seconds
[2024-12-16T10:08:54.273+0000] {processor.py:186} INFO - Started process (PID=1784) to work on /opt/airflow/dags/Extract_and_company_info_to_staging.py
[2024-12-16T10:08:54.274+0000] {processor.py:914} INFO - Processing file /opt/airflow/dags/Extract_and_company_info_to_staging.py for tasks to queue
[2024-12-16T10:08:54.276+0000] {logging_mixin.py:190} INFO - [2024-12-16T10:08:54.275+0000] {dagbag.py:588} INFO - Filling up the DagBag from /opt/airflow/dags/Extract_and_company_info_to_staging.py
[2024-12-16T10:08:55.288+0000] {processor.py:925} INFO - DAG(s) 'load_company_info_to_staging_db' retrieved from /opt/airflow/dags/Extract_and_company_info_to_staging.py
[2024-12-16T10:08:55.349+0000] {logging_mixin.py:190} INFO - [2024-12-16T10:08:55.349+0000] {dag.py:3239} INFO - Sync 1 DAGs
[2024-12-16T10:08:55.378+0000] {logging_mixin.py:190} INFO - [2024-12-16T10:08:55.378+0000] {dag.py:4180} INFO - Setting next_dagrun for load_company_info_to_staging_db to 2024-12-13 12:45:00+00:00, run_after=2024-12-16 12:45:00+00:00
[2024-12-16T10:08:55.434+0000] {processor.py:208} INFO - Processing /opt/airflow/dags/Extract_and_company_info_to_staging.py took 1.168 seconds
