[2024-12-16T09:45:10.683+0000] {processor.py:186} INFO - Started process (PID=199) to work on /opt/airflow/dags/Load_company_info_to_staging.py
[2024-12-16T09:45:10.685+0000] {processor.py:914} INFO - Processing file /opt/airflow/dags/Load_company_info_to_staging.py for tasks to queue
[2024-12-16T09:45:10.689+0000] {logging_mixin.py:190} INFO - [2024-12-16T09:45:10.688+0000] {dagbag.py:588} INFO - Filling up the DagBag from /opt/airflow/dags/Load_company_info_to_staging.py
[2024-12-16T09:45:10.745+0000] {processor.py:925} INFO - DAG(s) 'load_company_info_to_staging_db' retrieved from /opt/airflow/dags/Load_company_info_to_staging.py
[2024-12-16T09:45:10.893+0000] {logging_mixin.py:190} INFO - [2024-12-16T09:45:10.892+0000] {dag.py:3239} INFO - Sync 1 DAGs
[2024-12-16T09:45:10.932+0000] {logging_mixin.py:190} INFO - [2024-12-16T09:45:10.931+0000] {dag.py:4180} INFO - Setting next_dagrun for load_company_info_to_staging_db to None, run_after=None
[2024-12-16T09:45:11.062+0000] {processor.py:208} INFO - Processing /opt/airflow/dags/Load_company_info_to_staging.py took 0.392 seconds
[2024-12-16T09:45:41.488+0000] {processor.py:186} INFO - Started process (PID=235) to work on /opt/airflow/dags/Load_company_info_to_staging.py
[2024-12-16T09:45:41.501+0000] {processor.py:914} INFO - Processing file /opt/airflow/dags/Load_company_info_to_staging.py for tasks to queue
[2024-12-16T09:45:41.520+0000] {logging_mixin.py:190} INFO - [2024-12-16T09:45:41.513+0000] {dagbag.py:588} INFO - Filling up the DagBag from /opt/airflow/dags/Load_company_info_to_staging.py
[2024-12-16T09:45:41.623+0000] {processor.py:925} INFO - DAG(s) 'load_company_info_to_staging_db' retrieved from /opt/airflow/dags/Load_company_info_to_staging.py
[2024-12-16T09:45:41.972+0000] {logging_mixin.py:190} INFO - [2024-12-16T09:45:41.972+0000] {dag.py:3239} INFO - Sync 1 DAGs
[2024-12-16T09:45:42.039+0000] {logging_mixin.py:190} INFO - [2024-12-16T09:45:42.039+0000] {dag.py:4180} INFO - Setting next_dagrun for load_company_info_to_staging_db to None, run_after=None
[2024-12-16T09:45:42.256+0000] {processor.py:208} INFO - Processing /opt/airflow/dags/Load_company_info_to_staging.py took 0.785 seconds
[2024-12-16T09:46:12.905+0000] {processor.py:186} INFO - Started process (PID=266) to work on /opt/airflow/dags/Load_company_info_to_staging.py
[2024-12-16T09:46:12.911+0000] {processor.py:914} INFO - Processing file /opt/airflow/dags/Load_company_info_to_staging.py for tasks to queue
[2024-12-16T09:46:12.917+0000] {logging_mixin.py:190} INFO - [2024-12-16T09:46:12.916+0000] {dagbag.py:588} INFO - Filling up the DagBag from /opt/airflow/dags/Load_company_info_to_staging.py
[2024-12-16T09:46:12.978+0000] {processor.py:925} INFO - DAG(s) 'load_company_info_to_staging_db' retrieved from /opt/airflow/dags/Load_company_info_to_staging.py
[2024-12-16T09:46:13.151+0000] {logging_mixin.py:190} INFO - [2024-12-16T09:46:13.150+0000] {dag.py:3239} INFO - Sync 1 DAGs
[2024-12-16T09:46:13.189+0000] {logging_mixin.py:190} INFO - [2024-12-16T09:46:13.189+0000] {dag.py:4180} INFO - Setting next_dagrun for load_company_info_to_staging_db to None, run_after=None
[2024-12-16T09:46:13.249+0000] {processor.py:208} INFO - Processing /opt/airflow/dags/Load_company_info_to_staging.py took 0.356 seconds
[2024-12-16T09:46:43.968+0000] {processor.py:186} INFO - Started process (PID=301) to work on /opt/airflow/dags/Load_company_info_to_staging.py
[2024-12-16T09:46:43.971+0000] {processor.py:914} INFO - Processing file /opt/airflow/dags/Load_company_info_to_staging.py for tasks to queue
[2024-12-16T09:46:43.978+0000] {logging_mixin.py:190} INFO - [2024-12-16T09:46:43.977+0000] {dagbag.py:588} INFO - Filling up the DagBag from /opt/airflow/dags/Load_company_info_to_staging.py
[2024-12-16T09:46:44.016+0000] {processor.py:925} INFO - DAG(s) 'load_company_info_to_staging_db' retrieved from /opt/airflow/dags/Load_company_info_to_staging.py
[2024-12-16T09:46:44.153+0000] {logging_mixin.py:190} INFO - [2024-12-16T09:46:44.152+0000] {dag.py:3239} INFO - Sync 1 DAGs
[2024-12-16T09:46:44.183+0000] {logging_mixin.py:190} INFO - [2024-12-16T09:46:44.182+0000] {dag.py:4180} INFO - Setting next_dagrun for load_company_info_to_staging_db to None, run_after=None
[2024-12-16T09:46:44.234+0000] {processor.py:208} INFO - Processing /opt/airflow/dags/Load_company_info_to_staging.py took 0.274 seconds
[2024-12-16T09:47:14.574+0000] {processor.py:186} INFO - Started process (PID=336) to work on /opt/airflow/dags/Load_company_info_to_staging.py
[2024-12-16T09:47:14.575+0000] {processor.py:914} INFO - Processing file /opt/airflow/dags/Load_company_info_to_staging.py for tasks to queue
[2024-12-16T09:47:14.583+0000] {logging_mixin.py:190} INFO - [2024-12-16T09:47:14.582+0000] {dagbag.py:588} INFO - Filling up the DagBag from /opt/airflow/dags/Load_company_info_to_staging.py
[2024-12-16T09:47:14.624+0000] {processor.py:925} INFO - DAG(s) 'load_company_info_to_staging_db' retrieved from /opt/airflow/dags/Load_company_info_to_staging.py
[2024-12-16T09:47:14.697+0000] {logging_mixin.py:190} INFO - [2024-12-16T09:47:14.697+0000] {dag.py:3239} INFO - Sync 1 DAGs
[2024-12-16T09:47:14.737+0000] {logging_mixin.py:190} INFO - [2024-12-16T09:47:14.737+0000] {dag.py:4180} INFO - Setting next_dagrun for load_company_info_to_staging_db to None, run_after=None
[2024-12-16T09:47:14.788+0000] {processor.py:208} INFO - Processing /opt/airflow/dags/Load_company_info_to_staging.py took 0.224 seconds
[2024-12-16T09:47:44.950+0000] {processor.py:186} INFO - Started process (PID=371) to work on /opt/airflow/dags/Load_company_info_to_staging.py
[2024-12-16T09:47:44.951+0000] {processor.py:914} INFO - Processing file /opt/airflow/dags/Load_company_info_to_staging.py for tasks to queue
[2024-12-16T09:47:44.956+0000] {logging_mixin.py:190} INFO - [2024-12-16T09:47:44.955+0000] {dagbag.py:588} INFO - Filling up the DagBag from /opt/airflow/dags/Load_company_info_to_staging.py
[2024-12-16T09:47:44.994+0000] {processor.py:925} INFO - DAG(s) 'load_company_info_to_staging_db' retrieved from /opt/airflow/dags/Load_company_info_to_staging.py
[2024-12-16T09:47:45.066+0000] {logging_mixin.py:190} INFO - [2024-12-16T09:47:45.066+0000] {dag.py:3239} INFO - Sync 1 DAGs
[2024-12-16T09:47:45.090+0000] {logging_mixin.py:190} INFO - [2024-12-16T09:47:45.090+0000] {dag.py:4180} INFO - Setting next_dagrun for load_company_info_to_staging_db to None, run_after=None
[2024-12-16T09:47:45.141+0000] {processor.py:208} INFO - Processing /opt/airflow/dags/Load_company_info_to_staging.py took 0.200 seconds
[2024-12-16T09:48:15.889+0000] {processor.py:186} INFO - Started process (PID=406) to work on /opt/airflow/dags/Load_company_info_to_staging.py
[2024-12-16T09:48:15.892+0000] {processor.py:914} INFO - Processing file /opt/airflow/dags/Load_company_info_to_staging.py for tasks to queue
[2024-12-16T09:48:15.895+0000] {logging_mixin.py:190} INFO - [2024-12-16T09:48:15.894+0000] {dagbag.py:588} INFO - Filling up the DagBag from /opt/airflow/dags/Load_company_info_to_staging.py
[2024-12-16T09:48:15.918+0000] {processor.py:925} INFO - DAG(s) 'load_company_info_to_staging_db' retrieved from /opt/airflow/dags/Load_company_info_to_staging.py
[2024-12-16T09:48:16.044+0000] {logging_mixin.py:190} INFO - [2024-12-16T09:48:16.044+0000] {dag.py:3239} INFO - Sync 1 DAGs
[2024-12-16T09:48:16.067+0000] {logging_mixin.py:190} INFO - [2024-12-16T09:48:16.067+0000] {dag.py:4180} INFO - Setting next_dagrun for load_company_info_to_staging_db to None, run_after=None
[2024-12-16T09:48:16.109+0000] {processor.py:208} INFO - Processing /opt/airflow/dags/Load_company_info_to_staging.py took 0.225 seconds
[2024-12-16T09:48:46.652+0000] {processor.py:186} INFO - Started process (PID=442) to work on /opt/airflow/dags/Load_company_info_to_staging.py
[2024-12-16T09:48:46.653+0000] {processor.py:914} INFO - Processing file /opt/airflow/dags/Load_company_info_to_staging.py for tasks to queue
[2024-12-16T09:48:46.656+0000] {logging_mixin.py:190} INFO - [2024-12-16T09:48:46.656+0000] {dagbag.py:588} INFO - Filling up the DagBag from /opt/airflow/dags/Load_company_info_to_staging.py
[2024-12-16T09:48:46.681+0000] {processor.py:925} INFO - DAG(s) 'load_company_info_to_staging_db' retrieved from /opt/airflow/dags/Load_company_info_to_staging.py
[2024-12-16T09:48:46.770+0000] {logging_mixin.py:190} INFO - [2024-12-16T09:48:46.766+0000] {dag.py:3239} INFO - Sync 1 DAGs
[2024-12-16T09:48:46.798+0000] {logging_mixin.py:190} INFO - [2024-12-16T09:48:46.797+0000] {dag.py:4180} INFO - Setting next_dagrun for load_company_info_to_staging_db to None, run_after=None
[2024-12-16T09:48:46.862+0000] {processor.py:208} INFO - Processing /opt/airflow/dags/Load_company_info_to_staging.py took 0.216 seconds
[2024-12-16T09:49:17.602+0000] {processor.py:186} INFO - Started process (PID=483) to work on /opt/airflow/dags/Load_company_info_to_staging.py
[2024-12-16T09:49:17.604+0000] {processor.py:914} INFO - Processing file /opt/airflow/dags/Load_company_info_to_staging.py for tasks to queue
[2024-12-16T09:49:17.607+0000] {logging_mixin.py:190} INFO - [2024-12-16T09:49:17.606+0000] {dagbag.py:588} INFO - Filling up the DagBag from /opt/airflow/dags/Load_company_info_to_staging.py
[2024-12-16T09:49:17.640+0000] {processor.py:925} INFO - DAG(s) 'load_company_info_to_staging_db' retrieved from /opt/airflow/dags/Load_company_info_to_staging.py
[2024-12-16T09:49:17.713+0000] {logging_mixin.py:190} INFO - [2024-12-16T09:49:17.713+0000] {dag.py:3239} INFO - Sync 1 DAGs
[2024-12-16T09:49:17.736+0000] {logging_mixin.py:190} INFO - [2024-12-16T09:49:17.735+0000] {dag.py:4180} INFO - Setting next_dagrun for load_company_info_to_staging_db to None, run_after=None
[2024-12-16T09:49:17.789+0000] {processor.py:208} INFO - Processing /opt/airflow/dags/Load_company_info_to_staging.py took 0.193 seconds
[2024-12-16T09:49:47.919+0000] {processor.py:186} INFO - Started process (PID=518) to work on /opt/airflow/dags/Load_company_info_to_staging.py
[2024-12-16T09:49:47.921+0000] {processor.py:914} INFO - Processing file /opt/airflow/dags/Load_company_info_to_staging.py for tasks to queue
[2024-12-16T09:49:47.925+0000] {logging_mixin.py:190} INFO - [2024-12-16T09:49:47.924+0000] {dagbag.py:588} INFO - Filling up the DagBag from /opt/airflow/dags/Load_company_info_to_staging.py
[2024-12-16T09:49:47.971+0000] {processor.py:925} INFO - DAG(s) 'load_company_info_to_staging_db' retrieved from /opt/airflow/dags/Load_company_info_to_staging.py
[2024-12-16T09:49:48.051+0000] {logging_mixin.py:190} INFO - [2024-12-16T09:49:48.051+0000] {dag.py:3239} INFO - Sync 1 DAGs
[2024-12-16T09:49:48.083+0000] {logging_mixin.py:190} INFO - [2024-12-16T09:49:48.082+0000] {dag.py:4180} INFO - Setting next_dagrun for load_company_info_to_staging_db to None, run_after=None
[2024-12-16T09:49:48.130+0000] {processor.py:208} INFO - Processing /opt/airflow/dags/Load_company_info_to_staging.py took 0.221 seconds
[2024-12-16T09:50:18.449+0000] {processor.py:186} INFO - Started process (PID=552) to work on /opt/airflow/dags/Load_company_info_to_staging.py
[2024-12-16T09:50:18.451+0000] {processor.py:914} INFO - Processing file /opt/airflow/dags/Load_company_info_to_staging.py for tasks to queue
[2024-12-16T09:50:18.453+0000] {logging_mixin.py:190} INFO - [2024-12-16T09:50:18.453+0000] {dagbag.py:588} INFO - Filling up the DagBag from /opt/airflow/dags/Load_company_info_to_staging.py
[2024-12-16T09:50:18.474+0000] {processor.py:925} INFO - DAG(s) 'load_company_info_to_staging_db' retrieved from /opt/airflow/dags/Load_company_info_to_staging.py
[2024-12-16T09:50:18.531+0000] {logging_mixin.py:190} INFO - [2024-12-16T09:50:18.531+0000] {dag.py:3239} INFO - Sync 1 DAGs
[2024-12-16T09:50:18.549+0000] {logging_mixin.py:190} INFO - [2024-12-16T09:50:18.549+0000] {dag.py:4180} INFO - Setting next_dagrun for load_company_info_to_staging_db to None, run_after=None
[2024-12-16T09:50:18.594+0000] {processor.py:208} INFO - Processing /opt/airflow/dags/Load_company_info_to_staging.py took 0.150 seconds
[2024-12-16T09:50:48.672+0000] {processor.py:186} INFO - Started process (PID=587) to work on /opt/airflow/dags/Load_company_info_to_staging.py
[2024-12-16T09:50:48.675+0000] {processor.py:914} INFO - Processing file /opt/airflow/dags/Load_company_info_to_staging.py for tasks to queue
[2024-12-16T09:50:48.680+0000] {logging_mixin.py:190} INFO - [2024-12-16T09:50:48.679+0000] {dagbag.py:588} INFO - Filling up the DagBag from /opt/airflow/dags/Load_company_info_to_staging.py
[2024-12-16T09:50:48.704+0000] {processor.py:925} INFO - DAG(s) 'load_company_info_to_staging_db' retrieved from /opt/airflow/dags/Load_company_info_to_staging.py
[2024-12-16T09:50:48.767+0000] {logging_mixin.py:190} INFO - [2024-12-16T09:50:48.766+0000] {dag.py:3239} INFO - Sync 1 DAGs
[2024-12-16T09:50:48.786+0000] {logging_mixin.py:190} INFO - [2024-12-16T09:50:48.786+0000] {dag.py:4180} INFO - Setting next_dagrun for load_company_info_to_staging_db to None, run_after=None
[2024-12-16T09:50:48.831+0000] {processor.py:208} INFO - Processing /opt/airflow/dags/Load_company_info_to_staging.py took 0.165 seconds
[2024-12-16T09:51:19.080+0000] {processor.py:186} INFO - Started process (PID=622) to work on /opt/airflow/dags/Load_company_info_to_staging.py
[2024-12-16T09:51:19.083+0000] {processor.py:914} INFO - Processing file /opt/airflow/dags/Load_company_info_to_staging.py for tasks to queue
[2024-12-16T09:51:19.085+0000] {logging_mixin.py:190} INFO - [2024-12-16T09:51:19.085+0000] {dagbag.py:588} INFO - Filling up the DagBag from /opt/airflow/dags/Load_company_info_to_staging.py
[2024-12-16T09:51:19.110+0000] {processor.py:925} INFO - DAG(s) 'load_company_info_to_staging_db' retrieved from /opt/airflow/dags/Load_company_info_to_staging.py
[2024-12-16T09:51:19.186+0000] {logging_mixin.py:190} INFO - [2024-12-16T09:51:19.185+0000] {dag.py:3239} INFO - Sync 1 DAGs
[2024-12-16T09:51:19.203+0000] {logging_mixin.py:190} INFO - [2024-12-16T09:51:19.203+0000] {dag.py:4180} INFO - Setting next_dagrun for load_company_info_to_staging_db to None, run_after=None
[2024-12-16T09:51:19.247+0000] {processor.py:208} INFO - Processing /opt/airflow/dags/Load_company_info_to_staging.py took 0.174 seconds
[2024-12-16T09:51:49.436+0000] {processor.py:186} INFO - Started process (PID=657) to work on /opt/airflow/dags/Load_company_info_to_staging.py
[2024-12-16T09:51:49.438+0000] {processor.py:914} INFO - Processing file /opt/airflow/dags/Load_company_info_to_staging.py for tasks to queue
[2024-12-16T09:51:49.442+0000] {logging_mixin.py:190} INFO - [2024-12-16T09:51:49.441+0000] {dagbag.py:588} INFO - Filling up the DagBag from /opt/airflow/dags/Load_company_info_to_staging.py
[2024-12-16T09:51:49.470+0000] {processor.py:925} INFO - DAG(s) 'load_company_info_to_staging_db' retrieved from /opt/airflow/dags/Load_company_info_to_staging.py
[2024-12-16T09:51:49.544+0000] {logging_mixin.py:190} INFO - [2024-12-16T09:51:49.543+0000] {dag.py:3239} INFO - Sync 1 DAGs
[2024-12-16T09:51:49.566+0000] {logging_mixin.py:190} INFO - [2024-12-16T09:51:49.566+0000] {dag.py:4180} INFO - Setting next_dagrun for load_company_info_to_staging_db to None, run_after=None
[2024-12-16T09:51:49.619+0000] {processor.py:208} INFO - Processing /opt/airflow/dags/Load_company_info_to_staging.py took 0.196 seconds
[2024-12-16T09:52:20.177+0000] {processor.py:186} INFO - Started process (PID=693) to work on /opt/airflow/dags/Load_company_info_to_staging.py
[2024-12-16T09:52:20.179+0000] {processor.py:914} INFO - Processing file /opt/airflow/dags/Load_company_info_to_staging.py for tasks to queue
[2024-12-16T09:52:20.183+0000] {logging_mixin.py:190} INFO - [2024-12-16T09:52:20.182+0000] {dagbag.py:588} INFO - Filling up the DagBag from /opt/airflow/dags/Load_company_info_to_staging.py
[2024-12-16T09:52:20.227+0000] {processor.py:925} INFO - DAG(s) 'load_company_info_to_staging_db' retrieved from /opt/airflow/dags/Load_company_info_to_staging.py
[2024-12-16T09:52:20.292+0000] {logging_mixin.py:190} INFO - [2024-12-16T09:52:20.292+0000] {dag.py:3239} INFO - Sync 1 DAGs
[2024-12-16T09:52:20.320+0000] {logging_mixin.py:190} INFO - [2024-12-16T09:52:20.319+0000] {dag.py:4180} INFO - Setting next_dagrun for load_company_info_to_staging_db to None, run_after=None
[2024-12-16T09:52:20.378+0000] {processor.py:208} INFO - Processing /opt/airflow/dags/Load_company_info_to_staging.py took 0.206 seconds
[2024-12-16T09:52:51.058+0000] {processor.py:186} INFO - Started process (PID=728) to work on /opt/airflow/dags/Load_company_info_to_staging.py
[2024-12-16T09:52:51.059+0000] {processor.py:914} INFO - Processing file /opt/airflow/dags/Load_company_info_to_staging.py for tasks to queue
[2024-12-16T09:52:51.064+0000] {logging_mixin.py:190} INFO - [2024-12-16T09:52:51.063+0000] {dagbag.py:588} INFO - Filling up the DagBag from /opt/airflow/dags/Load_company_info_to_staging.py
[2024-12-16T09:52:51.117+0000] {processor.py:925} INFO - DAG(s) 'load_company_info_to_staging_db' retrieved from /opt/airflow/dags/Load_company_info_to_staging.py
[2024-12-16T09:52:51.281+0000] {logging_mixin.py:190} INFO - [2024-12-16T09:52:51.281+0000] {dag.py:3239} INFO - Sync 1 DAGs
[2024-12-16T09:52:51.318+0000] {logging_mixin.py:190} INFO - [2024-12-16T09:52:51.318+0000] {dag.py:4180} INFO - Setting next_dagrun for load_company_info_to_staging_db to None, run_after=None
[2024-12-16T09:52:51.374+0000] {processor.py:208} INFO - Processing /opt/airflow/dags/Load_company_info_to_staging.py took 0.327 seconds
[2024-12-16T09:53:21.506+0000] {processor.py:186} INFO - Started process (PID=763) to work on /opt/airflow/dags/Load_company_info_to_staging.py
[2024-12-16T09:53:21.508+0000] {processor.py:914} INFO - Processing file /opt/airflow/dags/Load_company_info_to_staging.py for tasks to queue
[2024-12-16T09:53:21.511+0000] {logging_mixin.py:190} INFO - [2024-12-16T09:53:21.511+0000] {dagbag.py:588} INFO - Filling up the DagBag from /opt/airflow/dags/Load_company_info_to_staging.py
[2024-12-16T09:53:21.547+0000] {processor.py:925} INFO - DAG(s) 'load_company_info_to_staging_db' retrieved from /opt/airflow/dags/Load_company_info_to_staging.py
[2024-12-16T09:53:21.619+0000] {logging_mixin.py:190} INFO - [2024-12-16T09:53:21.618+0000] {dag.py:3239} INFO - Sync 1 DAGs
[2024-12-16T09:53:21.639+0000] {logging_mixin.py:190} INFO - [2024-12-16T09:53:21.639+0000] {dag.py:4180} INFO - Setting next_dagrun for load_company_info_to_staging_db to None, run_after=None
[2024-12-16T09:53:21.691+0000] {processor.py:208} INFO - Processing /opt/airflow/dags/Load_company_info_to_staging.py took 0.192 seconds
[2024-12-16T09:53:52.146+0000] {processor.py:186} INFO - Started process (PID=798) to work on /opt/airflow/dags/Load_company_info_to_staging.py
[2024-12-16T09:53:52.149+0000] {processor.py:914} INFO - Processing file /opt/airflow/dags/Load_company_info_to_staging.py for tasks to queue
[2024-12-16T09:53:52.153+0000] {logging_mixin.py:190} INFO - [2024-12-16T09:53:52.153+0000] {dagbag.py:588} INFO - Filling up the DagBag from /opt/airflow/dags/Load_company_info_to_staging.py
[2024-12-16T09:53:52.191+0000] {processor.py:925} INFO - DAG(s) 'load_company_info_to_staging_db' retrieved from /opt/airflow/dags/Load_company_info_to_staging.py
[2024-12-16T09:53:52.282+0000] {logging_mixin.py:190} INFO - [2024-12-16T09:53:52.282+0000] {dag.py:3239} INFO - Sync 1 DAGs
[2024-12-16T09:53:52.306+0000] {logging_mixin.py:190} INFO - [2024-12-16T09:53:52.306+0000] {dag.py:4180} INFO - Setting next_dagrun for load_company_info_to_staging_db to None, run_after=None
[2024-12-16T09:53:52.358+0000] {processor.py:208} INFO - Processing /opt/airflow/dags/Load_company_info_to_staging.py took 0.219 seconds
[2024-12-16T09:54:22.697+0000] {processor.py:186} INFO - Started process (PID=833) to work on /opt/airflow/dags/Load_company_info_to_staging.py
[2024-12-16T09:54:22.700+0000] {processor.py:914} INFO - Processing file /opt/airflow/dags/Load_company_info_to_staging.py for tasks to queue
[2024-12-16T09:54:22.703+0000] {logging_mixin.py:190} INFO - [2024-12-16T09:54:22.703+0000] {dagbag.py:588} INFO - Filling up the DagBag from /opt/airflow/dags/Load_company_info_to_staging.py
[2024-12-16T09:54:22.730+0000] {processor.py:925} INFO - DAG(s) 'load_company_info_to_staging_db' retrieved from /opt/airflow/dags/Load_company_info_to_staging.py
[2024-12-16T09:54:22.847+0000] {logging_mixin.py:190} INFO - [2024-12-16T09:54:22.847+0000] {dag.py:3239} INFO - Sync 1 DAGs
[2024-12-16T09:54:22.868+0000] {logging_mixin.py:190} INFO - [2024-12-16T09:54:22.867+0000] {dag.py:4180} INFO - Setting next_dagrun for load_company_info_to_staging_db to None, run_after=None
[2024-12-16T09:54:22.917+0000] {processor.py:208} INFO - Processing /opt/airflow/dags/Load_company_info_to_staging.py took 0.229 seconds
[2024-12-16T09:54:53.575+0000] {processor.py:186} INFO - Started process (PID=868) to work on /opt/airflow/dags/Load_company_info_to_staging.py
[2024-12-16T09:54:53.578+0000] {processor.py:914} INFO - Processing file /opt/airflow/dags/Load_company_info_to_staging.py for tasks to queue
[2024-12-16T09:54:53.582+0000] {logging_mixin.py:190} INFO - [2024-12-16T09:54:53.582+0000] {dagbag.py:588} INFO - Filling up the DagBag from /opt/airflow/dags/Load_company_info_to_staging.py
[2024-12-16T09:54:53.648+0000] {processor.py:925} INFO - DAG(s) 'load_company_info_to_staging_db' retrieved from /opt/airflow/dags/Load_company_info_to_staging.py
[2024-12-16T09:54:53.737+0000] {logging_mixin.py:190} INFO - [2024-12-16T09:54:53.737+0000] {dag.py:3239} INFO - Sync 1 DAGs
[2024-12-16T09:54:53.764+0000] {logging_mixin.py:190} INFO - [2024-12-16T09:54:53.763+0000] {dag.py:4180} INFO - Setting next_dagrun for load_company_info_to_staging_db to None, run_after=None
[2024-12-16T09:54:53.831+0000] {processor.py:208} INFO - Processing /opt/airflow/dags/Load_company_info_to_staging.py took 0.266 seconds
[2024-12-16T09:55:25.469+0000] {processor.py:186} INFO - Started process (PID=903) to work on /opt/airflow/dags/Load_company_info_to_staging.py
[2024-12-16T09:55:25.470+0000] {processor.py:914} INFO - Processing file /opt/airflow/dags/Load_company_info_to_staging.py for tasks to queue
[2024-12-16T09:55:25.474+0000] {logging_mixin.py:190} INFO - [2024-12-16T09:55:25.474+0000] {dagbag.py:588} INFO - Filling up the DagBag from /opt/airflow/dags/Load_company_info_to_staging.py
[2024-12-16T09:55:25.498+0000] {processor.py:925} INFO - DAG(s) 'load_company_info_to_staging_db' retrieved from /opt/airflow/dags/Load_company_info_to_staging.py
[2024-12-16T09:55:25.559+0000] {logging_mixin.py:190} INFO - [2024-12-16T09:55:25.558+0000] {dag.py:3239} INFO - Sync 1 DAGs
[2024-12-16T09:55:25.578+0000] {logging_mixin.py:190} INFO - [2024-12-16T09:55:25.577+0000] {dag.py:4180} INFO - Setting next_dagrun for load_company_info_to_staging_db to None, run_after=None
[2024-12-16T09:55:25.624+0000] {processor.py:208} INFO - Processing /opt/airflow/dags/Load_company_info_to_staging.py took 0.162 seconds
[2024-12-16T09:55:55.769+0000] {processor.py:186} INFO - Started process (PID=928) to work on /opt/airflow/dags/Load_company_info_to_staging.py
[2024-12-16T09:55:55.771+0000] {processor.py:914} INFO - Processing file /opt/airflow/dags/Load_company_info_to_staging.py for tasks to queue
[2024-12-16T09:55:55.776+0000] {logging_mixin.py:190} INFO - [2024-12-16T09:55:55.776+0000] {dagbag.py:588} INFO - Filling up the DagBag from /opt/airflow/dags/Load_company_info_to_staging.py
[2024-12-16T09:55:55.819+0000] {processor.py:925} INFO - DAG(s) 'load_company_info_to_staging_db' retrieved from /opt/airflow/dags/Load_company_info_to_staging.py
[2024-12-16T09:55:55.885+0000] {logging_mixin.py:190} INFO - [2024-12-16T09:55:55.885+0000] {dag.py:3239} INFO - Sync 1 DAGs
[2024-12-16T09:55:55.910+0000] {logging_mixin.py:190} INFO - [2024-12-16T09:55:55.910+0000] {dag.py:4180} INFO - Setting next_dagrun for load_company_info_to_staging_db to None, run_after=None
[2024-12-16T09:55:55.958+0000] {processor.py:208} INFO - Processing /opt/airflow/dags/Load_company_info_to_staging.py took 0.196 seconds
[2024-12-16T09:56:26.077+0000] {processor.py:186} INFO - Started process (PID=960) to work on /opt/airflow/dags/Load_company_info_to_staging.py
[2024-12-16T09:56:26.081+0000] {processor.py:914} INFO - Processing file /opt/airflow/dags/Load_company_info_to_staging.py for tasks to queue
[2024-12-16T09:56:26.086+0000] {logging_mixin.py:190} INFO - [2024-12-16T09:56:26.085+0000] {dagbag.py:588} INFO - Filling up the DagBag from /opt/airflow/dags/Load_company_info_to_staging.py
[2024-12-16T09:56:26.132+0000] {processor.py:925} INFO - DAG(s) 'load_company_info_to_staging_db' retrieved from /opt/airflow/dags/Load_company_info_to_staging.py
[2024-12-16T09:56:26.200+0000] {logging_mixin.py:190} INFO - [2024-12-16T09:56:26.199+0000] {dag.py:3239} INFO - Sync 1 DAGs
[2024-12-16T09:56:26.217+0000] {logging_mixin.py:190} INFO - [2024-12-16T09:56:26.217+0000] {dag.py:4180} INFO - Setting next_dagrun for load_company_info_to_staging_db to None, run_after=None
[2024-12-16T09:56:26.257+0000] {processor.py:208} INFO - Processing /opt/airflow/dags/Load_company_info_to_staging.py took 0.200 seconds
[2024-12-16T09:56:56.415+0000] {processor.py:186} INFO - Started process (PID=995) to work on /opt/airflow/dags/Load_company_info_to_staging.py
[2024-12-16T09:56:56.418+0000] {processor.py:914} INFO - Processing file /opt/airflow/dags/Load_company_info_to_staging.py for tasks to queue
[2024-12-16T09:56:56.421+0000] {logging_mixin.py:190} INFO - [2024-12-16T09:56:56.421+0000] {dagbag.py:588} INFO - Filling up the DagBag from /opt/airflow/dags/Load_company_info_to_staging.py
[2024-12-16T09:56:56.458+0000] {processor.py:925} INFO - DAG(s) 'load_company_info_to_staging_db' retrieved from /opt/airflow/dags/Load_company_info_to_staging.py
[2024-12-16T09:56:56.530+0000] {logging_mixin.py:190} INFO - [2024-12-16T09:56:56.530+0000] {dag.py:3239} INFO - Sync 1 DAGs
[2024-12-16T09:56:56.555+0000] {logging_mixin.py:190} INFO - [2024-12-16T09:56:56.555+0000] {dag.py:4180} INFO - Setting next_dagrun for load_company_info_to_staging_db to None, run_after=None
[2024-12-16T09:56:56.602+0000] {processor.py:208} INFO - Processing /opt/airflow/dags/Load_company_info_to_staging.py took 0.199 seconds
[2024-12-16T09:57:26.647+0000] {processor.py:186} INFO - Started process (PID=1030) to work on /opt/airflow/dags/Load_company_info_to_staging.py
[2024-12-16T09:57:26.650+0000] {processor.py:914} INFO - Processing file /opt/airflow/dags/Load_company_info_to_staging.py for tasks to queue
[2024-12-16T09:57:26.654+0000] {logging_mixin.py:190} INFO - [2024-12-16T09:57:26.654+0000] {dagbag.py:588} INFO - Filling up the DagBag from /opt/airflow/dags/Load_company_info_to_staging.py
[2024-12-16T09:57:26.691+0000] {processor.py:925} INFO - DAG(s) 'load_company_info_to_staging_db' retrieved from /opt/airflow/dags/Load_company_info_to_staging.py
[2024-12-16T09:57:26.748+0000] {logging_mixin.py:190} INFO - [2024-12-16T09:57:26.748+0000] {dag.py:3239} INFO - Sync 1 DAGs
[2024-12-16T09:57:26.766+0000] {logging_mixin.py:190} INFO - [2024-12-16T09:57:26.765+0000] {dag.py:4180} INFO - Setting next_dagrun for load_company_info_to_staging_db to None, run_after=None
[2024-12-16T09:57:26.802+0000] {processor.py:208} INFO - Processing /opt/airflow/dags/Load_company_info_to_staging.py took 0.164 seconds
[2024-12-16T09:57:56.892+0000] {processor.py:186} INFO - Started process (PID=1065) to work on /opt/airflow/dags/Load_company_info_to_staging.py
[2024-12-16T09:57:56.894+0000] {processor.py:914} INFO - Processing file /opt/airflow/dags/Load_company_info_to_staging.py for tasks to queue
[2024-12-16T09:57:56.900+0000] {logging_mixin.py:190} INFO - [2024-12-16T09:57:56.899+0000] {dagbag.py:588} INFO - Filling up the DagBag from /opt/airflow/dags/Load_company_info_to_staging.py
[2024-12-16T09:57:56.948+0000] {processor.py:925} INFO - DAG(s) 'load_company_info_to_staging_db' retrieved from /opt/airflow/dags/Load_company_info_to_staging.py
[2024-12-16T09:57:57.022+0000] {logging_mixin.py:190} INFO - [2024-12-16T09:57:57.022+0000] {dag.py:3239} INFO - Sync 1 DAGs
[2024-12-16T09:57:57.046+0000] {logging_mixin.py:190} INFO - [2024-12-16T09:57:57.046+0000] {dag.py:4180} INFO - Setting next_dagrun for load_company_info_to_staging_db to None, run_after=None
[2024-12-16T09:57:57.096+0000] {processor.py:208} INFO - Processing /opt/airflow/dags/Load_company_info_to_staging.py took 0.212 seconds
[2024-12-16T09:58:27.331+0000] {processor.py:186} INFO - Started process (PID=1100) to work on /opt/airflow/dags/Load_company_info_to_staging.py
[2024-12-16T09:58:27.334+0000] {processor.py:914} INFO - Processing file /opt/airflow/dags/Load_company_info_to_staging.py for tasks to queue
[2024-12-16T09:58:27.339+0000] {logging_mixin.py:190} INFO - [2024-12-16T09:58:27.339+0000] {dagbag.py:588} INFO - Filling up the DagBag from /opt/airflow/dags/Load_company_info_to_staging.py
[2024-12-16T09:58:27.373+0000] {processor.py:925} INFO - DAG(s) 'load_company_info_to_staging_db' retrieved from /opt/airflow/dags/Load_company_info_to_staging.py
[2024-12-16T09:58:27.447+0000] {logging_mixin.py:190} INFO - [2024-12-16T09:58:27.446+0000] {dag.py:3239} INFO - Sync 1 DAGs
[2024-12-16T09:58:27.467+0000] {logging_mixin.py:190} INFO - [2024-12-16T09:58:27.467+0000] {dag.py:4180} INFO - Setting next_dagrun for load_company_info_to_staging_db to None, run_after=None
[2024-12-16T09:58:27.529+0000] {processor.py:208} INFO - Processing /opt/airflow/dags/Load_company_info_to_staging.py took 0.208 seconds
[2024-12-16T09:58:57.973+0000] {processor.py:186} INFO - Started process (PID=1135) to work on /opt/airflow/dags/Load_company_info_to_staging.py
[2024-12-16T09:58:57.975+0000] {processor.py:914} INFO - Processing file /opt/airflow/dags/Load_company_info_to_staging.py for tasks to queue
[2024-12-16T09:58:57.980+0000] {logging_mixin.py:190} INFO - [2024-12-16T09:58:57.979+0000] {dagbag.py:588} INFO - Filling up the DagBag from /opt/airflow/dags/Load_company_info_to_staging.py
[2024-12-16T09:58:58.028+0000] {processor.py:925} INFO - DAG(s) 'load_company_info_to_staging_db' retrieved from /opt/airflow/dags/Load_company_info_to_staging.py
[2024-12-16T09:58:58.095+0000] {logging_mixin.py:190} INFO - [2024-12-16T09:58:58.095+0000] {dag.py:3239} INFO - Sync 1 DAGs
[2024-12-16T09:58:58.118+0000] {logging_mixin.py:190} INFO - [2024-12-16T09:58:58.117+0000] {dag.py:4180} INFO - Setting next_dagrun for load_company_info_to_staging_db to None, run_after=None
[2024-12-16T09:58:58.164+0000] {processor.py:208} INFO - Processing /opt/airflow/dags/Load_company_info_to_staging.py took 0.201 seconds
[2024-12-16T09:59:28.853+0000] {processor.py:186} INFO - Started process (PID=1170) to work on /opt/airflow/dags/Load_company_info_to_staging.py
[2024-12-16T09:59:28.855+0000] {processor.py:914} INFO - Processing file /opt/airflow/dags/Load_company_info_to_staging.py for tasks to queue
[2024-12-16T09:59:28.858+0000] {logging_mixin.py:190} INFO - [2024-12-16T09:59:28.857+0000] {dagbag.py:588} INFO - Filling up the DagBag from /opt/airflow/dags/Load_company_info_to_staging.py
[2024-12-16T09:59:28.882+0000] {processor.py:925} INFO - DAG(s) 'load_company_info_to_staging_db' retrieved from /opt/airflow/dags/Load_company_info_to_staging.py
[2024-12-16T09:59:28.980+0000] {logging_mixin.py:190} INFO - [2024-12-16T09:59:28.980+0000] {dag.py:3239} INFO - Sync 1 DAGs
[2024-12-16T09:59:29.046+0000] {logging_mixin.py:190} INFO - [2024-12-16T09:59:29.046+0000] {dag.py:4180} INFO - Setting next_dagrun for load_company_info_to_staging_db to None, run_after=None
[2024-12-16T09:59:29.106+0000] {processor.py:208} INFO - Processing /opt/airflow/dags/Load_company_info_to_staging.py took 0.261 seconds
[2024-12-16T09:59:59.527+0000] {processor.py:186} INFO - Started process (PID=1205) to work on /opt/airflow/dags/Load_company_info_to_staging.py
[2024-12-16T09:59:59.530+0000] {processor.py:914} INFO - Processing file /opt/airflow/dags/Load_company_info_to_staging.py for tasks to queue
[2024-12-16T09:59:59.533+0000] {logging_mixin.py:190} INFO - [2024-12-16T09:59:59.533+0000] {dagbag.py:588} INFO - Filling up the DagBag from /opt/airflow/dags/Load_company_info_to_staging.py
[2024-12-16T09:59:59.555+0000] {processor.py:925} INFO - DAG(s) 'load_company_info_to_staging_db' retrieved from /opt/airflow/dags/Load_company_info_to_staging.py
[2024-12-16T09:59:59.636+0000] {logging_mixin.py:190} INFO - [2024-12-16T09:59:59.635+0000] {dag.py:3239} INFO - Sync 1 DAGs
[2024-12-16T09:59:59.701+0000] {logging_mixin.py:190} INFO - [2024-12-16T09:59:59.701+0000] {dag.py:4180} INFO - Setting next_dagrun for load_company_info_to_staging_db to None, run_after=None
[2024-12-16T09:59:59.753+0000] {processor.py:208} INFO - Processing /opt/airflow/dags/Load_company_info_to_staging.py took 0.232 seconds
[2024-12-16T10:00:30.642+0000] {processor.py:186} INFO - Started process (PID=1240) to work on /opt/airflow/dags/Load_company_info_to_staging.py
[2024-12-16T10:00:30.643+0000] {processor.py:914} INFO - Processing file /opt/airflow/dags/Load_company_info_to_staging.py for tasks to queue
[2024-12-16T10:00:30.647+0000] {logging_mixin.py:190} INFO - [2024-12-16T10:00:30.646+0000] {dagbag.py:588} INFO - Filling up the DagBag from /opt/airflow/dags/Load_company_info_to_staging.py
[2024-12-16T10:00:30.687+0000] {processor.py:925} INFO - DAG(s) 'load_company_info_to_staging_db' retrieved from /opt/airflow/dags/Load_company_info_to_staging.py
[2024-12-16T10:00:30.847+0000] {logging_mixin.py:190} INFO - [2024-12-16T10:00:30.847+0000] {dag.py:3239} INFO - Sync 1 DAGs
[2024-12-16T10:00:30.876+0000] {logging_mixin.py:190} INFO - [2024-12-16T10:00:30.876+0000] {dag.py:4180} INFO - Setting next_dagrun for load_company_info_to_staging_db to None, run_after=None
[2024-12-16T10:00:30.946+0000] {processor.py:208} INFO - Processing /opt/airflow/dags/Load_company_info_to_staging.py took 0.313 seconds
[2024-12-16T10:01:01.460+0000] {processor.py:186} INFO - Started process (PID=1276) to work on /opt/airflow/dags/Load_company_info_to_staging.py
[2024-12-16T10:01:01.462+0000] {processor.py:914} INFO - Processing file /opt/airflow/dags/Load_company_info_to_staging.py for tasks to queue
[2024-12-16T10:01:01.466+0000] {logging_mixin.py:190} INFO - [2024-12-16T10:01:01.466+0000] {dagbag.py:588} INFO - Filling up the DagBag from /opt/airflow/dags/Load_company_info_to_staging.py
[2024-12-16T10:01:01.510+0000] {processor.py:925} INFO - DAG(s) 'load_company_info_to_staging_db' retrieved from /opt/airflow/dags/Load_company_info_to_staging.py
[2024-12-16T10:01:01.576+0000] {logging_mixin.py:190} INFO - [2024-12-16T10:01:01.576+0000] {dag.py:3239} INFO - Sync 1 DAGs
[2024-12-16T10:01:01.594+0000] {logging_mixin.py:190} INFO - [2024-12-16T10:01:01.594+0000] {dag.py:4180} INFO - Setting next_dagrun for load_company_info_to_staging_db to None, run_after=None
[2024-12-16T10:01:01.639+0000] {processor.py:208} INFO - Processing /opt/airflow/dags/Load_company_info_to_staging.py took 0.188 seconds
