[2024-12-08T13:58:42.404+0000] {local_task_job_runner.py:123} INFO - ::group::Pre task execution logs
[2024-12-08T13:58:42.666+0000] {taskinstance.py:2613} INFO - Dependencies all met for dep_context=non-requeueable deps ti=<TaskInstance: parallel_historical_price_with_group.process_groups.process_group_4 manual__2024-12-08T13:57:44.750592+00:00 [queued]>
[2024-12-08T13:58:42.732+0000] {taskinstance.py:2613} INFO - Dependencies all met for dep_context=requeueable deps ti=<TaskInstance: parallel_historical_price_with_group.process_groups.process_group_4 manual__2024-12-08T13:57:44.750592+00:00 [queued]>
[2024-12-08T13:58:42.733+0000] {taskinstance.py:2866} INFO - Starting attempt 1 of 1
[2024-12-08T13:58:43.028+0000] {taskinstance.py:2889} INFO - Executing <Task(PythonOperator): process_groups.process_group_4> on 2024-12-08 13:57:44.750592+00:00
[2024-12-08T13:58:43.195+0000] {logging_mixin.py:190} WARNING - /usr/local/lib/python3.12/site-packages/airflow/task/task_runner/standard_task_runner.py:70 DeprecationWarning: This process (pid=3169) is multi-threaded, use of fork() may lead to deadlocks in the child.
[2024-12-08T13:58:43.200+0000] {standard_task_runner.py:72} INFO - Started process 3216 to run task
[2024-12-08T13:58:43.335+0000] {standard_task_runner.py:104} INFO - Running: ['airflow', 'tasks', 'run', 'parallel_historical_price_with_group', 'process_groups.process_group_4', 'manual__2024-12-08T13:57:44.750592+00:00', '--job-id', '150', '--raw', '--subdir', 'DAGS_FOLDER/Extract_history_price_data.py', '--cfg-path', '/tmp/tmpo271ubhi']
[2024-12-08T13:58:43.380+0000] {standard_task_runner.py:105} INFO - Job 150: Subtask process_groups.process_group_4
[2024-12-08T13:58:44.559+0000] {task_command.py:467} INFO - Running <TaskInstance: parallel_historical_price_with_group.process_groups.process_group_4 manual__2024-12-08T13:57:44.750592+00:00 [skipped]> on host 80c3b7e46742
[2024-12-08T13:58:46.604+0000] {taskinstance.py:3132} INFO - Exporting env vars: AIRFLOW_CTX_DAG_OWNER='airflowDWH' AIRFLOW_CTX_DAG_ID='parallel_historical_price_with_group' AIRFLOW_CTX_TASK_ID='process_groups.process_group_4' AIRFLOW_CTX_EXECUTION_DATE='2024-12-08T13:57:44.750592+00:00' AIRFLOW_CTX_TRY_NUMBER='1' AIRFLOW_CTX_DAG_RUN_ID='manual__2024-12-08T13:57:44.750592+00:00'
[2024-12-08T13:58:46.613+0000] {taskinstance.py:731} INFO - ::endgroup::
[2024-12-08T13:59:07.269+0000] {job.py:229} INFO - Heartbeat recovered after 27.10 seconds
[2024-12-08T13:59:15.009+0000] {local_task_job_runner.py:346} WARNING - State of this instance has been externally set to skipped. Terminating instance.
[2024-12-08T13:59:15.015+0000] {local_task_job_runner.py:245} INFO - ::endgroup::
[2024-12-08T13:59:15.113+0000] {process_utils.py:132} INFO - Sending 15 to group 3216. PIDs of all processes in the group: [3216]
[2024-12-08T13:59:15.114+0000] {process_utils.py:87} INFO - Sending the signal 15 to group 3216
[2024-12-08T13:59:18.089+0000] {taskinstance.py:3093} ERROR - Received SIGTERM. Terminating subprocesses.
[2024-12-08T13:59:19.148+0000] {taskinstance.py:340} INFO - ::group::Post task execution logs
[2024-12-08T13:59:19.370+0000] {process_utils.py:80} INFO - Process psutil.Process(pid=3216, status='terminated', exitcode=0, started='13:58:42') (3216) terminated with exit code 0
