[2024-12-12T14:22:05.024+0000] {local_task_job_runner.py:123} INFO - ::group::Pre task execution logs
[2024-12-12T14:22:05.060+0000] {taskinstance.py:2613} INFO - Dependencies all met for dep_context=non-requeueable deps ti=<TaskInstance: parallel_historical_price_with_group.combine_csv_files manual__2024-12-12T14:20:44.731164+00:00 [queued]>
[2024-12-12T14:22:05.074+0000] {taskinstance.py:2613} INFO - Dependencies all met for dep_context=requeueable deps ti=<TaskInstance: parallel_historical_price_with_group.combine_csv_files manual__2024-12-12T14:20:44.731164+00:00 [queued]>
[2024-12-12T14:22:05.074+0000] {taskinstance.py:2866} INFO - Starting attempt 1 of 1
[2024-12-12T14:22:05.098+0000] {taskinstance.py:2889} INFO - Executing <Task(PythonOperator): combine_csv_files> on 2024-12-12 14:20:44.731164+00:00
[2024-12-12T14:22:05.112+0000] {logging_mixin.py:190} WARNING - /usr/local/lib/python3.12/site-packages/airflow/task/task_runner/standard_task_runner.py:70 DeprecationWarning: This process (pid=4644) is multi-threaded, use of fork() may lead to deadlocks in the child.
[2024-12-12T14:22:05.110+0000] {standard_task_runner.py:104} INFO - Running: ['airflow', 'tasks', 'run', 'parallel_historical_price_with_group', 'combine_csv_files', 'manual__2024-12-12T14:20:44.731164+00:00', '--job-id', '372', '--raw', '--subdir', 'DAGS_FOLDER/Extract_history_price_data.py', '--cfg-path', '/tmp/tmp6i6u7w7q']
[2024-12-12T14:22:05.116+0000] {standard_task_runner.py:72} INFO - Started process 4666 to run task
[2024-12-12T14:22:05.116+0000] {standard_task_runner.py:105} INFO - Job 372: Subtask combine_csv_files
[2024-12-12T14:22:05.335+0000] {task_command.py:467} INFO - Running <TaskInstance: parallel_historical_price_with_group.combine_csv_files manual__2024-12-12T14:20:44.731164+00:00 [running]> on host f1b774b5d57f
[2024-12-12T14:22:05.531+0000] {taskinstance.py:3132} INFO - Exporting env vars: AIRFLOW_CTX_DAG_OWNER='airflowDWH' AIRFLOW_CTX_DAG_ID='parallel_historical_price_with_group' AIRFLOW_CTX_TASK_ID='combine_csv_files' AIRFLOW_CTX_EXECUTION_DATE='2024-12-12T14:20:44.731164+00:00' AIRFLOW_CTX_TRY_NUMBER='1' AIRFLOW_CTX_DAG_RUN_ID='manual__2024-12-12T14:20:44.731164+00:00'
[2024-12-12T14:22:05.535+0000] {taskinstance.py:731} INFO - ::endgroup::
[2024-12-12T14:22:06.636+0000] {logging_mixin.py:190} INFO - Đã xóa thành công
[2024-12-12T14:22:06.637+0000] {logging_mixin.py:190} INFO - Đã xóa thành công
[2024-12-12T14:22:06.637+0000] {logging_mixin.py:190} INFO - Đã xóa thành công
[2024-12-12T14:22:06.638+0000] {logging_mixin.py:190} INFO - Đã xóa thành công
[2024-12-12T14:22:06.638+0000] {logging_mixin.py:190} INFO - Đã xóa thành công
[2024-12-12T14:22:06.641+0000] {python.py:240} INFO - Done. Returned value was: None
[2024-12-12T14:22:06.660+0000] {taskinstance.py:340} INFO - ::group::Post task execution logs
[2024-12-12T14:22:06.661+0000] {taskinstance.py:352} INFO - Marking task as SUCCESS. dag_id=parallel_historical_price_with_group, task_id=combine_csv_files, run_id=manual__2024-12-12T14:20:44.731164+00:00, execution_date=20241212T142044, start_date=20241212T142205, end_date=20241212T142206
[2024-12-12T14:22:06.740+0000] {local_task_job_runner.py:266} INFO - Task exited with return code 0
[2024-12-12T14:22:06.782+0000] {taskinstance.py:3895} INFO - 1 downstream tasks scheduled from follow-on schedule check
[2024-12-12T14:22:06.787+0000] {local_task_job_runner.py:245} INFO - ::endgroup::
