[2024-12-16T11:26:03.520+0000] {local_task_job_runner.py:123} INFO - ::group::Pre task execution logs
[2024-12-16T11:26:03.545+0000] {taskinstance.py:2613} INFO - Dependencies all met for dep_context=non-requeueable deps ti=<TaskInstance: load_company_info_to_dwh.extract_company_info manual__2024-12-16T11:26:00.854025+00:00 [queued]>
[2024-12-16T11:26:03.555+0000] {taskinstance.py:2613} INFO - Dependencies all met for dep_context=requeueable deps ti=<TaskInstance: load_company_info_to_dwh.extract_company_info manual__2024-12-16T11:26:00.854025+00:00 [queued]>
[2024-12-16T11:26:03.555+0000] {taskinstance.py:2866} INFO - Starting attempt 1 of 2
[2024-12-16T11:26:03.575+0000] {taskinstance.py:2889} INFO - Executing <Task(PythonOperator): extract_company_info> on 2024-12-16 11:26:00.854025+00:00
[2024-12-16T11:26:03.585+0000] {logging_mixin.py:190} WARNING - /usr/local/lib/python3.12/site-packages/airflow/task/task_runner/standard_task_runner.py:70 DeprecationWarning: This process (pid=7161) is multi-threaded, use of fork() may lead to deadlocks in the child.
[2024-12-16T11:26:03.586+0000] {standard_task_runner.py:72} INFO - Started process 7165 to run task
[2024-12-16T11:26:03.585+0000] {standard_task_runner.py:104} INFO - Running: ['airflow', 'tasks', 'run', 'load_company_info_to_dwh', 'extract_company_info', 'manual__2024-12-16T11:26:00.854025+00:00', '--job-id', '420', '--raw', '--subdir', 'DAGS_FOLDER/company_info_etl.py', '--cfg-path', '/tmp/tmp4bies52k']
[2024-12-16T11:26:03.587+0000] {standard_task_runner.py:105} INFO - Job 420: Subtask extract_company_info
[2024-12-16T11:26:03.672+0000] {task_command.py:467} INFO - Running <TaskInstance: load_company_info_to_dwh.extract_company_info manual__2024-12-16T11:26:00.854025+00:00 [running]> on host 8e02006e0a25
[2024-12-16T11:26:04.053+0000] {taskinstance.py:3132} INFO - Exporting env vars: AIRFLOW_CTX_DAG_OWNER='airflowDWH' AIRFLOW_CTX_DAG_ID='load_company_info_to_dwh' AIRFLOW_CTX_TASK_ID='extract_company_info' AIRFLOW_CTX_EXECUTION_DATE='2024-12-16T11:26:00.854025+00:00' AIRFLOW_CTX_TRY_NUMBER='1' AIRFLOW_CTX_DAG_RUN_ID='manual__2024-12-16T11:26:00.854025+00:00'
[2024-12-16T11:26:04.054+0000] {taskinstance.py:731} INFO - ::endgroup::
[2024-12-16T11:26:04.972+0000] {data_explorer.py:64} WARNING - Thông tin niêm yết & giao dịch sẽ được truy xuất từ TCBS
[2024-12-16T11:29:29.549+0000] {logging_mixin.py:190} INFO - Lấy data Hồ Sơ Công Ty thành công
[2024-12-16T11:29:29.550+0000] {python.py:240} INFO - Done. Returned value was: None
[2024-12-16T11:29:29.628+0000] {taskinstance.py:340} INFO - ::group::Post task execution logs
[2024-12-16T11:29:29.629+0000] {taskinstance.py:352} INFO - Marking task as SUCCESS. dag_id=load_company_info_to_dwh, task_id=extract_company_info, run_id=manual__2024-12-16T11:26:00.854025+00:00, execution_date=20241216T112600, start_date=20241216T112603, end_date=20241216T112929
[2024-12-16T11:29:29.699+0000] {local_task_job_runner.py:266} INFO - Task exited with return code 0
[2024-12-16T11:29:29.753+0000] {taskinstance.py:3895} INFO - 1 downstream tasks scheduled from follow-on schedule check
[2024-12-16T11:29:29.760+0000] {local_task_job_runner.py:245} INFO - ::endgroup::
