[2024-12-08T13:57:48.517+0000] {local_task_job_runner.py:123} INFO - ::group::Pre task execution logs
[2024-12-08T13:57:48.720+0000] {taskinstance.py:2613} INFO - Dependencies all met for dep_context=non-requeueable deps ti=<TaskInstance: parallel_historical_price_with_group.process_groups.process_group_3 manual__2024-12-08T13:57:28.291909+00:00 [queued]>
[2024-12-08T13:57:49.063+0000] {taskinstance.py:2613} INFO - Dependencies all met for dep_context=requeueable deps ti=<TaskInstance: parallel_historical_price_with_group.process_groups.process_group_3 manual__2024-12-08T13:57:28.291909+00:00 [queued]>
[2024-12-08T13:57:49.063+0000] {taskinstance.py:2866} INFO - Starting attempt 1 of 1
[2024-12-08T13:57:49.147+0000] {taskinstance.py:2889} INFO - Executing <Task(PythonOperator): process_groups.process_group_3> on 2024-12-08 13:57:28.291909+00:00
[2024-12-08T13:57:49.253+0000] {standard_task_runner.py:104} INFO - Running: ['airflow', 'tasks', 'run', 'parallel_historical_price_with_group', 'process_groups.process_group_3', 'manual__2024-12-08T13:57:28.291909+00:00', '--job-id', '139', '--raw', '--subdir', 'DAGS_FOLDER/Extract_history_price_data.py', '--cfg-path', '/tmp/tmp1qq26kev']
[2024-12-08T13:57:49.263+0000] {logging_mixin.py:190} WARNING - /usr/local/lib/python3.12/site-packages/airflow/task/task_runner/standard_task_runner.py:70 DeprecationWarning: This process (pid=3144) is multi-threaded, use of fork() may lead to deadlocks in the child.
[2024-12-08T13:57:49.265+0000] {standard_task_runner.py:105} INFO - Job 139: Subtask process_groups.process_group_3
[2024-12-08T13:57:49.265+0000] {standard_task_runner.py:72} INFO - Started process 3176 to run task
[2024-12-08T13:57:50.760+0000] {task_command.py:467} INFO - Running <TaskInstance: parallel_historical_price_with_group.process_groups.process_group_3 manual__2024-12-08T13:57:28.291909+00:00 [running]> on host 80c3b7e46742
[2024-12-08T13:57:58.716+0000] {job.py:229} INFO - Heartbeat recovered after 11.02 seconds
[2024-12-08T13:58:02.537+0000] {taskinstance.py:3132} INFO - Exporting env vars: AIRFLOW_CTX_DAG_OWNER='airflowDWH' AIRFLOW_CTX_DAG_ID='parallel_historical_price_with_group' AIRFLOW_CTX_TASK_ID='process_groups.process_group_3' AIRFLOW_CTX_EXECUTION_DATE='2024-12-08T13:57:28.291909+00:00' AIRFLOW_CTX_TRY_NUMBER='1' AIRFLOW_CTX_DAG_RUN_ID='manual__2024-12-08T13:57:28.291909+00:00'
[2024-12-08T13:58:02.543+0000] {taskinstance.py:731} INFO - ::endgroup::
[2024-12-08T13:58:05.961+0000] {data_explorer.py:64} WARNING - Thông tin niêm yết & giao dịch sẽ được truy xuất từ TCBS
[2024-12-08T13:58:10.166+0000] {data_explorer.py:64} WARNING - Thông tin niêm yết & giao dịch sẽ được truy xuất từ TCBS
[2024-12-08T13:58:13.083+0000] {data_explorer.py:64} WARNING - Thông tin niêm yết & giao dịch sẽ được truy xuất từ TCBS
[2024-12-08T13:58:31.137+0000] {data_explorer.py:64} WARNING - Thông tin niêm yết & giao dịch sẽ được truy xuất từ TCBS
[2024-12-08T13:58:30.605+0000] {job.py:229} INFO - Heartbeat recovered after 19.52 seconds
[2024-12-08T13:58:33.953+0000] {data_explorer.py:64} WARNING - Thông tin niêm yết & giao dịch sẽ được truy xuất từ TCBS
[2024-12-08T13:58:38.182+0000] {data_explorer.py:64} WARNING - Thông tin niêm yết & giao dịch sẽ được truy xuất từ TCBS
[2024-12-08T13:58:43.445+0000] {data_explorer.py:64} WARNING - Thông tin niêm yết & giao dịch sẽ được truy xuất từ TCBS
[2024-12-08T13:59:03.896+0000] {data_explorer.py:64} WARNING - Thông tin niêm yết & giao dịch sẽ được truy xuất từ TCBS
[2024-12-08T13:59:07.446+0000] {job.py:229} INFO - Heartbeat recovered after 23.83 seconds
[2024-12-08T13:59:16.034+0000] {data_explorer.py:64} WARNING - Thông tin niêm yết & giao dịch sẽ được truy xuất từ TCBS
[2024-12-08T13:59:17.669+0000] {local_task_job_runner.py:346} WARNING - State of this instance has been externally set to success. Terminating instance.
[2024-12-08T13:59:18.204+0000] {local_task_job_runner.py:245} INFO - ::endgroup::
[2024-12-08T13:59:18.514+0000] {process_utils.py:132} INFO - Sending 15 to group 3176. PIDs of all processes in the group: [3176]
[2024-12-08T13:59:18.552+0000] {process_utils.py:87} INFO - Sending the signal 15 to group 3176
[2024-12-08T13:59:18.674+0000] {taskinstance.py:3093} ERROR - Received SIGTERM. Terminating subprocesses.
[2024-12-08T13:59:29.158+0000] {taskinstance.py:340} INFO - ::group::Post task execution logs
[2024-12-08T13:59:30.207+0000] {process_utils.py:80} INFO - Process psutil.Process(pid=3176, status='terminated', exitcode=0, started='13:57:48') (3176) terminated with exit code 0
