[2024-12-08T13:58:41.709+0000] {local_task_job_runner.py:123} INFO - ::group::Pre task execution logs
[2024-12-08T13:58:42.636+0000] {taskinstance.py:2613} INFO - Dependencies all met for dep_context=non-requeueable deps ti=<TaskInstance: parallel_historical_price_with_group.process_groups.process_group_1 manual__2024-12-08T13:57:44.750592+00:00 [queued]>
[2024-12-08T13:58:42.744+0000] {taskinstance.py:2613} INFO - Dependencies all met for dep_context=requeueable deps ti=<TaskInstance: parallel_historical_price_with_group.process_groups.process_group_1 manual__2024-12-08T13:57:44.750592+00:00 [queued]>
[2024-12-08T13:58:42.745+0000] {taskinstance.py:2866} INFO - Starting attempt 1 of 1
[2024-12-08T13:58:42.956+0000] {taskinstance.py:2889} INFO - Executing <Task(PythonOperator): process_groups.process_group_1> on 2024-12-08 13:57:44.750592+00:00
[2024-12-08T13:58:43.252+0000] {standard_task_runner.py:104} INFO - Running: ['airflow', 'tasks', 'run', 'parallel_historical_price_with_group', 'process_groups.process_group_1', 'manual__2024-12-08T13:57:44.750592+00:00', '--job-id', '146', '--raw', '--subdir', 'DAGS_FOLDER/Extract_history_price_data.py', '--cfg-path', '/tmp/tmp0ikhw5vb']
[2024-12-08T13:58:43.276+0000] {standard_task_runner.py:105} INFO - Job 146: Subtask process_groups.process_group_1
[2024-12-08T13:58:43.242+0000] {logging_mixin.py:190} WARNING - /usr/local/lib/python3.12/site-packages/airflow/task/task_runner/standard_task_runner.py:70 DeprecationWarning: This process (pid=3168) is multi-threaded, use of fork() may lead to deadlocks in the child.
[2024-12-08T13:58:43.279+0000] {standard_task_runner.py:72} INFO - Started process 3215 to run task
[2024-12-08T13:58:44.678+0000] {task_command.py:467} INFO - Running <TaskInstance: parallel_historical_price_with_group.process_groups.process_group_1 manual__2024-12-08T13:57:44.750592+00:00 [skipped]> on host 80c3b7e46742
[2024-12-08T13:58:46.681+0000] {taskinstance.py:3132} INFO - Exporting env vars: AIRFLOW_CTX_DAG_OWNER='airflowDWH' AIRFLOW_CTX_DAG_ID='parallel_historical_price_with_group' AIRFLOW_CTX_TASK_ID='process_groups.process_group_1' AIRFLOW_CTX_EXECUTION_DATE='2024-12-08T13:57:44.750592+00:00' AIRFLOW_CTX_TRY_NUMBER='1' AIRFLOW_CTX_DAG_RUN_ID='manual__2024-12-08T13:57:44.750592+00:00'
[2024-12-08T13:58:46.725+0000] {taskinstance.py:731} INFO - ::endgroup::
[2024-12-08T13:59:07.378+0000] {job.py:229} INFO - Heartbeat recovered after 27.02 seconds
[2024-12-08T13:59:17.155+0000] {local_task_job_runner.py:346} WARNING - State of this instance has been externally set to skipped. Terminating instance.
[2024-12-08T13:59:17.197+0000] {local_task_job_runner.py:245} INFO - ::endgroup::
[2024-12-08T13:59:17.267+0000] {process_utils.py:132} INFO - Sending 15 to group 3215. PIDs of all processes in the group: [3215]
[2024-12-08T13:59:17.269+0000] {process_utils.py:87} INFO - Sending the signal 15 to group 3215
[2024-12-08T13:59:18.885+0000] {taskinstance.py:3093} ERROR - Received SIGTERM. Terminating subprocesses.
[2024-12-08T13:59:19.598+0000] {taskinstance.py:340} INFO - ::group::Post task execution logs
[2024-12-08T13:59:19.713+0000] {process_utils.py:80} INFO - Process psutil.Process(pid=3215, status='terminated', exitcode=0, started='13:58:42') (3215) terminated with exit code 0
