[2024-12-08T15:29:43.333+0000] {local_task_job_runner.py:123} INFO - ::group::Pre task execution logs
[2024-12-08T15:29:43.378+0000] {taskinstance.py:2613} INFO - Dependencies all met for dep_context=non-requeueable deps ti=<TaskInstance: parallel_historical_price_with_group.load_history_price_to_db manual__2024-12-08T15:28:42.089899+00:00 [queued]>
[2024-12-08T15:29:43.399+0000] {taskinstance.py:2613} INFO - Dependencies all met for dep_context=requeueable deps ti=<TaskInstance: parallel_historical_price_with_group.load_history_price_to_db manual__2024-12-08T15:28:42.089899+00:00 [queued]>
[2024-12-08T15:29:43.399+0000] {taskinstance.py:2866} INFO - Starting attempt 1 of 1
[2024-12-08T15:29:43.424+0000] {taskinstance.py:2889} INFO - Executing <Task(PythonOperator): load_history_price_to_db> on 2024-12-08 15:28:42.089899+00:00
[2024-12-08T15:29:43.439+0000] {logging_mixin.py:190} WARNING - /usr/local/lib/python3.12/site-packages/airflow/task/task_runner/standard_task_runner.py:70 DeprecationWarning: This process (pid=2546) is multi-threaded, use of fork() may lead to deadlocks in the child.
[2024-12-08T15:29:43.440+0000] {standard_task_runner.py:72} INFO - Started process 2548 to run task
[2024-12-08T15:29:43.438+0000] {standard_task_runner.py:104} INFO - Running: ['airflow', 'tasks', 'run', 'parallel_historical_price_with_group', 'load_history_price_to_db', 'manual__2024-12-08T15:28:42.089899+00:00', '--job-id', '182', '--raw', '--subdir', 'DAGS_FOLDER/Extract_history_price_data.py', '--cfg-path', '/tmp/tmp03im3qc1']
[2024-12-08T15:29:43.441+0000] {standard_task_runner.py:105} INFO - Job 182: Subtask load_history_price_to_db
[2024-12-08T15:29:43.609+0000] {task_command.py:467} INFO - Running <TaskInstance: parallel_historical_price_with_group.load_history_price_to_db manual__2024-12-08T15:28:42.089899+00:00 [running]> on host a15ab3c9c934
[2024-12-08T15:29:43.824+0000] {taskinstance.py:3132} INFO - Exporting env vars: AIRFLOW_CTX_DAG_OWNER='airflowDWH' AIRFLOW_CTX_DAG_ID='parallel_historical_price_with_group' AIRFLOW_CTX_TASK_ID='load_history_price_to_db' AIRFLOW_CTX_EXECUTION_DATE='2024-12-08T15:28:42.089899+00:00' AIRFLOW_CTX_TRY_NUMBER='1' AIRFLOW_CTX_DAG_RUN_ID='manual__2024-12-08T15:28:42.089899+00:00'
[2024-12-08T15:29:43.825+0000] {taskinstance.py:731} INFO - ::endgroup::
[2024-12-08T15:29:43.860+0000] {base.py:84} INFO - Retrieving connection 'load_to_staging'
[2024-12-08T15:29:43.877+0000] {logging_mixin.py:190} INFO - Error during COPY operation: file must be a readable file-like object for COPY FROM; a writable file-like object for COPY TO.
[2024-12-08T15:29:43.877+0000] {python.py:240} INFO - Done. Returned value was: None
[2024-12-08T15:29:43.898+0000] {taskinstance.py:340} INFO - ::group::Post task execution logs
[2024-12-08T15:29:43.899+0000] {taskinstance.py:352} INFO - Marking task as SUCCESS. dag_id=parallel_historical_price_with_group, task_id=load_history_price_to_db, run_id=manual__2024-12-08T15:28:42.089899+00:00, execution_date=20241208T152842, start_date=20241208T152943, end_date=20241208T152943
[2024-12-08T15:29:43.943+0000] {local_task_job_runner.py:266} INFO - Task exited with return code 0
[2024-12-08T15:29:44.033+0000] {taskinstance.py:3895} INFO - 0 downstream tasks scheduled from follow-on schedule check
[2024-12-08T15:29:44.039+0000] {local_task_job_runner.py:245} INFO - ::endgroup::
