[2024-12-18T03:47:32.845+0000] {processor.py:186} INFO - Started process (PID=223) to work on /opt/airflow/dags/Extract_history_financial_data.py
[2024-12-18T03:47:32.846+0000] {processor.py:914} INFO - Processing file /opt/airflow/dags/Extract_history_financial_data.py for tasks to queue
[2024-12-18T03:47:32.849+0000] {logging_mixin.py:190} INFO - [2024-12-18T03:47:32.849+0000] {dagbag.py:588} INFO - Filling up the DagBag from /opt/airflow/dags/Extract_history_financial_data.py
[2024-12-18T03:47:33.665+0000] {processor.py:925} INFO - DAG(s) 'parallel_historycal_financial_reports' retrieved from /opt/airflow/dags/Extract_history_financial_data.py
[2024-12-18T03:47:33.808+0000] {logging_mixin.py:190} INFO - [2024-12-18T03:47:33.807+0000] {dag.py:3239} INFO - Sync 1 DAGs
[2024-12-18T03:47:33.860+0000] {logging_mixin.py:190} INFO - [2024-12-18T03:47:33.859+0000] {dag.py:4180} INFO - Setting next_dagrun for parallel_historycal_financial_reports to None, run_after=None
[2024-12-18T03:47:33.935+0000] {processor.py:208} INFO - Processing /opt/airflow/dags/Extract_history_financial_data.py took 1.101 seconds
[2024-12-18T03:48:05.409+0000] {processor.py:186} INFO - Started process (PID=260) to work on /opt/airflow/dags/Extract_history_financial_data.py
[2024-12-18T03:48:05.410+0000] {processor.py:914} INFO - Processing file /opt/airflow/dags/Extract_history_financial_data.py for tasks to queue
[2024-12-18T03:48:05.413+0000] {logging_mixin.py:190} INFO - [2024-12-18T03:48:05.413+0000] {dagbag.py:588} INFO - Filling up the DagBag from /opt/airflow/dags/Extract_history_financial_data.py
[2024-12-18T03:48:06.032+0000] {processor.py:925} INFO - DAG(s) 'parallel_historycal_financial_reports' retrieved from /opt/airflow/dags/Extract_history_financial_data.py
[2024-12-18T03:48:06.120+0000] {logging_mixin.py:190} INFO - [2024-12-18T03:48:06.119+0000] {dag.py:3239} INFO - Sync 1 DAGs
[2024-12-18T03:48:06.148+0000] {logging_mixin.py:190} INFO - [2024-12-18T03:48:06.148+0000] {dag.py:4180} INFO - Setting next_dagrun for parallel_historycal_financial_reports to None, run_after=None
[2024-12-18T03:48:06.202+0000] {processor.py:208} INFO - Processing /opt/airflow/dags/Extract_history_financial_data.py took 0.800 seconds
[2024-12-18T03:48:37.606+0000] {processor.py:186} INFO - Started process (PID=296) to work on /opt/airflow/dags/Extract_history_financial_data.py
[2024-12-18T03:48:37.607+0000] {processor.py:914} INFO - Processing file /opt/airflow/dags/Extract_history_financial_data.py for tasks to queue
[2024-12-18T03:48:37.610+0000] {logging_mixin.py:190} INFO - [2024-12-18T03:48:37.610+0000] {dagbag.py:588} INFO - Filling up the DagBag from /opt/airflow/dags/Extract_history_financial_data.py
[2024-12-18T03:48:37.988+0000] {processor.py:925} INFO - DAG(s) 'parallel_historycal_financial_reports' retrieved from /opt/airflow/dags/Extract_history_financial_data.py
[2024-12-18T03:48:38.052+0000] {logging_mixin.py:190} INFO - [2024-12-18T03:48:38.051+0000] {dag.py:3239} INFO - Sync 1 DAGs
[2024-12-18T03:48:38.069+0000] {logging_mixin.py:190} INFO - [2024-12-18T03:48:38.069+0000] {dag.py:4180} INFO - Setting next_dagrun for parallel_historycal_financial_reports to None, run_after=None
[2024-12-18T03:48:38.105+0000] {processor.py:208} INFO - Processing /opt/airflow/dags/Extract_history_financial_data.py took 0.504 seconds
[2024-12-18T03:49:09.668+0000] {processor.py:186} INFO - Started process (PID=332) to work on /opt/airflow/dags/Extract_history_financial_data.py
[2024-12-18T03:49:09.670+0000] {processor.py:914} INFO - Processing file /opt/airflow/dags/Extract_history_financial_data.py for tasks to queue
[2024-12-18T03:49:09.673+0000] {logging_mixin.py:190} INFO - [2024-12-18T03:49:09.673+0000] {dagbag.py:588} INFO - Filling up the DagBag from /opt/airflow/dags/Extract_history_financial_data.py
[2024-12-18T03:49:10.090+0000] {processor.py:925} INFO - DAG(s) 'parallel_historycal_financial_reports' retrieved from /opt/airflow/dags/Extract_history_financial_data.py
[2024-12-18T03:49:10.165+0000] {logging_mixin.py:190} INFO - [2024-12-18T03:49:10.165+0000] {dag.py:3239} INFO - Sync 1 DAGs
[2024-12-18T03:49:10.182+0000] {logging_mixin.py:190} INFO - [2024-12-18T03:49:10.182+0000] {dag.py:4180} INFO - Setting next_dagrun for parallel_historycal_financial_reports to None, run_after=None
[2024-12-18T03:49:10.230+0000] {processor.py:208} INFO - Processing /opt/airflow/dags/Extract_history_financial_data.py took 0.569 seconds
[2024-12-18T03:49:41.830+0000] {processor.py:186} INFO - Started process (PID=368) to work on /opt/airflow/dags/Extract_history_financial_data.py
[2024-12-18T03:49:41.833+0000] {processor.py:914} INFO - Processing file /opt/airflow/dags/Extract_history_financial_data.py for tasks to queue
[2024-12-18T03:49:41.837+0000] {logging_mixin.py:190} INFO - [2024-12-18T03:49:41.837+0000] {dagbag.py:588} INFO - Filling up the DagBag from /opt/airflow/dags/Extract_history_financial_data.py
[2024-12-18T03:49:42.312+0000] {processor.py:925} INFO - DAG(s) 'parallel_historycal_financial_reports' retrieved from /opt/airflow/dags/Extract_history_financial_data.py
[2024-12-18T03:49:42.368+0000] {logging_mixin.py:190} INFO - [2024-12-18T03:49:42.367+0000] {dag.py:3239} INFO - Sync 1 DAGs
[2024-12-18T03:49:42.388+0000] {logging_mixin.py:190} INFO - [2024-12-18T03:49:42.387+0000] {dag.py:4180} INFO - Setting next_dagrun for parallel_historycal_financial_reports to None, run_after=None
[2024-12-18T03:49:42.431+0000] {processor.py:208} INFO - Processing /opt/airflow/dags/Extract_history_financial_data.py took 0.610 seconds
[2024-12-18T03:50:13.874+0000] {processor.py:186} INFO - Started process (PID=404) to work on /opt/airflow/dags/Extract_history_financial_data.py
[2024-12-18T03:50:13.875+0000] {processor.py:914} INFO - Processing file /opt/airflow/dags/Extract_history_financial_data.py for tasks to queue
[2024-12-18T03:50:13.877+0000] {logging_mixin.py:190} INFO - [2024-12-18T03:50:13.877+0000] {dagbag.py:588} INFO - Filling up the DagBag from /opt/airflow/dags/Extract_history_financial_data.py
[2024-12-18T03:50:14.278+0000] {processor.py:925} INFO - DAG(s) 'parallel_historycal_financial_reports' retrieved from /opt/airflow/dags/Extract_history_financial_data.py
[2024-12-18T03:50:14.348+0000] {logging_mixin.py:190} INFO - [2024-12-18T03:50:14.348+0000] {dag.py:3239} INFO - Sync 1 DAGs
[2024-12-18T03:50:14.364+0000] {logging_mixin.py:190} INFO - [2024-12-18T03:50:14.364+0000] {dag.py:4180} INFO - Setting next_dagrun for parallel_historycal_financial_reports to None, run_after=None
[2024-12-18T03:50:14.403+0000] {processor.py:208} INFO - Processing /opt/airflow/dags/Extract_history_financial_data.py took 0.534 seconds
[2024-12-18T03:50:45.944+0000] {processor.py:186} INFO - Started process (PID=439) to work on /opt/airflow/dags/Extract_history_financial_data.py
[2024-12-18T03:50:45.945+0000] {processor.py:914} INFO - Processing file /opt/airflow/dags/Extract_history_financial_data.py for tasks to queue
[2024-12-18T03:50:45.949+0000] {logging_mixin.py:190} INFO - [2024-12-18T03:50:45.948+0000] {dagbag.py:588} INFO - Filling up the DagBag from /opt/airflow/dags/Extract_history_financial_data.py
[2024-12-18T03:50:46.499+0000] {processor.py:925} INFO - DAG(s) 'parallel_historycal_financial_reports' retrieved from /opt/airflow/dags/Extract_history_financial_data.py
[2024-12-18T03:50:46.565+0000] {logging_mixin.py:190} INFO - [2024-12-18T03:50:46.564+0000] {dag.py:3239} INFO - Sync 1 DAGs
[2024-12-18T03:50:46.590+0000] {logging_mixin.py:190} INFO - [2024-12-18T03:50:46.590+0000] {dag.py:4180} INFO - Setting next_dagrun for parallel_historycal_financial_reports to None, run_after=None
[2024-12-18T03:50:46.641+0000] {processor.py:208} INFO - Processing /opt/airflow/dags/Extract_history_financial_data.py took 0.714 seconds
[2024-12-18T06:18:30.467+0000] {processor.py:186} INFO - Started process (PID=222) to work on /opt/airflow/dags/Extract_history_financial_data.py
[2024-12-18T06:18:30.482+0000] {processor.py:914} INFO - Processing file /opt/airflow/dags/Extract_history_financial_data.py for tasks to queue
[2024-12-18T06:18:30.486+0000] {logging_mixin.py:190} INFO - [2024-12-18T06:18:30.485+0000] {dagbag.py:588} INFO - Filling up the DagBag from /opt/airflow/dags/Extract_history_financial_data.py
[2024-12-18T06:18:31.254+0000] {processor.py:925} INFO - DAG(s) 'parallel_historycal_financial_reports' retrieved from /opt/airflow/dags/Extract_history_financial_data.py
[2024-12-18T06:18:31.417+0000] {logging_mixin.py:190} INFO - [2024-12-18T06:18:31.415+0000] {dag.py:3239} INFO - Sync 1 DAGs
[2024-12-18T06:18:31.442+0000] {logging_mixin.py:190} INFO - [2024-12-18T06:18:31.441+0000] {dag.py:4180} INFO - Setting next_dagrun for parallel_historycal_financial_reports to None, run_after=None
[2024-12-18T06:18:31.495+0000] {processor.py:208} INFO - Processing /opt/airflow/dags/Extract_history_financial_data.py took 1.042 seconds
[2024-12-18T06:19:03.078+0000] {processor.py:186} INFO - Started process (PID=258) to work on /opt/airflow/dags/Extract_history_financial_data.py
[2024-12-18T06:19:03.080+0000] {processor.py:914} INFO - Processing file /opt/airflow/dags/Extract_history_financial_data.py for tasks to queue
[2024-12-18T06:19:03.083+0000] {logging_mixin.py:190} INFO - [2024-12-18T06:19:03.083+0000] {dagbag.py:588} INFO - Filling up the DagBag from /opt/airflow/dags/Extract_history_financial_data.py
[2024-12-18T06:19:03.630+0000] {processor.py:925} INFO - DAG(s) 'parallel_historycal_financial_reports' retrieved from /opt/airflow/dags/Extract_history_financial_data.py
[2024-12-18T06:19:03.695+0000] {logging_mixin.py:190} INFO - [2024-12-18T06:19:03.694+0000] {dag.py:3239} INFO - Sync 1 DAGs
[2024-12-18T06:19:03.709+0000] {logging_mixin.py:190} INFO - [2024-12-18T06:19:03.709+0000] {dag.py:4180} INFO - Setting next_dagrun for parallel_historycal_financial_reports to None, run_after=None
[2024-12-18T06:19:03.743+0000] {processor.py:208} INFO - Processing /opt/airflow/dags/Extract_history_financial_data.py took 0.672 seconds
[2024-12-18T06:19:34.557+0000] {processor.py:186} INFO - Started process (PID=290) to work on /opt/airflow/dags/Extract_history_financial_data.py
[2024-12-18T06:19:34.559+0000] {processor.py:914} INFO - Processing file /opt/airflow/dags/Extract_history_financial_data.py for tasks to queue
[2024-12-18T06:19:34.561+0000] {logging_mixin.py:190} INFO - [2024-12-18T06:19:34.561+0000] {dagbag.py:588} INFO - Filling up the DagBag from /opt/airflow/dags/Extract_history_financial_data.py
[2024-12-18T06:19:34.904+0000] {processor.py:925} INFO - DAG(s) 'parallel_historycal_financial_reports' retrieved from /opt/airflow/dags/Extract_history_financial_data.py
[2024-12-18T06:19:34.990+0000] {logging_mixin.py:190} INFO - [2024-12-18T06:19:34.990+0000] {dag.py:3239} INFO - Sync 1 DAGs
[2024-12-18T06:19:35.010+0000] {logging_mixin.py:190} INFO - [2024-12-18T06:19:35.010+0000] {dag.py:4180} INFO - Setting next_dagrun for parallel_historycal_financial_reports to None, run_after=None
[2024-12-18T06:19:35.071+0000] {processor.py:208} INFO - Processing /opt/airflow/dags/Extract_history_financial_data.py took 0.518 seconds
[2024-12-18T06:20:06.018+0000] {processor.py:186} INFO - Started process (PID=324) to work on /opt/airflow/dags/Extract_history_financial_data.py
[2024-12-18T06:20:06.019+0000] {processor.py:914} INFO - Processing file /opt/airflow/dags/Extract_history_financial_data.py for tasks to queue
[2024-12-18T06:20:06.022+0000] {logging_mixin.py:190} INFO - [2024-12-18T06:20:06.021+0000] {dagbag.py:588} INFO - Filling up the DagBag from /opt/airflow/dags/Extract_history_financial_data.py
[2024-12-18T06:20:06.421+0000] {processor.py:925} INFO - DAG(s) 'parallel_historycal_financial_reports' retrieved from /opt/airflow/dags/Extract_history_financial_data.py
[2024-12-18T06:20:06.481+0000] {logging_mixin.py:190} INFO - [2024-12-18T06:20:06.481+0000] {dag.py:3239} INFO - Sync 1 DAGs
[2024-12-18T06:20:06.497+0000] {logging_mixin.py:190} INFO - [2024-12-18T06:20:06.497+0000] {dag.py:4180} INFO - Setting next_dagrun for parallel_historycal_financial_reports to None, run_after=None
[2024-12-18T06:20:06.532+0000] {processor.py:208} INFO - Processing /opt/airflow/dags/Extract_history_financial_data.py took 0.520 seconds
[2024-12-18T06:20:37.961+0000] {processor.py:186} INFO - Started process (PID=360) to work on /opt/airflow/dags/Extract_history_financial_data.py
[2024-12-18T06:20:37.963+0000] {processor.py:914} INFO - Processing file /opt/airflow/dags/Extract_history_financial_data.py for tasks to queue
[2024-12-18T06:20:37.969+0000] {logging_mixin.py:190} INFO - [2024-12-18T06:20:37.967+0000] {dagbag.py:588} INFO - Filling up the DagBag from /opt/airflow/dags/Extract_history_financial_data.py
[2024-12-18T06:20:38.497+0000] {processor.py:925} INFO - DAG(s) 'parallel_historycal_financial_reports' retrieved from /opt/airflow/dags/Extract_history_financial_data.py
[2024-12-18T06:20:38.580+0000] {logging_mixin.py:190} INFO - [2024-12-18T06:20:38.580+0000] {dag.py:3239} INFO - Sync 1 DAGs
[2024-12-18T06:20:38.601+0000] {logging_mixin.py:190} INFO - [2024-12-18T06:20:38.601+0000] {dag.py:4180} INFO - Setting next_dagrun for parallel_historycal_financial_reports to None, run_after=None
[2024-12-18T06:20:38.657+0000] {processor.py:208} INFO - Processing /opt/airflow/dags/Extract_history_financial_data.py took 0.703 seconds
[2024-12-18T06:21:09.822+0000] {processor.py:186} INFO - Started process (PID=402) to work on /opt/airflow/dags/Extract_history_financial_data.py
[2024-12-18T06:21:09.824+0000] {processor.py:914} INFO - Processing file /opt/airflow/dags/Extract_history_financial_data.py for tasks to queue
[2024-12-18T06:21:09.827+0000] {logging_mixin.py:190} INFO - [2024-12-18T06:21:09.827+0000] {dagbag.py:588} INFO - Filling up the DagBag from /opt/airflow/dags/Extract_history_financial_data.py
[2024-12-18T06:21:10.333+0000] {processor.py:925} INFO - DAG(s) 'parallel_historycal_financial_reports' retrieved from /opt/airflow/dags/Extract_history_financial_data.py
[2024-12-18T06:21:10.410+0000] {logging_mixin.py:190} INFO - [2024-12-18T06:21:10.409+0000] {dag.py:3239} INFO - Sync 1 DAGs
[2024-12-18T06:21:10.436+0000] {logging_mixin.py:190} INFO - [2024-12-18T06:21:10.436+0000] {dag.py:4180} INFO - Setting next_dagrun for parallel_historycal_financial_reports to None, run_after=None
[2024-12-18T06:21:10.485+0000] {processor.py:208} INFO - Processing /opt/airflow/dags/Extract_history_financial_data.py took 0.670 seconds
[2024-12-18T06:21:42.057+0000] {processor.py:186} INFO - Started process (PID=438) to work on /opt/airflow/dags/Extract_history_financial_data.py
[2024-12-18T06:21:42.061+0000] {processor.py:914} INFO - Processing file /opt/airflow/dags/Extract_history_financial_data.py for tasks to queue
[2024-12-18T06:21:42.065+0000] {logging_mixin.py:190} INFO - [2024-12-18T06:21:42.064+0000] {dagbag.py:588} INFO - Filling up the DagBag from /opt/airflow/dags/Extract_history_financial_data.py
[2024-12-18T06:21:42.545+0000] {processor.py:925} INFO - DAG(s) 'parallel_historycal_financial_reports' retrieved from /opt/airflow/dags/Extract_history_financial_data.py
[2024-12-18T06:21:42.623+0000] {logging_mixin.py:190} INFO - [2024-12-18T06:21:42.622+0000] {dag.py:3239} INFO - Sync 1 DAGs
[2024-12-18T06:21:42.647+0000] {logging_mixin.py:190} INFO - [2024-12-18T06:21:42.647+0000] {dag.py:4180} INFO - Setting next_dagrun for parallel_historycal_financial_reports to None, run_after=None
[2024-12-18T06:21:42.706+0000] {processor.py:208} INFO - Processing /opt/airflow/dags/Extract_history_financial_data.py took 0.655 seconds
[2024-12-18T06:22:13.513+0000] {processor.py:186} INFO - Started process (PID=473) to work on /opt/airflow/dags/Extract_history_financial_data.py
[2024-12-18T06:22:13.515+0000] {processor.py:914} INFO - Processing file /opt/airflow/dags/Extract_history_financial_data.py for tasks to queue
[2024-12-18T06:22:13.517+0000] {logging_mixin.py:190} INFO - [2024-12-18T06:22:13.517+0000] {dagbag.py:588} INFO - Filling up the DagBag from /opt/airflow/dags/Extract_history_financial_data.py
[2024-12-18T06:22:13.918+0000] {processor.py:925} INFO - DAG(s) 'parallel_historycal_financial_reports' retrieved from /opt/airflow/dags/Extract_history_financial_data.py
[2024-12-18T06:22:13.998+0000] {logging_mixin.py:190} INFO - [2024-12-18T06:22:13.997+0000] {dag.py:3239} INFO - Sync 1 DAGs
[2024-12-18T06:22:14.015+0000] {logging_mixin.py:190} INFO - [2024-12-18T06:22:14.015+0000] {dag.py:4180} INFO - Setting next_dagrun for parallel_historycal_financial_reports to None, run_after=None
[2024-12-18T06:22:14.068+0000] {processor.py:208} INFO - Processing /opt/airflow/dags/Extract_history_financial_data.py took 0.563 seconds
[2024-12-18T06:22:45.163+0000] {processor.py:186} INFO - Started process (PID=510) to work on /opt/airflow/dags/Extract_history_financial_data.py
[2024-12-18T06:22:45.165+0000] {processor.py:914} INFO - Processing file /opt/airflow/dags/Extract_history_financial_data.py for tasks to queue
[2024-12-18T06:22:45.167+0000] {logging_mixin.py:190} INFO - [2024-12-18T06:22:45.167+0000] {dagbag.py:588} INFO - Filling up the DagBag from /opt/airflow/dags/Extract_history_financial_data.py
[2024-12-18T06:22:45.554+0000] {processor.py:925} INFO - DAG(s) 'parallel_historycal_financial_reports' retrieved from /opt/airflow/dags/Extract_history_financial_data.py
[2024-12-18T06:22:45.614+0000] {logging_mixin.py:190} INFO - [2024-12-18T06:22:45.613+0000] {dag.py:3239} INFO - Sync 1 DAGs
[2024-12-18T06:22:45.632+0000] {logging_mixin.py:190} INFO - [2024-12-18T06:22:45.631+0000] {dag.py:4180} INFO - Setting next_dagrun for parallel_historycal_financial_reports to None, run_after=None
[2024-12-18T06:22:45.675+0000] {processor.py:208} INFO - Processing /opt/airflow/dags/Extract_history_financial_data.py took 0.518 seconds
[2024-12-18T06:23:16.758+0000] {processor.py:186} INFO - Started process (PID=546) to work on /opt/airflow/dags/Extract_history_financial_data.py
[2024-12-18T06:23:16.760+0000] {processor.py:914} INFO - Processing file /opt/airflow/dags/Extract_history_financial_data.py for tasks to queue
[2024-12-18T06:23:16.762+0000] {logging_mixin.py:190} INFO - [2024-12-18T06:23:16.762+0000] {dagbag.py:588} INFO - Filling up the DagBag from /opt/airflow/dags/Extract_history_financial_data.py
[2024-12-18T06:23:17.170+0000] {processor.py:925} INFO - DAG(s) 'parallel_historycal_financial_reports' retrieved from /opt/airflow/dags/Extract_history_financial_data.py
[2024-12-18T06:23:17.248+0000] {logging_mixin.py:190} INFO - [2024-12-18T06:23:17.248+0000] {dag.py:3239} INFO - Sync 1 DAGs
[2024-12-18T06:23:17.268+0000] {logging_mixin.py:190} INFO - [2024-12-18T06:23:17.268+0000] {dag.py:4180} INFO - Setting next_dagrun for parallel_historycal_financial_reports to None, run_after=None
[2024-12-18T06:23:17.316+0000] {processor.py:208} INFO - Processing /opt/airflow/dags/Extract_history_financial_data.py took 0.565 seconds
[2024-12-18T06:23:47.647+0000] {processor.py:186} INFO - Started process (PID=576) to work on /opt/airflow/dags/Extract_history_financial_data.py
[2024-12-18T06:23:47.649+0000] {processor.py:914} INFO - Processing file /opt/airflow/dags/Extract_history_financial_data.py for tasks to queue
[2024-12-18T06:23:47.651+0000] {logging_mixin.py:190} INFO - [2024-12-18T06:23:47.651+0000] {dagbag.py:588} INFO - Filling up the DagBag from /opt/airflow/dags/Extract_history_financial_data.py
[2024-12-18T06:23:48.090+0000] {processor.py:925} INFO - DAG(s) 'parallel_historycal_financial_reports' retrieved from /opt/airflow/dags/Extract_history_financial_data.py
[2024-12-18T06:23:48.154+0000] {logging_mixin.py:190} INFO - [2024-12-18T06:23:48.154+0000] {dag.py:3239} INFO - Sync 1 DAGs
[2024-12-18T06:23:48.172+0000] {logging_mixin.py:190} INFO - [2024-12-18T06:23:48.171+0000] {dag.py:4180} INFO - Setting next_dagrun for parallel_historycal_financial_reports to None, run_after=None
[2024-12-18T06:23:48.213+0000] {processor.py:208} INFO - Processing /opt/airflow/dags/Extract_history_financial_data.py took 0.573 seconds
[2024-12-18T06:24:18.588+0000] {processor.py:186} INFO - Started process (PID=612) to work on /opt/airflow/dags/Extract_history_financial_data.py
[2024-12-18T06:24:18.590+0000] {processor.py:914} INFO - Processing file /opt/airflow/dags/Extract_history_financial_data.py for tasks to queue
[2024-12-18T06:24:18.592+0000] {logging_mixin.py:190} INFO - [2024-12-18T06:24:18.592+0000] {dagbag.py:588} INFO - Filling up the DagBag from /opt/airflow/dags/Extract_history_financial_data.py
[2024-12-18T06:24:18.985+0000] {processor.py:925} INFO - DAG(s) 'parallel_historycal_financial_reports' retrieved from /opt/airflow/dags/Extract_history_financial_data.py
[2024-12-18T06:24:19.063+0000] {logging_mixin.py:190} INFO - [2024-12-18T06:24:19.063+0000] {dag.py:3239} INFO - Sync 1 DAGs
[2024-12-18T06:24:19.081+0000] {logging_mixin.py:190} INFO - [2024-12-18T06:24:19.081+0000] {dag.py:4180} INFO - Setting next_dagrun for parallel_historycal_financial_reports to None, run_after=None
[2024-12-18T06:24:19.130+0000] {processor.py:208} INFO - Processing /opt/airflow/dags/Extract_history_financial_data.py took 0.551 seconds
[2024-12-18T06:24:49.217+0000] {processor.py:186} INFO - Started process (PID=642) to work on /opt/airflow/dags/Extract_history_financial_data.py
[2024-12-18T06:24:49.220+0000] {processor.py:914} INFO - Processing file /opt/airflow/dags/Extract_history_financial_data.py for tasks to queue
[2024-12-18T06:24:49.223+0000] {logging_mixin.py:190} INFO - [2024-12-18T06:24:49.222+0000] {dagbag.py:588} INFO - Filling up the DagBag from /opt/airflow/dags/Extract_history_financial_data.py
[2024-12-18T06:24:49.688+0000] {processor.py:925} INFO - DAG(s) 'parallel_historycal_financial_reports' retrieved from /opt/airflow/dags/Extract_history_financial_data.py
[2024-12-18T06:24:49.742+0000] {logging_mixin.py:190} INFO - [2024-12-18T06:24:49.742+0000] {dag.py:3239} INFO - Sync 1 DAGs
[2024-12-18T06:24:49.758+0000] {logging_mixin.py:190} INFO - [2024-12-18T06:24:49.758+0000] {dag.py:4180} INFO - Setting next_dagrun for parallel_historycal_financial_reports to None, run_after=None
[2024-12-18T06:24:49.797+0000] {processor.py:208} INFO - Processing /opt/airflow/dags/Extract_history_financial_data.py took 0.587 seconds
[2024-12-18T06:25:20.158+0000] {processor.py:186} INFO - Started process (PID=675) to work on /opt/airflow/dags/Extract_history_financial_data.py
[2024-12-18T06:25:20.161+0000] {processor.py:914} INFO - Processing file /opt/airflow/dags/Extract_history_financial_data.py for tasks to queue
[2024-12-18T06:25:20.164+0000] {logging_mixin.py:190} INFO - [2024-12-18T06:25:20.164+0000] {dagbag.py:588} INFO - Filling up the DagBag from /opt/airflow/dags/Extract_history_financial_data.py
[2024-12-18T06:25:20.721+0000] {processor.py:925} INFO - DAG(s) 'parallel_historycal_financial_reports' retrieved from /opt/airflow/dags/Extract_history_financial_data.py
[2024-12-18T06:25:20.782+0000] {logging_mixin.py:190} INFO - [2024-12-18T06:25:20.782+0000] {dag.py:3239} INFO - Sync 1 DAGs
[2024-12-18T06:25:20.802+0000] {logging_mixin.py:190} INFO - [2024-12-18T06:25:20.801+0000] {dag.py:4180} INFO - Setting next_dagrun for parallel_historycal_financial_reports to None, run_after=None
[2024-12-18T06:25:20.845+0000] {processor.py:208} INFO - Processing /opt/airflow/dags/Extract_history_financial_data.py took 0.692 seconds
[2024-12-18T06:25:51.552+0000] {processor.py:186} INFO - Started process (PID=711) to work on /opt/airflow/dags/Extract_history_financial_data.py
[2024-12-18T06:25:51.554+0000] {processor.py:914} INFO - Processing file /opt/airflow/dags/Extract_history_financial_data.py for tasks to queue
[2024-12-18T06:25:51.557+0000] {logging_mixin.py:190} INFO - [2024-12-18T06:25:51.557+0000] {dagbag.py:588} INFO - Filling up the DagBag from /opt/airflow/dags/Extract_history_financial_data.py
[2024-12-18T06:25:52.029+0000] {processor.py:925} INFO - DAG(s) 'parallel_historycal_financial_reports' retrieved from /opt/airflow/dags/Extract_history_financial_data.py
[2024-12-18T06:25:52.111+0000] {logging_mixin.py:190} INFO - [2024-12-18T06:25:52.110+0000] {dag.py:3239} INFO - Sync 1 DAGs
[2024-12-18T06:25:52.234+0000] {logging_mixin.py:190} INFO - [2024-12-18T06:25:52.234+0000] {dag.py:4180} INFO - Setting next_dagrun for parallel_historycal_financial_reports to None, run_after=None
[2024-12-18T06:25:52.271+0000] {processor.py:208} INFO - Processing /opt/airflow/dags/Extract_history_financial_data.py took 0.724 seconds
[2024-12-18T06:26:22.525+0000] {processor.py:186} INFO - Started process (PID=747) to work on /opt/airflow/dags/Extract_history_financial_data.py
[2024-12-18T06:26:22.526+0000] {processor.py:914} INFO - Processing file /opt/airflow/dags/Extract_history_financial_data.py for tasks to queue
[2024-12-18T06:26:22.528+0000] {logging_mixin.py:190} INFO - [2024-12-18T06:26:22.528+0000] {dagbag.py:588} INFO - Filling up the DagBag from /opt/airflow/dags/Extract_history_financial_data.py
[2024-12-18T06:26:22.855+0000] {processor.py:925} INFO - DAG(s) 'parallel_historycal_financial_reports' retrieved from /opt/airflow/dags/Extract_history_financial_data.py
[2024-12-18T06:26:22.926+0000] {logging_mixin.py:190} INFO - [2024-12-18T06:26:22.925+0000] {dag.py:3239} INFO - Sync 1 DAGs
[2024-12-18T06:26:22.945+0000] {logging_mixin.py:190} INFO - [2024-12-18T06:26:22.944+0000] {dag.py:4180} INFO - Setting next_dagrun for parallel_historycal_financial_reports to None, run_after=None
[2024-12-18T06:26:22.991+0000] {processor.py:208} INFO - Processing /opt/airflow/dags/Extract_history_financial_data.py took 0.472 seconds
[2024-12-18T06:26:53.213+0000] {processor.py:186} INFO - Started process (PID=783) to work on /opt/airflow/dags/Extract_history_financial_data.py
[2024-12-18T06:26:53.215+0000] {processor.py:914} INFO - Processing file /opt/airflow/dags/Extract_history_financial_data.py for tasks to queue
[2024-12-18T06:26:53.217+0000] {logging_mixin.py:190} INFO - [2024-12-18T06:26:53.217+0000] {dagbag.py:588} INFO - Filling up the DagBag from /opt/airflow/dags/Extract_history_financial_data.py
[2024-12-18T06:26:53.643+0000] {processor.py:925} INFO - DAG(s) 'parallel_historycal_financial_reports' retrieved from /opt/airflow/dags/Extract_history_financial_data.py
[2024-12-18T06:26:53.773+0000] {logging_mixin.py:190} INFO - [2024-12-18T06:26:53.772+0000] {dag.py:3239} INFO - Sync 1 DAGs
[2024-12-18T06:26:53.794+0000] {logging_mixin.py:190} INFO - [2024-12-18T06:26:53.794+0000] {dag.py:4180} INFO - Setting next_dagrun for parallel_historycal_financial_reports to None, run_after=None
[2024-12-18T06:26:53.840+0000] {processor.py:208} INFO - Processing /opt/airflow/dags/Extract_history_financial_data.py took 0.633 seconds
[2024-12-18T06:27:23.982+0000] {processor.py:186} INFO - Started process (PID=819) to work on /opt/airflow/dags/Extract_history_financial_data.py
[2024-12-18T06:27:23.984+0000] {processor.py:914} INFO - Processing file /opt/airflow/dags/Extract_history_financial_data.py for tasks to queue
[2024-12-18T06:27:23.986+0000] {logging_mixin.py:190} INFO - [2024-12-18T06:27:23.986+0000] {dagbag.py:588} INFO - Filling up the DagBag from /opt/airflow/dags/Extract_history_financial_data.py
[2024-12-18T06:27:24.271+0000] {processor.py:925} INFO - DAG(s) 'parallel_historycal_financial_reports' retrieved from /opt/airflow/dags/Extract_history_financial_data.py
[2024-12-18T06:27:24.371+0000] {logging_mixin.py:190} INFO - [2024-12-18T06:27:24.371+0000] {dag.py:3239} INFO - Sync 1 DAGs
[2024-12-18T06:27:24.387+0000] {logging_mixin.py:190} INFO - [2024-12-18T06:27:24.387+0000] {dag.py:4180} INFO - Setting next_dagrun for parallel_historycal_financial_reports to None, run_after=None
[2024-12-18T06:27:24.421+0000] {processor.py:208} INFO - Processing /opt/airflow/dags/Extract_history_financial_data.py took 0.443 seconds
[2024-12-18T06:27:54.779+0000] {processor.py:186} INFO - Started process (PID=861) to work on /opt/airflow/dags/Extract_history_financial_data.py
[2024-12-18T06:27:54.781+0000] {processor.py:914} INFO - Processing file /opt/airflow/dags/Extract_history_financial_data.py for tasks to queue
[2024-12-18T06:27:54.785+0000] {logging_mixin.py:190} INFO - [2024-12-18T06:27:54.784+0000] {dagbag.py:588} INFO - Filling up the DagBag from /opt/airflow/dags/Extract_history_financial_data.py
[2024-12-18T06:27:55.233+0000] {processor.py:925} INFO - DAG(s) 'parallel_historycal_financial_reports' retrieved from /opt/airflow/dags/Extract_history_financial_data.py
[2024-12-18T06:27:55.295+0000] {logging_mixin.py:190} INFO - [2024-12-18T06:27:55.295+0000] {dag.py:3239} INFO - Sync 1 DAGs
[2024-12-18T06:27:55.319+0000] {logging_mixin.py:190} INFO - [2024-12-18T06:27:55.318+0000] {dag.py:4180} INFO - Setting next_dagrun for parallel_historycal_financial_reports to None, run_after=None
[2024-12-18T06:27:55.492+0000] {processor.py:208} INFO - Processing /opt/airflow/dags/Extract_history_financial_data.py took 0.719 seconds
[2024-12-18T06:28:25.599+0000] {processor.py:186} INFO - Started process (PID=897) to work on /opt/airflow/dags/Extract_history_financial_data.py
[2024-12-18T06:28:25.601+0000] {processor.py:914} INFO - Processing file /opt/airflow/dags/Extract_history_financial_data.py for tasks to queue
[2024-12-18T06:28:25.605+0000] {logging_mixin.py:190} INFO - [2024-12-18T06:28:25.604+0000] {dagbag.py:588} INFO - Filling up the DagBag from /opt/airflow/dags/Extract_history_financial_data.py
[2024-12-18T06:28:26.030+0000] {processor.py:925} INFO - DAG(s) 'parallel_historycal_financial_reports' retrieved from /opt/airflow/dags/Extract_history_financial_data.py
[2024-12-18T06:28:26.238+0000] {logging_mixin.py:190} INFO - [2024-12-18T06:28:26.109+0000] {dag.py:3239} INFO - Sync 1 DAGs
[2024-12-18T06:28:26.253+0000] {logging_mixin.py:190} INFO - [2024-12-18T06:28:26.253+0000] {dag.py:4180} INFO - Setting next_dagrun for parallel_historycal_financial_reports to None, run_after=None
[2024-12-18T06:28:26.304+0000] {processor.py:208} INFO - Processing /opt/airflow/dags/Extract_history_financial_data.py took 0.712 seconds
[2024-12-18T06:28:56.678+0000] {processor.py:186} INFO - Started process (PID=932) to work on /opt/airflow/dags/Extract_history_financial_data.py
[2024-12-18T06:28:56.680+0000] {processor.py:914} INFO - Processing file /opt/airflow/dags/Extract_history_financial_data.py for tasks to queue
[2024-12-18T06:28:56.682+0000] {logging_mixin.py:190} INFO - [2024-12-18T06:28:56.682+0000] {dagbag.py:588} INFO - Filling up the DagBag from /opt/airflow/dags/Extract_history_financial_data.py
[2024-12-18T06:28:56.992+0000] {processor.py:925} INFO - DAG(s) 'parallel_historycal_financial_reports' retrieved from /opt/airflow/dags/Extract_history_financial_data.py
[2024-12-18T06:28:57.056+0000] {logging_mixin.py:190} INFO - [2024-12-18T06:28:57.055+0000] {dag.py:3239} INFO - Sync 1 DAGs
[2024-12-18T06:28:57.121+0000] {logging_mixin.py:190} INFO - [2024-12-18T06:28:57.121+0000] {dag.py:4180} INFO - Setting next_dagrun for parallel_historycal_financial_reports to None, run_after=None
[2024-12-18T06:28:57.170+0000] {processor.py:208} INFO - Processing /opt/airflow/dags/Extract_history_financial_data.py took 0.497 seconds
[2024-12-18T06:29:27.637+0000] {processor.py:186} INFO - Started process (PID=968) to work on /opt/airflow/dags/Extract_history_financial_data.py
[2024-12-18T06:29:27.638+0000] {processor.py:914} INFO - Processing file /opt/airflow/dags/Extract_history_financial_data.py for tasks to queue
[2024-12-18T06:29:27.640+0000] {logging_mixin.py:190} INFO - [2024-12-18T06:29:27.639+0000] {dagbag.py:588} INFO - Filling up the DagBag from /opt/airflow/dags/Extract_history_financial_data.py
[2024-12-18T06:29:27.977+0000] {processor.py:925} INFO - DAG(s) 'parallel_historycal_financial_reports' retrieved from /opt/airflow/dags/Extract_history_financial_data.py
[2024-12-18T06:29:28.050+0000] {logging_mixin.py:190} INFO - [2024-12-18T06:29:28.050+0000] {dag.py:3239} INFO - Sync 1 DAGs
[2024-12-18T06:29:28.066+0000] {logging_mixin.py:190} INFO - [2024-12-18T06:29:28.065+0000] {dag.py:4180} INFO - Setting next_dagrun for parallel_historycal_financial_reports to None, run_after=None
[2024-12-18T06:29:28.101+0000] {processor.py:208} INFO - Processing /opt/airflow/dags/Extract_history_financial_data.py took 0.469 seconds
[2024-12-18T06:29:58.450+0000] {processor.py:186} INFO - Started process (PID=1005) to work on /opt/airflow/dags/Extract_history_financial_data.py
[2024-12-18T06:29:58.453+0000] {processor.py:914} INFO - Processing file /opt/airflow/dags/Extract_history_financial_data.py for tasks to queue
[2024-12-18T06:29:58.455+0000] {logging_mixin.py:190} INFO - [2024-12-18T06:29:58.455+0000] {dagbag.py:588} INFO - Filling up the DagBag from /opt/airflow/dags/Extract_history_financial_data.py
[2024-12-18T06:29:58.779+0000] {processor.py:925} INFO - DAG(s) 'parallel_historycal_financial_reports' retrieved from /opt/airflow/dags/Extract_history_financial_data.py
[2024-12-18T06:29:58.872+0000] {logging_mixin.py:190} INFO - [2024-12-18T06:29:58.871+0000] {dag.py:3239} INFO - Sync 1 DAGs
[2024-12-18T06:29:58.885+0000] {logging_mixin.py:190} INFO - [2024-12-18T06:29:58.885+0000] {dag.py:4180} INFO - Setting next_dagrun for parallel_historycal_financial_reports to None, run_after=None
[2024-12-18T06:29:59.025+0000] {processor.py:208} INFO - Processing /opt/airflow/dags/Extract_history_financial_data.py took 0.581 seconds
[2024-12-18T06:30:29.328+0000] {processor.py:186} INFO - Started process (PID=1042) to work on /opt/airflow/dags/Extract_history_financial_data.py
[2024-12-18T06:30:29.330+0000] {processor.py:914} INFO - Processing file /opt/airflow/dags/Extract_history_financial_data.py for tasks to queue
[2024-12-18T06:30:29.332+0000] {logging_mixin.py:190} INFO - [2024-12-18T06:30:29.332+0000] {dagbag.py:588} INFO - Filling up the DagBag from /opt/airflow/dags/Extract_history_financial_data.py
[2024-12-18T06:30:29.611+0000] {processor.py:925} INFO - DAG(s) 'parallel_historycal_financial_reports' retrieved from /opt/airflow/dags/Extract_history_financial_data.py
[2024-12-18T06:30:29.787+0000] {logging_mixin.py:190} INFO - [2024-12-18T06:30:29.673+0000] {dag.py:3239} INFO - Sync 1 DAGs
[2024-12-18T06:30:29.798+0000] {logging_mixin.py:190} INFO - [2024-12-18T06:30:29.798+0000] {dag.py:4180} INFO - Setting next_dagrun for parallel_historycal_financial_reports to None, run_after=None
[2024-12-18T06:30:29.837+0000] {processor.py:208} INFO - Processing /opt/airflow/dags/Extract_history_financial_data.py took 0.513 seconds
[2024-12-18T06:31:00.429+0000] {processor.py:186} INFO - Started process (PID=1078) to work on /opt/airflow/dags/Extract_history_financial_data.py
[2024-12-18T06:31:00.431+0000] {processor.py:914} INFO - Processing file /opt/airflow/dags/Extract_history_financial_data.py for tasks to queue
[2024-12-18T06:31:00.434+0000] {logging_mixin.py:190} INFO - [2024-12-18T06:31:00.433+0000] {dagbag.py:588} INFO - Filling up the DagBag from /opt/airflow/dags/Extract_history_financial_data.py
[2024-12-18T06:31:01.067+0000] {processor.py:925} INFO - DAG(s) 'parallel_historycal_financial_reports' retrieved from /opt/airflow/dags/Extract_history_financial_data.py
[2024-12-18T06:31:01.126+0000] {logging_mixin.py:190} INFO - [2024-12-18T06:31:01.126+0000] {dag.py:3239} INFO - Sync 1 DAGs
[2024-12-18T06:31:01.144+0000] {logging_mixin.py:190} INFO - [2024-12-18T06:31:01.144+0000] {dag.py:4180} INFO - Setting next_dagrun for parallel_historycal_financial_reports to None, run_after=None
[2024-12-18T06:31:01.192+0000] {processor.py:208} INFO - Processing /opt/airflow/dags/Extract_history_financial_data.py took 0.771 seconds
[2024-12-18T06:31:31.695+0000] {processor.py:186} INFO - Started process (PID=1114) to work on /opt/airflow/dags/Extract_history_financial_data.py
[2024-12-18T06:31:31.696+0000] {processor.py:914} INFO - Processing file /opt/airflow/dags/Extract_history_financial_data.py for tasks to queue
[2024-12-18T06:31:31.699+0000] {logging_mixin.py:190} INFO - [2024-12-18T06:31:31.698+0000] {dagbag.py:588} INFO - Filling up the DagBag from /opt/airflow/dags/Extract_history_financial_data.py
[2024-12-18T06:31:32.039+0000] {processor.py:925} INFO - DAG(s) 'parallel_historycal_financial_reports' retrieved from /opt/airflow/dags/Extract_history_financial_data.py
[2024-12-18T06:31:32.106+0000] {logging_mixin.py:190} INFO - [2024-12-18T06:31:32.105+0000] {dag.py:3239} INFO - Sync 1 DAGs
[2024-12-18T06:31:32.121+0000] {logging_mixin.py:190} INFO - [2024-12-18T06:31:32.121+0000] {dag.py:4180} INFO - Setting next_dagrun for parallel_historycal_financial_reports to None, run_after=None
[2024-12-18T06:31:32.152+0000] {processor.py:208} INFO - Processing /opt/airflow/dags/Extract_history_financial_data.py took 0.462 seconds
[2024-12-18T06:32:02.323+0000] {processor.py:186} INFO - Started process (PID=1150) to work on /opt/airflow/dags/Extract_history_financial_data.py
[2024-12-18T06:32:02.326+0000] {processor.py:914} INFO - Processing file /opt/airflow/dags/Extract_history_financial_data.py for tasks to queue
[2024-12-18T06:32:02.327+0000] {logging_mixin.py:190} INFO - [2024-12-18T06:32:02.327+0000] {dagbag.py:588} INFO - Filling up the DagBag from /opt/airflow/dags/Extract_history_financial_data.py
[2024-12-18T06:32:02.613+0000] {processor.py:925} INFO - DAG(s) 'parallel_historycal_financial_reports' retrieved from /opt/airflow/dags/Extract_history_financial_data.py
[2024-12-18T06:32:02.673+0000] {logging_mixin.py:190} INFO - [2024-12-18T06:32:02.672+0000] {dag.py:3239} INFO - Sync 1 DAGs
[2024-12-18T06:32:02.687+0000] {logging_mixin.py:190} INFO - [2024-12-18T06:32:02.687+0000] {dag.py:4180} INFO - Setting next_dagrun for parallel_historycal_financial_reports to None, run_after=None
[2024-12-18T06:32:02.828+0000] {processor.py:208} INFO - Processing /opt/airflow/dags/Extract_history_financial_data.py took 0.509 seconds
[2024-12-18T06:32:33.002+0000] {processor.py:186} INFO - Started process (PID=1186) to work on /opt/airflow/dags/Extract_history_financial_data.py
[2024-12-18T06:32:33.003+0000] {processor.py:914} INFO - Processing file /opt/airflow/dags/Extract_history_financial_data.py for tasks to queue
[2024-12-18T06:32:33.005+0000] {logging_mixin.py:190} INFO - [2024-12-18T06:32:33.005+0000] {dagbag.py:588} INFO - Filling up the DagBag from /opt/airflow/dags/Extract_history_financial_data.py
[2024-12-18T06:32:33.320+0000] {processor.py:925} INFO - DAG(s) 'parallel_historycal_financial_reports' retrieved from /opt/airflow/dags/Extract_history_financial_data.py
[2024-12-18T06:32:33.511+0000] {logging_mixin.py:190} INFO - [2024-12-18T06:32:33.379+0000] {dag.py:3239} INFO - Sync 1 DAGs
[2024-12-18T06:32:33.523+0000] {logging_mixin.py:190} INFO - [2024-12-18T06:32:33.523+0000] {dag.py:4180} INFO - Setting next_dagrun for parallel_historycal_financial_reports to None, run_after=None
[2024-12-18T06:32:33.565+0000] {processor.py:208} INFO - Processing /opt/airflow/dags/Extract_history_financial_data.py took 0.568 seconds
[2024-12-18T06:33:04.011+0000] {processor.py:186} INFO - Started process (PID=1222) to work on /opt/airflow/dags/Extract_history_financial_data.py
[2024-12-18T06:33:04.012+0000] {processor.py:914} INFO - Processing file /opt/airflow/dags/Extract_history_financial_data.py for tasks to queue
[2024-12-18T06:33:04.014+0000] {logging_mixin.py:190} INFO - [2024-12-18T06:33:04.014+0000] {dagbag.py:588} INFO - Filling up the DagBag from /opt/airflow/dags/Extract_history_financial_data.py
[2024-12-18T06:33:04.309+0000] {processor.py:925} INFO - DAG(s) 'parallel_historycal_financial_reports' retrieved from /opt/airflow/dags/Extract_history_financial_data.py
[2024-12-18T06:33:04.360+0000] {logging_mixin.py:190} INFO - [2024-12-18T06:33:04.359+0000] {dag.py:3239} INFO - Sync 1 DAGs
[2024-12-18T06:33:04.372+0000] {logging_mixin.py:190} INFO - [2024-12-18T06:33:04.372+0000] {dag.py:4180} INFO - Setting next_dagrun for parallel_historycal_financial_reports to None, run_after=None
[2024-12-18T06:33:04.406+0000] {processor.py:208} INFO - Processing /opt/airflow/dags/Extract_history_financial_data.py took 0.400 seconds
[2024-12-18T06:33:34.842+0000] {processor.py:186} INFO - Started process (PID=1258) to work on /opt/airflow/dags/Extract_history_financial_data.py
[2024-12-18T06:33:34.844+0000] {processor.py:914} INFO - Processing file /opt/airflow/dags/Extract_history_financial_data.py for tasks to queue
[2024-12-18T06:33:34.846+0000] {logging_mixin.py:190} INFO - [2024-12-18T06:33:34.846+0000] {dagbag.py:588} INFO - Filling up the DagBag from /opt/airflow/dags/Extract_history_financial_data.py
[2024-12-18T06:33:35.190+0000] {processor.py:925} INFO - DAG(s) 'parallel_historycal_financial_reports' retrieved from /opt/airflow/dags/Extract_history_financial_data.py
[2024-12-18T06:33:35.325+0000] {logging_mixin.py:190} INFO - [2024-12-18T06:33:35.324+0000] {dag.py:3239} INFO - Sync 1 DAGs
[2024-12-18T06:33:35.392+0000] {logging_mixin.py:190} INFO - [2024-12-18T06:33:35.392+0000] {dag.py:4180} INFO - Setting next_dagrun for parallel_historycal_financial_reports to None, run_after=None
[2024-12-18T06:33:35.428+0000] {processor.py:208} INFO - Processing /opt/airflow/dags/Extract_history_financial_data.py took 0.592 seconds
[2024-12-18T06:34:05.648+0000] {processor.py:186} INFO - Started process (PID=1291) to work on /opt/airflow/dags/Extract_history_financial_data.py
[2024-12-18T06:34:05.650+0000] {processor.py:914} INFO - Processing file /opt/airflow/dags/Extract_history_financial_data.py for tasks to queue
[2024-12-18T06:34:05.652+0000] {logging_mixin.py:190} INFO - [2024-12-18T06:34:05.652+0000] {dagbag.py:588} INFO - Filling up the DagBag from /opt/airflow/dags/Extract_history_financial_data.py
[2024-12-18T06:34:06.053+0000] {processor.py:925} INFO - DAG(s) 'parallel_historycal_financial_reports' retrieved from /opt/airflow/dags/Extract_history_financial_data.py
[2024-12-18T06:34:06.112+0000] {logging_mixin.py:190} INFO - [2024-12-18T06:34:06.111+0000] {dag.py:3239} INFO - Sync 1 DAGs
[2024-12-18T06:34:06.132+0000] {logging_mixin.py:190} INFO - [2024-12-18T06:34:06.131+0000] {dag.py:4180} INFO - Setting next_dagrun for parallel_historycal_financial_reports to None, run_after=None
[2024-12-18T06:34:06.290+0000] {processor.py:208} INFO - Processing /opt/airflow/dags/Extract_history_financial_data.py took 0.651 seconds
[2024-12-18T06:34:37.016+0000] {processor.py:186} INFO - Started process (PID=1327) to work on /opt/airflow/dags/Extract_history_financial_data.py
[2024-12-18T06:34:37.018+0000] {processor.py:914} INFO - Processing file /opt/airflow/dags/Extract_history_financial_data.py for tasks to queue
[2024-12-18T06:34:37.022+0000] {logging_mixin.py:190} INFO - [2024-12-18T06:34:37.021+0000] {dagbag.py:588} INFO - Filling up the DagBag from /opt/airflow/dags/Extract_history_financial_data.py
[2024-12-18T06:34:37.447+0000] {processor.py:925} INFO - DAG(s) 'parallel_historycal_financial_reports' retrieved from /opt/airflow/dags/Extract_history_financial_data.py
[2024-12-18T06:34:37.682+0000] {logging_mixin.py:190} INFO - [2024-12-18T06:34:37.510+0000] {dag.py:3239} INFO - Sync 1 DAGs
[2024-12-18T06:34:37.698+0000] {logging_mixin.py:190} INFO - [2024-12-18T06:34:37.698+0000] {dag.py:4180} INFO - Setting next_dagrun for parallel_historycal_financial_reports to None, run_after=None
[2024-12-18T06:34:37.735+0000] {processor.py:208} INFO - Processing /opt/airflow/dags/Extract_history_financial_data.py took 0.730 seconds
