[2024-12-18T03:47:31.682+0000] {processor.py:186} INFO - Started process (PID=211) to work on /opt/airflow/dags/Extract_new_financial_data.py
[2024-12-18T03:47:31.683+0000] {processor.py:914} INFO - Processing file /opt/airflow/dags/Extract_new_financial_data.py for tasks to queue
[2024-12-18T03:47:31.686+0000] {logging_mixin.py:190} INFO - [2024-12-18T03:47:31.686+0000] {dagbag.py:588} INFO - Filling up the DagBag from /opt/airflow/dags/Extract_new_financial_data.py
[2024-12-18T03:47:32.554+0000] {processor.py:925} INFO - DAG(s) 'parallel_new_financial_reports' retrieved from /opt/airflow/dags/Extract_new_financial_data.py
[2024-12-18T03:47:32.704+0000] {logging_mixin.py:190} INFO - [2024-12-18T03:47:32.703+0000] {dag.py:3239} INFO - Sync 1 DAGs
[2024-12-18T03:47:32.731+0000] {logging_mixin.py:190} INFO - [2024-12-18T03:47:32.730+0000] {dag.py:4180} INFO - Setting next_dagrun for parallel_new_financial_reports to None, run_after=None
[2024-12-18T03:47:32.781+0000] {processor.py:208} INFO - Processing /opt/airflow/dags/Extract_new_financial_data.py took 1.111 seconds
[2024-12-18T03:48:04.486+0000] {processor.py:186} INFO - Started process (PID=248) to work on /opt/airflow/dags/Extract_new_financial_data.py
[2024-12-18T03:48:04.488+0000] {processor.py:914} INFO - Processing file /opt/airflow/dags/Extract_new_financial_data.py for tasks to queue
[2024-12-18T03:48:04.491+0000] {logging_mixin.py:190} INFO - [2024-12-18T03:48:04.491+0000] {dagbag.py:588} INFO - Filling up the DagBag from /opt/airflow/dags/Extract_new_financial_data.py
[2024-12-18T03:48:05.201+0000] {processor.py:925} INFO - DAG(s) 'parallel_new_financial_reports' retrieved from /opt/airflow/dags/Extract_new_financial_data.py
[2024-12-18T03:48:05.274+0000] {logging_mixin.py:190} INFO - [2024-12-18T03:48:05.273+0000] {dag.py:3239} INFO - Sync 1 DAGs
[2024-12-18T03:48:05.296+0000] {logging_mixin.py:190} INFO - [2024-12-18T03:48:05.296+0000] {dag.py:4180} INFO - Setting next_dagrun for parallel_new_financial_reports to None, run_after=None
[2024-12-18T03:48:05.347+0000] {processor.py:208} INFO - Processing /opt/airflow/dags/Extract_new_financial_data.py took 0.873 seconds
[2024-12-18T03:48:37.019+0000] {processor.py:186} INFO - Started process (PID=284) to work on /opt/airflow/dags/Extract_new_financial_data.py
[2024-12-18T03:48:37.020+0000] {processor.py:914} INFO - Processing file /opt/airflow/dags/Extract_new_financial_data.py for tasks to queue
[2024-12-18T03:48:37.023+0000] {logging_mixin.py:190} INFO - [2024-12-18T03:48:37.023+0000] {dagbag.py:588} INFO - Filling up the DagBag from /opt/airflow/dags/Extract_new_financial_data.py
[2024-12-18T03:48:37.437+0000] {processor.py:925} INFO - DAG(s) 'parallel_new_financial_reports' retrieved from /opt/airflow/dags/Extract_new_financial_data.py
[2024-12-18T03:48:37.506+0000] {logging_mixin.py:190} INFO - [2024-12-18T03:48:37.505+0000] {dag.py:3239} INFO - Sync 1 DAGs
[2024-12-18T03:48:37.525+0000] {logging_mixin.py:190} INFO - [2024-12-18T03:48:37.525+0000] {dag.py:4180} INFO - Setting next_dagrun for parallel_new_financial_reports to None, run_after=None
[2024-12-18T03:48:37.560+0000] {processor.py:208} INFO - Processing /opt/airflow/dags/Extract_new_financial_data.py took 0.549 seconds
[2024-12-18T03:49:09.022+0000] {processor.py:186} INFO - Started process (PID=320) to work on /opt/airflow/dags/Extract_new_financial_data.py
[2024-12-18T03:49:09.023+0000] {processor.py:914} INFO - Processing file /opt/airflow/dags/Extract_new_financial_data.py for tasks to queue
[2024-12-18T03:49:09.027+0000] {logging_mixin.py:190} INFO - [2024-12-18T03:49:09.026+0000] {dagbag.py:588} INFO - Filling up the DagBag from /opt/airflow/dags/Extract_new_financial_data.py
[2024-12-18T03:49:09.486+0000] {processor.py:925} INFO - DAG(s) 'parallel_new_financial_reports' retrieved from /opt/airflow/dags/Extract_new_financial_data.py
[2024-12-18T03:49:09.549+0000] {logging_mixin.py:190} INFO - [2024-12-18T03:49:09.548+0000] {dag.py:3239} INFO - Sync 1 DAGs
[2024-12-18T03:49:09.571+0000] {logging_mixin.py:190} INFO - [2024-12-18T03:49:09.570+0000] {dag.py:4180} INFO - Setting next_dagrun for parallel_new_financial_reports to None, run_after=None
[2024-12-18T03:49:09.615+0000] {processor.py:208} INFO - Processing /opt/airflow/dags/Extract_new_financial_data.py took 0.600 seconds
[2024-12-18T03:49:41.167+0000] {processor.py:186} INFO - Started process (PID=356) to work on /opt/airflow/dags/Extract_new_financial_data.py
[2024-12-18T03:49:41.168+0000] {processor.py:914} INFO - Processing file /opt/airflow/dags/Extract_new_financial_data.py for tasks to queue
[2024-12-18T03:49:41.171+0000] {logging_mixin.py:190} INFO - [2024-12-18T03:49:41.171+0000] {dagbag.py:588} INFO - Filling up the DagBag from /opt/airflow/dags/Extract_new_financial_data.py
[2024-12-18T03:49:41.617+0000] {processor.py:925} INFO - DAG(s) 'parallel_new_financial_reports' retrieved from /opt/airflow/dags/Extract_new_financial_data.py
[2024-12-18T03:49:41.689+0000] {logging_mixin.py:190} INFO - [2024-12-18T03:49:41.689+0000] {dag.py:3239} INFO - Sync 1 DAGs
[2024-12-18T03:49:41.709+0000] {logging_mixin.py:190} INFO - [2024-12-18T03:49:41.709+0000] {dag.py:4180} INFO - Setting next_dagrun for parallel_new_financial_reports to None, run_after=None
[2024-12-18T03:49:41.765+0000] {processor.py:208} INFO - Processing /opt/airflow/dags/Extract_new_financial_data.py took 0.605 seconds
[2024-12-18T03:50:13.255+0000] {processor.py:186} INFO - Started process (PID=392) to work on /opt/airflow/dags/Extract_new_financial_data.py
[2024-12-18T03:50:13.256+0000] {processor.py:914} INFO - Processing file /opt/airflow/dags/Extract_new_financial_data.py for tasks to queue
[2024-12-18T03:50:13.259+0000] {logging_mixin.py:190} INFO - [2024-12-18T03:50:13.258+0000] {dagbag.py:588} INFO - Filling up the DagBag from /opt/airflow/dags/Extract_new_financial_data.py
[2024-12-18T03:50:13.714+0000] {processor.py:925} INFO - DAG(s) 'parallel_new_financial_reports' retrieved from /opt/airflow/dags/Extract_new_financial_data.py
[2024-12-18T03:50:13.775+0000] {logging_mixin.py:190} INFO - [2024-12-18T03:50:13.775+0000] {dag.py:3239} INFO - Sync 1 DAGs
[2024-12-18T03:50:13.792+0000] {logging_mixin.py:190} INFO - [2024-12-18T03:50:13.792+0000] {dag.py:4180} INFO - Setting next_dagrun for parallel_new_financial_reports to None, run_after=None
[2024-12-18T03:50:13.830+0000] {processor.py:208} INFO - Processing /opt/airflow/dags/Extract_new_financial_data.py took 0.582 seconds
[2024-12-18T03:50:45.320+0000] {processor.py:186} INFO - Started process (PID=430) to work on /opt/airflow/dags/Extract_new_financial_data.py
[2024-12-18T03:50:45.321+0000] {processor.py:914} INFO - Processing file /opt/airflow/dags/Extract_new_financial_data.py for tasks to queue
[2024-12-18T03:50:45.323+0000] {logging_mixin.py:190} INFO - [2024-12-18T03:50:45.323+0000] {dagbag.py:588} INFO - Filling up the DagBag from /opt/airflow/dags/Extract_new_financial_data.py
[2024-12-18T03:50:45.701+0000] {processor.py:925} INFO - DAG(s) 'parallel_new_financial_reports' retrieved from /opt/airflow/dags/Extract_new_financial_data.py
[2024-12-18T03:50:45.774+0000] {logging_mixin.py:190} INFO - [2024-12-18T03:50:45.773+0000] {dag.py:3239} INFO - Sync 1 DAGs
[2024-12-18T03:50:45.798+0000] {logging_mixin.py:190} INFO - [2024-12-18T03:50:45.798+0000] {dag.py:4180} INFO - Setting next_dagrun for parallel_new_financial_reports to None, run_after=None
[2024-12-18T03:50:45.850+0000] {processor.py:208} INFO - Processing /opt/airflow/dags/Extract_new_financial_data.py took 0.536 seconds
[2024-12-18T06:18:29.356+0000] {processor.py:186} INFO - Started process (PID=210) to work on /opt/airflow/dags/Extract_new_financial_data.py
[2024-12-18T06:18:29.359+0000] {processor.py:914} INFO - Processing file /opt/airflow/dags/Extract_new_financial_data.py for tasks to queue
[2024-12-18T06:18:29.371+0000] {logging_mixin.py:190} INFO - [2024-12-18T06:18:29.370+0000] {dagbag.py:588} INFO - Filling up the DagBag from /opt/airflow/dags/Extract_new_financial_data.py
[2024-12-18T06:18:30.223+0000] {processor.py:925} INFO - DAG(s) 'parallel_new_financial_reports' retrieved from /opt/airflow/dags/Extract_new_financial_data.py
[2024-12-18T06:18:30.308+0000] {logging_mixin.py:190} INFO - [2024-12-18T06:18:30.306+0000] {dag.py:3239} INFO - Sync 1 DAGs
[2024-12-18T06:18:30.336+0000] {logging_mixin.py:190} INFO - [2024-12-18T06:18:30.335+0000] {dag.py:4180} INFO - Setting next_dagrun for parallel_new_financial_reports to None, run_after=None
[2024-12-18T06:18:30.391+0000] {processor.py:208} INFO - Processing /opt/airflow/dags/Extract_new_financial_data.py took 1.055 seconds
[2024-12-18T06:19:02.298+0000] {processor.py:186} INFO - Started process (PID=246) to work on /opt/airflow/dags/Extract_new_financial_data.py
[2024-12-18T06:19:02.300+0000] {processor.py:914} INFO - Processing file /opt/airflow/dags/Extract_new_financial_data.py for tasks to queue
[2024-12-18T06:19:02.304+0000] {logging_mixin.py:190} INFO - [2024-12-18T06:19:02.303+0000] {dagbag.py:588} INFO - Filling up the DagBag from /opt/airflow/dags/Extract_new_financial_data.py
[2024-12-18T06:19:02.876+0000] {processor.py:925} INFO - DAG(s) 'parallel_new_financial_reports' retrieved from /opt/airflow/dags/Extract_new_financial_data.py
[2024-12-18T06:19:02.946+0000] {logging_mixin.py:190} INFO - [2024-12-18T06:19:02.945+0000] {dag.py:3239} INFO - Sync 1 DAGs
[2024-12-18T06:19:02.967+0000] {logging_mixin.py:190} INFO - [2024-12-18T06:19:02.966+0000] {dag.py:4180} INFO - Setting next_dagrun for parallel_new_financial_reports to None, run_after=None
[2024-12-18T06:19:03.019+0000] {processor.py:208} INFO - Processing /opt/airflow/dags/Extract_new_financial_data.py took 0.730 seconds
[2024-12-18T06:19:33.941+0000] {processor.py:186} INFO - Started process (PID=282) to work on /opt/airflow/dags/Extract_new_financial_data.py
[2024-12-18T06:19:33.943+0000] {processor.py:914} INFO - Processing file /opt/airflow/dags/Extract_new_financial_data.py for tasks to queue
[2024-12-18T06:19:33.945+0000] {logging_mixin.py:190} INFO - [2024-12-18T06:19:33.945+0000] {dagbag.py:588} INFO - Filling up the DagBag from /opt/airflow/dags/Extract_new_financial_data.py
[2024-12-18T06:19:34.344+0000] {processor.py:925} INFO - DAG(s) 'parallel_new_financial_reports' retrieved from /opt/airflow/dags/Extract_new_financial_data.py
[2024-12-18T06:19:34.457+0000] {logging_mixin.py:190} INFO - [2024-12-18T06:19:34.456+0000] {dag.py:3239} INFO - Sync 1 DAGs
[2024-12-18T06:19:34.478+0000] {logging_mixin.py:190} INFO - [2024-12-18T06:19:34.478+0000] {dag.py:4180} INFO - Setting next_dagrun for parallel_new_financial_reports to None, run_after=None
[2024-12-18T06:19:34.514+0000] {processor.py:208} INFO - Processing /opt/airflow/dags/Extract_new_financial_data.py took 0.578 seconds
[2024-12-18T06:20:05.867+0000] {processor.py:186} INFO - Started process (PID=318) to work on /opt/airflow/dags/Extract_new_financial_data.py
[2024-12-18T06:20:05.869+0000] {processor.py:914} INFO - Processing file /opt/airflow/dags/Extract_new_financial_data.py for tasks to queue
[2024-12-18T06:20:05.872+0000] {logging_mixin.py:190} INFO - [2024-12-18T06:20:05.872+0000] {dagbag.py:588} INFO - Filling up the DagBag from /opt/airflow/dags/Extract_new_financial_data.py
[2024-12-18T06:20:06.278+0000] {processor.py:925} INFO - DAG(s) 'parallel_new_financial_reports' retrieved from /opt/airflow/dags/Extract_new_financial_data.py
[2024-12-18T06:20:06.346+0000] {logging_mixin.py:190} INFO - [2024-12-18T06:20:06.345+0000] {dag.py:3239} INFO - Sync 1 DAGs
[2024-12-18T06:20:06.363+0000] {logging_mixin.py:190} INFO - [2024-12-18T06:20:06.362+0000] {dag.py:4180} INFO - Setting next_dagrun for parallel_new_financial_reports to None, run_after=None
[2024-12-18T06:20:06.403+0000] {processor.py:208} INFO - Processing /opt/airflow/dags/Extract_new_financial_data.py took 0.543 seconds
[2024-12-18T06:20:37.412+0000] {processor.py:186} INFO - Started process (PID=354) to work on /opt/airflow/dags/Extract_new_financial_data.py
[2024-12-18T06:20:37.414+0000] {processor.py:914} INFO - Processing file /opt/airflow/dags/Extract_new_financial_data.py for tasks to queue
[2024-12-18T06:20:37.418+0000] {logging_mixin.py:190} INFO - [2024-12-18T06:20:37.417+0000] {dagbag.py:588} INFO - Filling up the DagBag from /opt/airflow/dags/Extract_new_financial_data.py
[2024-12-18T06:20:37.936+0000] {processor.py:925} INFO - DAG(s) 'parallel_new_financial_reports' retrieved from /opt/airflow/dags/Extract_new_financial_data.py
[2024-12-18T06:20:38.052+0000] {logging_mixin.py:190} INFO - [2024-12-18T06:20:38.051+0000] {dag.py:3239} INFO - Sync 1 DAGs
[2024-12-18T06:20:38.105+0000] {logging_mixin.py:190} INFO - [2024-12-18T06:20:38.105+0000] {dag.py:4180} INFO - Setting next_dagrun for parallel_new_financial_reports to None, run_after=None
[2024-12-18T06:20:38.168+0000] {processor.py:208} INFO - Processing /opt/airflow/dags/Extract_new_financial_data.py took 0.764 seconds
[2024-12-18T06:21:09.218+0000] {processor.py:186} INFO - Started process (PID=390) to work on /opt/airflow/dags/Extract_new_financial_data.py
[2024-12-18T06:21:09.220+0000] {processor.py:914} INFO - Processing file /opt/airflow/dags/Extract_new_financial_data.py for tasks to queue
[2024-12-18T06:21:09.222+0000] {logging_mixin.py:190} INFO - [2024-12-18T06:21:09.221+0000] {dagbag.py:588} INFO - Filling up the DagBag from /opt/airflow/dags/Extract_new_financial_data.py
[2024-12-18T06:21:09.647+0000] {processor.py:925} INFO - DAG(s) 'parallel_new_financial_reports' retrieved from /opt/airflow/dags/Extract_new_financial_data.py
[2024-12-18T06:21:09.717+0000] {logging_mixin.py:190} INFO - [2024-12-18T06:21:09.716+0000] {dag.py:3239} INFO - Sync 1 DAGs
[2024-12-18T06:21:09.737+0000] {logging_mixin.py:190} INFO - [2024-12-18T06:21:09.737+0000] {dag.py:4180} INFO - Setting next_dagrun for parallel_new_financial_reports to None, run_after=None
[2024-12-18T06:21:09.774+0000] {processor.py:208} INFO - Processing /opt/airflow/dags/Extract_new_financial_data.py took 0.564 seconds
[2024-12-18T06:21:40.850+0000] {processor.py:186} INFO - Started process (PID=426) to work on /opt/airflow/dags/Extract_new_financial_data.py
[2024-12-18T06:21:40.852+0000] {processor.py:914} INFO - Processing file /opt/airflow/dags/Extract_new_financial_data.py for tasks to queue
[2024-12-18T06:21:40.854+0000] {logging_mixin.py:190} INFO - [2024-12-18T06:21:40.854+0000] {dagbag.py:588} INFO - Filling up the DagBag from /opt/airflow/dags/Extract_new_financial_data.py
[2024-12-18T06:21:41.222+0000] {processor.py:925} INFO - DAG(s) 'parallel_new_financial_reports' retrieved from /opt/airflow/dags/Extract_new_financial_data.py
[2024-12-18T06:21:41.306+0000] {logging_mixin.py:190} INFO - [2024-12-18T06:21:41.305+0000] {dag.py:3239} INFO - Sync 1 DAGs
[2024-12-18T06:21:41.328+0000] {logging_mixin.py:190} INFO - [2024-12-18T06:21:41.328+0000] {dag.py:4180} INFO - Setting next_dagrun for parallel_new_financial_reports to None, run_after=None
[2024-12-18T06:21:41.374+0000] {processor.py:208} INFO - Processing /opt/airflow/dags/Extract_new_financial_data.py took 0.531 seconds
[2024-12-18T06:22:11.474+0000] {processor.py:186} INFO - Started process (PID=456) to work on /opt/airflow/dags/Extract_new_financial_data.py
[2024-12-18T06:22:11.476+0000] {processor.py:914} INFO - Processing file /opt/airflow/dags/Extract_new_financial_data.py for tasks to queue
[2024-12-18T06:22:11.478+0000] {logging_mixin.py:190} INFO - [2024-12-18T06:22:11.478+0000] {dagbag.py:588} INFO - Filling up the DagBag from /opt/airflow/dags/Extract_new_financial_data.py
[2024-12-18T06:22:11.847+0000] {processor.py:925} INFO - DAG(s) 'parallel_new_financial_reports' retrieved from /opt/airflow/dags/Extract_new_financial_data.py
[2024-12-18T06:22:11.939+0000] {logging_mixin.py:190} INFO - [2024-12-18T06:22:11.938+0000] {dag.py:3239} INFO - Sync 1 DAGs
[2024-12-18T06:22:11.971+0000] {logging_mixin.py:190} INFO - [2024-12-18T06:22:11.971+0000] {dag.py:4180} INFO - Setting next_dagrun for parallel_new_financial_reports to None, run_after=None
[2024-12-18T06:22:12.025+0000] {processor.py:208} INFO - Processing /opt/airflow/dags/Extract_new_financial_data.py took 0.555 seconds
[2024-12-18T06:22:42.260+0000] {processor.py:186} INFO - Started process (PID=488) to work on /opt/airflow/dags/Extract_new_financial_data.py
[2024-12-18T06:22:42.263+0000] {processor.py:914} INFO - Processing file /opt/airflow/dags/Extract_new_financial_data.py for tasks to queue
[2024-12-18T06:22:42.265+0000] {logging_mixin.py:190} INFO - [2024-12-18T06:22:42.264+0000] {dagbag.py:588} INFO - Filling up the DagBag from /opt/airflow/dags/Extract_new_financial_data.py
[2024-12-18T06:22:42.601+0000] {processor.py:925} INFO - DAG(s) 'parallel_new_financial_reports' retrieved from /opt/airflow/dags/Extract_new_financial_data.py
[2024-12-18T06:22:42.688+0000] {logging_mixin.py:190} INFO - [2024-12-18T06:22:42.685+0000] {dag.py:3239} INFO - Sync 1 DAGs
[2024-12-18T06:22:42.748+0000] {logging_mixin.py:190} INFO - [2024-12-18T06:22:42.748+0000] {dag.py:4180} INFO - Setting next_dagrun for parallel_new_financial_reports to None, run_after=None
[2024-12-18T06:22:42.792+0000] {processor.py:208} INFO - Processing /opt/airflow/dags/Extract_new_financial_data.py took 0.536 seconds
[2024-12-18T06:23:13.694+0000] {processor.py:186} INFO - Started process (PID=524) to work on /opt/airflow/dags/Extract_new_financial_data.py
[2024-12-18T06:23:13.697+0000] {processor.py:914} INFO - Processing file /opt/airflow/dags/Extract_new_financial_data.py for tasks to queue
[2024-12-18T06:23:13.700+0000] {logging_mixin.py:190} INFO - [2024-12-18T06:23:13.700+0000] {dagbag.py:588} INFO - Filling up the DagBag from /opt/airflow/dags/Extract_new_financial_data.py
[2024-12-18T06:23:14.095+0000] {processor.py:925} INFO - DAG(s) 'parallel_new_financial_reports' retrieved from /opt/airflow/dags/Extract_new_financial_data.py
[2024-12-18T06:23:14.158+0000] {logging_mixin.py:190} INFO - [2024-12-18T06:23:14.157+0000] {dag.py:3239} INFO - Sync 1 DAGs
[2024-12-18T06:23:14.176+0000] {logging_mixin.py:190} INFO - [2024-12-18T06:23:14.175+0000] {dag.py:4180} INFO - Setting next_dagrun for parallel_new_financial_reports to None, run_after=None
[2024-12-18T06:23:14.228+0000] {processor.py:208} INFO - Processing /opt/airflow/dags/Extract_new_financial_data.py took 0.542 seconds
[2024-12-18T06:23:44.886+0000] {processor.py:186} INFO - Started process (PID=560) to work on /opt/airflow/dags/Extract_new_financial_data.py
[2024-12-18T06:23:44.888+0000] {processor.py:914} INFO - Processing file /opt/airflow/dags/Extract_new_financial_data.py for tasks to queue
[2024-12-18T06:23:44.891+0000] {logging_mixin.py:190} INFO - [2024-12-18T06:23:44.891+0000] {dagbag.py:588} INFO - Filling up the DagBag from /opt/airflow/dags/Extract_new_financial_data.py
[2024-12-18T06:23:45.348+0000] {processor.py:925} INFO - DAG(s) 'parallel_new_financial_reports' retrieved from /opt/airflow/dags/Extract_new_financial_data.py
[2024-12-18T06:23:45.484+0000] {logging_mixin.py:190} INFO - [2024-12-18T06:23:45.483+0000] {dag.py:3239} INFO - Sync 1 DAGs
[2024-12-18T06:23:45.510+0000] {logging_mixin.py:190} INFO - [2024-12-18T06:23:45.510+0000] {dag.py:4180} INFO - Setting next_dagrun for parallel_new_financial_reports to None, run_after=None
[2024-12-18T06:23:45.557+0000] {processor.py:208} INFO - Processing /opt/airflow/dags/Extract_new_financial_data.py took 0.677 seconds
[2024-12-18T06:24:15.871+0000] {processor.py:186} INFO - Started process (PID=596) to work on /opt/airflow/dags/Extract_new_financial_data.py
[2024-12-18T06:24:15.873+0000] {processor.py:914} INFO - Processing file /opt/airflow/dags/Extract_new_financial_data.py for tasks to queue
[2024-12-18T06:24:15.876+0000] {logging_mixin.py:190} INFO - [2024-12-18T06:24:15.875+0000] {dagbag.py:588} INFO - Filling up the DagBag from /opt/airflow/dags/Extract_new_financial_data.py
[2024-12-18T06:24:16.245+0000] {processor.py:925} INFO - DAG(s) 'parallel_new_financial_reports' retrieved from /opt/airflow/dags/Extract_new_financial_data.py
[2024-12-18T06:24:16.313+0000] {logging_mixin.py:190} INFO - [2024-12-18T06:24:16.311+0000] {dag.py:3239} INFO - Sync 1 DAGs
[2024-12-18T06:24:16.329+0000] {logging_mixin.py:190} INFO - [2024-12-18T06:24:16.329+0000] {dag.py:4180} INFO - Setting next_dagrun for parallel_new_financial_reports to None, run_after=None
[2024-12-18T06:24:16.379+0000] {processor.py:208} INFO - Processing /opt/airflow/dags/Extract_new_financial_data.py took 0.515 seconds
[2024-12-18T06:24:46.450+0000] {processor.py:186} INFO - Started process (PID=633) to work on /opt/airflow/dags/Extract_new_financial_data.py
[2024-12-18T06:24:46.453+0000] {processor.py:914} INFO - Processing file /opt/airflow/dags/Extract_new_financial_data.py for tasks to queue
[2024-12-18T06:24:46.455+0000] {logging_mixin.py:190} INFO - [2024-12-18T06:24:46.455+0000] {dagbag.py:588} INFO - Filling up the DagBag from /opt/airflow/dags/Extract_new_financial_data.py
[2024-12-18T06:24:46.953+0000] {processor.py:925} INFO - DAG(s) 'parallel_new_financial_reports' retrieved from /opt/airflow/dags/Extract_new_financial_data.py
[2024-12-18T06:24:47.037+0000] {logging_mixin.py:190} INFO - [2024-12-18T06:24:47.036+0000] {dag.py:3239} INFO - Sync 1 DAGs
[2024-12-18T06:24:47.059+0000] {logging_mixin.py:190} INFO - [2024-12-18T06:24:47.059+0000] {dag.py:4180} INFO - Setting next_dagrun for parallel_new_financial_reports to None, run_after=None
[2024-12-18T06:24:47.113+0000] {processor.py:208} INFO - Processing /opt/airflow/dags/Extract_new_financial_data.py took 0.669 seconds
[2024-12-18T06:25:18.112+0000] {processor.py:186} INFO - Started process (PID=669) to work on /opt/airflow/dags/Extract_new_financial_data.py
[2024-12-18T06:25:18.115+0000] {processor.py:914} INFO - Processing file /opt/airflow/dags/Extract_new_financial_data.py for tasks to queue
[2024-12-18T06:25:18.118+0000] {logging_mixin.py:190} INFO - [2024-12-18T06:25:18.118+0000] {dagbag.py:588} INFO - Filling up the DagBag from /opt/airflow/dags/Extract_new_financial_data.py
[2024-12-18T06:25:18.466+0000] {processor.py:925} INFO - DAG(s) 'parallel_new_financial_reports' retrieved from /opt/airflow/dags/Extract_new_financial_data.py
[2024-12-18T06:25:18.571+0000] {logging_mixin.py:190} INFO - [2024-12-18T06:25:18.570+0000] {dag.py:3239} INFO - Sync 1 DAGs
[2024-12-18T06:25:18.587+0000] {logging_mixin.py:190} INFO - [2024-12-18T06:25:18.587+0000] {dag.py:4180} INFO - Setting next_dagrun for parallel_new_financial_reports to None, run_after=None
[2024-12-18T06:25:18.638+0000] {processor.py:208} INFO - Processing /opt/airflow/dags/Extract_new_financial_data.py took 0.533 seconds
[2024-12-18T06:25:48.947+0000] {processor.py:186} INFO - Started process (PID=705) to work on /opt/airflow/dags/Extract_new_financial_data.py
[2024-12-18T06:25:48.950+0000] {processor.py:914} INFO - Processing file /opt/airflow/dags/Extract_new_financial_data.py for tasks to queue
[2024-12-18T06:25:48.952+0000] {logging_mixin.py:190} INFO - [2024-12-18T06:25:48.951+0000] {dagbag.py:588} INFO - Filling up the DagBag from /opt/airflow/dags/Extract_new_financial_data.py
[2024-12-18T06:25:49.321+0000] {processor.py:925} INFO - DAG(s) 'parallel_new_financial_reports' retrieved from /opt/airflow/dags/Extract_new_financial_data.py
[2024-12-18T06:25:49.383+0000] {logging_mixin.py:190} INFO - [2024-12-18T06:25:49.382+0000] {dag.py:3239} INFO - Sync 1 DAGs
[2024-12-18T06:25:49.541+0000] {logging_mixin.py:190} INFO - [2024-12-18T06:25:49.541+0000] {dag.py:4180} INFO - Setting next_dagrun for parallel_new_financial_reports to None, run_after=None
[2024-12-18T06:25:49.576+0000] {processor.py:208} INFO - Processing /opt/airflow/dags/Extract_new_financial_data.py took 0.634 seconds
[2024-12-18T06:26:20.269+0000] {processor.py:186} INFO - Started process (PID=741) to work on /opt/airflow/dags/Extract_new_financial_data.py
[2024-12-18T06:26:20.271+0000] {processor.py:914} INFO - Processing file /opt/airflow/dags/Extract_new_financial_data.py for tasks to queue
[2024-12-18T06:26:20.274+0000] {logging_mixin.py:190} INFO - [2024-12-18T06:26:20.274+0000] {dagbag.py:588} INFO - Filling up the DagBag from /opt/airflow/dags/Extract_new_financial_data.py
[2024-12-18T06:26:20.930+0000] {processor.py:925} INFO - DAG(s) 'parallel_new_financial_reports' retrieved from /opt/airflow/dags/Extract_new_financial_data.py
[2024-12-18T06:26:20.982+0000] {logging_mixin.py:190} INFO - [2024-12-18T06:26:20.982+0000] {dag.py:3239} INFO - Sync 1 DAGs
[2024-12-18T06:26:20.999+0000] {logging_mixin.py:190} INFO - [2024-12-18T06:26:20.999+0000] {dag.py:4180} INFO - Setting next_dagrun for parallel_new_financial_reports to None, run_after=None
[2024-12-18T06:26:21.044+0000] {processor.py:208} INFO - Processing /opt/airflow/dags/Extract_new_financial_data.py took 0.785 seconds
[2024-12-18T06:26:51.184+0000] {processor.py:186} INFO - Started process (PID=777) to work on /opt/airflow/dags/Extract_new_financial_data.py
[2024-12-18T06:26:51.186+0000] {processor.py:914} INFO - Processing file /opt/airflow/dags/Extract_new_financial_data.py for tasks to queue
[2024-12-18T06:26:51.188+0000] {logging_mixin.py:190} INFO - [2024-12-18T06:26:51.188+0000] {dagbag.py:588} INFO - Filling up the DagBag from /opt/airflow/dags/Extract_new_financial_data.py
[2024-12-18T06:26:51.547+0000] {processor.py:925} INFO - DAG(s) 'parallel_new_financial_reports' retrieved from /opt/airflow/dags/Extract_new_financial_data.py
[2024-12-18T06:26:51.613+0000] {logging_mixin.py:190} INFO - [2024-12-18T06:26:51.613+0000] {dag.py:3239} INFO - Sync 1 DAGs
[2024-12-18T06:26:51.629+0000] {logging_mixin.py:190} INFO - [2024-12-18T06:26:51.629+0000] {dag.py:4180} INFO - Setting next_dagrun for parallel_new_financial_reports to None, run_after=None
[2024-12-18T06:26:51.670+0000] {processor.py:208} INFO - Processing /opt/airflow/dags/Extract_new_financial_data.py took 0.494 seconds
[2024-12-18T06:27:22.431+0000] {processor.py:186} INFO - Started process (PID=813) to work on /opt/airflow/dags/Extract_new_financial_data.py
[2024-12-18T06:27:22.433+0000] {processor.py:914} INFO - Processing file /opt/airflow/dags/Extract_new_financial_data.py for tasks to queue
[2024-12-18T06:27:22.435+0000] {logging_mixin.py:190} INFO - [2024-12-18T06:27:22.435+0000] {dagbag.py:588} INFO - Filling up the DagBag from /opt/airflow/dags/Extract_new_financial_data.py
[2024-12-18T06:27:22.762+0000] {processor.py:925} INFO - DAG(s) 'parallel_new_financial_reports' retrieved from /opt/airflow/dags/Extract_new_financial_data.py
[2024-12-18T06:27:22.819+0000] {logging_mixin.py:190} INFO - [2024-12-18T06:27:22.819+0000] {dag.py:3239} INFO - Sync 1 DAGs
[2024-12-18T06:27:22.887+0000] {logging_mixin.py:190} INFO - [2024-12-18T06:27:22.886+0000] {dag.py:4180} INFO - Setting next_dagrun for parallel_new_financial_reports to None, run_after=None
[2024-12-18T06:27:22.934+0000] {processor.py:208} INFO - Processing /opt/airflow/dags/Extract_new_financial_data.py took 0.507 seconds
[2024-12-18T06:27:53.012+0000] {processor.py:186} INFO - Started process (PID=849) to work on /opt/airflow/dags/Extract_new_financial_data.py
[2024-12-18T06:27:53.014+0000] {processor.py:914} INFO - Processing file /opt/airflow/dags/Extract_new_financial_data.py for tasks to queue
[2024-12-18T06:27:53.017+0000] {logging_mixin.py:190} INFO - [2024-12-18T06:27:53.016+0000] {dagbag.py:588} INFO - Filling up the DagBag from /opt/airflow/dags/Extract_new_financial_data.py
[2024-12-18T06:27:53.395+0000] {processor.py:925} INFO - DAG(s) 'parallel_new_financial_reports' retrieved from /opt/airflow/dags/Extract_new_financial_data.py
[2024-12-18T06:27:53.472+0000] {logging_mixin.py:190} INFO - [2024-12-18T06:27:53.471+0000] {dag.py:3239} INFO - Sync 1 DAGs
[2024-12-18T06:27:53.503+0000] {logging_mixin.py:190} INFO - [2024-12-18T06:27:53.502+0000] {dag.py:4180} INFO - Setting next_dagrun for parallel_new_financial_reports to None, run_after=None
[2024-12-18T06:27:53.711+0000] {processor.py:208} INFO - Processing /opt/airflow/dags/Extract_new_financial_data.py took 0.705 seconds
[2024-12-18T06:28:23.810+0000] {processor.py:186} INFO - Started process (PID=885) to work on /opt/airflow/dags/Extract_new_financial_data.py
[2024-12-18T06:28:23.813+0000] {processor.py:914} INFO - Processing file /opt/airflow/dags/Extract_new_financial_data.py for tasks to queue
[2024-12-18T06:28:23.817+0000] {logging_mixin.py:190} INFO - [2024-12-18T06:28:23.816+0000] {dagbag.py:588} INFO - Filling up the DagBag from /opt/airflow/dags/Extract_new_financial_data.py
[2024-12-18T06:28:24.202+0000] {processor.py:925} INFO - DAG(s) 'parallel_new_financial_reports' retrieved from /opt/airflow/dags/Extract_new_financial_data.py
[2024-12-18T06:28:24.445+0000] {logging_mixin.py:190} INFO - [2024-12-18T06:28:24.276+0000] {dag.py:3239} INFO - Sync 1 DAGs
[2024-12-18T06:28:24.463+0000] {logging_mixin.py:190} INFO - [2024-12-18T06:28:24.463+0000] {dag.py:4180} INFO - Setting next_dagrun for parallel_new_financial_reports to None, run_after=None
[2024-12-18T06:28:24.512+0000] {processor.py:208} INFO - Processing /opt/airflow/dags/Extract_new_financial_data.py took 0.710 seconds
[2024-12-18T06:28:54.654+0000] {processor.py:186} INFO - Started process (PID=926) to work on /opt/airflow/dags/Extract_new_financial_data.py
[2024-12-18T06:28:54.656+0000] {processor.py:914} INFO - Processing file /opt/airflow/dags/Extract_new_financial_data.py for tasks to queue
[2024-12-18T06:28:54.658+0000] {logging_mixin.py:190} INFO - [2024-12-18T06:28:54.658+0000] {dagbag.py:588} INFO - Filling up the DagBag from /opt/airflow/dags/Extract_new_financial_data.py
[2024-12-18T06:28:54.981+0000] {processor.py:925} INFO - DAG(s) 'parallel_new_financial_reports' retrieved from /opt/airflow/dags/Extract_new_financial_data.py
[2024-12-18T06:28:55.034+0000] {logging_mixin.py:190} INFO - [2024-12-18T06:28:55.033+0000] {dag.py:3239} INFO - Sync 1 DAGs
[2024-12-18T06:28:55.047+0000] {logging_mixin.py:190} INFO - [2024-12-18T06:28:55.047+0000] {dag.py:4180} INFO - Setting next_dagrun for parallel_new_financial_reports to None, run_after=None
[2024-12-18T06:28:55.085+0000] {processor.py:208} INFO - Processing /opt/airflow/dags/Extract_new_financial_data.py took 0.437 seconds
[2024-12-18T06:29:25.607+0000] {processor.py:186} INFO - Started process (PID=962) to work on /opt/airflow/dags/Extract_new_financial_data.py
[2024-12-18T06:29:25.609+0000] {processor.py:914} INFO - Processing file /opt/airflow/dags/Extract_new_financial_data.py for tasks to queue
[2024-12-18T06:29:25.611+0000] {logging_mixin.py:190} INFO - [2024-12-18T06:29:25.611+0000] {dagbag.py:588} INFO - Filling up the DagBag from /opt/airflow/dags/Extract_new_financial_data.py
[2024-12-18T06:29:25.935+0000] {processor.py:925} INFO - DAG(s) 'parallel_new_financial_reports' retrieved from /opt/airflow/dags/Extract_new_financial_data.py
[2024-12-18T06:29:25.998+0000] {logging_mixin.py:190} INFO - [2024-12-18T06:29:25.997+0000] {dag.py:3239} INFO - Sync 1 DAGs
[2024-12-18T06:29:26.017+0000] {logging_mixin.py:190} INFO - [2024-12-18T06:29:26.017+0000] {dag.py:4180} INFO - Setting next_dagrun for parallel_new_financial_reports to None, run_after=None
[2024-12-18T06:29:26.057+0000] {processor.py:208} INFO - Processing /opt/airflow/dags/Extract_new_financial_data.py took 0.457 seconds
[2024-12-18T06:29:56.765+0000] {processor.py:186} INFO - Started process (PID=999) to work on /opt/airflow/dags/Extract_new_financial_data.py
[2024-12-18T06:29:56.767+0000] {processor.py:914} INFO - Processing file /opt/airflow/dags/Extract_new_financial_data.py for tasks to queue
[2024-12-18T06:29:56.769+0000] {logging_mixin.py:190} INFO - [2024-12-18T06:29:56.769+0000] {dagbag.py:588} INFO - Filling up the DagBag from /opt/airflow/dags/Extract_new_financial_data.py
[2024-12-18T06:29:57.153+0000] {processor.py:925} INFO - DAG(s) 'parallel_new_financial_reports' retrieved from /opt/airflow/dags/Extract_new_financial_data.py
[2024-12-18T06:29:57.222+0000] {logging_mixin.py:190} INFO - [2024-12-18T06:29:57.221+0000] {dag.py:3239} INFO - Sync 1 DAGs
[2024-12-18T06:29:57.242+0000] {logging_mixin.py:190} INFO - [2024-12-18T06:29:57.242+0000] {dag.py:4180} INFO - Setting next_dagrun for parallel_new_financial_reports to None, run_after=None
[2024-12-18T06:29:57.399+0000] {processor.py:208} INFO - Processing /opt/airflow/dags/Extract_new_financial_data.py took 0.640 seconds
[2024-12-18T06:30:27.778+0000] {processor.py:186} INFO - Started process (PID=1036) to work on /opt/airflow/dags/Extract_new_financial_data.py
[2024-12-18T06:30:27.781+0000] {processor.py:914} INFO - Processing file /opt/airflow/dags/Extract_new_financial_data.py for tasks to queue
[2024-12-18T06:30:27.783+0000] {logging_mixin.py:190} INFO - [2024-12-18T06:30:27.783+0000] {dagbag.py:588} INFO - Filling up the DagBag from /opt/airflow/dags/Extract_new_financial_data.py
[2024-12-18T06:30:28.072+0000] {processor.py:925} INFO - DAG(s) 'parallel_new_financial_reports' retrieved from /opt/airflow/dags/Extract_new_financial_data.py
[2024-12-18T06:30:28.233+0000] {logging_mixin.py:190} INFO - [2024-12-18T06:30:28.127+0000] {dag.py:3239} INFO - Sync 1 DAGs
[2024-12-18T06:30:28.245+0000] {logging_mixin.py:190} INFO - [2024-12-18T06:30:28.245+0000] {dag.py:4180} INFO - Setting next_dagrun for parallel_new_financial_reports to None, run_after=None
[2024-12-18T06:30:28.278+0000] {processor.py:208} INFO - Processing /opt/airflow/dags/Extract_new_financial_data.py took 0.504 seconds
[2024-12-18T06:30:58.812+0000] {processor.py:186} INFO - Started process (PID=1072) to work on /opt/airflow/dags/Extract_new_financial_data.py
[2024-12-18T06:30:58.813+0000] {processor.py:914} INFO - Processing file /opt/airflow/dags/Extract_new_financial_data.py for tasks to queue
[2024-12-18T06:30:58.816+0000] {logging_mixin.py:190} INFO - [2024-12-18T06:30:58.816+0000] {dagbag.py:588} INFO - Filling up the DagBag from /opt/airflow/dags/Extract_new_financial_data.py
[2024-12-18T06:30:59.150+0000] {processor.py:925} INFO - DAG(s) 'parallel_new_financial_reports' retrieved from /opt/airflow/dags/Extract_new_financial_data.py
[2024-12-18T06:30:59.228+0000] {logging_mixin.py:190} INFO - [2024-12-18T06:30:59.227+0000] {dag.py:3239} INFO - Sync 1 DAGs
[2024-12-18T06:30:59.292+0000] {logging_mixin.py:190} INFO - [2024-12-18T06:30:59.291+0000] {dag.py:4180} INFO - Setting next_dagrun for parallel_new_financial_reports to None, run_after=None
[2024-12-18T06:30:59.357+0000] {processor.py:208} INFO - Processing /opt/airflow/dags/Extract_new_financial_data.py took 0.554 seconds
[2024-12-18T06:31:30.152+0000] {processor.py:186} INFO - Started process (PID=1108) to work on /opt/airflow/dags/Extract_new_financial_data.py
[2024-12-18T06:31:30.154+0000] {processor.py:914} INFO - Processing file /opt/airflow/dags/Extract_new_financial_data.py for tasks to queue
[2024-12-18T06:31:30.156+0000] {logging_mixin.py:190} INFO - [2024-12-18T06:31:30.156+0000] {dagbag.py:588} INFO - Filling up the DagBag from /opt/airflow/dags/Extract_new_financial_data.py
[2024-12-18T06:31:30.443+0000] {processor.py:925} INFO - DAG(s) 'parallel_new_financial_reports' retrieved from /opt/airflow/dags/Extract_new_financial_data.py
[2024-12-18T06:31:30.562+0000] {logging_mixin.py:190} INFO - [2024-12-18T06:31:30.560+0000] {dag.py:3239} INFO - Sync 1 DAGs
[2024-12-18T06:31:30.584+0000] {logging_mixin.py:190} INFO - [2024-12-18T06:31:30.583+0000] {dag.py:4180} INFO - Setting next_dagrun for parallel_new_financial_reports to None, run_after=None
[2024-12-18T06:31:30.627+0000] {processor.py:208} INFO - Processing /opt/airflow/dags/Extract_new_financial_data.py took 0.480 seconds
[2024-12-18T06:32:01.265+0000] {processor.py:186} INFO - Started process (PID=1144) to work on /opt/airflow/dags/Extract_new_financial_data.py
[2024-12-18T06:32:01.267+0000] {processor.py:914} INFO - Processing file /opt/airflow/dags/Extract_new_financial_data.py for tasks to queue
[2024-12-18T06:32:01.269+0000] {logging_mixin.py:190} INFO - [2024-12-18T06:32:01.269+0000] {dagbag.py:588} INFO - Filling up the DagBag from /opt/airflow/dags/Extract_new_financial_data.py
[2024-12-18T06:32:01.550+0000] {processor.py:925} INFO - DAG(s) 'parallel_new_financial_reports' retrieved from /opt/airflow/dags/Extract_new_financial_data.py
[2024-12-18T06:32:01.611+0000] {logging_mixin.py:190} INFO - [2024-12-18T06:32:01.610+0000] {dag.py:3239} INFO - Sync 1 DAGs
[2024-12-18T06:32:01.625+0000] {logging_mixin.py:190} INFO - [2024-12-18T06:32:01.625+0000] {dag.py:4180} INFO - Setting next_dagrun for parallel_new_financial_reports to None, run_after=None
[2024-12-18T06:32:01.770+0000] {processor.py:208} INFO - Processing /opt/airflow/dags/Extract_new_financial_data.py took 0.510 seconds
[2024-12-18T06:32:31.980+0000] {processor.py:186} INFO - Started process (PID=1180) to work on /opt/airflow/dags/Extract_new_financial_data.py
[2024-12-18T06:32:31.982+0000] {processor.py:914} INFO - Processing file /opt/airflow/dags/Extract_new_financial_data.py for tasks to queue
[2024-12-18T06:32:31.984+0000] {logging_mixin.py:190} INFO - [2024-12-18T06:32:31.984+0000] {dagbag.py:588} INFO - Filling up the DagBag from /opt/airflow/dags/Extract_new_financial_data.py
[2024-12-18T06:32:32.287+0000] {processor.py:925} INFO - DAG(s) 'parallel_new_financial_reports' retrieved from /opt/airflow/dags/Extract_new_financial_data.py
[2024-12-18T06:32:32.458+0000] {logging_mixin.py:190} INFO - [2024-12-18T06:32:32.348+0000] {dag.py:3239} INFO - Sync 1 DAGs
[2024-12-18T06:32:32.469+0000] {logging_mixin.py:190} INFO - [2024-12-18T06:32:32.469+0000] {dag.py:4180} INFO - Setting next_dagrun for parallel_new_financial_reports to None, run_after=None
[2024-12-18T06:32:32.504+0000] {processor.py:208} INFO - Processing /opt/airflow/dags/Extract_new_financial_data.py took 0.528 seconds
[2024-12-18T06:33:03.499+0000] {processor.py:186} INFO - Started process (PID=1216) to work on /opt/airflow/dags/Extract_new_financial_data.py
[2024-12-18T06:33:03.501+0000] {processor.py:914} INFO - Processing file /opt/airflow/dags/Extract_new_financial_data.py for tasks to queue
[2024-12-18T06:33:03.505+0000] {logging_mixin.py:190} INFO - [2024-12-18T06:33:03.504+0000] {dagbag.py:588} INFO - Filling up the DagBag from /opt/airflow/dags/Extract_new_financial_data.py
[2024-12-18T06:33:03.877+0000] {processor.py:925} INFO - DAG(s) 'parallel_new_financial_reports' retrieved from /opt/airflow/dags/Extract_new_financial_data.py
[2024-12-18T06:33:03.923+0000] {logging_mixin.py:190} INFO - [2024-12-18T06:33:03.923+0000] {dag.py:3239} INFO - Sync 1 DAGs
[2024-12-18T06:33:03.937+0000] {logging_mixin.py:190} INFO - [2024-12-18T06:33:03.937+0000] {dag.py:4180} INFO - Setting next_dagrun for parallel_new_financial_reports to None, run_after=None
[2024-12-18T06:33:03.973+0000] {processor.py:208} INFO - Processing /opt/airflow/dags/Extract_new_financial_data.py took 0.485 seconds
[2024-12-18T06:33:34.285+0000] {processor.py:186} INFO - Started process (PID=1252) to work on /opt/airflow/dags/Extract_new_financial_data.py
[2024-12-18T06:33:34.289+0000] {processor.py:914} INFO - Processing file /opt/airflow/dags/Extract_new_financial_data.py for tasks to queue
[2024-12-18T06:33:34.291+0000] {logging_mixin.py:190} INFO - [2024-12-18T06:33:34.291+0000] {dagbag.py:588} INFO - Filling up the DagBag from /opt/airflow/dags/Extract_new_financial_data.py
[2024-12-18T06:33:34.655+0000] {processor.py:925} INFO - DAG(s) 'parallel_new_financial_reports' retrieved from /opt/airflow/dags/Extract_new_financial_data.py
[2024-12-18T06:33:34.730+0000] {logging_mixin.py:190} INFO - [2024-12-18T06:33:34.729+0000] {dag.py:3239} INFO - Sync 1 DAGs
[2024-12-18T06:33:34.751+0000] {logging_mixin.py:190} INFO - [2024-12-18T06:33:34.750+0000] {dag.py:4180} INFO - Setting next_dagrun for parallel_new_financial_reports to None, run_after=None
[2024-12-18T06:33:34.799+0000] {processor.py:208} INFO - Processing /opt/airflow/dags/Extract_new_financial_data.py took 0.522 seconds
[2024-12-18T06:34:05.638+0000] {processor.py:186} INFO - Started process (PID=1288) to work on /opt/airflow/dags/Extract_new_financial_data.py
[2024-12-18T06:34:05.640+0000] {processor.py:914} INFO - Processing file /opt/airflow/dags/Extract_new_financial_data.py for tasks to queue
[2024-12-18T06:34:05.643+0000] {logging_mixin.py:190} INFO - [2024-12-18T06:34:05.642+0000] {dagbag.py:588} INFO - Filling up the DagBag from /opt/airflow/dags/Extract_new_financial_data.py
[2024-12-18T06:34:06.038+0000] {processor.py:925} INFO - DAG(s) 'parallel_new_financial_reports' retrieved from /opt/airflow/dags/Extract_new_financial_data.py
[2024-12-18T06:34:06.098+0000] {logging_mixin.py:190} INFO - [2024-12-18T06:34:06.098+0000] {dag.py:3239} INFO - Sync 1 DAGs
[2024-12-18T06:34:06.115+0000] {logging_mixin.py:190} INFO - [2024-12-18T06:34:06.115+0000] {dag.py:4180} INFO - Setting next_dagrun for parallel_new_financial_reports to None, run_after=None
[2024-12-18T06:34:06.281+0000] {processor.py:208} INFO - Processing /opt/airflow/dags/Extract_new_financial_data.py took 0.649 seconds
[2024-12-18T06:34:37.001+0000] {processor.py:186} INFO - Started process (PID=1324) to work on /opt/airflow/dags/Extract_new_financial_data.py
[2024-12-18T06:34:37.003+0000] {processor.py:914} INFO - Processing file /opt/airflow/dags/Extract_new_financial_data.py for tasks to queue
[2024-12-18T06:34:37.007+0000] {logging_mixin.py:190} INFO - [2024-12-18T06:34:37.006+0000] {dagbag.py:588} INFO - Filling up the DagBag from /opt/airflow/dags/Extract_new_financial_data.py
[2024-12-18T06:34:37.430+0000] {processor.py:925} INFO - DAG(s) 'parallel_new_financial_reports' retrieved from /opt/airflow/dags/Extract_new_financial_data.py
[2024-12-18T06:34:37.681+0000] {logging_mixin.py:190} INFO - [2024-12-18T06:34:37.498+0000] {dag.py:3239} INFO - Sync 1 DAGs
[2024-12-18T06:34:37.698+0000] {logging_mixin.py:190} INFO - [2024-12-18T06:34:37.698+0000] {dag.py:4180} INFO - Setting next_dagrun for parallel_new_financial_reports to None, run_after=None
[2024-12-18T06:34:37.735+0000] {processor.py:208} INFO - Processing /opt/airflow/dags/Extract_new_financial_data.py took 0.745 seconds
