[2024-12-18T03:47:31.835+0000] {processor.py:186} INFO - Started process (PID=217) to work on /opt/airflow/dags/Extract_history_price_data.py
[2024-12-18T03:47:31.836+0000] {processor.py:914} INFO - Processing file /opt/airflow/dags/Extract_history_price_data.py for tasks to queue
[2024-12-18T03:47:31.840+0000] {logging_mixin.py:190} INFO - [2024-12-18T03:47:31.839+0000] {dagbag.py:588} INFO - Filling up the DagBag from /opt/airflow/dags/Extract_history_price_data.py
[2024-12-18T03:47:33.963+0000] {processor.py:925} INFO - DAG(s) 'parallel_historical_price_with_group' retrieved from /opt/airflow/dags/Extract_history_price_data.py
[2024-12-18T03:47:34.069+0000] {logging_mixin.py:190} INFO - [2024-12-18T03:47:34.068+0000] {dag.py:3239} INFO - Sync 1 DAGs
[2024-12-18T03:47:34.097+0000] {logging_mixin.py:190} INFO - [2024-12-18T03:47:34.097+0000] {dag.py:4180} INFO - Setting next_dagrun for parallel_historical_price_with_group to None, run_after=None
[2024-12-18T03:47:34.161+0000] {processor.py:208} INFO - Processing /opt/airflow/dags/Extract_history_price_data.py took 2.336 seconds
[2024-12-18T03:48:04.646+0000] {processor.py:186} INFO - Started process (PID=254) to work on /opt/airflow/dags/Extract_history_price_data.py
[2024-12-18T03:48:04.648+0000] {processor.py:914} INFO - Processing file /opt/airflow/dags/Extract_history_price_data.py for tasks to queue
[2024-12-18T03:48:04.651+0000] {logging_mixin.py:190} INFO - [2024-12-18T03:48:04.651+0000] {dagbag.py:588} INFO - Filling up the DagBag from /opt/airflow/dags/Extract_history_price_data.py
[2024-12-18T03:48:06.405+0000] {processor.py:925} INFO - DAG(s) 'parallel_historical_price_with_group' retrieved from /opt/airflow/dags/Extract_history_price_data.py
[2024-12-18T03:48:06.495+0000] {logging_mixin.py:190} INFO - [2024-12-18T03:48:06.495+0000] {dag.py:3239} INFO - Sync 1 DAGs
[2024-12-18T03:48:06.522+0000] {logging_mixin.py:190} INFO - [2024-12-18T03:48:06.522+0000] {dag.py:4180} INFO - Setting next_dagrun for parallel_historical_price_with_group to None, run_after=None
[2024-12-18T03:48:06.586+0000] {processor.py:208} INFO - Processing /opt/airflow/dags/Extract_history_price_data.py took 1.950 seconds
[2024-12-18T03:48:37.120+0000] {processor.py:186} INFO - Started process (PID=290) to work on /opt/airflow/dags/Extract_history_price_data.py
[2024-12-18T03:48:37.122+0000] {processor.py:914} INFO - Processing file /opt/airflow/dags/Extract_history_price_data.py for tasks to queue
[2024-12-18T03:48:37.125+0000] {logging_mixin.py:190} INFO - [2024-12-18T03:48:37.125+0000] {dagbag.py:588} INFO - Filling up the DagBag from /opt/airflow/dags/Extract_history_price_data.py
[2024-12-18T03:48:38.341+0000] {processor.py:925} INFO - DAG(s) 'parallel_historical_price_with_group' retrieved from /opt/airflow/dags/Extract_history_price_data.py
[2024-12-18T03:48:38.406+0000] {logging_mixin.py:190} INFO - [2024-12-18T03:48:38.406+0000] {dag.py:3239} INFO - Sync 1 DAGs
[2024-12-18T03:48:38.420+0000] {logging_mixin.py:190} INFO - [2024-12-18T03:48:38.419+0000] {dag.py:4180} INFO - Setting next_dagrun for parallel_historical_price_with_group to None, run_after=None
[2024-12-18T03:48:38.460+0000] {processor.py:208} INFO - Processing /opt/airflow/dags/Extract_history_price_data.py took 1.347 seconds
[2024-12-18T03:49:09.072+0000] {processor.py:186} INFO - Started process (PID=325) to work on /opt/airflow/dags/Extract_history_price_data.py
[2024-12-18T03:49:09.073+0000] {processor.py:914} INFO - Processing file /opt/airflow/dags/Extract_history_price_data.py for tasks to queue
[2024-12-18T03:49:09.076+0000] {logging_mixin.py:190} INFO - [2024-12-18T03:49:09.075+0000] {dagbag.py:588} INFO - Filling up the DagBag from /opt/airflow/dags/Extract_history_price_data.py
[2024-12-18T03:49:10.337+0000] {processor.py:925} INFO - DAG(s) 'parallel_historical_price_with_group' retrieved from /opt/airflow/dags/Extract_history_price_data.py
[2024-12-18T03:49:10.400+0000] {logging_mixin.py:190} INFO - [2024-12-18T03:49:10.400+0000] {dag.py:3239} INFO - Sync 1 DAGs
[2024-12-18T03:49:10.421+0000] {logging_mixin.py:190} INFO - [2024-12-18T03:49:10.421+0000] {dag.py:4180} INFO - Setting next_dagrun for parallel_historical_price_with_group to None, run_after=None
[2024-12-18T03:49:10.467+0000] {processor.py:208} INFO - Processing /opt/airflow/dags/Extract_history_price_data.py took 1.400 seconds
[2024-12-18T03:49:41.221+0000] {processor.py:186} INFO - Started process (PID=361) to work on /opt/airflow/dags/Extract_history_price_data.py
[2024-12-18T03:49:41.223+0000] {processor.py:914} INFO - Processing file /opt/airflow/dags/Extract_history_price_data.py for tasks to queue
[2024-12-18T03:49:41.226+0000] {logging_mixin.py:190} INFO - [2024-12-18T03:49:41.226+0000] {dagbag.py:588} INFO - Filling up the DagBag from /opt/airflow/dags/Extract_history_price_data.py
[2024-12-18T03:49:42.446+0000] {processor.py:925} INFO - DAG(s) 'parallel_historical_price_with_group' retrieved from /opt/airflow/dags/Extract_history_price_data.py
[2024-12-18T03:49:42.499+0000] {logging_mixin.py:190} INFO - [2024-12-18T03:49:42.499+0000] {dag.py:3239} INFO - Sync 1 DAGs
[2024-12-18T03:49:42.568+0000] {logging_mixin.py:190} INFO - [2024-12-18T03:49:42.568+0000] {dag.py:4180} INFO - Setting next_dagrun for parallel_historical_price_with_group to None, run_after=None
[2024-12-18T03:49:42.613+0000] {processor.py:208} INFO - Processing /opt/airflow/dags/Extract_history_price_data.py took 1.399 seconds
[2024-12-18T03:50:13.336+0000] {processor.py:186} INFO - Started process (PID=398) to work on /opt/airflow/dags/Extract_history_price_data.py
[2024-12-18T03:50:13.338+0000] {processor.py:914} INFO - Processing file /opt/airflow/dags/Extract_history_price_data.py for tasks to queue
[2024-12-18T03:50:13.341+0000] {logging_mixin.py:190} INFO - [2024-12-18T03:50:13.340+0000] {dagbag.py:588} INFO - Filling up the DagBag from /opt/airflow/dags/Extract_history_price_data.py
[2024-12-18T03:50:14.496+0000] {processor.py:925} INFO - DAG(s) 'parallel_historical_price_with_group' retrieved from /opt/airflow/dags/Extract_history_price_data.py
[2024-12-18T03:50:14.552+0000] {logging_mixin.py:190} INFO - [2024-12-18T03:50:14.551+0000] {dag.py:3239} INFO - Sync 1 DAGs
[2024-12-18T03:50:14.570+0000] {logging_mixin.py:190} INFO - [2024-12-18T03:50:14.569+0000] {dag.py:4180} INFO - Setting next_dagrun for parallel_historical_price_with_group to None, run_after=None
[2024-12-18T03:50:14.600+0000] {processor.py:208} INFO - Processing /opt/airflow/dags/Extract_history_price_data.py took 1.270 seconds
[2024-12-18T03:50:45.932+0000] {processor.py:186} INFO - Started process (PID=436) to work on /opt/airflow/dags/Extract_history_price_data.py
[2024-12-18T03:50:45.934+0000] {processor.py:914} INFO - Processing file /opt/airflow/dags/Extract_history_price_data.py for tasks to queue
[2024-12-18T03:50:45.938+0000] {logging_mixin.py:190} INFO - [2024-12-18T03:50:45.938+0000] {dagbag.py:588} INFO - Filling up the DagBag from /opt/airflow/dags/Extract_history_price_data.py
[2024-12-18T03:50:47.190+0000] {processor.py:925} INFO - DAG(s) 'parallel_historical_price_with_group' retrieved from /opt/airflow/dags/Extract_history_price_data.py
[2024-12-18T03:50:47.251+0000] {logging_mixin.py:190} INFO - [2024-12-18T03:50:47.250+0000] {dag.py:3239} INFO - Sync 1 DAGs
[2024-12-18T03:50:47.278+0000] {logging_mixin.py:190} INFO - [2024-12-18T03:50:47.278+0000] {dag.py:4180} INFO - Setting next_dagrun for parallel_historical_price_with_group to None, run_after=None
[2024-12-18T03:50:47.316+0000] {processor.py:208} INFO - Processing /opt/airflow/dags/Extract_history_price_data.py took 1.401 seconds
[2024-12-18T06:18:29.467+0000] {processor.py:186} INFO - Started process (PID=215) to work on /opt/airflow/dags/Extract_history_price_data.py
[2024-12-18T06:18:29.469+0000] {processor.py:914} INFO - Processing file /opt/airflow/dags/Extract_history_price_data.py for tasks to queue
[2024-12-18T06:18:29.473+0000] {logging_mixin.py:190} INFO - [2024-12-18T06:18:29.472+0000] {dagbag.py:588} INFO - Filling up the DagBag from /opt/airflow/dags/Extract_history_price_data.py
[2024-12-18T06:18:31.509+0000] {processor.py:925} INFO - DAG(s) 'parallel_historical_price_with_group' retrieved from /opt/airflow/dags/Extract_history_price_data.py
[2024-12-18T06:18:31.614+0000] {logging_mixin.py:190} INFO - [2024-12-18T06:18:31.612+0000] {dag.py:3239} INFO - Sync 1 DAGs
[2024-12-18T06:18:31.640+0000] {logging_mixin.py:190} INFO - [2024-12-18T06:18:31.639+0000] {dag.py:4180} INFO - Setting next_dagrun for parallel_historical_price_with_group to None, run_after=None
[2024-12-18T06:18:31.691+0000] {processor.py:208} INFO - Processing /opt/airflow/dags/Extract_history_price_data.py took 2.235 seconds
[2024-12-18T06:19:02.931+0000] {processor.py:186} INFO - Started process (PID=252) to work on /opt/airflow/dags/Extract_history_price_data.py
[2024-12-18T06:19:02.933+0000] {processor.py:914} INFO - Processing file /opt/airflow/dags/Extract_history_price_data.py for tasks to queue
[2024-12-18T06:19:02.936+0000] {logging_mixin.py:190} INFO - [2024-12-18T06:19:02.935+0000] {dagbag.py:588} INFO - Filling up the DagBag from /opt/airflow/dags/Extract_history_price_data.py
[2024-12-18T06:19:04.475+0000] {processor.py:925} INFO - DAG(s) 'parallel_historical_price_with_group' retrieved from /opt/airflow/dags/Extract_history_price_data.py
[2024-12-18T06:19:04.545+0000] {logging_mixin.py:190} INFO - [2024-12-18T06:19:04.544+0000] {dag.py:3239} INFO - Sync 1 DAGs
[2024-12-18T06:19:04.564+0000] {logging_mixin.py:190} INFO - [2024-12-18T06:19:04.564+0000] {dag.py:4180} INFO - Setting next_dagrun for parallel_historical_price_with_group to None, run_after=None
[2024-12-18T06:19:04.612+0000] {processor.py:208} INFO - Processing /opt/airflow/dags/Extract_history_price_data.py took 1.687 seconds
[2024-12-18T06:19:34.975+0000] {processor.py:186} INFO - Started process (PID=294) to work on /opt/airflow/dags/Extract_history_price_data.py
[2024-12-18T06:19:34.978+0000] {processor.py:914} INFO - Processing file /opt/airflow/dags/Extract_history_price_data.py for tasks to queue
[2024-12-18T06:19:34.980+0000] {logging_mixin.py:190} INFO - [2024-12-18T06:19:34.980+0000] {dagbag.py:588} INFO - Filling up the DagBag from /opt/airflow/dags/Extract_history_price_data.py
[2024-12-18T06:19:35.975+0000] {processor.py:925} INFO - DAG(s) 'parallel_historical_price_with_group' retrieved from /opt/airflow/dags/Extract_history_price_data.py
[2024-12-18T06:19:36.028+0000] {logging_mixin.py:190} INFO - [2024-12-18T06:19:36.028+0000] {dag.py:3239} INFO - Sync 1 DAGs
[2024-12-18T06:19:36.041+0000] {logging_mixin.py:190} INFO - [2024-12-18T06:19:36.040+0000] {dag.py:4180} INFO - Setting next_dagrun for parallel_historical_price_with_group to None, run_after=None
[2024-12-18T06:19:36.076+0000] {processor.py:208} INFO - Processing /opt/airflow/dags/Extract_history_price_data.py took 1.109 seconds
[2024-12-18T06:20:06.455+0000] {processor.py:186} INFO - Started process (PID=330) to work on /opt/airflow/dags/Extract_history_price_data.py
[2024-12-18T06:20:06.456+0000] {processor.py:914} INFO - Processing file /opt/airflow/dags/Extract_history_price_data.py for tasks to queue
[2024-12-18T06:20:06.459+0000] {logging_mixin.py:190} INFO - [2024-12-18T06:20:06.458+0000] {dagbag.py:588} INFO - Filling up the DagBag from /opt/airflow/dags/Extract_history_price_data.py
[2024-12-18T06:20:07.406+0000] {processor.py:925} INFO - DAG(s) 'parallel_historical_price_with_group' retrieved from /opt/airflow/dags/Extract_history_price_data.py
[2024-12-18T06:20:07.461+0000] {logging_mixin.py:190} INFO - [2024-12-18T06:20:07.461+0000] {dag.py:3239} INFO - Sync 1 DAGs
[2024-12-18T06:20:07.475+0000] {logging_mixin.py:190} INFO - [2024-12-18T06:20:07.475+0000] {dag.py:4180} INFO - Setting next_dagrun for parallel_historical_price_with_group to None, run_after=None
[2024-12-18T06:20:07.512+0000] {processor.py:208} INFO - Processing /opt/airflow/dags/Extract_history_price_data.py took 1.065 seconds
[2024-12-18T06:20:38.220+0000] {processor.py:186} INFO - Started process (PID=366) to work on /opt/airflow/dags/Extract_history_price_data.py
[2024-12-18T06:20:38.221+0000] {processor.py:914} INFO - Processing file /opt/airflow/dags/Extract_history_price_data.py for tasks to queue
[2024-12-18T06:20:38.224+0000] {logging_mixin.py:190} INFO - [2024-12-18T06:20:38.224+0000] {dagbag.py:588} INFO - Filling up the DagBag from /opt/airflow/dags/Extract_history_price_data.py
[2024-12-18T06:20:39.476+0000] {processor.py:925} INFO - DAG(s) 'parallel_historical_price_with_group' retrieved from /opt/airflow/dags/Extract_history_price_data.py
[2024-12-18T06:20:39.535+0000] {logging_mixin.py:190} INFO - [2024-12-18T06:20:39.534+0000] {dag.py:3239} INFO - Sync 1 DAGs
[2024-12-18T06:20:39.550+0000] {logging_mixin.py:190} INFO - [2024-12-18T06:20:39.550+0000] {dag.py:4180} INFO - Setting next_dagrun for parallel_historical_price_with_group to None, run_after=None
[2024-12-18T06:20:39.603+0000] {processor.py:208} INFO - Processing /opt/airflow/dags/Extract_history_price_data.py took 1.389 seconds
[2024-12-18T06:21:09.728+0000] {processor.py:186} INFO - Started process (PID=396) to work on /opt/airflow/dags/Extract_history_price_data.py
[2024-12-18T06:21:09.731+0000] {processor.py:914} INFO - Processing file /opt/airflow/dags/Extract_history_price_data.py for tasks to queue
[2024-12-18T06:21:09.734+0000] {logging_mixin.py:190} INFO - [2024-12-18T06:21:09.734+0000] {dagbag.py:588} INFO - Filling up the DagBag from /opt/airflow/dags/Extract_history_price_data.py
[2024-12-18T06:21:10.958+0000] {processor.py:925} INFO - DAG(s) 'parallel_historical_price_with_group' retrieved from /opt/airflow/dags/Extract_history_price_data.py
[2024-12-18T06:21:11.023+0000] {logging_mixin.py:190} INFO - [2024-12-18T06:21:11.022+0000] {dag.py:3239} INFO - Sync 1 DAGs
[2024-12-18T06:21:11.036+0000] {logging_mixin.py:190} INFO - [2024-12-18T06:21:11.036+0000] {dag.py:4180} INFO - Setting next_dagrun for parallel_historical_price_with_group to None, run_after=None
[2024-12-18T06:21:11.072+0000] {processor.py:208} INFO - Processing /opt/airflow/dags/Extract_history_price_data.py took 1.352 seconds
[2024-12-18T06:21:41.423+0000] {processor.py:186} INFO - Started process (PID=432) to work on /opt/airflow/dags/Extract_history_price_data.py
[2024-12-18T06:21:41.425+0000] {processor.py:914} INFO - Processing file /opt/airflow/dags/Extract_history_price_data.py for tasks to queue
[2024-12-18T06:21:41.428+0000] {logging_mixin.py:190} INFO - [2024-12-18T06:21:41.428+0000] {dagbag.py:588} INFO - Filling up the DagBag from /opt/airflow/dags/Extract_history_price_data.py
[2024-12-18T06:21:42.784+0000] {processor.py:925} INFO - DAG(s) 'parallel_historical_price_with_group' retrieved from /opt/airflow/dags/Extract_history_price_data.py
[2024-12-18T06:21:42.897+0000] {logging_mixin.py:190} INFO - [2024-12-18T06:21:42.896+0000] {dag.py:3239} INFO - Sync 1 DAGs
[2024-12-18T06:21:42.910+0000] {logging_mixin.py:190} INFO - [2024-12-18T06:21:42.910+0000] {dag.py:4180} INFO - Setting next_dagrun for parallel_historical_price_with_group to None, run_after=None
[2024-12-18T06:21:42.946+0000] {processor.py:208} INFO - Processing /opt/airflow/dags/Extract_history_price_data.py took 1.530 seconds
[2024-12-18T06:22:13.505+0000] {processor.py:186} INFO - Started process (PID=470) to work on /opt/airflow/dags/Extract_history_price_data.py
[2024-12-18T06:22:13.508+0000] {processor.py:914} INFO - Processing file /opt/airflow/dags/Extract_history_price_data.py for tasks to queue
[2024-12-18T06:22:13.511+0000] {logging_mixin.py:190} INFO - [2024-12-18T06:22:13.511+0000] {dagbag.py:588} INFO - Filling up the DagBag from /opt/airflow/dags/Extract_history_price_data.py
[2024-12-18T06:22:14.616+0000] {processor.py:925} INFO - DAG(s) 'parallel_historical_price_with_group' retrieved from /opt/airflow/dags/Extract_history_price_data.py
[2024-12-18T06:22:14.679+0000] {logging_mixin.py:190} INFO - [2024-12-18T06:22:14.678+0000] {dag.py:3239} INFO - Sync 1 DAGs
[2024-12-18T06:22:14.694+0000] {logging_mixin.py:190} INFO - [2024-12-18T06:22:14.693+0000] {dag.py:4180} INFO - Setting next_dagrun for parallel_historical_price_with_group to None, run_after=None
[2024-12-18T06:22:14.734+0000] {processor.py:208} INFO - Processing /opt/airflow/dags/Extract_history_price_data.py took 1.238 seconds
[2024-12-18T06:22:44.892+0000] {processor.py:186} INFO - Started process (PID=504) to work on /opt/airflow/dags/Extract_history_price_data.py
[2024-12-18T06:22:44.894+0000] {processor.py:914} INFO - Processing file /opt/airflow/dags/Extract_history_price_data.py for tasks to queue
[2024-12-18T06:22:44.897+0000] {logging_mixin.py:190} INFO - [2024-12-18T06:22:44.896+0000] {dagbag.py:588} INFO - Filling up the DagBag from /opt/airflow/dags/Extract_history_price_data.py
[2024-12-18T06:22:46.022+0000] {processor.py:925} INFO - DAG(s) 'parallel_historical_price_with_group' retrieved from /opt/airflow/dags/Extract_history_price_data.py
[2024-12-18T06:22:46.094+0000] {logging_mixin.py:190} INFO - [2024-12-18T06:22:46.093+0000] {dag.py:3239} INFO - Sync 1 DAGs
[2024-12-18T06:22:46.109+0000] {logging_mixin.py:190} INFO - [2024-12-18T06:22:46.109+0000] {dag.py:4180} INFO - Setting next_dagrun for parallel_historical_price_with_group to None, run_after=None
[2024-12-18T06:22:46.154+0000] {processor.py:208} INFO - Processing /opt/airflow/dags/Extract_history_price_data.py took 1.267 seconds
[2024-12-18T06:23:16.352+0000] {processor.py:186} INFO - Started process (PID=540) to work on /opt/airflow/dags/Extract_history_price_data.py
[2024-12-18T06:23:16.355+0000] {processor.py:914} INFO - Processing file /opt/airflow/dags/Extract_history_price_data.py for tasks to queue
[2024-12-18T06:23:16.358+0000] {logging_mixin.py:190} INFO - [2024-12-18T06:23:16.357+0000] {dagbag.py:588} INFO - Filling up the DagBag from /opt/airflow/dags/Extract_history_price_data.py
[2024-12-18T06:23:17.623+0000] {processor.py:925} INFO - DAG(s) 'parallel_historical_price_with_group' retrieved from /opt/airflow/dags/Extract_history_price_data.py
[2024-12-18T06:23:17.666+0000] {logging_mixin.py:190} INFO - [2024-12-18T06:23:17.666+0000] {dag.py:3239} INFO - Sync 1 DAGs
[2024-12-18T06:23:17.680+0000] {logging_mixin.py:190} INFO - [2024-12-18T06:23:17.680+0000] {dag.py:4180} INFO - Setting next_dagrun for parallel_historical_price_with_group to None, run_after=None
[2024-12-18T06:23:17.715+0000] {processor.py:208} INFO - Processing /opt/airflow/dags/Extract_history_price_data.py took 1.375 seconds
[2024-12-18T06:23:48.255+0000] {processor.py:186} INFO - Started process (PID=582) to work on /opt/airflow/dags/Extract_history_price_data.py
[2024-12-18T06:23:48.257+0000] {processor.py:914} INFO - Processing file /opt/airflow/dags/Extract_history_price_data.py for tasks to queue
[2024-12-18T06:23:48.259+0000] {logging_mixin.py:190} INFO - [2024-12-18T06:23:48.259+0000] {dagbag.py:588} INFO - Filling up the DagBag from /opt/airflow/dags/Extract_history_price_data.py
[2024-12-18T06:23:49.317+0000] {processor.py:925} INFO - DAG(s) 'parallel_historical_price_with_group' retrieved from /opt/airflow/dags/Extract_history_price_data.py
[2024-12-18T06:23:49.376+0000] {logging_mixin.py:190} INFO - [2024-12-18T06:23:49.375+0000] {dag.py:3239} INFO - Sync 1 DAGs
[2024-12-18T06:23:49.391+0000] {logging_mixin.py:190} INFO - [2024-12-18T06:23:49.391+0000] {dag.py:4180} INFO - Setting next_dagrun for parallel_historical_price_with_group to None, run_after=None
[2024-12-18T06:23:49.430+0000] {processor.py:208} INFO - Processing /opt/airflow/dags/Extract_history_price_data.py took 1.183 seconds
[2024-12-18T06:24:19.610+0000] {processor.py:186} INFO - Started process (PID=618) to work on /opt/airflow/dags/Extract_history_price_data.py
[2024-12-18T06:24:19.613+0000] {processor.py:914} INFO - Processing file /opt/airflow/dags/Extract_history_price_data.py for tasks to queue
[2024-12-18T06:24:19.616+0000] {logging_mixin.py:190} INFO - [2024-12-18T06:24:19.615+0000] {dagbag.py:588} INFO - Filling up the DagBag from /opt/airflow/dags/Extract_history_price_data.py
[2024-12-18T06:24:20.906+0000] {processor.py:925} INFO - DAG(s) 'parallel_historical_price_with_group' retrieved from /opt/airflow/dags/Extract_history_price_data.py
[2024-12-18T06:24:20.962+0000] {logging_mixin.py:190} INFO - [2024-12-18T06:24:20.961+0000] {dag.py:3239} INFO - Sync 1 DAGs
[2024-12-18T06:24:20.975+0000] {logging_mixin.py:190} INFO - [2024-12-18T06:24:20.975+0000] {dag.py:4180} INFO - Setting next_dagrun for parallel_historical_price_with_group to None, run_after=None
[2024-12-18T06:24:21.012+0000] {processor.py:208} INFO - Processing /opt/airflow/dags/Extract_history_price_data.py took 1.411 seconds
[2024-12-18T06:24:51.537+0000] {processor.py:186} INFO - Started process (PID=655) to work on /opt/airflow/dags/Extract_history_price_data.py
[2024-12-18T06:24:51.539+0000] {processor.py:914} INFO - Processing file /opt/airflow/dags/Extract_history_price_data.py for tasks to queue
[2024-12-18T06:24:51.543+0000] {logging_mixin.py:190} INFO - [2024-12-18T06:24:51.542+0000] {dagbag.py:588} INFO - Filling up the DagBag from /opt/airflow/dags/Extract_history_price_data.py
[2024-12-18T06:24:52.556+0000] {processor.py:925} INFO - DAG(s) 'parallel_historical_price_with_group' retrieved from /opt/airflow/dags/Extract_history_price_data.py
[2024-12-18T06:24:52.599+0000] {logging_mixin.py:190} INFO - [2024-12-18T06:24:52.598+0000] {dag.py:3239} INFO - Sync 1 DAGs
[2024-12-18T06:24:52.623+0000] {logging_mixin.py:190} INFO - [2024-12-18T06:24:52.621+0000] {dag.py:4180} INFO - Setting next_dagrun for parallel_historical_price_with_group to None, run_after=None
[2024-12-18T06:24:52.682+0000] {processor.py:208} INFO - Processing /opt/airflow/dags/Extract_history_price_data.py took 1.151 seconds
[2024-12-18T06:25:22.925+0000] {processor.py:186} INFO - Started process (PID=691) to work on /opt/airflow/dags/Extract_history_price_data.py
[2024-12-18T06:25:22.926+0000] {processor.py:914} INFO - Processing file /opt/airflow/dags/Extract_history_price_data.py for tasks to queue
[2024-12-18T06:25:22.928+0000] {logging_mixin.py:190} INFO - [2024-12-18T06:25:22.928+0000] {dagbag.py:588} INFO - Filling up the DagBag from /opt/airflow/dags/Extract_history_price_data.py
[2024-12-18T06:25:23.992+0000] {processor.py:925} INFO - DAG(s) 'parallel_historical_price_with_group' retrieved from /opt/airflow/dags/Extract_history_price_data.py
[2024-12-18T06:25:24.059+0000] {logging_mixin.py:190} INFO - [2024-12-18T06:25:24.058+0000] {dag.py:3239} INFO - Sync 1 DAGs
[2024-12-18T06:25:24.074+0000] {logging_mixin.py:190} INFO - [2024-12-18T06:25:24.074+0000] {dag.py:4180} INFO - Setting next_dagrun for parallel_historical_price_with_group to None, run_after=None
[2024-12-18T06:25:24.113+0000] {processor.py:208} INFO - Processing /opt/airflow/dags/Extract_history_price_data.py took 1.193 seconds
[2024-12-18T06:25:54.731+0000] {processor.py:186} INFO - Started process (PID=733) to work on /opt/airflow/dags/Extract_history_price_data.py
[2024-12-18T06:25:54.733+0000] {processor.py:914} INFO - Processing file /opt/airflow/dags/Extract_history_price_data.py for tasks to queue
[2024-12-18T06:25:54.736+0000] {logging_mixin.py:190} INFO - [2024-12-18T06:25:54.736+0000] {dagbag.py:588} INFO - Filling up the DagBag from /opt/airflow/dags/Extract_history_price_data.py
[2024-12-18T06:25:55.881+0000] {processor.py:925} INFO - DAG(s) 'parallel_historical_price_with_group' retrieved from /opt/airflow/dags/Extract_history_price_data.py
[2024-12-18T06:25:55.937+0000] {logging_mixin.py:190} INFO - [2024-12-18T06:25:55.936+0000] {dag.py:3239} INFO - Sync 1 DAGs
[2024-12-18T06:25:56.011+0000] {logging_mixin.py:190} INFO - [2024-12-18T06:25:56.011+0000] {dag.py:4180} INFO - Setting next_dagrun for parallel_historical_price_with_group to None, run_after=None
[2024-12-18T06:25:56.057+0000] {processor.py:208} INFO - Processing /opt/airflow/dags/Extract_history_price_data.py took 1.334 seconds
[2024-12-18T06:26:26.104+0000] {processor.py:186} INFO - Started process (PID=769) to work on /opt/airflow/dags/Extract_history_price_data.py
[2024-12-18T06:26:26.106+0000] {processor.py:914} INFO - Processing file /opt/airflow/dags/Extract_history_price_data.py for tasks to queue
[2024-12-18T06:26:26.108+0000] {logging_mixin.py:190} INFO - [2024-12-18T06:26:26.108+0000] {dagbag.py:588} INFO - Filling up the DagBag from /opt/airflow/dags/Extract_history_price_data.py
[2024-12-18T06:26:27.111+0000] {processor.py:925} INFO - DAG(s) 'parallel_historical_price_with_group' retrieved from /opt/airflow/dags/Extract_history_price_data.py
[2024-12-18T06:26:27.228+0000] {logging_mixin.py:190} INFO - [2024-12-18T06:26:27.228+0000] {dag.py:3239} INFO - Sync 1 DAGs
[2024-12-18T06:26:27.245+0000] {logging_mixin.py:190} INFO - [2024-12-18T06:26:27.244+0000] {dag.py:4180} INFO - Setting next_dagrun for parallel_historical_price_with_group to None, run_after=None
[2024-12-18T06:26:27.298+0000] {processor.py:208} INFO - Processing /opt/airflow/dags/Extract_history_price_data.py took 1.199 seconds
[2024-12-18T06:26:57.542+0000] {processor.py:186} INFO - Started process (PID=805) to work on /opt/airflow/dags/Extract_history_price_data.py
[2024-12-18T06:26:57.545+0000] {processor.py:914} INFO - Processing file /opt/airflow/dags/Extract_history_price_data.py for tasks to queue
[2024-12-18T06:26:57.548+0000] {logging_mixin.py:190} INFO - [2024-12-18T06:26:57.547+0000] {dagbag.py:588} INFO - Filling up the DagBag from /opt/airflow/dags/Extract_history_price_data.py
[2024-12-18T06:26:58.871+0000] {processor.py:925} INFO - DAG(s) 'parallel_historical_price_with_group' retrieved from /opt/airflow/dags/Extract_history_price_data.py
[2024-12-18T06:26:58.915+0000] {logging_mixin.py:190} INFO - [2024-12-18T06:26:58.915+0000] {dag.py:3239} INFO - Sync 1 DAGs
[2024-12-18T06:26:58.928+0000] {logging_mixin.py:190} INFO - [2024-12-18T06:26:58.928+0000] {dag.py:4180} INFO - Setting next_dagrun for parallel_historical_price_with_group to None, run_after=None
[2024-12-18T06:26:58.956+0000] {processor.py:208} INFO - Processing /opt/airflow/dags/Extract_history_price_data.py took 1.422 seconds
[2024-12-18T06:27:29.383+0000] {processor.py:186} INFO - Started process (PID=841) to work on /opt/airflow/dags/Extract_history_price_data.py
[2024-12-18T06:27:29.385+0000] {processor.py:914} INFO - Processing file /opt/airflow/dags/Extract_history_price_data.py for tasks to queue
[2024-12-18T06:27:29.387+0000] {logging_mixin.py:190} INFO - [2024-12-18T06:27:29.387+0000] {dagbag.py:588} INFO - Filling up the DagBag from /opt/airflow/dags/Extract_history_price_data.py
[2024-12-18T06:27:30.486+0000] {processor.py:925} INFO - DAG(s) 'parallel_historical_price_with_group' retrieved from /opt/airflow/dags/Extract_history_price_data.py
[2024-12-18T06:27:30.545+0000] {logging_mixin.py:190} INFO - [2024-12-18T06:27:30.544+0000] {dag.py:3239} INFO - Sync 1 DAGs
[2024-12-18T06:27:30.563+0000] {logging_mixin.py:190} INFO - [2024-12-18T06:27:30.563+0000] {dag.py:4180} INFO - Setting next_dagrun for parallel_historical_price_with_group to None, run_after=None
[2024-12-18T06:27:30.601+0000] {processor.py:208} INFO - Processing /opt/airflow/dags/Extract_history_price_data.py took 1.223 seconds
[2024-12-18T06:28:01.053+0000] {processor.py:186} INFO - Started process (PID=877) to work on /opt/airflow/dags/Extract_history_price_data.py
[2024-12-18T06:28:01.056+0000] {processor.py:914} INFO - Processing file /opt/airflow/dags/Extract_history_price_data.py for tasks to queue
[2024-12-18T06:28:01.058+0000] {logging_mixin.py:190} INFO - [2024-12-18T06:28:01.058+0000] {dagbag.py:588} INFO - Filling up the DagBag from /opt/airflow/dags/Extract_history_price_data.py
[2024-12-18T06:28:02.299+0000] {processor.py:925} INFO - DAG(s) 'parallel_historical_price_with_group' retrieved from /opt/airflow/dags/Extract_history_price_data.py
[2024-12-18T06:28:02.356+0000] {logging_mixin.py:190} INFO - [2024-12-18T06:28:02.356+0000] {dag.py:3239} INFO - Sync 1 DAGs
[2024-12-18T06:28:02.376+0000] {logging_mixin.py:190} INFO - [2024-12-18T06:28:02.376+0000] {dag.py:4180} INFO - Setting next_dagrun for parallel_historical_price_with_group to None, run_after=None
[2024-12-18T06:28:02.414+0000] {processor.py:208} INFO - Processing /opt/airflow/dags/Extract_history_price_data.py took 1.368 seconds
[2024-12-18T06:28:32.947+0000] {processor.py:186} INFO - Started process (PID=913) to work on /opt/airflow/dags/Extract_history_price_data.py
[2024-12-18T06:28:32.949+0000] {processor.py:914} INFO - Processing file /opt/airflow/dags/Extract_history_price_data.py for tasks to queue
[2024-12-18T06:28:32.951+0000] {logging_mixin.py:190} INFO - [2024-12-18T06:28:32.951+0000] {dagbag.py:588} INFO - Filling up the DagBag from /opt/airflow/dags/Extract_history_price_data.py
[2024-12-18T06:28:34.150+0000] {processor.py:925} INFO - DAG(s) 'parallel_historical_price_with_group' retrieved from /opt/airflow/dags/Extract_history_price_data.py
[2024-12-18T06:28:34.210+0000] {logging_mixin.py:190} INFO - [2024-12-18T06:28:34.210+0000] {dag.py:3239} INFO - Sync 1 DAGs
[2024-12-18T06:28:34.223+0000] {logging_mixin.py:190} INFO - [2024-12-18T06:28:34.223+0000] {dag.py:4180} INFO - Setting next_dagrun for parallel_historical_price_with_group to None, run_after=None
[2024-12-18T06:28:34.254+0000] {processor.py:208} INFO - Processing /opt/airflow/dags/Extract_history_price_data.py took 1.314 seconds
[2024-12-18T06:29:05.061+0000] {processor.py:186} INFO - Started process (PID=948) to work on /opt/airflow/dags/Extract_history_price_data.py
[2024-12-18T06:29:05.064+0000] {processor.py:914} INFO - Processing file /opt/airflow/dags/Extract_history_price_data.py for tasks to queue
[2024-12-18T06:29:05.066+0000] {logging_mixin.py:190} INFO - [2024-12-18T06:29:05.065+0000] {dagbag.py:588} INFO - Filling up the DagBag from /opt/airflow/dags/Extract_history_price_data.py
[2024-12-18T06:29:06.072+0000] {processor.py:925} INFO - DAG(s) 'parallel_historical_price_with_group' retrieved from /opt/airflow/dags/Extract_history_price_data.py
[2024-12-18T06:29:06.180+0000] {logging_mixin.py:190} INFO - [2024-12-18T06:29:06.179+0000] {dag.py:3239} INFO - Sync 1 DAGs
[2024-12-18T06:29:06.195+0000] {logging_mixin.py:190} INFO - [2024-12-18T06:29:06.195+0000] {dag.py:4180} INFO - Setting next_dagrun for parallel_historical_price_with_group to None, run_after=None
[2024-12-18T06:29:06.236+0000] {processor.py:208} INFO - Processing /opt/airflow/dags/Extract_history_price_data.py took 1.183 seconds
[2024-12-18T06:29:36.606+0000] {processor.py:186} INFO - Started process (PID=984) to work on /opt/airflow/dags/Extract_history_price_data.py
[2024-12-18T06:29:36.608+0000] {processor.py:914} INFO - Processing file /opt/airflow/dags/Extract_history_price_data.py for tasks to queue
[2024-12-18T06:29:36.610+0000] {logging_mixin.py:190} INFO - [2024-12-18T06:29:36.609+0000] {dagbag.py:588} INFO - Filling up the DagBag from /opt/airflow/dags/Extract_history_price_data.py
[2024-12-18T06:29:37.528+0000] {processor.py:925} INFO - DAG(s) 'parallel_historical_price_with_group' retrieved from /opt/airflow/dags/Extract_history_price_data.py
[2024-12-18T06:29:37.618+0000] {logging_mixin.py:190} INFO - [2024-12-18T06:29:37.617+0000] {dag.py:3239} INFO - Sync 1 DAGs
[2024-12-18T06:29:37.629+0000] {logging_mixin.py:190} INFO - [2024-12-18T06:29:37.629+0000] {dag.py:4180} INFO - Setting next_dagrun for parallel_historical_price_with_group to None, run_after=None
[2024-12-18T06:29:37.663+0000] {processor.py:208} INFO - Processing /opt/airflow/dags/Extract_history_price_data.py took 1.062 seconds
[2024-12-18T06:30:08.435+0000] {processor.py:186} INFO - Started process (PID=1021) to work on /opt/airflow/dags/Extract_history_price_data.py
[2024-12-18T06:30:08.438+0000] {processor.py:914} INFO - Processing file /opt/airflow/dags/Extract_history_price_data.py for tasks to queue
[2024-12-18T06:30:08.440+0000] {logging_mixin.py:190} INFO - [2024-12-18T06:30:08.440+0000] {dagbag.py:588} INFO - Filling up the DagBag from /opt/airflow/dags/Extract_history_price_data.py
[2024-12-18T06:30:09.499+0000] {processor.py:925} INFO - DAG(s) 'parallel_historical_price_with_group' retrieved from /opt/airflow/dags/Extract_history_price_data.py
[2024-12-18T06:30:09.550+0000] {logging_mixin.py:190} INFO - [2024-12-18T06:30:09.549+0000] {dag.py:3239} INFO - Sync 1 DAGs
[2024-12-18T06:30:09.605+0000] {logging_mixin.py:190} INFO - [2024-12-18T06:30:09.605+0000] {dag.py:4180} INFO - Setting next_dagrun for parallel_historical_price_with_group to None, run_after=None
[2024-12-18T06:30:09.641+0000] {processor.py:208} INFO - Processing /opt/airflow/dags/Extract_history_price_data.py took 1.211 seconds
[2024-12-18T06:30:39.694+0000] {processor.py:186} INFO - Started process (PID=1057) to work on /opt/airflow/dags/Extract_history_price_data.py
[2024-12-18T06:30:39.695+0000] {processor.py:914} INFO - Processing file /opt/airflow/dags/Extract_history_price_data.py for tasks to queue
[2024-12-18T06:30:39.697+0000] {logging_mixin.py:190} INFO - [2024-12-18T06:30:39.697+0000] {dagbag.py:588} INFO - Filling up the DagBag from /opt/airflow/dags/Extract_history_price_data.py
[2024-12-18T06:30:41.399+0000] {processor.py:925} INFO - DAG(s) 'parallel_historical_price_with_group' retrieved from /opt/airflow/dags/Extract_history_price_data.py
[2024-12-18T06:30:41.457+0000] {logging_mixin.py:190} INFO - [2024-12-18T06:30:41.457+0000] {dag.py:3239} INFO - Sync 1 DAGs
[2024-12-18T06:30:41.475+0000] {logging_mixin.py:190} INFO - [2024-12-18T06:30:41.474+0000] {dag.py:4180} INFO - Setting next_dagrun for parallel_historical_price_with_group to None, run_after=None
[2024-12-18T06:30:41.514+0000] {processor.py:208} INFO - Processing /opt/airflow/dags/Extract_history_price_data.py took 1.826 seconds
[2024-12-18T06:31:11.661+0000] {processor.py:186} INFO - Started process (PID=1093) to work on /opt/airflow/dags/Extract_history_price_data.py
[2024-12-18T06:31:11.662+0000] {processor.py:914} INFO - Processing file /opt/airflow/dags/Extract_history_price_data.py for tasks to queue
[2024-12-18T06:31:11.664+0000] {logging_mixin.py:190} INFO - [2024-12-18T06:31:11.664+0000] {dagbag.py:588} INFO - Filling up the DagBag from /opt/airflow/dags/Extract_history_price_data.py
[2024-12-18T06:31:12.741+0000] {processor.py:925} INFO - DAG(s) 'parallel_historical_price_with_group' retrieved from /opt/airflow/dags/Extract_history_price_data.py
[2024-12-18T06:31:12.789+0000] {logging_mixin.py:190} INFO - [2024-12-18T06:31:12.788+0000] {dag.py:3239} INFO - Sync 1 DAGs
[2024-12-18T06:31:12.804+0000] {logging_mixin.py:190} INFO - [2024-12-18T06:31:12.804+0000] {dag.py:4180} INFO - Setting next_dagrun for parallel_historical_price_with_group to None, run_after=None
[2024-12-18T06:31:12.836+0000] {processor.py:208} INFO - Processing /opt/airflow/dags/Extract_history_price_data.py took 1.181 seconds
[2024-12-18T06:31:42.962+0000] {processor.py:186} INFO - Started process (PID=1129) to work on /opt/airflow/dags/Extract_history_price_data.py
[2024-12-18T06:31:42.963+0000] {processor.py:914} INFO - Processing file /opt/airflow/dags/Extract_history_price_data.py for tasks to queue
[2024-12-18T06:31:42.966+0000] {logging_mixin.py:190} INFO - [2024-12-18T06:31:42.965+0000] {dagbag.py:588} INFO - Filling up the DagBag from /opt/airflow/dags/Extract_history_price_data.py
[2024-12-18T06:31:44.146+0000] {processor.py:925} INFO - DAG(s) 'parallel_historical_price_with_group' retrieved from /opt/airflow/dags/Extract_history_price_data.py
[2024-12-18T06:31:44.189+0000] {logging_mixin.py:190} INFO - [2024-12-18T06:31:44.189+0000] {dag.py:3239} INFO - Sync 1 DAGs
[2024-12-18T06:31:44.201+0000] {logging_mixin.py:190} INFO - [2024-12-18T06:31:44.201+0000] {dag.py:4180} INFO - Setting next_dagrun for parallel_historical_price_with_group to None, run_after=None
[2024-12-18T06:31:44.233+0000] {processor.py:208} INFO - Processing /opt/airflow/dags/Extract_history_price_data.py took 1.276 seconds
[2024-12-18T06:32:15.027+0000] {processor.py:186} INFO - Started process (PID=1162) to work on /opt/airflow/dags/Extract_history_price_data.py
[2024-12-18T06:32:15.029+0000] {processor.py:914} INFO - Processing file /opt/airflow/dags/Extract_history_price_data.py for tasks to queue
[2024-12-18T06:32:15.031+0000] {logging_mixin.py:190} INFO - [2024-12-18T06:32:15.031+0000] {dagbag.py:588} INFO - Filling up the DagBag from /opt/airflow/dags/Extract_history_price_data.py
[2024-12-18T06:32:16.538+0000] {processor.py:925} INFO - DAG(s) 'parallel_historical_price_with_group' retrieved from /opt/airflow/dags/Extract_history_price_data.py
[2024-12-18T06:32:16.612+0000] {logging_mixin.py:190} INFO - [2024-12-18T06:32:16.611+0000] {dag.py:3239} INFO - Sync 1 DAGs
[2024-12-18T06:32:16.626+0000] {logging_mixin.py:190} INFO - [2024-12-18T06:32:16.626+0000] {dag.py:4180} INFO - Setting next_dagrun for parallel_historical_price_with_group to None, run_after=None
[2024-12-18T06:32:16.665+0000] {processor.py:208} INFO - Processing /opt/airflow/dags/Extract_history_price_data.py took 1.643 seconds
[2024-12-18T06:32:46.834+0000] {processor.py:186} INFO - Started process (PID=1201) to work on /opt/airflow/dags/Extract_history_price_data.py
[2024-12-18T06:32:46.835+0000] {processor.py:914} INFO - Processing file /opt/airflow/dags/Extract_history_price_data.py for tasks to queue
[2024-12-18T06:32:46.837+0000] {logging_mixin.py:190} INFO - [2024-12-18T06:32:46.837+0000] {dagbag.py:588} INFO - Filling up the DagBag from /opt/airflow/dags/Extract_history_price_data.py
[2024-12-18T06:32:48.044+0000] {processor.py:925} INFO - DAG(s) 'parallel_historical_price_with_group' retrieved from /opt/airflow/dags/Extract_history_price_data.py
[2024-12-18T06:32:48.096+0000] {logging_mixin.py:190} INFO - [2024-12-18T06:32:48.096+0000] {dag.py:3239} INFO - Sync 1 DAGs
[2024-12-18T06:32:48.111+0000] {logging_mixin.py:190} INFO - [2024-12-18T06:32:48.111+0000] {dag.py:4180} INFO - Setting next_dagrun for parallel_historical_price_with_group to None, run_after=None
[2024-12-18T06:32:48.146+0000] {processor.py:208} INFO - Processing /opt/airflow/dags/Extract_history_price_data.py took 1.319 seconds
[2024-12-18T06:33:18.279+0000] {processor.py:186} INFO - Started process (PID=1237) to work on /opt/airflow/dags/Extract_history_price_data.py
[2024-12-18T06:33:18.281+0000] {processor.py:914} INFO - Processing file /opt/airflow/dags/Extract_history_price_data.py for tasks to queue
[2024-12-18T06:33:18.284+0000] {logging_mixin.py:190} INFO - [2024-12-18T06:33:18.283+0000] {dagbag.py:588} INFO - Filling up the DagBag from /opt/airflow/dags/Extract_history_price_data.py
[2024-12-18T06:33:19.771+0000] {processor.py:925} INFO - DAG(s) 'parallel_historical_price_with_group' retrieved from /opt/airflow/dags/Extract_history_price_data.py
[2024-12-18T06:33:19.827+0000] {logging_mixin.py:190} INFO - [2024-12-18T06:33:19.826+0000] {dag.py:3239} INFO - Sync 1 DAGs
[2024-12-18T06:33:19.885+0000] {logging_mixin.py:190} INFO - [2024-12-18T06:33:19.885+0000] {dag.py:4180} INFO - Setting next_dagrun for parallel_historical_price_with_group to None, run_after=None
[2024-12-18T06:33:19.937+0000] {processor.py:208} INFO - Processing /opt/airflow/dags/Extract_history_price_data.py took 1.668 seconds
[2024-12-18T06:33:50.064+0000] {processor.py:186} INFO - Started process (PID=1273) to work on /opt/airflow/dags/Extract_history_price_data.py
[2024-12-18T06:33:50.065+0000] {processor.py:914} INFO - Processing file /opt/airflow/dags/Extract_history_price_data.py for tasks to queue
[2024-12-18T06:33:50.067+0000] {logging_mixin.py:190} INFO - [2024-12-18T06:33:50.067+0000] {dagbag.py:588} INFO - Filling up the DagBag from /opt/airflow/dags/Extract_history_price_data.py
[2024-12-18T06:33:51.297+0000] {processor.py:925} INFO - DAG(s) 'parallel_historical_price_with_group' retrieved from /opt/airflow/dags/Extract_history_price_data.py
[2024-12-18T06:33:51.349+0000] {logging_mixin.py:190} INFO - [2024-12-18T06:33:51.348+0000] {dag.py:3239} INFO - Sync 1 DAGs
[2024-12-18T06:33:51.362+0000] {logging_mixin.py:190} INFO - [2024-12-18T06:33:51.362+0000] {dag.py:4180} INFO - Setting next_dagrun for parallel_historical_price_with_group to None, run_after=None
[2024-12-18T06:33:51.397+0000] {processor.py:208} INFO - Processing /opt/airflow/dags/Extract_history_price_data.py took 1.340 seconds
[2024-12-18T06:34:21.603+0000] {processor.py:186} INFO - Started process (PID=1309) to work on /opt/airflow/dags/Extract_history_price_data.py
[2024-12-18T06:34:21.604+0000] {processor.py:914} INFO - Processing file /opt/airflow/dags/Extract_history_price_data.py for tasks to queue
[2024-12-18T06:34:21.606+0000] {logging_mixin.py:190} INFO - [2024-12-18T06:34:21.606+0000] {dagbag.py:588} INFO - Filling up the DagBag from /opt/airflow/dags/Extract_history_price_data.py
[2024-12-18T06:34:22.620+0000] {processor.py:925} INFO - DAG(s) 'parallel_historical_price_with_group' retrieved from /opt/airflow/dags/Extract_history_price_data.py
[2024-12-18T06:34:22.667+0000] {logging_mixin.py:190} INFO - [2024-12-18T06:34:22.667+0000] {dag.py:3239} INFO - Sync 1 DAGs
[2024-12-18T06:34:22.680+0000] {logging_mixin.py:190} INFO - [2024-12-18T06:34:22.680+0000] {dag.py:4180} INFO - Setting next_dagrun for parallel_historical_price_with_group to None, run_after=None
[2024-12-18T06:34:22.716+0000] {processor.py:208} INFO - Processing /opt/airflow/dags/Extract_history_price_data.py took 1.118 seconds
