[2024-12-18T03:47:27.899+0000] {processor.py:186} INFO - Started process (PID=194) to work on /opt/airflow/dags/Extract_new_price_data.py
[2024-12-18T03:47:27.901+0000] {processor.py:914} INFO - Processing file /opt/airflow/dags/Extract_new_price_data.py for tasks to queue
[2024-12-18T03:47:27.908+0000] {logging_mixin.py:190} INFO - [2024-12-18T03:47:27.907+0000] {dagbag.py:588} INFO - Filling up the DagBag from /opt/airflow/dags/Extract_new_price_data.py
[2024-12-18T03:47:31.366+0000] {processor.py:925} INFO - DAG(s) 'parallel_new_price_with_group' retrieved from /opt/airflow/dags/Extract_new_price_data.py
[2024-12-18T03:47:31.482+0000] {logging_mixin.py:190} INFO - [2024-12-18T03:47:31.481+0000] {dag.py:3239} INFO - Sync 1 DAGs
[2024-12-18T03:47:31.546+0000] {logging_mixin.py:190} INFO - [2024-12-18T03:47:31.546+0000] {dag.py:4180} INFO - Setting next_dagrun for parallel_new_price_with_group to 2024-12-17 12:45:00+00:00, run_after=2024-12-18 12:45:00+00:00
[2024-12-18T03:47:31.606+0000] {processor.py:208} INFO - Processing /opt/airflow/dags/Extract_new_price_data.py took 3.723 seconds
[2024-12-18T03:48:01.980+0000] {processor.py:186} INFO - Started process (PID=238) to work on /opt/airflow/dags/Extract_new_price_data.py
[2024-12-18T03:48:01.982+0000] {processor.py:914} INFO - Processing file /opt/airflow/dags/Extract_new_price_data.py for tasks to queue
[2024-12-18T03:48:01.989+0000] {logging_mixin.py:190} INFO - [2024-12-18T03:48:01.988+0000] {dagbag.py:588} INFO - Filling up the DagBag from /opt/airflow/dags/Extract_new_price_data.py
[2024-12-18T03:48:04.208+0000] {processor.py:925} INFO - DAG(s) 'parallel_new_price_with_group' retrieved from /opt/airflow/dags/Extract_new_price_data.py
[2024-12-18T03:48:04.294+0000] {logging_mixin.py:190} INFO - [2024-12-18T03:48:04.293+0000] {dag.py:3239} INFO - Sync 1 DAGs
[2024-12-18T03:48:04.338+0000] {logging_mixin.py:190} INFO - [2024-12-18T03:48:04.338+0000] {dag.py:4180} INFO - Setting next_dagrun for parallel_new_price_with_group to 2024-12-17 12:45:00+00:00, run_after=2024-12-18 12:45:00+00:00
[2024-12-18T03:48:04.402+0000] {processor.py:208} INFO - Processing /opt/airflow/dags/Extract_new_price_data.py took 2.433 seconds
[2024-12-18T03:48:34.752+0000] {processor.py:186} INFO - Started process (PID=274) to work on /opt/airflow/dags/Extract_new_price_data.py
[2024-12-18T03:48:34.754+0000] {processor.py:914} INFO - Processing file /opt/airflow/dags/Extract_new_price_data.py for tasks to queue
[2024-12-18T03:48:34.757+0000] {logging_mixin.py:190} INFO - [2024-12-18T03:48:34.756+0000] {dagbag.py:588} INFO - Filling up the DagBag from /opt/airflow/dags/Extract_new_price_data.py
[2024-12-18T03:48:36.808+0000] {processor.py:925} INFO - DAG(s) 'parallel_new_price_with_group' retrieved from /opt/airflow/dags/Extract_new_price_data.py
[2024-12-18T03:48:36.877+0000] {logging_mixin.py:190} INFO - [2024-12-18T03:48:36.877+0000] {dag.py:3239} INFO - Sync 1 DAGs
[2024-12-18T03:48:36.916+0000] {logging_mixin.py:190} INFO - [2024-12-18T03:48:36.916+0000] {dag.py:4180} INFO - Setting next_dagrun for parallel_new_price_with_group to 2024-12-17 12:45:00+00:00, run_after=2024-12-18 12:45:00+00:00
[2024-12-18T03:48:36.965+0000] {processor.py:208} INFO - Processing /opt/airflow/dags/Extract_new_price_data.py took 2.229 seconds
[2024-12-18T03:49:07.622+0000] {processor.py:186} INFO - Started process (PID=310) to work on /opt/airflow/dags/Extract_new_price_data.py
[2024-12-18T03:49:07.624+0000] {processor.py:914} INFO - Processing file /opt/airflow/dags/Extract_new_price_data.py for tasks to queue
[2024-12-18T03:49:07.627+0000] {logging_mixin.py:190} INFO - [2024-12-18T03:49:07.627+0000] {dagbag.py:588} INFO - Filling up the DagBag from /opt/airflow/dags/Extract_new_price_data.py
[2024-12-18T03:49:08.777+0000] {processor.py:925} INFO - DAG(s) 'parallel_new_price_with_group' retrieved from /opt/airflow/dags/Extract_new_price_data.py
[2024-12-18T03:49:08.878+0000] {logging_mixin.py:190} INFO - [2024-12-18T03:49:08.878+0000] {dag.py:3239} INFO - Sync 1 DAGs
[2024-12-18T03:49:08.922+0000] {logging_mixin.py:190} INFO - [2024-12-18T03:49:08.921+0000] {dag.py:4180} INFO - Setting next_dagrun for parallel_new_price_with_group to 2024-12-17 12:45:00+00:00, run_after=2024-12-18 12:45:00+00:00
[2024-12-18T03:49:08.967+0000] {processor.py:208} INFO - Processing /opt/airflow/dags/Extract_new_price_data.py took 1.351 seconds
[2024-12-18T03:49:39.710+0000] {processor.py:186} INFO - Started process (PID=346) to work on /opt/airflow/dags/Extract_new_price_data.py
[2024-12-18T03:49:39.712+0000] {processor.py:914} INFO - Processing file /opt/airflow/dags/Extract_new_price_data.py for tasks to queue
[2024-12-18T03:49:39.714+0000] {logging_mixin.py:190} INFO - [2024-12-18T03:49:39.714+0000] {dagbag.py:588} INFO - Filling up the DagBag from /opt/airflow/dags/Extract_new_price_data.py
[2024-12-18T03:49:40.975+0000] {processor.py:925} INFO - DAG(s) 'parallel_new_price_with_group' retrieved from /opt/airflow/dags/Extract_new_price_data.py
[2024-12-18T03:49:41.042+0000] {logging_mixin.py:190} INFO - [2024-12-18T03:49:41.041+0000] {dag.py:3239} INFO - Sync 1 DAGs
[2024-12-18T03:49:41.077+0000] {logging_mixin.py:190} INFO - [2024-12-18T03:49:41.077+0000] {dag.py:4180} INFO - Setting next_dagrun for parallel_new_price_with_group to 2024-12-17 12:45:00+00:00, run_after=2024-12-18 12:45:00+00:00
[2024-12-18T03:49:41.117+0000] {processor.py:208} INFO - Processing /opt/airflow/dags/Extract_new_price_data.py took 1.414 seconds
[2024-12-18T03:50:11.935+0000] {processor.py:186} INFO - Started process (PID=382) to work on /opt/airflow/dags/Extract_new_price_data.py
[2024-12-18T03:50:11.937+0000] {processor.py:914} INFO - Processing file /opt/airflow/dags/Extract_new_price_data.py for tasks to queue
[2024-12-18T03:50:11.940+0000] {logging_mixin.py:190} INFO - [2024-12-18T03:50:11.940+0000] {dagbag.py:588} INFO - Filling up the DagBag from /opt/airflow/dags/Extract_new_price_data.py
[2024-12-18T03:50:13.073+0000] {processor.py:925} INFO - DAG(s) 'parallel_new_price_with_group' retrieved from /opt/airflow/dags/Extract_new_price_data.py
[2024-12-18T03:50:13.125+0000] {logging_mixin.py:190} INFO - [2024-12-18T03:50:13.125+0000] {dag.py:3239} INFO - Sync 1 DAGs
[2024-12-18T03:50:13.163+0000] {logging_mixin.py:190} INFO - [2024-12-18T03:50:13.163+0000] {dag.py:4180} INFO - Setting next_dagrun for parallel_new_price_with_group to 2024-12-17 12:45:00+00:00, run_after=2024-12-18 12:45:00+00:00
[2024-12-18T03:50:13.203+0000] {processor.py:208} INFO - Processing /opt/airflow/dags/Extract_new_price_data.py took 1.275 seconds
[2024-12-18T03:50:43.934+0000] {processor.py:186} INFO - Started process (PID=418) to work on /opt/airflow/dags/Extract_new_price_data.py
[2024-12-18T03:50:43.936+0000] {processor.py:914} INFO - Processing file /opt/airflow/dags/Extract_new_price_data.py for tasks to queue
[2024-12-18T03:50:43.939+0000] {logging_mixin.py:190} INFO - [2024-12-18T03:50:43.939+0000] {dagbag.py:588} INFO - Filling up the DagBag from /opt/airflow/dags/Extract_new_price_data.py
[2024-12-18T03:50:45.109+0000] {processor.py:925} INFO - DAG(s) 'parallel_new_price_with_group' retrieved from /opt/airflow/dags/Extract_new_price_data.py
[2024-12-18T03:50:45.174+0000] {logging_mixin.py:190} INFO - [2024-12-18T03:50:45.173+0000] {dag.py:3239} INFO - Sync 1 DAGs
[2024-12-18T03:50:45.221+0000] {logging_mixin.py:190} INFO - [2024-12-18T03:50:45.221+0000] {dag.py:4180} INFO - Setting next_dagrun for parallel_new_price_with_group to 2024-12-17 12:45:00+00:00, run_after=2024-12-18 12:45:00+00:00
[2024-12-18T03:50:45.266+0000] {processor.py:208} INFO - Processing /opt/airflow/dags/Extract_new_price_data.py took 1.341 seconds
[2024-12-18T06:18:26.059+0000] {processor.py:186} INFO - Started process (PID=200) to work on /opt/airflow/dags/Extract_new_price_data.py
[2024-12-18T06:18:26.062+0000] {processor.py:914} INFO - Processing file /opt/airflow/dags/Extract_new_price_data.py for tasks to queue
[2024-12-18T06:18:26.066+0000] {logging_mixin.py:190} INFO - [2024-12-18T06:18:26.065+0000] {dagbag.py:588} INFO - Filling up the DagBag from /opt/airflow/dags/Extract_new_price_data.py
[2024-12-18T06:18:28.981+0000] {processor.py:925} INFO - DAG(s) 'parallel_new_price_with_group' retrieved from /opt/airflow/dags/Extract_new_price_data.py
[2024-12-18T06:18:29.092+0000] {logging_mixin.py:190} INFO - [2024-12-18T06:18:29.091+0000] {dag.py:3239} INFO - Sync 1 DAGs
[2024-12-18T06:18:29.160+0000] {logging_mixin.py:190} INFO - [2024-12-18T06:18:29.160+0000] {dag.py:4180} INFO - Setting next_dagrun for parallel_new_price_with_group to 2024-12-17 12:45:00+00:00, run_after=2024-12-18 12:45:00+00:00
[2024-12-18T06:18:29.254+0000] {processor.py:208} INFO - Processing /opt/airflow/dags/Extract_new_price_data.py took 3.213 seconds
[2024-12-18T06:19:00.259+0000] {processor.py:186} INFO - Started process (PID=236) to work on /opt/airflow/dags/Extract_new_price_data.py
[2024-12-18T06:19:00.262+0000] {processor.py:914} INFO - Processing file /opt/airflow/dags/Extract_new_price_data.py for tasks to queue
[2024-12-18T06:19:00.266+0000] {logging_mixin.py:190} INFO - [2024-12-18T06:19:00.266+0000] {dagbag.py:588} INFO - Filling up the DagBag from /opt/airflow/dags/Extract_new_price_data.py
[2024-12-18T06:19:02.073+0000] {processor.py:925} INFO - DAG(s) 'parallel_new_price_with_group' retrieved from /opt/airflow/dags/Extract_new_price_data.py
[2024-12-18T06:19:02.153+0000] {logging_mixin.py:190} INFO - [2024-12-18T06:19:02.152+0000] {dag.py:3239} INFO - Sync 1 DAGs
[2024-12-18T06:19:02.194+0000] {logging_mixin.py:190} INFO - [2024-12-18T06:19:02.194+0000] {dag.py:4180} INFO - Setting next_dagrun for parallel_new_price_with_group to 2024-12-17 12:45:00+00:00, run_after=2024-12-18 12:45:00+00:00
[2024-12-18T06:19:02.234+0000] {processor.py:208} INFO - Processing /opt/airflow/dags/Extract_new_price_data.py took 1.987 seconds
[2024-12-18T06:19:32.613+0000] {processor.py:186} INFO - Started process (PID=272) to work on /opt/airflow/dags/Extract_new_price_data.py
[2024-12-18T06:19:32.615+0000] {processor.py:914} INFO - Processing file /opt/airflow/dags/Extract_new_price_data.py for tasks to queue
[2024-12-18T06:19:32.617+0000] {logging_mixin.py:190} INFO - [2024-12-18T06:19:32.617+0000] {dagbag.py:588} INFO - Filling up the DagBag from /opt/airflow/dags/Extract_new_price_data.py
[2024-12-18T06:19:33.746+0000] {processor.py:925} INFO - DAG(s) 'parallel_new_price_with_group' retrieved from /opt/airflow/dags/Extract_new_price_data.py
[2024-12-18T06:19:33.822+0000] {logging_mixin.py:190} INFO - [2024-12-18T06:19:33.821+0000] {dag.py:3239} INFO - Sync 1 DAGs
[2024-12-18T06:19:33.854+0000] {logging_mixin.py:190} INFO - [2024-12-18T06:19:33.853+0000] {dag.py:4180} INFO - Setting next_dagrun for parallel_new_price_with_group to 2024-12-17 12:45:00+00:00, run_after=2024-12-18 12:45:00+00:00
[2024-12-18T06:19:33.894+0000] {processor.py:208} INFO - Processing /opt/airflow/dags/Extract_new_price_data.py took 1.285 seconds
[2024-12-18T06:20:04.457+0000] {processor.py:186} INFO - Started process (PID=308) to work on /opt/airflow/dags/Extract_new_price_data.py
[2024-12-18T06:20:04.460+0000] {processor.py:914} INFO - Processing file /opt/airflow/dags/Extract_new_price_data.py for tasks to queue
[2024-12-18T06:20:04.462+0000] {logging_mixin.py:190} INFO - [2024-12-18T06:20:04.462+0000] {dagbag.py:588} INFO - Filling up the DagBag from /opt/airflow/dags/Extract_new_price_data.py
[2024-12-18T06:20:05.668+0000] {processor.py:925} INFO - DAG(s) 'parallel_new_price_with_group' retrieved from /opt/airflow/dags/Extract_new_price_data.py
[2024-12-18T06:20:05.738+0000] {logging_mixin.py:190} INFO - [2024-12-18T06:20:05.737+0000] {dag.py:3239} INFO - Sync 1 DAGs
[2024-12-18T06:20:05.774+0000] {logging_mixin.py:190} INFO - [2024-12-18T06:20:05.774+0000] {dag.py:4180} INFO - Setting next_dagrun for parallel_new_price_with_group to 2024-12-17 12:45:00+00:00, run_after=2024-12-18 12:45:00+00:00
[2024-12-18T06:20:05.815+0000] {processor.py:208} INFO - Processing /opt/airflow/dags/Extract_new_price_data.py took 1.363 seconds
[2024-12-18T06:20:36.015+0000] {processor.py:186} INFO - Started process (PID=344) to work on /opt/airflow/dags/Extract_new_price_data.py
[2024-12-18T06:20:36.016+0000] {processor.py:914} INFO - Processing file /opt/airflow/dags/Extract_new_price_data.py for tasks to queue
[2024-12-18T06:20:36.019+0000] {logging_mixin.py:190} INFO - [2024-12-18T06:20:36.018+0000] {dagbag.py:588} INFO - Filling up the DagBag from /opt/airflow/dags/Extract_new_price_data.py
[2024-12-18T06:20:37.174+0000] {processor.py:925} INFO - DAG(s) 'parallel_new_price_with_group' retrieved from /opt/airflow/dags/Extract_new_price_data.py
[2024-12-18T06:20:37.267+0000] {logging_mixin.py:190} INFO - [2024-12-18T06:20:37.266+0000] {dag.py:3239} INFO - Sync 1 DAGs
[2024-12-18T06:20:37.305+0000] {logging_mixin.py:190} INFO - [2024-12-18T06:20:37.305+0000] {dag.py:4180} INFO - Setting next_dagrun for parallel_new_price_with_group to 2024-12-17 12:45:00+00:00, run_after=2024-12-18 12:45:00+00:00
[2024-12-18T06:20:37.357+0000] {processor.py:208} INFO - Processing /opt/airflow/dags/Extract_new_price_data.py took 1.359 seconds
[2024-12-18T06:21:07.752+0000] {processor.py:186} INFO - Started process (PID=380) to work on /opt/airflow/dags/Extract_new_price_data.py
[2024-12-18T06:21:07.754+0000] {processor.py:914} INFO - Processing file /opt/airflow/dags/Extract_new_price_data.py for tasks to queue
[2024-12-18T06:21:07.757+0000] {logging_mixin.py:190} INFO - [2024-12-18T06:21:07.756+0000] {dagbag.py:588} INFO - Filling up the DagBag from /opt/airflow/dags/Extract_new_price_data.py
[2024-12-18T06:21:08.961+0000] {processor.py:925} INFO - DAG(s) 'parallel_new_price_with_group' retrieved from /opt/airflow/dags/Extract_new_price_data.py
[2024-12-18T06:21:09.082+0000] {logging_mixin.py:190} INFO - [2024-12-18T06:21:09.082+0000] {dag.py:3239} INFO - Sync 1 DAGs
[2024-12-18T06:21:09.110+0000] {logging_mixin.py:190} INFO - [2024-12-18T06:21:09.110+0000] {dag.py:4180} INFO - Setting next_dagrun for parallel_new_price_with_group to 2024-12-17 12:45:00+00:00, run_after=2024-12-18 12:45:00+00:00
[2024-12-18T06:21:09.159+0000] {processor.py:208} INFO - Processing /opt/airflow/dags/Extract_new_price_data.py took 1.413 seconds
[2024-12-18T06:21:39.329+0000] {processor.py:186} INFO - Started process (PID=416) to work on /opt/airflow/dags/Extract_new_price_data.py
[2024-12-18T06:21:39.330+0000] {processor.py:914} INFO - Processing file /opt/airflow/dags/Extract_new_price_data.py for tasks to queue
[2024-12-18T06:21:39.333+0000] {logging_mixin.py:190} INFO - [2024-12-18T06:21:39.333+0000] {dagbag.py:588} INFO - Filling up the DagBag from /opt/airflow/dags/Extract_new_price_data.py
[2024-12-18T06:21:40.598+0000] {processor.py:925} INFO - DAG(s) 'parallel_new_price_with_group' retrieved from /opt/airflow/dags/Extract_new_price_data.py
[2024-12-18T06:21:40.720+0000] {logging_mixin.py:190} INFO - [2024-12-18T06:21:40.719+0000] {dag.py:3239} INFO - Sync 1 DAGs
[2024-12-18T06:21:40.757+0000] {logging_mixin.py:190} INFO - [2024-12-18T06:21:40.756+0000] {dag.py:4180} INFO - Setting next_dagrun for parallel_new_price_with_group to 2024-12-17 12:45:00+00:00, run_after=2024-12-18 12:45:00+00:00
[2024-12-18T06:21:40.801+0000] {processor.py:208} INFO - Processing /opt/airflow/dags/Extract_new_price_data.py took 1.478 seconds
[2024-12-18T06:22:11.241+0000] {processor.py:186} INFO - Started process (PID=452) to work on /opt/airflow/dags/Extract_new_price_data.py
[2024-12-18T06:22:11.244+0000] {processor.py:914} INFO - Processing file /opt/airflow/dags/Extract_new_price_data.py for tasks to queue
[2024-12-18T06:22:11.246+0000] {logging_mixin.py:190} INFO - [2024-12-18T06:22:11.246+0000] {dagbag.py:588} INFO - Filling up the DagBag from /opt/airflow/dags/Extract_new_price_data.py
[2024-12-18T06:22:12.489+0000] {processor.py:925} INFO - DAG(s) 'parallel_new_price_with_group' retrieved from /opt/airflow/dags/Extract_new_price_data.py
[2024-12-18T06:22:12.564+0000] {logging_mixin.py:190} INFO - [2024-12-18T06:22:12.556+0000] {dag.py:3239} INFO - Sync 1 DAGs
[2024-12-18T06:22:12.607+0000] {logging_mixin.py:190} INFO - [2024-12-18T06:22:12.606+0000] {dag.py:4180} INFO - Setting next_dagrun for parallel_new_price_with_group to 2024-12-17 12:45:00+00:00, run_after=2024-12-18 12:45:00+00:00
[2024-12-18T06:22:12.662+0000] {processor.py:208} INFO - Processing /opt/airflow/dags/Extract_new_price_data.py took 1.427 seconds
[2024-12-18T06:22:42.836+0000] {processor.py:186} INFO - Started process (PID=494) to work on /opt/airflow/dags/Extract_new_price_data.py
[2024-12-18T06:22:42.839+0000] {processor.py:914} INFO - Processing file /opt/airflow/dags/Extract_new_price_data.py for tasks to queue
[2024-12-18T06:22:42.841+0000] {logging_mixin.py:190} INFO - [2024-12-18T06:22:42.841+0000] {dagbag.py:588} INFO - Filling up the DagBag from /opt/airflow/dags/Extract_new_price_data.py
[2024-12-18T06:22:43.805+0000] {processor.py:925} INFO - DAG(s) 'parallel_new_price_with_group' retrieved from /opt/airflow/dags/Extract_new_price_data.py
[2024-12-18T06:22:43.876+0000] {logging_mixin.py:190} INFO - [2024-12-18T06:22:43.875+0000] {dag.py:3239} INFO - Sync 1 DAGs
[2024-12-18T06:22:43.955+0000] {logging_mixin.py:190} INFO - [2024-12-18T06:22:43.955+0000] {dag.py:4180} INFO - Setting next_dagrun for parallel_new_price_with_group to 2024-12-17 12:45:00+00:00, run_after=2024-12-18 12:45:00+00:00
[2024-12-18T06:22:44.010+0000] {processor.py:208} INFO - Processing /opt/airflow/dags/Extract_new_price_data.py took 1.178 seconds
[2024-12-18T06:23:14.291+0000] {processor.py:186} INFO - Started process (PID=530) to work on /opt/airflow/dags/Extract_new_price_data.py
[2024-12-18T06:23:14.294+0000] {processor.py:914} INFO - Processing file /opt/airflow/dags/Extract_new_price_data.py for tasks to queue
[2024-12-18T06:23:14.297+0000] {logging_mixin.py:190} INFO - [2024-12-18T06:23:14.296+0000] {dagbag.py:588} INFO - Filling up the DagBag from /opt/airflow/dags/Extract_new_price_data.py
[2024-12-18T06:23:15.371+0000] {processor.py:925} INFO - DAG(s) 'parallel_new_price_with_group' retrieved from /opt/airflow/dags/Extract_new_price_data.py
[2024-12-18T06:23:15.445+0000] {logging_mixin.py:190} INFO - [2024-12-18T06:23:15.444+0000] {dag.py:3239} INFO - Sync 1 DAGs
[2024-12-18T06:23:15.522+0000] {logging_mixin.py:190} INFO - [2024-12-18T06:23:15.521+0000] {dag.py:4180} INFO - Setting next_dagrun for parallel_new_price_with_group to 2024-12-17 12:45:00+00:00, run_after=2024-12-18 12:45:00+00:00
[2024-12-18T06:23:15.563+0000] {processor.py:208} INFO - Processing /opt/airflow/dags/Extract_new_price_data.py took 1.278 seconds
[2024-12-18T06:23:45.604+0000] {processor.py:186} INFO - Started process (PID=566) to work on /opt/airflow/dags/Extract_new_price_data.py
[2024-12-18T06:23:45.606+0000] {processor.py:914} INFO - Processing file /opt/airflow/dags/Extract_new_price_data.py for tasks to queue
[2024-12-18T06:23:45.608+0000] {logging_mixin.py:190} INFO - [2024-12-18T06:23:45.608+0000] {dagbag.py:588} INFO - Filling up the DagBag from /opt/airflow/dags/Extract_new_price_data.py
[2024-12-18T06:23:46.762+0000] {processor.py:925} INFO - DAG(s) 'parallel_new_price_with_group' retrieved from /opt/airflow/dags/Extract_new_price_data.py
[2024-12-18T06:23:46.827+0000] {logging_mixin.py:190} INFO - [2024-12-18T06:23:46.826+0000] {dag.py:3239} INFO - Sync 1 DAGs
[2024-12-18T06:23:46.857+0000] {logging_mixin.py:190} INFO - [2024-12-18T06:23:46.857+0000] {dag.py:4180} INFO - Setting next_dagrun for parallel_new_price_with_group to 2024-12-17 12:45:00+00:00, run_after=2024-12-18 12:45:00+00:00
[2024-12-18T06:23:46.898+0000] {processor.py:208} INFO - Processing /opt/airflow/dags/Extract_new_price_data.py took 1.299 seconds
[2024-12-18T06:24:17.439+0000] {processor.py:186} INFO - Started process (PID=602) to work on /opt/airflow/dags/Extract_new_price_data.py
[2024-12-18T06:24:17.441+0000] {processor.py:914} INFO - Processing file /opt/airflow/dags/Extract_new_price_data.py for tasks to queue
[2024-12-18T06:24:17.444+0000] {logging_mixin.py:190} INFO - [2024-12-18T06:24:17.443+0000] {dagbag.py:588} INFO - Filling up the DagBag from /opt/airflow/dags/Extract_new_price_data.py
[2024-12-18T06:24:18.416+0000] {processor.py:925} INFO - DAG(s) 'parallel_new_price_with_group' retrieved from /opt/airflow/dags/Extract_new_price_data.py
[2024-12-18T06:24:18.473+0000] {logging_mixin.py:190} INFO - [2024-12-18T06:24:18.472+0000] {dag.py:3239} INFO - Sync 1 DAGs
[2024-12-18T06:24:18.500+0000] {logging_mixin.py:190} INFO - [2024-12-18T06:24:18.500+0000] {dag.py:4180} INFO - Setting next_dagrun for parallel_new_price_with_group to 2024-12-17 12:45:00+00:00, run_after=2024-12-18 12:45:00+00:00
[2024-12-18T06:24:18.537+0000] {processor.py:208} INFO - Processing /opt/airflow/dags/Extract_new_price_data.py took 1.103 seconds
[2024-12-18T06:24:49.212+0000] {processor.py:186} INFO - Started process (PID=639) to work on /opt/airflow/dags/Extract_new_price_data.py
[2024-12-18T06:24:49.214+0000] {processor.py:914} INFO - Processing file /opt/airflow/dags/Extract_new_price_data.py for tasks to queue
[2024-12-18T06:24:49.217+0000] {logging_mixin.py:190} INFO - [2024-12-18T06:24:49.217+0000] {dagbag.py:588} INFO - Filling up the DagBag from /opt/airflow/dags/Extract_new_price_data.py
[2024-12-18T06:24:50.461+0000] {processor.py:925} INFO - DAG(s) 'parallel_new_price_with_group' retrieved from /opt/airflow/dags/Extract_new_price_data.py
[2024-12-18T06:24:50.525+0000] {logging_mixin.py:190} INFO - [2024-12-18T06:24:50.525+0000] {dag.py:3239} INFO - Sync 1 DAGs
[2024-12-18T06:24:50.566+0000] {logging_mixin.py:190} INFO - [2024-12-18T06:24:50.566+0000] {dag.py:4180} INFO - Setting next_dagrun for parallel_new_price_with_group to 2024-12-17 12:45:00+00:00, run_after=2024-12-18 12:45:00+00:00
[2024-12-18T06:24:50.617+0000] {processor.py:208} INFO - Processing /opt/airflow/dags/Extract_new_price_data.py took 1.414 seconds
[2024-12-18T06:25:20.721+0000] {processor.py:186} INFO - Started process (PID=679) to work on /opt/airflow/dags/Extract_new_price_data.py
[2024-12-18T06:25:20.723+0000] {processor.py:914} INFO - Processing file /opt/airflow/dags/Extract_new_price_data.py for tasks to queue
[2024-12-18T06:25:20.727+0000] {logging_mixin.py:190} INFO - [2024-12-18T06:25:20.727+0000] {dagbag.py:588} INFO - Filling up the DagBag from /opt/airflow/dags/Extract_new_price_data.py
[2024-12-18T06:25:21.978+0000] {processor.py:925} INFO - DAG(s) 'parallel_new_price_with_group' retrieved from /opt/airflow/dags/Extract_new_price_data.py
[2024-12-18T06:25:22.051+0000] {logging_mixin.py:190} INFO - [2024-12-18T06:25:22.051+0000] {dag.py:3239} INFO - Sync 1 DAGs
[2024-12-18T06:25:22.079+0000] {logging_mixin.py:190} INFO - [2024-12-18T06:25:22.079+0000] {dag.py:4180} INFO - Setting next_dagrun for parallel_new_price_with_group to 2024-12-17 12:45:00+00:00, run_after=2024-12-18 12:45:00+00:00
[2024-12-18T06:25:22.114+0000] {processor.py:208} INFO - Processing /opt/airflow/dags/Extract_new_price_data.py took 1.400 seconds
[2024-12-18T06:25:52.312+0000] {processor.py:186} INFO - Started process (PID=717) to work on /opt/airflow/dags/Extract_new_price_data.py
[2024-12-18T06:25:52.314+0000] {processor.py:914} INFO - Processing file /opt/airflow/dags/Extract_new_price_data.py for tasks to queue
[2024-12-18T06:25:52.317+0000] {logging_mixin.py:190} INFO - [2024-12-18T06:25:52.316+0000] {dagbag.py:588} INFO - Filling up the DagBag from /opt/airflow/dags/Extract_new_price_data.py
[2024-12-18T06:25:53.601+0000] {processor.py:925} INFO - DAG(s) 'parallel_new_price_with_group' retrieved from /opt/airflow/dags/Extract_new_price_data.py
[2024-12-18T06:25:53.674+0000] {logging_mixin.py:190} INFO - [2024-12-18T06:25:53.673+0000] {dag.py:3239} INFO - Sync 1 DAGs
[2024-12-18T06:25:53.707+0000] {logging_mixin.py:190} INFO - [2024-12-18T06:25:53.706+0000] {dag.py:4180} INFO - Setting next_dagrun for parallel_new_price_with_group to 2024-12-17 12:45:00+00:00, run_after=2024-12-18 12:45:00+00:00
[2024-12-18T06:25:53.743+0000] {processor.py:208} INFO - Processing /opt/airflow/dags/Extract_new_price_data.py took 1.435 seconds
[2024-12-18T06:26:24.072+0000] {processor.py:186} INFO - Started process (PID=753) to work on /opt/airflow/dags/Extract_new_price_data.py
[2024-12-18T06:26:24.074+0000] {processor.py:914} INFO - Processing file /opt/airflow/dags/Extract_new_price_data.py for tasks to queue
[2024-12-18T06:26:24.076+0000] {logging_mixin.py:190} INFO - [2024-12-18T06:26:24.076+0000] {dagbag.py:588} INFO - Filling up the DagBag from /opt/airflow/dags/Extract_new_price_data.py
[2024-12-18T06:26:25.143+0000] {processor.py:925} INFO - DAG(s) 'parallel_new_price_with_group' retrieved from /opt/airflow/dags/Extract_new_price_data.py
[2024-12-18T06:26:25.204+0000] {logging_mixin.py:190} INFO - [2024-12-18T06:26:25.203+0000] {dag.py:3239} INFO - Sync 1 DAGs
[2024-12-18T06:26:25.235+0000] {logging_mixin.py:190} INFO - [2024-12-18T06:26:25.235+0000] {dag.py:4180} INFO - Setting next_dagrun for parallel_new_price_with_group to 2024-12-17 12:45:00+00:00, run_after=2024-12-18 12:45:00+00:00
[2024-12-18T06:26:25.287+0000] {processor.py:208} INFO - Processing /opt/airflow/dags/Extract_new_price_data.py took 1.223 seconds
[2024-12-18T06:26:55.795+0000] {processor.py:186} INFO - Started process (PID=795) to work on /opt/airflow/dags/Extract_new_price_data.py
[2024-12-18T06:26:55.798+0000] {processor.py:914} INFO - Processing file /opt/airflow/dags/Extract_new_price_data.py for tasks to queue
[2024-12-18T06:26:55.802+0000] {logging_mixin.py:190} INFO - [2024-12-18T06:26:55.802+0000] {dagbag.py:588} INFO - Filling up the DagBag from /opt/airflow/dags/Extract_new_price_data.py
[2024-12-18T06:26:57.350+0000] {processor.py:925} INFO - DAG(s) 'parallel_new_price_with_group' retrieved from /opt/airflow/dags/Extract_new_price_data.py
[2024-12-18T06:26:57.412+0000] {logging_mixin.py:190} INFO - [2024-12-18T06:26:57.412+0000] {dag.py:3239} INFO - Sync 1 DAGs
[2024-12-18T06:26:57.449+0000] {logging_mixin.py:190} INFO - [2024-12-18T06:26:57.449+0000] {dag.py:4180} INFO - Setting next_dagrun for parallel_new_price_with_group to 2024-12-17 12:45:00+00:00, run_after=2024-12-18 12:45:00+00:00
[2024-12-18T06:26:57.490+0000] {processor.py:208} INFO - Processing /opt/airflow/dags/Extract_new_price_data.py took 1.701 seconds
[2024-12-18T06:27:28.052+0000] {processor.py:186} INFO - Started process (PID=831) to work on /opt/airflow/dags/Extract_new_price_data.py
[2024-12-18T06:27:28.055+0000] {processor.py:914} INFO - Processing file /opt/airflow/dags/Extract_new_price_data.py for tasks to queue
[2024-12-18T06:27:28.057+0000] {logging_mixin.py:190} INFO - [2024-12-18T06:27:28.057+0000] {dagbag.py:588} INFO - Filling up the DagBag from /opt/airflow/dags/Extract_new_price_data.py
[2024-12-18T06:27:29.161+0000] {processor.py:925} INFO - DAG(s) 'parallel_new_price_with_group' retrieved from /opt/airflow/dags/Extract_new_price_data.py
[2024-12-18T06:27:29.212+0000] {logging_mixin.py:190} INFO - [2024-12-18T06:27:29.212+0000] {dag.py:3239} INFO - Sync 1 DAGs
[2024-12-18T06:27:29.298+0000] {logging_mixin.py:190} INFO - [2024-12-18T06:27:29.298+0000] {dag.py:4180} INFO - Setting next_dagrun for parallel_new_price_with_group to 2024-12-17 12:45:00+00:00, run_after=2024-12-18 12:45:00+00:00
[2024-12-18T06:27:29.341+0000] {processor.py:208} INFO - Processing /opt/airflow/dags/Extract_new_price_data.py took 1.293 seconds
[2024-12-18T06:27:59.600+0000] {processor.py:186} INFO - Started process (PID=867) to work on /opt/airflow/dags/Extract_new_price_data.py
[2024-12-18T06:27:59.602+0000] {processor.py:914} INFO - Processing file /opt/airflow/dags/Extract_new_price_data.py for tasks to queue
[2024-12-18T06:27:59.605+0000] {logging_mixin.py:190} INFO - [2024-12-18T06:27:59.604+0000] {dagbag.py:588} INFO - Filling up the DagBag from /opt/airflow/dags/Extract_new_price_data.py
[2024-12-18T06:28:00.864+0000] {processor.py:925} INFO - DAG(s) 'parallel_new_price_with_group' retrieved from /opt/airflow/dags/Extract_new_price_data.py
[2024-12-18T06:28:00.923+0000] {logging_mixin.py:190} INFO - [2024-12-18T06:28:00.922+0000] {dag.py:3239} INFO - Sync 1 DAGs
[2024-12-18T06:28:00.958+0000] {logging_mixin.py:190} INFO - [2024-12-18T06:28:00.958+0000] {dag.py:4180} INFO - Setting next_dagrun for parallel_new_price_with_group to 2024-12-17 12:45:00+00:00, run_after=2024-12-18 12:45:00+00:00
[2024-12-18T06:28:01.000+0000] {processor.py:208} INFO - Processing /opt/airflow/dags/Extract_new_price_data.py took 1.405 seconds
[2024-12-18T06:28:31.474+0000] {processor.py:186} INFO - Started process (PID=903) to work on /opt/airflow/dags/Extract_new_price_data.py
[2024-12-18T06:28:31.475+0000] {processor.py:914} INFO - Processing file /opt/airflow/dags/Extract_new_price_data.py for tasks to queue
[2024-12-18T06:28:31.477+0000] {logging_mixin.py:190} INFO - [2024-12-18T06:28:31.477+0000] {dagbag.py:588} INFO - Filling up the DagBag from /opt/airflow/dags/Extract_new_price_data.py
[2024-12-18T06:28:32.754+0000] {processor.py:925} INFO - DAG(s) 'parallel_new_price_with_group' retrieved from /opt/airflow/dags/Extract_new_price_data.py
[2024-12-18T06:28:32.829+0000] {logging_mixin.py:190} INFO - [2024-12-18T06:28:32.829+0000] {dag.py:3239} INFO - Sync 1 DAGs
[2024-12-18T06:28:32.859+0000] {logging_mixin.py:190} INFO - [2024-12-18T06:28:32.859+0000] {dag.py:4180} INFO - Setting next_dagrun for parallel_new_price_with_group to 2024-12-17 12:45:00+00:00, run_after=2024-12-18 12:45:00+00:00
[2024-12-18T06:28:32.898+0000] {processor.py:208} INFO - Processing /opt/airflow/dags/Extract_new_price_data.py took 1.430 seconds
[2024-12-18T06:29:03.276+0000] {processor.py:186} INFO - Started process (PID=938) to work on /opt/airflow/dags/Extract_new_price_data.py
[2024-12-18T06:29:03.279+0000] {processor.py:914} INFO - Processing file /opt/airflow/dags/Extract_new_price_data.py for tasks to queue
[2024-12-18T06:29:03.281+0000] {logging_mixin.py:190} INFO - [2024-12-18T06:29:03.281+0000] {dagbag.py:588} INFO - Filling up the DagBag from /opt/airflow/dags/Extract_new_price_data.py
[2024-12-18T06:29:04.877+0000] {processor.py:925} INFO - DAG(s) 'parallel_new_price_with_group' retrieved from /opt/airflow/dags/Extract_new_price_data.py
[2024-12-18T06:29:04.930+0000] {logging_mixin.py:190} INFO - [2024-12-18T06:29:04.929+0000] {dag.py:3239} INFO - Sync 1 DAGs
[2024-12-18T06:29:04.961+0000] {logging_mixin.py:190} INFO - [2024-12-18T06:29:04.961+0000] {dag.py:4180} INFO - Setting next_dagrun for parallel_new_price_with_group to 2024-12-17 12:45:00+00:00, run_after=2024-12-18 12:45:00+00:00
[2024-12-18T06:29:05.004+0000] {processor.py:208} INFO - Processing /opt/airflow/dags/Extract_new_price_data.py took 1.734 seconds
[2024-12-18T06:29:35.213+0000] {processor.py:186} INFO - Started process (PID=974) to work on /opt/airflow/dags/Extract_new_price_data.py
[2024-12-18T06:29:35.215+0000] {processor.py:914} INFO - Processing file /opt/airflow/dags/Extract_new_price_data.py for tasks to queue
[2024-12-18T06:29:35.218+0000] {logging_mixin.py:190} INFO - [2024-12-18T06:29:35.218+0000] {dagbag.py:588} INFO - Filling up the DagBag from /opt/airflow/dags/Extract_new_price_data.py
[2024-12-18T06:29:36.458+0000] {processor.py:925} INFO - DAG(s) 'parallel_new_price_with_group' retrieved from /opt/airflow/dags/Extract_new_price_data.py
[2024-12-18T06:29:36.506+0000] {logging_mixin.py:190} INFO - [2024-12-18T06:29:36.505+0000] {dag.py:3239} INFO - Sync 1 DAGs
[2024-12-18T06:29:36.530+0000] {logging_mixin.py:190} INFO - [2024-12-18T06:29:36.530+0000] {dag.py:4180} INFO - Setting next_dagrun for parallel_new_price_with_group to 2024-12-17 12:45:00+00:00, run_after=2024-12-18 12:45:00+00:00
[2024-12-18T06:29:36.567+0000] {processor.py:208} INFO - Processing /opt/airflow/dags/Extract_new_price_data.py took 1.360 seconds
[2024-12-18T06:30:07.201+0000] {processor.py:186} INFO - Started process (PID=1011) to work on /opt/airflow/dags/Extract_new_price_data.py
[2024-12-18T06:30:07.203+0000] {processor.py:914} INFO - Processing file /opt/airflow/dags/Extract_new_price_data.py for tasks to queue
[2024-12-18T06:30:07.206+0000] {logging_mixin.py:190} INFO - [2024-12-18T06:30:07.206+0000] {dagbag.py:588} INFO - Filling up the DagBag from /opt/airflow/dags/Extract_new_price_data.py
[2024-12-18T06:30:08.244+0000] {processor.py:925} INFO - DAG(s) 'parallel_new_price_with_group' retrieved from /opt/airflow/dags/Extract_new_price_data.py
[2024-12-18T06:30:08.303+0000] {logging_mixin.py:190} INFO - [2024-12-18T06:30:08.303+0000] {dag.py:3239} INFO - Sync 1 DAGs
[2024-12-18T06:30:08.336+0000] {logging_mixin.py:190} INFO - [2024-12-18T06:30:08.336+0000] {dag.py:4180} INFO - Setting next_dagrun for parallel_new_price_with_group to 2024-12-17 12:45:00+00:00, run_after=2024-12-18 12:45:00+00:00
[2024-12-18T06:30:08.387+0000] {processor.py:208} INFO - Processing /opt/airflow/dags/Extract_new_price_data.py took 1.192 seconds
[2024-12-18T06:30:38.504+0000] {processor.py:186} INFO - Started process (PID=1048) to work on /opt/airflow/dags/Extract_new_price_data.py
[2024-12-18T06:30:38.505+0000] {processor.py:914} INFO - Processing file /opt/airflow/dags/Extract_new_price_data.py for tasks to queue
[2024-12-18T06:30:38.508+0000] {logging_mixin.py:190} INFO - [2024-12-18T06:30:38.508+0000] {dagbag.py:588} INFO - Filling up the DagBag from /opt/airflow/dags/Extract_new_price_data.py
[2024-12-18T06:30:39.530+0000] {processor.py:925} INFO - DAG(s) 'parallel_new_price_with_group' retrieved from /opt/airflow/dags/Extract_new_price_data.py
[2024-12-18T06:30:39.583+0000] {logging_mixin.py:190} INFO - [2024-12-18T06:30:39.582+0000] {dag.py:3239} INFO - Sync 1 DAGs
[2024-12-18T06:30:39.610+0000] {logging_mixin.py:190} INFO - [2024-12-18T06:30:39.610+0000] {dag.py:4180} INFO - Setting next_dagrun for parallel_new_price_with_group to 2024-12-17 12:45:00+00:00, run_after=2024-12-18 12:45:00+00:00
[2024-12-18T06:30:39.648+0000] {processor.py:208} INFO - Processing /opt/airflow/dags/Extract_new_price_data.py took 1.149 seconds
[2024-12-18T06:31:10.024+0000] {processor.py:186} INFO - Started process (PID=1084) to work on /opt/airflow/dags/Extract_new_price_data.py
[2024-12-18T06:31:10.026+0000] {processor.py:914} INFO - Processing file /opt/airflow/dags/Extract_new_price_data.py for tasks to queue
[2024-12-18T06:31:10.028+0000] {logging_mixin.py:190} INFO - [2024-12-18T06:31:10.028+0000] {dagbag.py:588} INFO - Filling up the DagBag from /opt/airflow/dags/Extract_new_price_data.py
[2024-12-18T06:31:11.425+0000] {processor.py:925} INFO - DAG(s) 'parallel_new_price_with_group' retrieved from /opt/airflow/dags/Extract_new_price_data.py
[2024-12-18T06:31:11.533+0000] {logging_mixin.py:190} INFO - [2024-12-18T06:31:11.533+0000] {dag.py:3239} INFO - Sync 1 DAGs
[2024-12-18T06:31:11.559+0000] {logging_mixin.py:190} INFO - [2024-12-18T06:31:11.559+0000] {dag.py:4180} INFO - Setting next_dagrun for parallel_new_price_with_group to 2024-12-17 12:45:00+00:00, run_after=2024-12-18 12:45:00+00:00
[2024-12-18T06:31:11.601+0000] {processor.py:208} INFO - Processing /opt/airflow/dags/Extract_new_price_data.py took 1.581 seconds
[2024-12-18T06:31:41.841+0000] {processor.py:186} INFO - Started process (PID=1120) to work on /opt/airflow/dags/Extract_new_price_data.py
[2024-12-18T06:31:41.843+0000] {processor.py:914} INFO - Processing file /opt/airflow/dags/Extract_new_price_data.py for tasks to queue
[2024-12-18T06:31:41.845+0000] {logging_mixin.py:190} INFO - [2024-12-18T06:31:41.845+0000] {dagbag.py:588} INFO - Filling up the DagBag from /opt/airflow/dags/Extract_new_price_data.py
[2024-12-18T06:31:42.797+0000] {processor.py:925} INFO - DAG(s) 'parallel_new_price_with_group' retrieved from /opt/airflow/dags/Extract_new_price_data.py
[2024-12-18T06:31:42.849+0000] {logging_mixin.py:190} INFO - [2024-12-18T06:31:42.848+0000] {dag.py:3239} INFO - Sync 1 DAGs
[2024-12-18T06:31:42.872+0000] {logging_mixin.py:190} INFO - [2024-12-18T06:31:42.872+0000] {dag.py:4180} INFO - Setting next_dagrun for parallel_new_price_with_group to 2024-12-17 12:45:00+00:00, run_after=2024-12-18 12:45:00+00:00
[2024-12-18T06:31:42.915+0000] {processor.py:208} INFO - Processing /opt/airflow/dags/Extract_new_price_data.py took 1.079 seconds
[2024-12-18T06:32:12.976+0000] {processor.py:186} INFO - Started process (PID=1156) to work on /opt/airflow/dags/Extract_new_price_data.py
[2024-12-18T06:32:12.978+0000] {processor.py:914} INFO - Processing file /opt/airflow/dags/Extract_new_price_data.py for tasks to queue
[2024-12-18T06:32:12.982+0000] {logging_mixin.py:190} INFO - [2024-12-18T06:32:12.981+0000] {dagbag.py:588} INFO - Filling up the DagBag from /opt/airflow/dags/Extract_new_price_data.py
[2024-12-18T06:32:13.955+0000] {processor.py:925} INFO - DAG(s) 'parallel_new_price_with_group' retrieved from /opt/airflow/dags/Extract_new_price_data.py
[2024-12-18T06:32:14.054+0000] {logging_mixin.py:190} INFO - [2024-12-18T06:32:14.053+0000] {dag.py:3239} INFO - Sync 1 DAGs
[2024-12-18T06:32:14.079+0000] {logging_mixin.py:190} INFO - [2024-12-18T06:32:14.078+0000] {dag.py:4180} INFO - Setting next_dagrun for parallel_new_price_with_group to 2024-12-17 12:45:00+00:00, run_after=2024-12-18 12:45:00+00:00
[2024-12-18T06:32:14.123+0000] {processor.py:208} INFO - Processing /opt/airflow/dags/Extract_new_price_data.py took 1.156 seconds
[2024-12-18T06:32:44.738+0000] {processor.py:186} INFO - Started process (PID=1192) to work on /opt/airflow/dags/Extract_new_price_data.py
[2024-12-18T06:32:44.739+0000] {processor.py:914} INFO - Processing file /opt/airflow/dags/Extract_new_price_data.py for tasks to queue
[2024-12-18T06:32:44.741+0000] {logging_mixin.py:190} INFO - [2024-12-18T06:32:44.740+0000] {dagbag.py:588} INFO - Filling up the DagBag from /opt/airflow/dags/Extract_new_price_data.py
[2024-12-18T06:32:45.921+0000] {processor.py:925} INFO - DAG(s) 'parallel_new_price_with_group' retrieved from /opt/airflow/dags/Extract_new_price_data.py
[2024-12-18T06:32:46.000+0000] {logging_mixin.py:190} INFO - [2024-12-18T06:32:45.999+0000] {dag.py:3239} INFO - Sync 1 DAGs
[2024-12-18T06:32:46.037+0000] {logging_mixin.py:190} INFO - [2024-12-18T06:32:46.037+0000] {dag.py:4180} INFO - Setting next_dagrun for parallel_new_price_with_group to 2024-12-17 12:45:00+00:00, run_after=2024-12-18 12:45:00+00:00
[2024-12-18T06:32:46.083+0000] {processor.py:208} INFO - Processing /opt/airflow/dags/Extract_new_price_data.py took 1.351 seconds
[2024-12-18T06:33:16.230+0000] {processor.py:186} INFO - Started process (PID=1228) to work on /opt/airflow/dags/Extract_new_price_data.py
[2024-12-18T06:33:16.231+0000] {processor.py:914} INFO - Processing file /opt/airflow/dags/Extract_new_price_data.py for tasks to queue
[2024-12-18T06:33:16.234+0000] {logging_mixin.py:190} INFO - [2024-12-18T06:33:16.234+0000] {dagbag.py:588} INFO - Filling up the DagBag from /opt/airflow/dags/Extract_new_price_data.py
[2024-12-18T06:33:17.253+0000] {processor.py:925} INFO - DAG(s) 'parallel_new_price_with_group' retrieved from /opt/airflow/dags/Extract_new_price_data.py
[2024-12-18T06:33:17.323+0000] {logging_mixin.py:190} INFO - [2024-12-18T06:33:17.322+0000] {dag.py:3239} INFO - Sync 1 DAGs
[2024-12-18T06:33:17.357+0000] {logging_mixin.py:190} INFO - [2024-12-18T06:33:17.357+0000] {dag.py:4180} INFO - Setting next_dagrun for parallel_new_price_with_group to 2024-12-17 12:45:00+00:00, run_after=2024-12-18 12:45:00+00:00
[2024-12-18T06:33:17.409+0000] {processor.py:208} INFO - Processing /opt/airflow/dags/Extract_new_price_data.py took 1.184 seconds
[2024-12-18T06:33:47.522+0000] {processor.py:186} INFO - Started process (PID=1264) to work on /opt/airflow/dags/Extract_new_price_data.py
[2024-12-18T06:33:47.525+0000] {processor.py:914} INFO - Processing file /opt/airflow/dags/Extract_new_price_data.py for tasks to queue
[2024-12-18T06:33:47.528+0000] {logging_mixin.py:190} INFO - [2024-12-18T06:33:47.528+0000] {dagbag.py:588} INFO - Filling up the DagBag from /opt/airflow/dags/Extract_new_price_data.py
[2024-12-18T06:33:48.872+0000] {processor.py:925} INFO - DAG(s) 'parallel_new_price_with_group' retrieved from /opt/airflow/dags/Extract_new_price_data.py
[2024-12-18T06:33:48.934+0000] {logging_mixin.py:190} INFO - [2024-12-18T06:33:48.934+0000] {dag.py:3239} INFO - Sync 1 DAGs
[2024-12-18T06:33:48.959+0000] {logging_mixin.py:190} INFO - [2024-12-18T06:33:48.959+0000] {dag.py:4180} INFO - Setting next_dagrun for parallel_new_price_with_group to 2024-12-17 12:45:00+00:00, run_after=2024-12-18 12:45:00+00:00
[2024-12-18T06:33:48.997+0000] {processor.py:208} INFO - Processing /opt/airflow/dags/Extract_new_price_data.py took 1.483 seconds
[2024-12-18T06:34:19.567+0000] {processor.py:186} INFO - Started process (PID=1300) to work on /opt/airflow/dags/Extract_new_price_data.py
[2024-12-18T06:34:19.571+0000] {processor.py:914} INFO - Processing file /opt/airflow/dags/Extract_new_price_data.py for tasks to queue
[2024-12-18T06:34:19.573+0000] {logging_mixin.py:190} INFO - [2024-12-18T06:34:19.573+0000] {dagbag.py:588} INFO - Filling up the DagBag from /opt/airflow/dags/Extract_new_price_data.py
[2024-12-18T06:34:20.539+0000] {processor.py:925} INFO - DAG(s) 'parallel_new_price_with_group' retrieved from /opt/airflow/dags/Extract_new_price_data.py
[2024-12-18T06:34:20.643+0000] {logging_mixin.py:190} INFO - [2024-12-18T06:34:20.642+0000] {dag.py:3239} INFO - Sync 1 DAGs
[2024-12-18T06:34:20.669+0000] {logging_mixin.py:190} INFO - [2024-12-18T06:34:20.669+0000] {dag.py:4180} INFO - Setting next_dagrun for parallel_new_price_with_group to 2024-12-17 12:45:00+00:00, run_after=2024-12-18 12:45:00+00:00
[2024-12-18T06:34:20.714+0000] {processor.py:208} INFO - Processing /opt/airflow/dags/Extract_new_price_data.py took 1.154 seconds
[2024-12-18T06:34:51.003+0000] {processor.py:186} INFO - Started process (PID=1359) to work on /opt/airflow/dags/Extract_new_price_data.py
[2024-12-18T06:34:51.007+0000] {processor.py:914} INFO - Processing file /opt/airflow/dags/Extract_new_price_data.py for tasks to queue
[2024-12-18T06:34:51.012+0000] {logging_mixin.py:190} INFO - [2024-12-18T06:34:51.012+0000] {dagbag.py:588} INFO - Filling up the DagBag from /opt/airflow/dags/Extract_new_price_data.py
