[2024-12-07T09:05:46.967+0000] {local_task_job_runner.py:123} INFO - ::group::Pre task execution logs
[2024-12-07T09:05:47.031+0000] {taskinstance.py:2613} INFO - Dependencies all met for dep_context=non-requeueable deps ti=<TaskInstance: parallel_financial_reports.financial_reports.run_main_report_1 manual__2024-12-07T09:05:38.040359+00:00 [queued]>
[2024-12-07T09:05:47.055+0000] {taskinstance.py:2613} INFO - Dependencies all met for dep_context=requeueable deps ti=<TaskInstance: parallel_financial_reports.financial_reports.run_main_report_1 manual__2024-12-07T09:05:38.040359+00:00 [queued]>
[2024-12-07T09:05:47.056+0000] {taskinstance.py:2866} INFO - Starting attempt 1 of 1
[2024-12-07T09:05:47.085+0000] {taskinstance.py:2889} INFO - Executing <Task(PythonOperator): financial_reports.run_main_report_1> on 2024-12-07 09:05:38.040359+00:00
[2024-12-07T09:05:47.105+0000] {logging_mixin.py:190} WARNING - /usr/local/lib/python3.12/site-packages/airflow/task/task_runner/standard_task_runner.py:70 DeprecationWarning: This process (pid=236) is multi-threaded, use of fork() may lead to deadlocks in the child.
[2024-12-07T09:05:47.106+0000] {standard_task_runner.py:72} INFO - Started process 241 to run task
[2024-12-07T09:05:47.113+0000] {standard_task_runner.py:104} INFO - Running: ['airflow', 'tasks', 'run', 'parallel_financial_reports', 'financial_reports.run_main_report_1', 'manual__2024-12-07T09:05:38.040359+00:00', '--job-id', '40', '--raw', '--subdir', 'DAGS_FOLDER/Extract_history_data.py', '--cfg-path', '/tmp/tmp4ibmhkny']
[2024-12-07T09:05:47.118+0000] {standard_task_runner.py:105} INFO - Job 40: Subtask financial_reports.run_main_report_1
[2024-12-07T09:05:47.355+0000] {task_command.py:467} INFO - Running <TaskInstance: parallel_financial_reports.financial_reports.run_main_report_1 manual__2024-12-07T09:05:38.040359+00:00 [running]> on host dc7f1c1b5340
[2024-12-07T09:05:47.731+0000] {taskinstance.py:3132} INFO - Exporting env vars: AIRFLOW_CTX_DAG_OWNER='airflowDWH' AIRFLOW_CTX_DAG_ID='parallel_financial_reports' AIRFLOW_CTX_TASK_ID='financial_reports.run_main_report_1' AIRFLOW_CTX_EXECUTION_DATE='2024-12-07T09:05:38.040359+00:00' AIRFLOW_CTX_TRY_NUMBER='1' AIRFLOW_CTX_DAG_RUN_ID='manual__2024-12-07T09:05:38.040359+00:00'
[2024-12-07T09:05:47.734+0000] {taskinstance.py:731} INFO - ::endgroup::
[2024-12-07T09:06:21.901+0000] {logging_mixin.py:190} INFO - Dữ liệu Cân Đối Kế Toán cho mã HRB thiếu từ các năm: 2024.
[2024-12-07T09:06:23.513+0000] {logging_mixin.py:190} INFO - Dữ liệu Kết Quả Kinh Doanh cho mã HRB thiếu từ các năm: 2024.
[2024-12-07T09:06:25.177+0000] {logging_mixin.py:190} INFO - Dữ liệu Lưu Chuyển Tiền Tệ cho mã HRB thiếu từ các năm: 2024.
[2024-12-07T09:06:25.178+0000] {logging_mixin.py:190} INFO - Mã HRB đã được xử lý
[2024-12-07T09:06:26.856+0000] {logging_mixin.py:190} INFO - Dữ liệu Cân Đối Kế Toán cho mã PIV thiếu từ các năm: 2024.
[2024-12-07T09:07:40.482+0000] {logging_mixin.py:190} INFO - Mã PIV đã được xử lý
[2024-12-07T09:07:42.789+0000] {logging_mixin.py:190} INFO - Dữ liệu Cân Đối Kế Toán cho mã PLA thiếu từ các năm: 2024.
[2024-12-07T09:08:49.421+0000] {logging_mixin.py:190} INFO - Mã PLA đã được xử lý
[2024-12-07T09:08:51.758+0000] {logging_mixin.py:190} INFO - Dữ liệu Cân Đối Kế Toán cho mã PPI thiếu từ các năm: 2024.
[2024-12-07T09:09:55.586+0000] {logging_mixin.py:190} INFO - Mã PPI đã được xử lý
[2024-12-07T09:09:58.119+0000] {logging_mixin.py:190} INFO - Dữ liệu Cân Đối Kế Toán cho mã PTL thiếu từ các năm: 2024.
[2024-12-07T09:11:02.898+0000] {logging_mixin.py:190} INFO - Mã PTL đã được xử lý
[2024-12-07T09:11:03.047+0000] {logging_mixin.py:190} INFO - Đã lưu dữ liệu sau 5 mã chứng khoán.
[2024-12-07T09:11:05.698+0000] {logging_mixin.py:190} INFO - Dữ liệu Cân Đối Kế Toán cho mã PDR thiếu từ các năm: 2024.
[2024-12-07T09:12:06.632+0000] {logging_mixin.py:190} INFO - Mã PDR đã được xử lý
[2024-12-07T09:12:09.254+0000] {logging_mixin.py:190} INFO - Dữ liệu Cân Đối Kế Toán cho mã DTD thiếu từ các năm: 2024.
[2024-12-07T09:13:04.819+0000] {logging_mixin.py:190} INFO - Mã DTD đã được xử lý
[2024-12-07T09:13:08.152+0000] {logging_mixin.py:190} INFO - Dữ liệu Cân Đối Kế Toán cho mã HLD thiếu từ các năm: 2024.
[2024-12-07T09:14:21.001+0000] {logging_mixin.py:190} INFO - Mã HLD đã được xử lý
[2024-12-07T09:14:23.166+0000] {logging_mixin.py:190} INFO - Dữ liệu Cân Đối Kế Toán cho mã LDG thiếu từ các năm: 2024.
[2024-12-07T09:15:24.594+0000] {logging_mixin.py:190} INFO - Mã LDG đã được xử lý
[2024-12-07T09:15:26.401+0000] {logging_mixin.py:190} INFO - Dữ liệu Cân Đối Kế Toán cho mã HD2 thiếu từ các năm: 2024.
[2024-12-07T09:15:27.577+0000] {logging_mixin.py:190} INFO - Dữ liệu Kết Quả Kinh Doanh cho mã HD2 thiếu từ các năm: 2024.
[2024-12-07T09:15:28.273+0000] {logging_mixin.py:190} INFO - Dữ liệu Lưu Chuyển Tiền Tệ cho mã HD2 thiếu từ các năm: 2024.
[2024-12-07T09:15:28.274+0000] {logging_mixin.py:190} INFO - Mã HD2 đã được xử lý
[2024-12-07T09:15:28.353+0000] {logging_mixin.py:190} INFO - Đã lưu dữ liệu sau 10 mã chứng khoán.
[2024-12-07T09:15:29.800+0000] {logging_mixin.py:190} INFO - Dữ liệu Cân Đối Kế Toán cho mã PVL thiếu từ các năm: 2024.
[2024-12-07T09:15:30.571+0000] {logging_mixin.py:190} INFO - Dữ liệu Kết Quả Kinh Doanh cho mã PVL thiếu từ các năm: 2024.
[2024-12-07T09:15:45.253+0000] {logging_mixin.py:190} INFO - Mã PVL đã được xử lý
[2024-12-07T09:15:47.853+0000] {logging_mixin.py:190} INFO - Dữ liệu Cân Đối Kế Toán cho mã IDV thiếu từ các năm: 2024.
[2024-12-07T09:16:56.035+0000] {logging_mixin.py:190} INFO - Mã IDV đã được xử lý
[2024-12-07T09:16:58.243+0000] {logging_mixin.py:190} INFO - Dữ liệu Cân Đối Kế Toán cho mã PWA thiếu từ các năm: 2024.
[2024-12-07T09:16:59.707+0000] {logging_mixin.py:190} INFO - Dữ liệu Kết Quả Kinh Doanh cho mã PWA thiếu từ các năm: 2024.
[2024-12-07T09:17:00.516+0000] {logging_mixin.py:190} INFO - Dữ liệu Lưu Chuyển Tiền Tệ cho mã PWA thiếu từ các năm: 2024.
[2024-12-07T09:17:00.517+0000] {logging_mixin.py:190} INFO - Mã PWA đã được xử lý
[2024-12-07T09:17:02.190+0000] {logging_mixin.py:190} INFO - Dữ liệu Cân Đối Kế Toán cho mã PXA thiếu từ các năm: 2024.
[2024-12-07T09:17:03.003+0000] {logging_mixin.py:190} INFO - Dữ liệu Kết Quả Kinh Doanh cho mã PXA thiếu từ các năm: 2024.
[2024-12-07T09:17:19.708+0000] {logging_mixin.py:190} INFO - Mã PXA đã được xử lý
[2024-12-07T09:17:21.826+0000] {logging_mixin.py:190} INFO - Dữ liệu Cân Đối Kế Toán cho mã PXL thiếu từ các năm: 2024.
[2024-12-07T09:18:29.509+0000] {logging_mixin.py:190} INFO - Mã PXL đã được xử lý
[2024-12-07T09:18:29.648+0000] {logging_mixin.py:190} INFO - Đã lưu dữ liệu sau 15 mã chứng khoán.
[2024-12-07T09:18:32.828+0000] {logging_mixin.py:190} INFO - Dữ liệu Cân Đối Kế Toán cho mã IDC thiếu từ các năm: 2024.
[2024-12-07T09:19:03.346+0000] {logging_mixin.py:190} INFO - Dữ liệu Kết Quả Kinh Doanh cho mã IDC thiếu từ các năm: 2017.
[2024-12-07T09:19:16.016+0000] {logging_mixin.py:190} INFO - Dữ liệu Lưu Chuyển Tiền Tệ cho mã IDC thiếu từ các năm: 2017.
[2024-12-07T09:19:16.018+0000] {logging_mixin.py:190} INFO - Mã IDC đã được xử lý
[2024-12-07T09:19:17.735+0000] {logging_mixin.py:190} INFO - Dữ liệu Cân Đối Kế Toán cho mã QCG thiếu từ các năm: 2024.
[2024-12-07T09:20:24.099+0000] {logging_mixin.py:190} INFO - Mã QCG đã được xử lý
[2024-12-07T09:20:26.537+0000] {logging_mixin.py:190} INFO - Dữ liệu Cân Đối Kế Toán cho mã RCL thiếu từ các năm: 2024.
[2024-12-07T09:21:34.629+0000] {logging_mixin.py:190} INFO - Mã RCL đã được xử lý
[2024-12-07T09:21:36.862+0000] {logging_mixin.py:190} INFO - Dữ liệu Cân Đối Kế Toán cho mã TBR thiếu từ các năm: 2024.
[2024-12-07T09:21:38.147+0000] {logging_mixin.py:190} INFO - Dữ liệu Kết Quả Kinh Doanh cho mã TBR thiếu từ các năm: 2024.
[2024-12-07T09:21:38.989+0000] {logging_mixin.py:190} INFO - Dữ liệu Lưu Chuyển Tiền Tệ cho mã TBR thiếu từ các năm: 2024.
[2024-12-07T09:21:38.991+0000] {logging_mixin.py:190} INFO - Mã TBR đã được xử lý
[2024-12-07T09:21:40.929+0000] {logging_mixin.py:190} INFO - Dữ liệu Cân Đối Kế Toán cho mã SID thiếu từ các năm: 2024.
[2024-12-07T09:21:42.028+0000] {logging_mixin.py:190} INFO - Dữ liệu Kết Quả Kinh Doanh cho mã SID thiếu từ các năm: 2024.
[2024-12-07T09:22:00.299+0000] {logging_mixin.py:190} INFO - Mã SID đã được xử lý
[2024-12-07T09:22:00.537+0000] {logging_mixin.py:190} INFO - Đã lưu dữ liệu sau 20 mã chứng khoán.
[2024-12-07T09:22:04.568+0000] {logging_mixin.py:190} INFO - Dữ liệu Cân Đối Kế Toán cho mã SCR thiếu từ các năm: 2024.
[2024-12-07T09:23:35.504+0000] {logging_mixin.py:190} INFO - Mã SCR đã được xử lý
[2024-12-07T09:23:39.526+0000] {logging_mixin.py:190} INFO - Dữ liệu Cân Đối Kế Toán cho mã NVL thiếu từ các năm: 2024.
[2024-12-07T09:24:04.072+0000] {local_task_job_runner.py:346} WARNING - State of this instance has been externally set to failed. Terminating instance.
[2024-12-07T09:24:04.343+0000] {local_task_job_runner.py:245} INFO - ::endgroup::
[2024-12-07T09:24:04.387+0000] {process_utils.py:132} INFO - Sending 15 to group 241. PIDs of all processes in the group: [241]
[2024-12-07T09:24:04.399+0000] {process_utils.py:87} INFO - Sending the signal 15 to group 241
[2024-12-07T09:24:04.412+0000] {taskinstance.py:3093} ERROR - Received SIGTERM. Terminating subprocesses.
[2024-12-07T09:24:05.888+0000] {taskinstance.py:340} INFO - ::group::Post task execution logs
[2024-12-07T09:24:06.017+0000] {process_utils.py:80} INFO - Process psutil.Process(pid=241, status='terminated', exitcode=0, started='09:05:46') (241) terminated with exit code 0
