[2024-12-07T07:02:54.379+0000] {local_task_job_runner.py:123} INFO - ::group::Pre task execution logs
[2024-12-07T07:02:54.409+0000] {taskinstance.py:2613} INFO - Dependencies all met for dep_context=non-requeueable deps ti=<TaskInstance: parallel_financial_reports.financial_reports.run_main_report manual__2024-12-07T07:02:50.953756+00:00 [queued]>
[2024-12-07T07:02:54.421+0000] {taskinstance.py:2613} INFO - Dependencies all met for dep_context=requeueable deps ti=<TaskInstance: parallel_financial_reports.financial_reports.run_main_report manual__2024-12-07T07:02:50.953756+00:00 [queued]>
[2024-12-07T07:02:54.421+0000] {taskinstance.py:2866} INFO - Starting attempt 1 of 1
[2024-12-07T07:02:54.448+0000] {taskinstance.py:2889} INFO - Executing <Task(PythonOperator): financial_reports.run_main_report> on 2024-12-07 07:02:50.953756+00:00
[2024-12-07T07:02:54.461+0000] {logging_mixin.py:190} WARNING - /usr/local/lib/python3.12/site-packages/airflow/task/task_runner/standard_task_runner.py:70 DeprecationWarning: This process (pid=781) is multi-threaded, use of fork() may lead to deadlocks in the child.
[2024-12-07T07:02:54.461+0000] {standard_task_runner.py:104} INFO - Running: ['airflow', 'tasks', 'run', 'parallel_financial_reports', 'financial_reports.run_main_report', 'manual__2024-12-07T07:02:50.953756+00:00', '--job-id', '34', '--raw', '--subdir', 'DAGS_FOLDER/Extract_history_data.py', '--cfg-path', '/tmp/tmpwmpm1fqi']
[2024-12-07T07:02:54.464+0000] {standard_task_runner.py:72} INFO - Started process 790 to run task
[2024-12-07T07:02:54.465+0000] {standard_task_runner.py:105} INFO - Job 34: Subtask financial_reports.run_main_report
[2024-12-07T07:02:54.667+0000] {task_command.py:467} INFO - Running <TaskInstance: parallel_financial_reports.financial_reports.run_main_report manual__2024-12-07T07:02:50.953756+00:00 [running]> on host e645099c8412
[2024-12-07T07:02:55.085+0000] {taskinstance.py:3132} INFO - Exporting env vars: AIRFLOW_CTX_DAG_OWNER='airflowDWH' AIRFLOW_CTX_DAG_ID='parallel_financial_reports' AIRFLOW_CTX_TASK_ID='financial_reports.run_main_report' AIRFLOW_CTX_EXECUTION_DATE='2024-12-07T07:02:50.953756+00:00' AIRFLOW_CTX_TRY_NUMBER='1' AIRFLOW_CTX_DAG_RUN_ID='manual__2024-12-07T07:02:50.953756+00:00'
[2024-12-07T07:02:55.086+0000] {taskinstance.py:731} INFO - ::endgroup::
[2024-12-07T07:04:03.922+0000] {logging_mixin.py:190} INFO - Dữ liệu Cân Đối Kế Toán cho mã AGG thiếu từ các năm: 2017.
[2024-12-07T07:04:31.775+0000] {logging_mixin.py:190} INFO - Dữ liệu Kết Quả Kinh Doanh cho mã AGG thiếu từ các năm: 2017.
[2024-12-07T07:04:42.458+0000] {logging_mixin.py:190} INFO - Dữ liệu Lưu Chuyển Tiền Tệ cho mã AGG thiếu từ các năm: 2017.
[2024-12-07T07:04:42.465+0000] {logging_mixin.py:190} INFO - Mã AGG đã được xử lý
[2024-12-07T07:05:08.661+0000] {logging_mixin.py:190} INFO - Dữ liệu Cân Đối Kế Toán cho mã LEC thiếu từ các năm: 2017.
[2024-12-07T07:06:01.778+0000] {logging_mixin.py:190} INFO - Mã LEC đã được xử lý
[2024-12-07T07:06:27.543+0000] {logging_mixin.py:190} INFO - Dữ liệu Cân Đối Kế Toán cho mã BIG thiếu từ các năm: 2017.
[2024-12-07T07:06:28.912+0000] {logging_mixin.py:190} INFO - Dữ liệu Kết Quả Kinh Doanh cho mã BIG thiếu từ các năm: 2024.
[2024-12-07T07:06:29.765+0000] {logging_mixin.py:190} INFO - Dữ liệu Lưu Chuyển Tiền Tệ cho mã BIG thiếu từ các năm: 2024.
[2024-12-07T07:06:29.766+0000] {logging_mixin.py:190} INFO - Mã BIG đã được xử lý
[2024-12-07T07:06:55.245+0000] {logging_mixin.py:190} INFO - Dữ liệu Cân Đối Kế Toán cho mã FDC thiếu từ các năm: 2017.
[2024-12-07T07:06:56.124+0000] {logging_mixin.py:190} INFO - Dữ liệu Kết Quả Kinh Doanh cho mã FDC thiếu từ các năm: 2024.
[2024-12-07T07:07:11.716+0000] {logging_mixin.py:190} INFO - Mã FDC đã được xử lý
[2024-12-07T07:07:32.034+0000] {local_task_job_runner.py:346} WARNING - State of this instance has been externally set to failed. Terminating instance.
[2024-12-07T07:07:32.098+0000] {local_task_job_runner.py:245} INFO - ::endgroup::
[2024-12-07T07:07:32.127+0000] {process_utils.py:132} INFO - Sending 15 to group 790. PIDs of all processes in the group: [790]
[2024-12-07T07:07:32.130+0000] {process_utils.py:87} INFO - Sending the signal 15 to group 790
[2024-12-07T07:07:32.139+0000] {taskinstance.py:3093} ERROR - Received SIGTERM. Terminating subprocesses.
[2024-12-07T07:07:32.490+0000] {taskinstance.py:340} INFO - ::group::Post task execution logs
[2024-12-07T07:07:32.547+0000] {process_utils.py:80} INFO - Process psutil.Process(pid=790, status='terminated', exitcode=0, started='07:02:54') (790) terminated with exit code 0
