[2024-12-15T11:03:33.685+0000] {local_task_job_runner.py:123} INFO - ::group::Pre task execution logs
[2024-12-15T11:03:33.736+0000] {taskinstance.py:2613} INFO - Dependencies all met for dep_context=non-requeueable deps ti=<TaskInstance: parallel_new_financial_reports.financial_reports.run_main_report_1 manual__2024-12-15T11:03:29.249664+00:00 [queued]>
[2024-12-15T11:03:33.753+0000] {taskinstance.py:2613} INFO - Dependencies all met for dep_context=requeueable deps ti=<TaskInstance: parallel_new_financial_reports.financial_reports.run_main_report_1 manual__2024-12-15T11:03:29.249664+00:00 [queued]>
[2024-12-15T11:03:33.754+0000] {taskinstance.py:2866} INFO - Starting attempt 1 of 1
[2024-12-15T11:03:33.780+0000] {taskinstance.py:2889} INFO - Executing <Task(PythonOperator): financial_reports.run_main_report_1> on 2024-12-15 11:03:29.249664+00:00
[2024-12-15T11:03:33.789+0000] {standard_task_runner.py:104} INFO - Running: ['airflow', 'tasks', 'run', 'parallel_new_financial_reports', 'financial_reports.run_main_report_1', 'manual__2024-12-15T11:03:29.249664+00:00', '--job-id', '404', '--raw', '--subdir', 'DAGS_FOLDER/Extract_new_financial_data.py', '--cfg-path', '/tmp/tmplrbq6ddc']
[2024-12-15T11:03:33.790+0000] {logging_mixin.py:190} WARNING - /usr/local/lib/python3.12/site-packages/airflow/task/task_runner/standard_task_runner.py:70 DeprecationWarning: This process (pid=599) is multi-threaded, use of fork() may lead to deadlocks in the child.
[2024-12-15T11:03:33.793+0000] {standard_task_runner.py:105} INFO - Job 404: Subtask financial_reports.run_main_report_1
[2024-12-15T11:03:33.793+0000] {standard_task_runner.py:72} INFO - Started process 606 to run task
[2024-12-15T11:03:33.954+0000] {task_command.py:467} INFO - Running <TaskInstance: parallel_new_financial_reports.financial_reports.run_main_report_1 manual__2024-12-15T11:03:29.249664+00:00 [running]> on host 2f7cc6f48508
[2024-12-15T11:03:34.298+0000] {taskinstance.py:3132} INFO - Exporting env vars: AIRFLOW_CTX_DAG_OWNER='airflowDWH' AIRFLOW_CTX_DAG_ID='parallel_new_financial_reports' AIRFLOW_CTX_TASK_ID='financial_reports.run_main_report_1' AIRFLOW_CTX_EXECUTION_DATE='2024-12-15T11:03:29.249664+00:00' AIRFLOW_CTX_TRY_NUMBER='1' AIRFLOW_CTX_DAG_RUN_ID='manual__2024-12-15T11:03:29.249664+00:00'
[2024-12-15T11:03:34.300+0000] {taskinstance.py:731} INFO - ::endgroup::
[2024-12-15T11:04:06.883+0000] {logging_mixin.py:190} INFO - Dữ liệu mới nhất chưa được cập nhật
[2024-12-15T11:04:11.478+0000] {logging_mixin.py:190} INFO - Mã NVT đã được xử lý
[2024-12-15T11:04:25.960+0000] {logging_mixin.py:190} INFO - Mã NTC đã được xử lý
[2024-12-15T11:04:39.479+0000] {logging_mixin.py:190} INFO - Mã PIV đã được xử lý
[2024-12-15T11:04:42.136+0000] {logging_mixin.py:190} INFO - Dữ liệu mới nhất chưa được cập nhật
[2024-12-15T11:04:43.035+0000] {logging_mixin.py:190} INFO - Dữ liệu mới nhất chưa được cập nhật
[2024-12-15T11:04:43.557+0000] {logging_mixin.py:190} INFO - Dữ liệu mới nhất chưa được cập nhật
[2024-12-15T11:04:43.559+0000] {logging_mixin.py:190} INFO - Mã PLA đã được xử lý
[2024-12-15T11:04:46.816+0000] {logging_mixin.py:190} INFO - Dữ liệu mới nhất chưa được cập nhật
[2024-12-15T11:04:47.879+0000] {logging_mixin.py:190} INFO - Dữ liệu mới nhất chưa được cập nhật
[2024-12-15T11:04:48.367+0000] {logging_mixin.py:190} INFO - Dữ liệu mới nhất chưa được cập nhật
[2024-12-15T11:04:48.367+0000] {logging_mixin.py:190} INFO - Mã PPI đã được xử lý
[2024-12-15T11:04:48.375+0000] {logging_mixin.py:190} INFO - Đã lưu dữ liệu sau 5 mã chứng khoán.
[2024-12-15T11:05:03.042+0000] {logging_mixin.py:190} INFO - Mã PTL đã được xử lý
[2024-12-15T11:05:16.363+0000] {logging_mixin.py:190} INFO - Mã PDR đã được xử lý
[2024-12-15T11:05:29.772+0000] {logging_mixin.py:190} INFO - Mã DTD đã được xử lý
[2024-12-15T11:05:44.212+0000] {logging_mixin.py:190} INFO - Mã HLD đã được xử lý
[2024-12-15T11:05:58.221+0000] {local_task_job_runner.py:346} WARNING - State of this instance has been externally set to success. Terminating instance.
[2024-12-15T11:05:58.224+0000] {local_task_job_runner.py:245} INFO - ::endgroup::
[2024-12-15T11:05:58.226+0000] {process_utils.py:132} INFO - Sending 15 to group 606. PIDs of all processes in the group: [606]
[2024-12-15T11:05:58.226+0000] {process_utils.py:87} INFO - Sending the signal 15 to group 606
[2024-12-15T11:05:58.227+0000] {taskinstance.py:3093} ERROR - Received SIGTERM. Terminating subprocesses.
[2024-12-15T11:05:58.342+0000] {taskinstance.py:340} INFO - ::group::Post task execution logs
[2024-12-15T11:05:58.360+0000] {process_utils.py:80} INFO - Process psutil.Process(pid=606, status='terminated', exitcode=0, started='11:03:33') (606) terminated with exit code 0
