[2024-12-08T13:58:41.686+0000] {local_task_job_runner.py:123} INFO - ::group::Pre task execution logs
[2024-12-08T13:58:42.686+0000] {taskinstance.py:2613} INFO - Dependencies all met for dep_context=non-requeueable deps ti=<TaskInstance: parallel_historical_price_with_group.process_groups.process_group_0 manual__2024-12-08T13:57:44.750592+00:00 [queued]>
[2024-12-08T13:58:42.747+0000] {taskinstance.py:2613} INFO - Dependencies all met for dep_context=requeueable deps ti=<TaskInstance: parallel_historical_price_with_group.process_groups.process_group_0 manual__2024-12-08T13:57:44.750592+00:00 [queued]>
[2024-12-08T13:58:42.749+0000] {taskinstance.py:2866} INFO - Starting attempt 1 of 1
[2024-12-08T13:58:42.865+0000] {taskinstance.py:2889} INFO - Executing <Task(PythonOperator): process_groups.process_group_0> on 2024-12-08 13:57:44.750592+00:00
[2024-12-08T13:58:42.937+0000] {logging_mixin.py:190} WARNING - /usr/local/lib/python3.12/site-packages/airflow/task/task_runner/standard_task_runner.py:70 DeprecationWarning: This process (pid=3165) is multi-threaded, use of fork() may lead to deadlocks in the child.
[2024-12-08T13:58:42.941+0000] {standard_task_runner.py:72} INFO - Started process 3212 to run task
[2024-12-08T13:58:42.994+0000] {standard_task_runner.py:104} INFO - Running: ['airflow', 'tasks', 'run', 'parallel_historical_price_with_group', 'process_groups.process_group_0', 'manual__2024-12-08T13:57:44.750592+00:00', '--job-id', '148', '--raw', '--subdir', 'DAGS_FOLDER/Extract_history_price_data.py', '--cfg-path', '/tmp/tmphtj644ya']
[2024-12-08T13:58:43.071+0000] {standard_task_runner.py:105} INFO - Job 148: Subtask process_groups.process_group_0
[2024-12-08T13:58:44.497+0000] {task_command.py:467} INFO - Running <TaskInstance: parallel_historical_price_with_group.process_groups.process_group_0 manual__2024-12-08T13:57:44.750592+00:00 [skipped]> on host 80c3b7e46742
[2024-12-08T13:58:46.860+0000] {taskinstance.py:3132} INFO - Exporting env vars: AIRFLOW_CTX_DAG_OWNER='airflowDWH' AIRFLOW_CTX_DAG_ID='parallel_historical_price_with_group' AIRFLOW_CTX_TASK_ID='process_groups.process_group_0' AIRFLOW_CTX_EXECUTION_DATE='2024-12-08T13:57:44.750592+00:00' AIRFLOW_CTX_TRY_NUMBER='1' AIRFLOW_CTX_DAG_RUN_ID='manual__2024-12-08T13:57:44.750592+00:00'
[2024-12-08T13:58:46.879+0000] {taskinstance.py:731} INFO - ::endgroup::
[2024-12-08T13:59:06.858+0000] {job.py:229} INFO - Heartbeat recovered after 26.53 seconds
[2024-12-08T13:59:13.747+0000] {local_task_job_runner.py:346} WARNING - State of this instance has been externally set to skipped. Terminating instance.
[2024-12-08T13:59:13.771+0000] {local_task_job_runner.py:245} INFO - ::endgroup::
[2024-12-08T13:59:14.020+0000] {process_utils.py:132} INFO - Sending 15 to group 3212. PIDs of all processes in the group: [3212]
[2024-12-08T13:59:14.031+0000] {process_utils.py:87} INFO - Sending the signal 15 to group 3212
[2024-12-08T13:59:18.870+0000] {taskinstance.py:3093} ERROR - Received SIGTERM. Terminating subprocesses.
[2024-12-08T13:59:19.681+0000] {taskinstance.py:340} INFO - ::group::Post task execution logs
[2024-12-08T13:59:19.813+0000] {process_utils.py:80} INFO - Process psutil.Process(pid=3212, status='terminated', exitcode=0, started='13:58:42') (3212) terminated with exit code 0
