[2024-12-08T15:44:45.195+0000] {local_task_job_runner.py:123} INFO - ::group::Pre task execution logs
[2024-12-08T15:44:45.292+0000] {taskinstance.py:2613} INFO - Dependencies all met for dep_context=non-requeueable deps ti=<TaskInstance: parallel_historical_price_with_group.combine_csv_files manual__2024-12-08T15:43:53.381277+00:00 [queued]>
[2024-12-08T15:44:45.318+0000] {taskinstance.py:2613} INFO - Dependencies all met for dep_context=requeueable deps ti=<TaskInstance: parallel_historical_price_with_group.combine_csv_files manual__2024-12-08T15:43:53.381277+00:00 [queued]>
[2024-12-08T15:44:45.319+0000] {taskinstance.py:2866} INFO - Starting attempt 1 of 1
[2024-12-08T15:44:45.350+0000] {taskinstance.py:2889} INFO - Executing <Task(PythonOperator): combine_csv_files> on 2024-12-08 15:43:53.381277+00:00
[2024-12-08T15:44:45.363+0000] {logging_mixin.py:190} WARNING - /usr/local/lib/python3.12/site-packages/airflow/task/task_runner/standard_task_runner.py:70 DeprecationWarning: This process (pid=3086) is multi-threaded, use of fork() may lead to deadlocks in the child.
[2024-12-08T15:44:45.364+0000] {standard_task_runner.py:72} INFO - Started process 3094 to run task
[2024-12-08T15:44:45.363+0000] {standard_task_runner.py:104} INFO - Running: ['airflow', 'tasks', 'run', 'parallel_historical_price_with_group', 'combine_csv_files', 'manual__2024-12-08T15:43:53.381277+00:00', '--job-id', '188', '--raw', '--subdir', 'DAGS_FOLDER/Extract_history_price_data.py', '--cfg-path', '/tmp/tmp4ijoip95']
[2024-12-08T15:44:45.367+0000] {standard_task_runner.py:105} INFO - Job 188: Subtask combine_csv_files
[2024-12-08T15:44:45.575+0000] {task_command.py:467} INFO - Running <TaskInstance: parallel_historical_price_with_group.combine_csv_files manual__2024-12-08T15:43:53.381277+00:00 [running]> on host a15ab3c9c934
[2024-12-08T15:44:45.795+0000] {taskinstance.py:3132} INFO - Exporting env vars: AIRFLOW_CTX_DAG_OWNER='airflowDWH' AIRFLOW_CTX_DAG_ID='parallel_historical_price_with_group' AIRFLOW_CTX_TASK_ID='combine_csv_files' AIRFLOW_CTX_EXECUTION_DATE='2024-12-08T15:43:53.381277+00:00' AIRFLOW_CTX_TRY_NUMBER='1' AIRFLOW_CTX_DAG_RUN_ID='manual__2024-12-08T15:43:53.381277+00:00'
[2024-12-08T15:44:45.797+0000] {taskinstance.py:731} INFO - ::endgroup::
[2024-12-08T15:44:47.096+0000] {logging_mixin.py:190} INFO - Đã xóa thành công
[2024-12-08T15:44:47.097+0000] {logging_mixin.py:190} INFO - Đã xóa thành công
[2024-12-08T15:44:47.099+0000] {logging_mixin.py:190} INFO - Đã xóa thành công
[2024-12-08T15:44:47.100+0000] {logging_mixin.py:190} INFO - Đã xóa thành công
[2024-12-08T15:44:47.101+0000] {logging_mixin.py:190} INFO - Đã xóa thành công
[2024-12-08T15:44:47.106+0000] {python.py:240} INFO - Done. Returned value was: None
[2024-12-08T15:44:47.162+0000] {taskinstance.py:340} INFO - ::group::Post task execution logs
[2024-12-08T15:44:47.163+0000] {taskinstance.py:352} INFO - Marking task as SUCCESS. dag_id=parallel_historical_price_with_group, task_id=combine_csv_files, run_id=manual__2024-12-08T15:43:53.381277+00:00, execution_date=20241208T154353, start_date=20241208T154445, end_date=20241208T154447
[2024-12-08T15:44:47.197+0000] {local_task_job_runner.py:266} INFO - Task exited with return code 0
[2024-12-08T15:44:47.272+0000] {taskinstance.py:3895} INFO - 1 downstream tasks scheduled from follow-on schedule check
[2024-12-08T15:44:47.358+0000] {local_task_job_runner.py:245} INFO - ::endgroup::
