[2024-12-12T05:50:44.231+0000] {local_task_job_runner.py:123} INFO - ::group::Pre task execution logs
[2024-12-12T05:50:44.286+0000] {taskinstance.py:2613} INFO - Dependencies all met for dep_context=non-requeueable deps ti=<TaskInstance: parallel_new_price_with_group.process_groups.process_group_2 manual__2024-12-12T05:50:38.739061+00:00 [queued]>
[2024-12-12T05:50:44.304+0000] {taskinstance.py:2613} INFO - Dependencies all met for dep_context=requeueable deps ti=<TaskInstance: parallel_new_price_with_group.process_groups.process_group_2 manual__2024-12-12T05:50:38.739061+00:00 [queued]>
[2024-12-12T05:50:44.305+0000] {taskinstance.py:2866} INFO - Starting attempt 1 of 2
[2024-12-12T05:50:44.330+0000] {taskinstance.py:2889} INFO - Executing <Task(PythonOperator): process_groups.process_group_2> on 2024-12-12 05:50:38.739061+00:00
[2024-12-12T05:50:44.375+0000] {logging_mixin.py:190} WARNING - /usr/local/lib/python3.12/site-packages/airflow/task/task_runner/standard_task_runner.py:70 DeprecationWarning: This process (pid=7433) is multi-threaded, use of fork() may lead to deadlocks in the child.
[2024-12-12T05:50:44.376+0000] {standard_task_runner.py:72} INFO - Started process 7442 to run task
[2024-12-12T05:50:44.377+0000] {standard_task_runner.py:104} INFO - Running: ['airflow', 'tasks', 'run', 'parallel_new_price_with_group', 'process_groups.process_group_2', 'manual__2024-12-12T05:50:38.739061+00:00', '--job-id', '282', '--raw', '--subdir', 'DAGS_FOLDER/Extract_new_price_data.py', '--cfg-path', '/tmp/tmphy5rg1e0']
[2024-12-12T05:50:44.380+0000] {standard_task_runner.py:105} INFO - Job 282: Subtask process_groups.process_group_2
[2024-12-12T05:50:44.904+0000] {task_command.py:467} INFO - Running <TaskInstance: parallel_new_price_with_group.process_groups.process_group_2 manual__2024-12-12T05:50:38.739061+00:00 [running]> on host b97e805017e1
[2024-12-12T05:50:45.827+0000] {taskinstance.py:3132} INFO - Exporting env vars: AIRFLOW_CTX_DAG_OWNER='airflowDWH' AIRFLOW_CTX_DAG_ID='parallel_new_price_with_group' AIRFLOW_CTX_TASK_ID='process_groups.process_group_2' AIRFLOW_CTX_EXECUTION_DATE='2024-12-12T05:50:38.739061+00:00' AIRFLOW_CTX_TRY_NUMBER='1' AIRFLOW_CTX_DAG_RUN_ID='manual__2024-12-12T05:50:38.739061+00:00'
[2024-12-12T05:50:45.829+0000] {taskinstance.py:731} INFO - ::endgroup::
[2024-12-12T05:50:51.361+0000] {data_explorer.py:64} WARNING - Thông tin niêm yết & giao dịch sẽ được truy xuất từ TCBS
[2024-12-12T05:50:52.951+0000] {data_explorer.py:64} WARNING - Thông tin niêm yết & giao dịch sẽ được truy xuất từ TCBS
[2024-12-12T05:50:54.084+0000] {data_explorer.py:64} WARNING - Thông tin niêm yết & giao dịch sẽ được truy xuất từ TCBS
[2024-12-12T05:50:54.344+0000] {logging_mixin.py:190} INFO - Mã cổ phiếu FID hiện bị dừng giao dịch
[2024-12-12T05:50:55.114+0000] {data_explorer.py:64} WARNING - Thông tin niêm yết & giao dịch sẽ được truy xuất từ TCBS
[2024-12-12T05:50:56.156+0000] {data_explorer.py:64} WARNING - Thông tin niêm yết & giao dịch sẽ được truy xuất từ TCBS
[2024-12-12T05:50:57.017+0000] {data_explorer.py:64} WARNING - Thông tin niêm yết & giao dịch sẽ được truy xuất từ TCBS
[2024-12-12T05:50:58.212+0000] {data_explorer.py:64} WARNING - Thông tin niêm yết & giao dịch sẽ được truy xuất từ TCBS
[2024-12-12T05:50:59.603+0000] {data_explorer.py:64} WARNING - Thông tin niêm yết & giao dịch sẽ được truy xuất từ TCBS
[2024-12-12T05:50:59.943+0000] {logging_mixin.py:190} INFO - Mã cổ phiếu EFI hiện bị dừng giao dịch
[2024-12-12T05:51:01.271+0000] {data_explorer.py:64} WARNING - Thông tin niêm yết & giao dịch sẽ được truy xuất từ TCBS
[2024-12-12T05:51:02.721+0000] {logging_mixin.py:190} INFO - Mã cổ phiếu NTB hiện bị dừng giao dịch
[2024-12-12T05:51:04.049+0000] {data_explorer.py:64} WARNING - Thông tin niêm yết & giao dịch sẽ được truy xuất từ TCBS
[2024-12-12T05:51:05.890+0000] {data_explorer.py:64} WARNING - Thông tin niêm yết & giao dịch sẽ được truy xuất từ TCBS
[2024-12-12T05:51:06.283+0000] {logging_mixin.py:190} INFO - Mã cổ phiếu NVT hiện bị dừng giao dịch
[2024-12-12T05:51:07.287+0000] {data_explorer.py:64} WARNING - Thông tin niêm yết & giao dịch sẽ được truy xuất từ TCBS
[2024-12-12T05:51:08.273+0000] {data_explorer.py:64} WARNING - Thông tin niêm yết & giao dịch sẽ được truy xuất từ TCBS
[2024-12-12T05:51:09.054+0000] {data_explorer.py:64} WARNING - Thông tin niêm yết & giao dịch sẽ được truy xuất từ TCBS
[2024-12-12T05:51:09.264+0000] {logging_mixin.py:190} INFO - Mã cổ phiếu PLA hiện bị dừng giao dịch
[2024-12-12T05:51:10.189+0000] {data_explorer.py:64} WARNING - Thông tin niêm yết & giao dịch sẽ được truy xuất từ TCBS
[2024-12-12T05:51:10.652+0000] {logging_mixin.py:190} INFO - Mã cổ phiếu PPI hiện bị dừng giao dịch
[2024-12-12T05:51:11.375+0000] {data_explorer.py:64} WARNING - Thông tin niêm yết & giao dịch sẽ được truy xuất từ TCBS
[2024-12-12T05:51:12.196+0000] {data_explorer.py:64} WARNING - Thông tin niêm yết & giao dịch sẽ được truy xuất từ TCBS
[2024-12-12T05:51:13.027+0000] {data_explorer.py:64} WARNING - Thông tin niêm yết & giao dịch sẽ được truy xuất từ TCBS
[2024-12-12T05:51:13.883+0000] {data_explorer.py:64} WARNING - Thông tin niêm yết & giao dịch sẽ được truy xuất từ TCBS
[2024-12-12T05:51:14.790+0000] {data_explorer.py:64} WARNING - Thông tin niêm yết & giao dịch sẽ được truy xuất từ TCBS
[2024-12-12T05:51:15.561+0000] {data_explorer.py:64} WARNING - Thông tin niêm yết & giao dịch sẽ được truy xuất từ TCBS
[2024-12-12T05:51:15.921+0000] {logging_mixin.py:190} INFO - Mã cổ phiếu HD2 hiện bị dừng giao dịch
[2024-12-12T05:51:16.601+0000] {data_explorer.py:64} WARNING - Thông tin niêm yết & giao dịch sẽ được truy xuất từ TCBS
[2024-12-12T05:51:16.837+0000] {logging_mixin.py:190} INFO - Mã cổ phiếu PVL hiện bị dừng giao dịch
[2024-12-12T05:51:17.399+0000] {data_explorer.py:64} WARNING - Thông tin niêm yết & giao dịch sẽ được truy xuất từ TCBS
[2024-12-12T05:51:18.218+0000] {data_explorer.py:64} WARNING - Thông tin niêm yết & giao dịch sẽ được truy xuất từ TCBS
[2024-12-12T05:51:19.060+0000] {data_explorer.py:64} WARNING - Thông tin niêm yết & giao dịch sẽ được truy xuất từ TCBS
[2024-12-12T05:51:19.325+0000] {logging_mixin.py:190} INFO - Mã cổ phiếu PXA hiện bị dừng giao dịch
[2024-12-12T05:51:19.889+0000] {data_explorer.py:64} WARNING - Thông tin niêm yết & giao dịch sẽ được truy xuất từ TCBS
[2024-12-12T05:51:21.268+0000] {python.py:240} INFO - Done. Returned value was: None
[2024-12-12T05:51:21.335+0000] {taskinstance.py:340} INFO - ::group::Post task execution logs
[2024-12-12T05:51:21.335+0000] {taskinstance.py:352} INFO - Marking task as SUCCESS. dag_id=parallel_new_price_with_group, task_id=process_groups.process_group_2, run_id=manual__2024-12-12T05:50:38.739061+00:00, execution_date=20241212T055038, start_date=20241212T055044, end_date=20241212T055121
[2024-12-12T05:51:21.386+0000] {local_task_job_runner.py:266} INFO - Task exited with return code 0
[2024-12-12T05:51:21.491+0000] {taskinstance.py:3895} INFO - 1 downstream tasks scheduled from follow-on schedule check
[2024-12-12T05:51:21.497+0000] {local_task_job_runner.py:245} INFO - ::endgroup::
