[2024-12-12T06:06:20.550+0000] {local_task_job_runner.py:123} INFO - ::group::Pre task execution logs
[2024-12-12T06:06:20.623+0000] {taskinstance.py:2613} INFO - Dependencies all met for dep_context=non-requeueable deps ti=<TaskInstance: parallel_new_price_with_group.combine_csv_files manual__2024-12-12T06:05:33.443603+00:00 [queued]>
[2024-12-12T06:06:20.683+0000] {taskinstance.py:2613} INFO - Dependencies all met for dep_context=requeueable deps ti=<TaskInstance: parallel_new_price_with_group.combine_csv_files manual__2024-12-12T06:05:33.443603+00:00 [queued]>
[2024-12-12T06:06:20.684+0000] {taskinstance.py:2866} INFO - Starting attempt 1 of 2
[2024-12-12T06:06:20.701+0000] {taskinstance.py:2889} INFO - Executing <Task(PythonOperator): combine_csv_files> on 2024-12-12 06:05:33.443603+00:00
[2024-12-12T06:06:20.710+0000] {logging_mixin.py:190} WARNING - /usr/local/lib/python3.12/site-packages/airflow/task/task_runner/standard_task_runner.py:70 DeprecationWarning: This process (pid=8380) is multi-threaded, use of fork() may lead to deadlocks in the child.
[2024-12-12T06:06:20.711+0000] {standard_task_runner.py:72} INFO - Started process 8382 to run task
[2024-12-12T06:06:20.711+0000] {standard_task_runner.py:104} INFO - Running: ['airflow', 'tasks', 'run', 'parallel_new_price_with_group', 'combine_csv_files', 'manual__2024-12-12T06:05:33.443603+00:00', '--job-id', '299', '--raw', '--subdir', 'DAGS_FOLDER/Extract_new_price_data.py', '--cfg-path', '/tmp/tmpm1h0mybz']
[2024-12-12T06:06:20.713+0000] {standard_task_runner.py:105} INFO - Job 299: Subtask combine_csv_files
[2024-12-12T06:06:20.807+0000] {task_command.py:467} INFO - Running <TaskInstance: parallel_new_price_with_group.combine_csv_files manual__2024-12-12T06:05:33.443603+00:00 [running]> on host b97e805017e1
[2024-12-12T06:06:20.953+0000] {taskinstance.py:3132} INFO - Exporting env vars: AIRFLOW_CTX_DAG_OWNER='airflowDWH' AIRFLOW_CTX_DAG_ID='parallel_new_price_with_group' AIRFLOW_CTX_TASK_ID='combine_csv_files' AIRFLOW_CTX_EXECUTION_DATE='2024-12-12T06:05:33.443603+00:00' AIRFLOW_CTX_TRY_NUMBER='1' AIRFLOW_CTX_DAG_RUN_ID='manual__2024-12-12T06:05:33.443603+00:00'
[2024-12-12T06:06:20.955+0000] {taskinstance.py:731} INFO - ::endgroup::
[2024-12-12T06:06:20.978+0000] {logging_mixin.py:190} INFO - Đã xóa thành công /opt/Tasks/extract/NewData/Temp_Price_Group_0.csv
[2024-12-12T06:06:20.978+0000] {logging_mixin.py:190} INFO - Đã xóa thành công /opt/Tasks/extract/NewData/Temp_Price_Group_1.csv
[2024-12-12T06:06:20.978+0000] {logging_mixin.py:190} INFO - Đã xóa thành công /opt/Tasks/extract/NewData/Temp_Price_Group_2.csv
[2024-12-12T06:06:20.978+0000] {logging_mixin.py:190} INFO - Đã xóa thành công /opt/Tasks/extract/NewData/Temp_Price_Group_3.csv
[2024-12-12T06:06:20.978+0000] {logging_mixin.py:190} INFO - Đã xóa thành công /opt/Tasks/extract/NewData/Temp_Price_Group_4.csv
[2024-12-12T06:06:20.979+0000] {logging_mixin.py:190} INFO - Đã xóa thành công /opt/Tasks/extract/NewData/stock_blocks_0.txt
[2024-12-12T06:06:20.979+0000] {logging_mixin.py:190} INFO - Đã xóa thành công /opt/Tasks/extract/NewData/stock_blocks_1.txt
[2024-12-12T06:06:20.979+0000] {logging_mixin.py:190} INFO - Đã xóa thành công /opt/Tasks/extract/NewData/stock_blocks_2.txt
[2024-12-12T06:06:20.980+0000] {logging_mixin.py:190} INFO - Đã xóa thành công /opt/Tasks/extract/NewData/stock_blocks_3.txt
[2024-12-12T06:06:20.980+0000] {logging_mixin.py:190} INFO - Đã xóa thành công /opt/Tasks/extract/NewData/stock_blocks_4.txt
[2024-12-12T06:06:20.980+0000] {python.py:240} INFO - Done. Returned value was: None
[2024-12-12T06:06:21.004+0000] {taskinstance.py:340} INFO - ::group::Post task execution logs
[2024-12-12T06:06:21.005+0000] {taskinstance.py:352} INFO - Marking task as SUCCESS. dag_id=parallel_new_price_with_group, task_id=combine_csv_files, run_id=manual__2024-12-12T06:05:33.443603+00:00, execution_date=20241212T060533, start_date=20241212T060620, end_date=20241212T060621
[2024-12-12T06:06:21.128+0000] {local_task_job_runner.py:266} INFO - Task exited with return code 0
[2024-12-12T06:06:21.177+0000] {taskinstance.py:3895} INFO - 1 downstream tasks scheduled from follow-on schedule check
[2024-12-12T06:06:21.182+0000] {local_task_job_runner.py:245} INFO - ::endgroup::
