[2024-12-16T10:55:02.787+0000] {local_task_job_runner.py:123} INFO - ::group::Pre task execution logs
[2024-12-16T10:55:02.868+0000] {taskinstance.py:2613} INFO - Dependencies all met for dep_context=non-requeueable deps ti=<TaskInstance: load_company_info_to_dwh.extract_company_info manual__2024-12-16T10:54:59.077631+00:00 [queued]>
[2024-12-16T10:55:02.879+0000] {taskinstance.py:2613} INFO - Dependencies all met for dep_context=requeueable deps ti=<TaskInstance: load_company_info_to_dwh.extract_company_info manual__2024-12-16T10:54:59.077631+00:00 [queued]>
[2024-12-16T10:55:02.879+0000] {taskinstance.py:2866} INFO - Starting attempt 1 of 2
[2024-12-16T10:55:02.897+0000] {taskinstance.py:2889} INFO - Executing <Task(PythonOperator): extract_company_info> on 2024-12-16 10:54:59.077631+00:00
[2024-12-16T10:55:02.905+0000] {logging_mixin.py:190} WARNING - /usr/local/lib/python3.12/site-packages/airflow/task/task_runner/standard_task_runner.py:70 DeprecationWarning: This process (pid=5006) is multi-threaded, use of fork() may lead to deadlocks in the child.
[2024-12-16T10:55:02.906+0000] {standard_task_runner.py:72} INFO - Started process 5008 to run task
[2024-12-16T10:55:02.905+0000] {standard_task_runner.py:104} INFO - Running: ['airflow', 'tasks', 'run', 'load_company_info_to_dwh', 'extract_company_info', 'manual__2024-12-16T10:54:59.077631+00:00', '--job-id', '416', '--raw', '--subdir', 'DAGS_FOLDER/company_info_etl.py', '--cfg-path', '/tmp/tmp1ulkhomu']
[2024-12-16T10:55:02.907+0000] {standard_task_runner.py:105} INFO - Job 416: Subtask extract_company_info
[2024-12-16T10:55:02.991+0000] {task_command.py:467} INFO - Running <TaskInstance: load_company_info_to_dwh.extract_company_info manual__2024-12-16T10:54:59.077631+00:00 [running]> on host 8e02006e0a25
[2024-12-16T10:55:03.441+0000] {taskinstance.py:3132} INFO - Exporting env vars: AIRFLOW_CTX_DAG_OWNER='airflowDWH' AIRFLOW_CTX_DAG_ID='load_company_info_to_dwh' AIRFLOW_CTX_TASK_ID='extract_company_info' AIRFLOW_CTX_EXECUTION_DATE='2024-12-16T10:54:59.077631+00:00' AIRFLOW_CTX_TRY_NUMBER='1' AIRFLOW_CTX_DAG_RUN_ID='manual__2024-12-16T10:54:59.077631+00:00'
[2024-12-16T10:55:03.442+0000] {taskinstance.py:731} INFO - ::endgroup::
[2024-12-16T10:55:04.651+0000] {data_explorer.py:64} WARNING - Thông tin niêm yết & giao dịch sẽ được truy xuất từ TCBS
[2024-12-16T10:58:18.521+0000] {logging_mixin.py:190} INFO - Lấy data Hồ Sơ Công Ty thành công
[2024-12-16T10:58:18.522+0000] {python.py:240} INFO - Done. Returned value was: None
[2024-12-16T10:58:18.559+0000] {taskinstance.py:340} INFO - ::group::Post task execution logs
[2024-12-16T10:58:18.560+0000] {taskinstance.py:352} INFO - Marking task as SUCCESS. dag_id=load_company_info_to_dwh, task_id=extract_company_info, run_id=manual__2024-12-16T10:54:59.077631+00:00, execution_date=20241216T105459, start_date=20241216T105502, end_date=20241216T105818
[2024-12-16T10:58:18.609+0000] {local_task_job_runner.py:266} INFO - Task exited with return code 0
[2024-12-16T10:58:18.654+0000] {taskinstance.py:3895} INFO - 1 downstream tasks scheduled from follow-on schedule check
[2024-12-16T10:58:18.656+0000] {local_task_job_runner.py:245} INFO - ::endgroup::
