[2024-12-07T13:25:01.634+0000] {local_task_job_runner.py:123} INFO - ::group::Pre task execution logs
[2024-12-07T13:25:01.734+0000] {taskinstance.py:2613} INFO - Dependencies all met for dep_context=non-requeueable deps ti=<TaskInstance: parallel_historical_price_with_group.combine_csv_files manual__2024-12-07T13:23:55.698416+00:00 [queued]>
[2024-12-07T13:25:01.751+0000] {taskinstance.py:2613} INFO - Dependencies all met for dep_context=requeueable deps ti=<TaskInstance: parallel_historical_price_with_group.combine_csv_files manual__2024-12-07T13:23:55.698416+00:00 [queued]>
[2024-12-07T13:25:01.751+0000] {taskinstance.py:2866} INFO - Starting attempt 1 of 1
[2024-12-07T13:25:01.769+0000] {taskinstance.py:2889} INFO - Executing <Task(PythonOperator): combine_csv_files> on 2024-12-07 13:23:55.698416+00:00
[2024-12-07T13:25:01.780+0000] {logging_mixin.py:190} WARNING - /usr/local/lib/python3.12/site-packages/airflow/task/task_runner/standard_task_runner.py:70 DeprecationWarning: This process (pid=5809) is multi-threaded, use of fork() may lead to deadlocks in the child.
[2024-12-07T13:25:01.781+0000] {standard_task_runner.py:72} INFO - Started process 5817 to run task
[2024-12-07T13:25:01.780+0000] {standard_task_runner.py:104} INFO - Running: ['airflow', 'tasks', 'run', 'parallel_historical_price_with_group', 'combine_csv_files', 'manual__2024-12-07T13:23:55.698416+00:00', '--job-id', '67', '--raw', '--subdir', 'DAGS_FOLDER/Extract_history_price_data.py', '--cfg-path', '/tmp/tmpseez6z4w']
[2024-12-07T13:25:01.783+0000] {standard_task_runner.py:105} INFO - Job 67: Subtask combine_csv_files
[2024-12-07T13:25:01.869+0000] {task_command.py:467} INFO - Running <TaskInstance: parallel_historical_price_with_group.combine_csv_files manual__2024-12-07T13:23:55.698416+00:00 [running]> on host 5690cb444f4e
[2024-12-07T13:25:01.999+0000] {taskinstance.py:3132} INFO - Exporting env vars: AIRFLOW_CTX_DAG_OWNER='airflowDWH' AIRFLOW_CTX_DAG_ID='parallel_historical_price_with_group' AIRFLOW_CTX_TASK_ID='combine_csv_files' AIRFLOW_CTX_EXECUTION_DATE='2024-12-07T13:23:55.698416+00:00' AIRFLOW_CTX_TRY_NUMBER='1' AIRFLOW_CTX_DAG_RUN_ID='manual__2024-12-07T13:23:55.698416+00:00'
[2024-12-07T13:25:02.001+0000] {taskinstance.py:731} INFO - ::endgroup::
[2024-12-07T13:25:02.883+0000] {logging_mixin.py:190} INFO - Đã xóa thành công
[2024-12-07T13:25:02.884+0000] {logging_mixin.py:190} INFO - Đã xóa thành công
[2024-12-07T13:25:02.885+0000] {logging_mixin.py:190} INFO - Đã xóa thành công
[2024-12-07T13:25:02.885+0000] {logging_mixin.py:190} INFO - Đã xóa thành công
[2024-12-07T13:25:02.886+0000] {logging_mixin.py:190} INFO - Đã xóa thành công
[2024-12-07T13:25:02.888+0000] {python.py:240} INFO - Done. Returned value was: None
[2024-12-07T13:25:02.910+0000] {taskinstance.py:340} INFO - ::group::Post task execution logs
[2024-12-07T13:25:02.911+0000] {taskinstance.py:352} INFO - Marking task as SUCCESS. dag_id=parallel_historical_price_with_group, task_id=combine_csv_files, run_id=manual__2024-12-07T13:23:55.698416+00:00, execution_date=20241207T132355, start_date=20241207T132501, end_date=20241207T132502
[2024-12-07T13:25:02.964+0000] {local_task_job_runner.py:266} INFO - Task exited with return code 0
[2024-12-07T13:25:02.994+0000] {taskinstance.py:3895} INFO - 0 downstream tasks scheduled from follow-on schedule check
[2024-12-07T13:25:02.997+0000] {local_task_job_runner.py:245} INFO - ::endgroup::
