[2024-12-08T14:27:54.112+0000] {local_task_job_runner.py:123} INFO - ::group::Pre task execution logs
[2024-12-08T14:27:54.271+0000] {taskinstance.py:2613} INFO - Dependencies all met for dep_context=non-requeueable deps ti=<TaskInstance: parallel_historical_price_with_group.load_csv_to_db manual__2024-12-08T14:26:35.310711+00:00 [queued]>
[2024-12-08T14:27:54.290+0000] {taskinstance.py:2613} INFO - Dependencies all met for dep_context=requeueable deps ti=<TaskInstance: parallel_historical_price_with_group.load_csv_to_db manual__2024-12-08T14:26:35.310711+00:00 [queued]>
[2024-12-08T14:27:54.291+0000] {taskinstance.py:2866} INFO - Starting attempt 1 of 1
[2024-12-08T14:27:54.314+0000] {taskinstance.py:2889} INFO - Executing <Task(PostgresOperator): load_csv_to_db> on 2024-12-08 14:26:35.310711+00:00
[2024-12-08T14:27:54.325+0000] {logging_mixin.py:190} WARNING - /usr/local/lib/python3.12/site-packages/airflow/task/task_runner/standard_task_runner.py:70 DeprecationWarning: This process (pid=310) is multi-threaded, use of fork() may lead to deadlocks in the child.
[2024-12-08T14:27:54.326+0000] {standard_task_runner.py:72} INFO - Started process 312 to run task
[2024-12-08T14:27:54.325+0000] {standard_task_runner.py:104} INFO - Running: ['airflow', 'tasks', 'run', 'parallel_historical_price_with_group', 'load_csv_to_db', 'manual__2024-12-08T14:26:35.310711+00:00', '--job-id', '161', '--raw', '--subdir', 'DAGS_FOLDER/Extract_history_price_data.py', '--cfg-path', '/tmp/tmpus1pc6lo']
[2024-12-08T14:27:54.328+0000] {standard_task_runner.py:105} INFO - Job 161: Subtask load_csv_to_db
[2024-12-08T14:27:54.637+0000] {task_command.py:467} INFO - Running <TaskInstance: parallel_historical_price_with_group.load_csv_to_db manual__2024-12-08T14:26:35.310711+00:00 [running]> on host a15ab3c9c934
[2024-12-08T14:27:54.918+0000] {taskinstance.py:3132} INFO - Exporting env vars: AIRFLOW_CTX_DAG_OWNER='airflowDWH' AIRFLOW_CTX_DAG_ID='parallel_historical_price_with_group' AIRFLOW_CTX_TASK_ID='load_csv_to_db' AIRFLOW_CTX_EXECUTION_DATE='2024-12-08T14:26:35.310711+00:00' AIRFLOW_CTX_TRY_NUMBER='1' AIRFLOW_CTX_DAG_RUN_ID='manual__2024-12-08T14:26:35.310711+00:00'
[2024-12-08T14:27:54.920+0000] {taskinstance.py:731} INFO - ::endgroup::
[2024-12-08T14:27:54.936+0000] {sql.py:278} INFO - Executing: 
            COPY lichsugia
            FROM '/opt/Tasks/HistoricalData/TotalHisPrice.csv'
            DELIMITER ','
            CSV HEADER;
        
[2024-12-08T14:27:54.970+0000] {base.py:84} INFO - Retrieving connection 'load_to_staging'
[2024-12-08T14:27:55.005+0000] {base.py:84} INFO - Retrieving connection 'load_to_staging'
[2024-12-08T14:27:55.030+0000] {sql.py:553} INFO - Running statement: 
            COPY lichsugia
            FROM '/opt/Tasks/HistoricalData/TotalHisPrice.csv'
            DELIMITER ','
            CSV HEADER;
        , parameters: None
[2024-12-08T14:27:55.038+0000] {taskinstance.py:3311} ERROR - Task failed with exception
Traceback (most recent call last):
  File "/usr/local/lib/python3.12/site-packages/airflow/models/taskinstance.py", line 767, in _execute_task
    result = _execute_callable(context=context, **execute_callable_kwargs)
             ^^^^^^^^^^^^^^^^^^^^^^^^^^^^^^^^^^^^^^^^^^^^^^^^^^^^^^^^^^^^^
  File "/usr/local/lib/python3.12/site-packages/airflow/models/taskinstance.py", line 733, in _execute_callable
    return ExecutionCallableRunner(
           ^^^^^^^^^^^^^^^^^^^^^^^^
  File "/usr/local/lib/python3.12/site-packages/airflow/utils/operator_helpers.py", line 252, in run
    return self.func(*args, **kwargs)
           ^^^^^^^^^^^^^^^^^^^^^^^^^^
  File "/usr/local/lib/python3.12/site-packages/airflow/models/baseoperator.py", line 417, in wrapper
    return func(self, *args, **kwargs)
           ^^^^^^^^^^^^^^^^^^^^^^^^^^^
  File "/usr/local/lib/python3.12/site-packages/airflow/providers/common/sql/operators/sql.py", line 284, in execute
    output = hook.run(
             ^^^^^^^^^
  File "/usr/local/lib/python3.12/site-packages/airflow/providers/common/sql/hooks/sql.py", line 498, in run
    self._run_command(cur, sql_statement, parameters)
  File "/usr/local/lib/python3.12/site-packages/airflow/providers/common/sql/hooks/sql.py", line 558, in _run_command
    cur.execute(sql_statement)
psycopg2.errors.InsufficientPrivilege: permission denied to COPY from a file
DETAIL:  Only roles with privileges of the "pg_read_server_files" role may COPY from a file.
HINT:  Anyone can COPY to stdout or from stdin. psql's \copy command also works for anyone.

[2024-12-08T14:27:55.073+0000] {taskinstance.py:1225} INFO - Marking task as FAILED. dag_id=parallel_historical_price_with_group, task_id=load_csv_to_db, run_id=manual__2024-12-08T14:26:35.310711+00:00, execution_date=20241208T142635, start_date=20241208T142754, end_date=20241208T142755
[2024-12-08T14:27:55.104+0000] {taskinstance.py:340} INFO - ::group::Post task execution logs
[2024-12-08T14:27:55.104+0000] {standard_task_runner.py:124} ERROR - Failed to execute job 161 for task load_csv_to_db (permission denied to COPY from a file
DETAIL:  Only roles with privileges of the "pg_read_server_files" role may COPY from a file.
HINT:  Anyone can COPY to stdout or from stdin. psql's \copy command also works for anyone.
; 312)
Traceback (most recent call last):
  File "/usr/local/lib/python3.12/site-packages/airflow/task/task_runner/standard_task_runner.py", line 117, in _start_by_fork
    ret = args.func(args, dag=self.dag)
          ^^^^^^^^^^^^^^^^^^^^^^^^^^^^^
  File "/usr/local/lib/python3.12/site-packages/airflow/cli/cli_config.py", line 49, in command
    return func(*args, **kwargs)
           ^^^^^^^^^^^^^^^^^^^^^
  File "/usr/local/lib/python3.12/site-packages/airflow/utils/cli.py", line 116, in wrapper
    return f(*args, **kwargs)
           ^^^^^^^^^^^^^^^^^^
  File "/usr/local/lib/python3.12/site-packages/airflow/cli/commands/task_command.py", line 483, in task_run
    task_return_code = _run_task_by_selected_method(args, _dag, ti)
                       ^^^^^^^^^^^^^^^^^^^^^^^^^^^^^^^^^^^^^^^^^^^^
  File "/usr/local/lib/python3.12/site-packages/airflow/cli/commands/task_command.py", line 256, in _run_task_by_selected_method
    return _run_raw_task(args, ti)
           ^^^^^^^^^^^^^^^^^^^^^^^
  File "/usr/local/lib/python3.12/site-packages/airflow/cli/commands/task_command.py", line 341, in _run_raw_task
    return ti._run_raw_task(
           ^^^^^^^^^^^^^^^^^
  File "/usr/local/lib/python3.12/site-packages/airflow/utils/session.py", line 97, in wrapper
    return func(*args, session=session, **kwargs)
           ^^^^^^^^^^^^^^^^^^^^^^^^^^^^^^^^^^^^^^
  File "/usr/local/lib/python3.12/site-packages/airflow/models/taskinstance.py", line 3005, in _run_raw_task
    return _run_raw_task(
           ^^^^^^^^^^^^^^
  File "/usr/local/lib/python3.12/site-packages/airflow/models/taskinstance.py", line 273, in _run_raw_task
    TaskInstance._execute_task_with_callbacks(
  File "/usr/local/lib/python3.12/site-packages/airflow/models/taskinstance.py", line 3159, in _execute_task_with_callbacks
    result = self._execute_task(context, task_orig)
             ^^^^^^^^^^^^^^^^^^^^^^^^^^^^^^^^^^^^^^
  File "/usr/local/lib/python3.12/site-packages/airflow/models/taskinstance.py", line 3183, in _execute_task
    return _execute_task(self, context, task_orig)
           ^^^^^^^^^^^^^^^^^^^^^^^^^^^^^^^^^^^^^^^
  File "/usr/local/lib/python3.12/site-packages/airflow/models/taskinstance.py", line 767, in _execute_task
    result = _execute_callable(context=context, **execute_callable_kwargs)
             ^^^^^^^^^^^^^^^^^^^^^^^^^^^^^^^^^^^^^^^^^^^^^^^^^^^^^^^^^^^^^
  File "/usr/local/lib/python3.12/site-packages/airflow/models/taskinstance.py", line 733, in _execute_callable
    return ExecutionCallableRunner(
           ^^^^^^^^^^^^^^^^^^^^^^^^
  File "/usr/local/lib/python3.12/site-packages/airflow/utils/operator_helpers.py", line 252, in run
    return self.func(*args, **kwargs)
           ^^^^^^^^^^^^^^^^^^^^^^^^^^
  File "/usr/local/lib/python3.12/site-packages/airflow/models/baseoperator.py", line 417, in wrapper
    return func(self, *args, **kwargs)
           ^^^^^^^^^^^^^^^^^^^^^^^^^^^
  File "/usr/local/lib/python3.12/site-packages/airflow/providers/common/sql/operators/sql.py", line 284, in execute
    output = hook.run(
             ^^^^^^^^^
  File "/usr/local/lib/python3.12/site-packages/airflow/providers/common/sql/hooks/sql.py", line 498, in run
    self._run_command(cur, sql_statement, parameters)
  File "/usr/local/lib/python3.12/site-packages/airflow/providers/common/sql/hooks/sql.py", line 558, in _run_command
    cur.execute(sql_statement)
psycopg2.errors.InsufficientPrivilege: permission denied to COPY from a file
DETAIL:  Only roles with privileges of the "pg_read_server_files" role may COPY from a file.
HINT:  Anyone can COPY to stdout or from stdin. psql's \copy command also works for anyone.

[2024-12-08T14:27:55.146+0000] {local_task_job_runner.py:266} INFO - Task exited with return code 1
[2024-12-08T14:27:55.199+0000] {taskinstance.py:3895} INFO - 0 downstream tasks scheduled from follow-on schedule check
[2024-12-08T14:27:55.210+0000] {local_task_job_runner.py:245} INFO - ::endgroup::
