[2024-12-17T12:45:04.431+0000] {local_task_job_runner.py:123} INFO - ::group::Pre task execution logs
[2024-12-17T12:45:04.468+0000] {taskinstance.py:2613} INFO - Dependencies all met for dep_context=non-requeueable deps ti=<TaskInstance: parallel_new_price_with_group.process_groups.process_group_0 scheduled__2024-12-16T12:45:00+00:00 [queued]>
[2024-12-17T12:45:04.487+0000] {taskinstance.py:2613} INFO - Dependencies all met for dep_context=requeueable deps ti=<TaskInstance: parallel_new_price_with_group.process_groups.process_group_0 scheduled__2024-12-16T12:45:00+00:00 [queued]>
[2024-12-17T12:45:04.487+0000] {taskinstance.py:2866} INFO - Starting attempt 1 of 4
[2024-12-17T12:45:04.514+0000] {taskinstance.py:2889} INFO - Executing <Task(PythonOperator): process_groups.process_group_0> on 2024-12-16 12:45:00+00:00
[2024-12-17T12:45:04.530+0000] {logging_mixin.py:190} WARNING - /usr/local/lib/python3.12/site-packages/airflow/task/task_runner/standard_task_runner.py:70 DeprecationWarning: This process (pid=3014) is multi-threaded, use of fork() may lead to deadlocks in the child.
[2024-12-17T12:45:04.533+0000] {standard_task_runner.py:72} INFO - Started process 3025 to run task
[2024-12-17T12:45:04.529+0000] {standard_task_runner.py:104} INFO - Running: ['airflow', 'tasks', 'run', 'parallel_new_price_with_group', 'process_groups.process_group_0', 'scheduled__2024-12-16T12:45:00+00:00', '--job-id', '445', '--raw', '--subdir', 'DAGS_FOLDER/Extract_new_price_data.py', '--cfg-path', '/tmp/tmp3oajfxbn']
[2024-12-17T12:45:04.535+0000] {standard_task_runner.py:105} INFO - Job 445: Subtask process_groups.process_group_0
[2024-12-17T12:45:04.714+0000] {task_command.py:467} INFO - Running <TaskInstance: parallel_new_price_with_group.process_groups.process_group_0 scheduled__2024-12-16T12:45:00+00:00 [running]> on host 8e02006e0a25
[2024-12-17T12:45:05.041+0000] {taskinstance.py:3132} INFO - Exporting env vars: AIRFLOW_CTX_DAG_OWNER='airflowDWH' AIRFLOW_CTX_DAG_ID='parallel_new_price_with_group' AIRFLOW_CTX_TASK_ID='process_groups.process_group_0' AIRFLOW_CTX_EXECUTION_DATE='2024-12-16T12:45:00+00:00' AIRFLOW_CTX_TRY_NUMBER='1' AIRFLOW_CTX_DAG_RUN_ID='scheduled__2024-12-16T12:45:00+00:00'
[2024-12-17T12:45:05.044+0000] {taskinstance.py:731} INFO - ::endgroup::
[2024-12-17T12:45:06.094+0000] {data_explorer.py:64} WARNING - Thông tin niêm yết & giao dịch sẽ được truy xuất từ TCBS
[2024-12-17T12:45:06.871+0000] {data_explorer.py:64} WARNING - Thông tin niêm yết & giao dịch sẽ được truy xuất từ TCBS
[2024-12-17T12:45:07.096+0000] {logging_mixin.py:190} INFO - Mã cổ phiếu FDC hiện bị dừng giao dịch
[2024-12-17T12:45:08.707+0000] {data_explorer.py:64} WARNING - Thông tin niêm yết & giao dịch sẽ được truy xuất từ TCBS
[2024-12-17T12:45:08.913+0000] {logging_mixin.py:190} INFO - Mã cổ phiếu LEC hiện bị dừng giao dịch
[2024-12-17T12:45:09.548+0000] {data_explorer.py:64} WARNING - Thông tin niêm yết & giao dịch sẽ được truy xuất từ TCBS
[2024-12-17T12:45:11.334+0000] {data_explorer.py:64} WARNING - Thông tin niêm yết & giao dịch sẽ được truy xuất từ TCBS
[2024-12-17T12:45:12.228+0000] {data_explorer.py:64} WARNING - Thông tin niêm yết & giao dịch sẽ được truy xuất từ TCBS
[2024-12-17T12:45:13.049+0000] {data_explorer.py:64} WARNING - Thông tin niêm yết & giao dịch sẽ được truy xuất từ TCBS
[2024-12-17T12:45:13.878+0000] {data_explorer.py:64} WARNING - Thông tin niêm yết & giao dịch sẽ được truy xuất từ TCBS
[2024-12-17T12:45:14.078+0000] {logging_mixin.py:190} INFO - Mã cổ phiếu XDH hiện bị dừng giao dịch
[2024-12-17T12:45:14.690+0000] {data_explorer.py:64} WARNING - Thông tin niêm yết & giao dịch sẽ được truy xuất từ TCBS
[2024-12-17T12:45:14.918+0000] {logging_mixin.py:190} INFO - Mã cổ phiếu C21 hiện bị dừng giao dịch
[2024-12-17T12:45:15.558+0000] {data_explorer.py:64} WARNING - Thông tin niêm yết & giao dịch sẽ được truy xuất từ TCBS
[2024-12-17T12:45:16.470+0000] {data_explorer.py:64} WARNING - Thông tin niêm yết & giao dịch sẽ được truy xuất từ TCBS
[2024-12-17T12:45:16.709+0000] {logging_mixin.py:190} INFO - Mã cổ phiếu CK8 hiện bị dừng giao dịch
[2024-12-17T12:45:17.223+0000] {data_explorer.py:64} WARNING - Thông tin niêm yết & giao dịch sẽ được truy xuất từ TCBS
[2024-12-17T12:45:17.974+0000] {data_explorer.py:64} WARNING - Thông tin niêm yết & giao dịch sẽ được truy xuất từ TCBS
[2024-12-17T12:45:18.199+0000] {logging_mixin.py:190} INFO - Mã cổ phiếu CLG hiện bị dừng giao dịch
[2024-12-17T12:45:18.877+0000] {data_explorer.py:64} WARNING - Thông tin niêm yết & giao dịch sẽ được truy xuất từ TCBS
[2024-12-17T12:45:19.712+0000] {data_explorer.py:64} WARNING - Thông tin niêm yết & giao dịch sẽ được truy xuất từ TCBS
[2024-12-17T12:45:19.924+0000] {logging_mixin.py:190} INFO - Mã cổ phiếu HPI hiện bị dừng giao dịch
[2024-12-17T12:45:20.467+0000] {data_explorer.py:64} WARNING - Thông tin niêm yết & giao dịch sẽ được truy xuất từ TCBS
[2024-12-17T12:45:20.704+0000] {logging_mixin.py:190} INFO - Mã cổ phiếu DRH hiện bị dừng giao dịch
[2024-12-17T12:45:21.187+0000] {data_explorer.py:64} WARNING - Thông tin niêm yết & giao dịch sẽ được truy xuất từ TCBS
[2024-12-17T12:45:21.958+0000] {data_explorer.py:64} WARNING - Thông tin niêm yết & giao dịch sẽ được truy xuất từ TCBS
[2024-12-17T12:45:22.947+0000] {data_explorer.py:64} WARNING - Thông tin niêm yết & giao dịch sẽ được truy xuất từ TCBS
[2024-12-17T12:45:23.856+0000] {data_explorer.py:64} WARNING - Thông tin niêm yết & giao dịch sẽ được truy xuất từ TCBS
[2024-12-17T12:45:24.723+0000] {data_explorer.py:64} WARNING - Thông tin niêm yết & giao dịch sẽ được truy xuất từ TCBS
[2024-12-17T12:45:24.909+0000] {logging_mixin.py:190} INFO - Mã cổ phiếu BVL hiện bị dừng giao dịch
[2024-12-17T12:45:25.536+0000] {data_explorer.py:64} WARNING - Thông tin niêm yết & giao dịch sẽ được truy xuất từ TCBS
[2024-12-17T12:45:27.621+0000] {data_explorer.py:64} WARNING - Thông tin niêm yết & giao dịch sẽ được truy xuất từ TCBS
[2024-12-17T12:45:28.331+0000] {data_explorer.py:64} WARNING - Thông tin niêm yết & giao dịch sẽ được truy xuất từ TCBS
[2024-12-17T12:45:28.562+0000] {logging_mixin.py:190} INFO - Mã cổ phiếu BII hiện bị dừng giao dịch
[2024-12-17T12:45:29.470+0000] {data_explorer.py:64} WARNING - Thông tin niêm yết & giao dịch sẽ được truy xuất từ TCBS
[2024-12-17T12:45:29.667+0000] {logging_mixin.py:190} INFO - Mã cổ phiếu FLC hiện bị dừng giao dịch
[2024-12-17T12:45:30.427+0000] {data_explorer.py:64} WARNING - Thông tin niêm yết & giao dịch sẽ được truy xuất từ TCBS
[2024-12-17T12:45:30.643+0000] {python.py:240} INFO - Done. Returned value was: None
[2024-12-17T12:45:30.663+0000] {taskinstance.py:340} INFO - ::group::Post task execution logs
[2024-12-17T12:45:30.663+0000] {taskinstance.py:352} INFO - Marking task as SUCCESS. dag_id=parallel_new_price_with_group, task_id=process_groups.process_group_0, run_id=scheduled__2024-12-16T12:45:00+00:00, execution_date=20241216T124500, start_date=20241217T124504, end_date=20241217T124530
[2024-12-17T12:45:30.727+0000] {local_task_job_runner.py:266} INFO - Task exited with return code 0
[2024-12-17T12:45:30.770+0000] {taskinstance.py:3895} INFO - 0 downstream tasks scheduled from follow-on schedule check
[2024-12-17T12:45:30.773+0000] {local_task_job_runner.py:245} INFO - ::endgroup::
