[2024-12-08T13:57:48.510+0000] {local_task_job_runner.py:123} INFO - ::group::Pre task execution logs
[2024-12-08T13:57:48.651+0000] {taskinstance.py:2613} INFO - Dependencies all met for dep_context=non-requeueable deps ti=<TaskInstance: parallel_historical_price_with_group.process_groups.process_group_1 manual__2024-12-08T13:57:28.291909+00:00 [queued]>
[2024-12-08T13:57:48.748+0000] {taskinstance.py:2613} INFO - Dependencies all met for dep_context=requeueable deps ti=<TaskInstance: parallel_historical_price_with_group.process_groups.process_group_1 manual__2024-12-08T13:57:28.291909+00:00 [queued]>
[2024-12-08T13:57:48.748+0000] {taskinstance.py:2866} INFO - Starting attempt 1 of 1
[2024-12-08T13:57:49.104+0000] {taskinstance.py:2889} INFO - Executing <Task(PythonOperator): process_groups.process_group_1> on 2024-12-08 13:57:28.291909+00:00
[2024-12-08T13:57:49.170+0000] {standard_task_runner.py:104} INFO - Running: ['airflow', 'tasks', 'run', 'parallel_historical_price_with_group', 'process_groups.process_group_1', 'manual__2024-12-08T13:57:28.291909+00:00', '--job-id', '140', '--raw', '--subdir', 'DAGS_FOLDER/Extract_history_price_data.py', '--cfg-path', '/tmp/tmp53s9699q']
[2024-12-08T13:57:49.198+0000] {standard_task_runner.py:105} INFO - Job 140: Subtask process_groups.process_group_1
[2024-12-08T13:57:49.209+0000] {logging_mixin.py:190} WARNING - /usr/local/lib/python3.12/site-packages/airflow/task/task_runner/standard_task_runner.py:70 DeprecationWarning: This process (pid=3141) is multi-threaded, use of fork() may lead to deadlocks in the child.
[2024-12-08T13:57:49.210+0000] {standard_task_runner.py:72} INFO - Started process 3173 to run task
[2024-12-08T13:57:50.676+0000] {task_command.py:467} INFO - Running <TaskInstance: parallel_historical_price_with_group.process_groups.process_group_1 manual__2024-12-08T13:57:28.291909+00:00 [running]> on host 80c3b7e46742
[2024-12-08T13:57:58.685+0000] {job.py:229} INFO - Heartbeat recovered after 10.97 seconds
[2024-12-08T13:58:03.323+0000] {taskinstance.py:3132} INFO - Exporting env vars: AIRFLOW_CTX_DAG_OWNER='airflowDWH' AIRFLOW_CTX_DAG_ID='parallel_historical_price_with_group' AIRFLOW_CTX_TASK_ID='process_groups.process_group_1' AIRFLOW_CTX_EXECUTION_DATE='2024-12-08T13:57:28.291909+00:00' AIRFLOW_CTX_TRY_NUMBER='1' AIRFLOW_CTX_DAG_RUN_ID='manual__2024-12-08T13:57:28.291909+00:00'
[2024-12-08T13:58:03.328+0000] {taskinstance.py:731} INFO - ::endgroup::
[2024-12-08T13:58:05.960+0000] {data_explorer.py:64} WARNING - Thông tin niêm yết & giao dịch sẽ được truy xuất từ TCBS
[2024-12-08T13:58:10.156+0000] {data_explorer.py:64} WARNING - Thông tin niêm yết & giao dịch sẽ được truy xuất từ TCBS
[2024-12-08T13:58:13.105+0000] {data_explorer.py:64} WARNING - Thông tin niêm yết & giao dịch sẽ được truy xuất từ TCBS
[2024-12-08T13:58:30.480+0000] {data_explorer.py:64} WARNING - Thông tin niêm yết & giao dịch sẽ được truy xuất từ TCBS
[2024-12-08T13:58:30.885+0000] {job.py:229} INFO - Heartbeat recovered after 19.85 seconds
[2024-12-08T13:58:36.394+0000] {data_explorer.py:64} WARNING - Thông tin niêm yết & giao dịch sẽ được truy xuất từ TCBS
[2024-12-08T13:58:40.848+0000] {data_explorer.py:64} WARNING - Thông tin niêm yết & giao dịch sẽ được truy xuất từ TCBS
[2024-12-08T13:58:44.759+0000] {data_explorer.py:64} WARNING - Thông tin niêm yết & giao dịch sẽ được truy xuất từ TCBS
[2024-12-08T13:59:06.676+0000] {data_explorer.py:64} WARNING - Thông tin niêm yết & giao dịch sẽ được truy xuất từ TCBS
[2024-12-08T13:59:07.477+0000] {job.py:229} INFO - Heartbeat recovered after 23.79 seconds
[2024-12-08T13:59:18.151+0000] {data_explorer.py:64} WARNING - Thông tin niêm yết & giao dịch sẽ được truy xuất từ TCBS
[2024-12-08T13:59:18.916+0000] {local_task_job_runner.py:346} WARNING - State of this instance has been externally set to success. Terminating instance.
[2024-12-08T13:59:19.513+0000] {local_task_job_runner.py:245} INFO - ::endgroup::
[2024-12-08T13:59:19.650+0000] {process_utils.py:132} INFO - Sending 15 to group 3173. PIDs of all processes in the group: [3173]
[2024-12-08T13:59:19.652+0000] {process_utils.py:87} INFO - Sending the signal 15 to group 3173
[2024-12-08T13:59:19.860+0000] {taskinstance.py:3093} ERROR - Received SIGTERM. Terminating subprocesses.
[2024-12-08T13:59:29.316+0000] {taskinstance.py:340} INFO - ::group::Post task execution logs
[2024-12-08T13:59:30.286+0000] {process_utils.py:80} INFO - Process psutil.Process(pid=3173, status='terminated', exitcode=0, started='13:57:48') (3173) terminated with exit code 0
