[2024-12-08T15:28:48.909+0000] {local_task_job_runner.py:123} INFO - ::group::Pre task execution logs
[2024-12-08T15:28:48.979+0000] {taskinstance.py:2613} INFO - Dependencies all met for dep_context=non-requeueable deps ti=<TaskInstance: parallel_historical_price_with_group.process_groups.process_group_0 manual__2024-12-08T15:28:42.089899+00:00 [queued]>
[2024-12-08T15:28:49.003+0000] {taskinstance.py:2613} INFO - Dependencies all met for dep_context=requeueable deps ti=<TaskInstance: parallel_historical_price_with_group.process_groups.process_group_0 manual__2024-12-08T15:28:42.089899+00:00 [queued]>
[2024-12-08T15:28:49.004+0000] {taskinstance.py:2866} INFO - Starting attempt 1 of 1
[2024-12-08T15:28:49.042+0000] {taskinstance.py:2889} INFO - Executing <Task(PythonOperator): process_groups.process_group_0> on 2024-12-08 15:28:42.089899+00:00
[2024-12-08T15:28:49.078+0000] {logging_mixin.py:190} WARNING - /usr/local/lib/python3.12/site-packages/airflow/task/task_runner/standard_task_runner.py:70 DeprecationWarning: This process (pid=2488) is multi-threaded, use of fork() may lead to deadlocks in the child.
[2024-12-08T15:28:49.079+0000] {standard_task_runner.py:72} INFO - Started process 2502 to run task
[2024-12-08T15:28:49.075+0000] {standard_task_runner.py:104} INFO - Running: ['airflow', 'tasks', 'run', 'parallel_historical_price_with_group', 'process_groups.process_group_0', 'manual__2024-12-08T15:28:42.089899+00:00', '--job-id', '177', '--raw', '--subdir', 'DAGS_FOLDER/Extract_history_price_data.py', '--cfg-path', '/tmp/tmpcngdf1og']
[2024-12-08T15:28:49.081+0000] {standard_task_runner.py:105} INFO - Job 177: Subtask process_groups.process_group_0
[2024-12-08T15:28:49.841+0000] {task_command.py:467} INFO - Running <TaskInstance: parallel_historical_price_with_group.process_groups.process_group_0 manual__2024-12-08T15:28:42.089899+00:00 [running]> on host a15ab3c9c934
[2024-12-08T15:28:51.447+0000] {taskinstance.py:3132} INFO - Exporting env vars: AIRFLOW_CTX_DAG_OWNER='airflowDWH' AIRFLOW_CTX_DAG_ID='parallel_historical_price_with_group' AIRFLOW_CTX_TASK_ID='process_groups.process_group_0' AIRFLOW_CTX_EXECUTION_DATE='2024-12-08T15:28:42.089899+00:00' AIRFLOW_CTX_TRY_NUMBER='1' AIRFLOW_CTX_DAG_RUN_ID='manual__2024-12-08T15:28:42.089899+00:00'
[2024-12-08T15:28:51.449+0000] {taskinstance.py:731} INFO - ::endgroup::
[2024-12-08T15:28:58.237+0000] {data_explorer.py:64} WARNING - Thông tin niêm yết & giao dịch sẽ được truy xuất từ TCBS
[2024-12-08T15:29:00.257+0000] {data_explorer.py:64} WARNING - Thông tin niêm yết & giao dịch sẽ được truy xuất từ TCBS
[2024-12-08T15:29:02.930+0000] {data_explorer.py:64} WARNING - Thông tin niêm yết & giao dịch sẽ được truy xuất từ TCBS
[2024-12-08T15:29:04.916+0000] {data_explorer.py:64} WARNING - Thông tin niêm yết & giao dịch sẽ được truy xuất từ TCBS
[2024-12-08T15:29:05.969+0000] {data_explorer.py:64} WARNING - Thông tin niêm yết & giao dịch sẽ được truy xuất từ TCBS
[2024-12-08T15:29:07.313+0000] {data_explorer.py:64} WARNING - Thông tin niêm yết & giao dịch sẽ được truy xuất từ TCBS
[2024-12-08T15:29:09.938+0000] {data_explorer.py:64} WARNING - Thông tin niêm yết & giao dịch sẽ được truy xuất từ TCBS
[2024-12-08T15:29:11.562+0000] {data_explorer.py:64} WARNING - Thông tin niêm yết & giao dịch sẽ được truy xuất từ TCBS
[2024-12-08T15:29:12.695+0000] {data_explorer.py:64} WARNING - Thông tin niêm yết & giao dịch sẽ được truy xuất từ TCBS
[2024-12-08T15:29:13.838+0000] {data_explorer.py:64} WARNING - Thông tin niêm yết & giao dịch sẽ được truy xuất từ TCBS
[2024-12-08T15:29:14.961+0000] {data_explorer.py:64} WARNING - Thông tin niêm yết & giao dịch sẽ được truy xuất từ TCBS
[2024-12-08T15:29:15.844+0000] {data_explorer.py:64} WARNING - Thông tin niêm yết & giao dịch sẽ được truy xuất từ TCBS
[2024-12-08T15:29:16.711+0000] {data_explorer.py:64} WARNING - Thông tin niêm yết & giao dịch sẽ được truy xuất từ TCBS
[2024-12-08T15:29:17.756+0000] {data_explorer.py:64} WARNING - Thông tin niêm yết & giao dịch sẽ được truy xuất từ TCBS
[2024-12-08T15:29:18.740+0000] {data_explorer.py:64} WARNING - Thông tin niêm yết & giao dịch sẽ được truy xuất từ TCBS
[2024-12-08T15:29:19.840+0000] {data_explorer.py:64} WARNING - Thông tin niêm yết & giao dịch sẽ được truy xuất từ TCBS
[2024-12-08T15:29:21.164+0000] {data_explorer.py:64} WARNING - Thông tin niêm yết & giao dịch sẽ được truy xuất từ TCBS
[2024-12-08T15:29:22.168+0000] {data_explorer.py:64} WARNING - Thông tin niêm yết & giao dịch sẽ được truy xuất từ TCBS
[2024-12-08T15:29:23.128+0000] {data_explorer.py:64} WARNING - Thông tin niêm yết & giao dịch sẽ được truy xuất từ TCBS
[2024-12-08T15:29:24.086+0000] {data_explorer.py:64} WARNING - Thông tin niêm yết & giao dịch sẽ được truy xuất từ TCBS
[2024-12-08T15:29:25.101+0000] {data_explorer.py:64} WARNING - Thông tin niêm yết & giao dịch sẽ được truy xuất từ TCBS
[2024-12-08T15:29:26.842+0000] {data_explorer.py:64} WARNING - Thông tin niêm yết & giao dịch sẽ được truy xuất từ TCBS
[2024-12-08T15:29:27.753+0000] {data_explorer.py:64} WARNING - Thông tin niêm yết & giao dịch sẽ được truy xuất từ TCBS
[2024-12-08T15:29:28.698+0000] {data_explorer.py:64} WARNING - Thông tin niêm yết & giao dịch sẽ được truy xuất từ TCBS
[2024-12-08T15:29:29.878+0000] {data_explorer.py:64} WARNING - Thông tin niêm yết & giao dịch sẽ được truy xuất từ TCBS
[2024-12-08T15:29:31.016+0000] {data_explorer.py:64} WARNING - Thông tin niêm yết & giao dịch sẽ được truy xuất từ TCBS
[2024-12-08T15:29:31.577+0000] {python.py:240} INFO - Done. Returned value was: None
[2024-12-08T15:29:31.610+0000] {taskinstance.py:340} INFO - ::group::Post task execution logs
[2024-12-08T15:29:31.611+0000] {taskinstance.py:352} INFO - Marking task as SUCCESS. dag_id=parallel_historical_price_with_group, task_id=process_groups.process_group_0, run_id=manual__2024-12-08T15:28:42.089899+00:00, execution_date=20241208T152842, start_date=20241208T152848, end_date=20241208T152931
[2024-12-08T15:29:31.697+0000] {local_task_job_runner.py:266} INFO - Task exited with return code 0
[2024-12-08T15:29:31.784+0000] {taskinstance.py:3895} INFO - 0 downstream tasks scheduled from follow-on schedule check
[2024-12-08T15:29:31.790+0000] {local_task_job_runner.py:245} INFO - ::endgroup::
