[2024-12-12T08:52:03.496+0000] {local_task_job_runner.py:123} INFO - ::group::Pre task execution logs
[2024-12-12T08:52:03.554+0000] {taskinstance.py:2613} INFO - Dependencies all met for dep_context=non-requeueable deps ti=<TaskInstance: parallel_new_financial_reports.financial_reports.run_main_report_1 manual__2024-12-12T08:52:00.943909+00:00 [queued]>
[2024-12-12T08:52:03.576+0000] {taskinstance.py:2613} INFO - Dependencies all met for dep_context=requeueable deps ti=<TaskInstance: parallel_new_financial_reports.financial_reports.run_main_report_1 manual__2024-12-12T08:52:00.943909+00:00 [queued]>
[2024-12-12T08:52:03.577+0000] {taskinstance.py:2866} INFO - Starting attempt 1 of 1
[2024-12-12T08:52:03.601+0000] {taskinstance.py:2889} INFO - Executing <Task(PythonOperator): financial_reports.run_main_report_1> on 2024-12-12 08:52:00.943909+00:00
[2024-12-12T08:52:03.612+0000] {logging_mixin.py:190} WARNING - /usr/local/lib/python3.12/site-packages/airflow/task/task_runner/standard_task_runner.py:70 DeprecationWarning: This process (pid=647) is multi-threaded, use of fork() may lead to deadlocks in the child.
[2024-12-12T08:52:03.614+0000] {standard_task_runner.py:72} INFO - Started process 650 to run task
[2024-12-12T08:52:03.612+0000] {standard_task_runner.py:104} INFO - Running: ['airflow', 'tasks', 'run', 'parallel_new_financial_reports', 'financial_reports.run_main_report_1', 'manual__2024-12-12T08:52:00.943909+00:00', '--job-id', '305', '--raw', '--subdir', 'DAGS_FOLDER/Extract_new_financial_data.py', '--cfg-path', '/tmp/tmpa1h5h6u1']
[2024-12-12T08:52:03.617+0000] {standard_task_runner.py:105} INFO - Job 305: Subtask financial_reports.run_main_report_1
[2024-12-12T08:52:03.844+0000] {task_command.py:467} INFO - Running <TaskInstance: parallel_new_financial_reports.financial_reports.run_main_report_1 manual__2024-12-12T08:52:00.943909+00:00 [running]> on host f1b774b5d57f
[2024-12-12T08:52:04.252+0000] {taskinstance.py:3132} INFO - Exporting env vars: AIRFLOW_CTX_DAG_OWNER='airflowDWH' AIRFLOW_CTX_DAG_ID='parallel_new_financial_reports' AIRFLOW_CTX_TASK_ID='financial_reports.run_main_report_1' AIRFLOW_CTX_EXECUTION_DATE='2024-12-12T08:52:00.943909+00:00' AIRFLOW_CTX_TRY_NUMBER='1' AIRFLOW_CTX_DAG_RUN_ID='manual__2024-12-12T08:52:00.943909+00:00'
[2024-12-12T08:52:04.257+0000] {taskinstance.py:731} INFO - ::endgroup::
[2024-12-12T08:52:41.880+0000] {logging_mixin.py:190} INFO - Dữ liệu mới nhất chưa được cập nhật
[2024-12-12T08:52:45.528+0000] {logging_mixin.py:190} INFO - Mã NVT đã được xử lý
[2024-12-12T08:53:00.001+0000] {logging_mixin.py:190} INFO - Mã NTC đã được xử lý
[2024-12-12T08:53:10.805+0000] {logging_mixin.py:190} INFO - Mã PIV đã được xử lý
[2024-12-12T08:53:13.047+0000] {logging_mixin.py:190} INFO - Dữ liệu mới nhất chưa được cập nhật
[2024-12-12T08:53:13.824+0000] {logging_mixin.py:190} INFO - Dữ liệu mới nhất chưa được cập nhật
[2024-12-12T08:53:14.249+0000] {logging_mixin.py:190} INFO - Dữ liệu mới nhất chưa được cập nhật
[2024-12-12T08:53:14.250+0000] {logging_mixin.py:190} INFO - Mã PLA đã được xử lý
[2024-12-12T08:53:16.606+0000] {logging_mixin.py:190} INFO - Dữ liệu mới nhất chưa được cập nhật
[2024-12-12T08:53:17.456+0000] {logging_mixin.py:190} INFO - Dữ liệu mới nhất chưa được cập nhật
[2024-12-12T08:53:17.942+0000] {logging_mixin.py:190} INFO - Dữ liệu mới nhất chưa được cập nhật
[2024-12-12T08:53:17.944+0000] {logging_mixin.py:190} INFO - Mã PPI đã được xử lý
[2024-12-12T08:53:18.752+0000] {logging_mixin.py:190} INFO - Đã lưu dữ liệu sau 5 mã chứng khoán.
[2024-12-12T08:53:31.889+0000] {logging_mixin.py:190} INFO - Mã PTL đã được xử lý
[2024-12-12T08:53:43.460+0000] {logging_mixin.py:190} INFO - Mã PDR đã được xử lý
[2024-12-12T08:53:54.079+0000] {logging_mixin.py:190} INFO - Mã DTD đã được xử lý
[2024-12-12T08:54:06.277+0000] {logging_mixin.py:190} INFO - Mã HLD đã được xử lý
[2024-12-12T08:54:16.934+0000] {logging_mixin.py:190} INFO - Mã LDG đã được xử lý
[2024-12-12T08:54:16.941+0000] {logging_mixin.py:190} INFO - Đã lưu dữ liệu sau 10 mã chứng khoán.
[2024-12-12T08:54:18.443+0000] {logging_mixin.py:190} INFO - Lỗi khi tải trang hoặc không có dữ liệu
[2024-12-12T08:54:19.040+0000] {logging_mixin.py:190} INFO - Lỗi khi tải trang hoặc không có dữ liệu
[2024-12-12T08:54:19.337+0000] {logging_mixin.py:190} INFO - Lỗi khi tải trang hoặc không có dữ liệu
[2024-12-12T08:54:19.337+0000] {logging_mixin.py:190} INFO - Mã HD2 đã được xử lý
[2024-12-12T08:54:20.153+0000] {logging_mixin.py:190} INFO - Lỗi khi tải trang hoặc không có dữ liệu
[2024-12-12T08:54:20.404+0000] {logging_mixin.py:190} INFO - Lỗi khi tải trang hoặc không có dữ liệu
[2024-12-12T08:54:24.386+0000] {logging_mixin.py:190} INFO - Mã PVL đã được xử lý
[2024-12-12T08:54:37.541+0000] {logging_mixin.py:190} INFO - Mã IDV đã được xử lý
[2024-12-12T08:54:39.254+0000] {logging_mixin.py:190} INFO - Lỗi khi tải trang hoặc không có dữ liệu
[2024-12-12T08:54:40.190+0000] {logging_mixin.py:190} INFO - Lỗi khi tải trang hoặc không có dữ liệu
[2024-12-12T08:54:40.527+0000] {logging_mixin.py:190} INFO - Lỗi khi tải trang hoặc không có dữ liệu
[2024-12-12T08:54:40.528+0000] {logging_mixin.py:190} INFO - Mã PWA đã được xử lý
[2024-12-12T08:54:41.442+0000] {logging_mixin.py:190} INFO - Lỗi khi tải trang hoặc không có dữ liệu
[2024-12-12T08:54:41.696+0000] {logging_mixin.py:190} INFO - Lỗi khi tải trang hoặc không có dữ liệu
[2024-12-12T08:54:44.976+0000] {logging_mixin.py:190} INFO - Mã PXA đã được xử lý
[2024-12-12T08:54:44.983+0000] {logging_mixin.py:190} INFO - Đã lưu dữ liệu sau 15 mã chứng khoán.
[2024-12-12T08:54:55.298+0000] {logging_mixin.py:190} INFO - Mã PXL đã được xử lý
[2024-12-12T08:55:06.306+0000] {logging_mixin.py:190} INFO - Mã IDC đã được xử lý
[2024-12-12T08:55:21.799+0000] {logging_mixin.py:190} INFO - Mã QCG đã được xử lý
[2024-12-12T08:55:35.988+0000] {logging_mixin.py:190} INFO - Mã RCL đã được xử lý
[2024-12-12T08:55:37.760+0000] {logging_mixin.py:190} INFO - Lỗi khi tải trang hoặc không có dữ liệu
[2024-12-12T08:55:38.385+0000] {logging_mixin.py:190} INFO - Lỗi khi tải trang hoặc không có dữ liệu
[2024-12-12T08:55:38.834+0000] {logging_mixin.py:190} INFO - Dữ liệu mới nhất chưa được cập nhật
[2024-12-12T08:55:38.836+0000] {logging_mixin.py:190} INFO - Mã TBR đã được xử lý
[2024-12-12T08:55:38.852+0000] {logging_mixin.py:190} INFO - Đã lưu dữ liệu sau 20 mã chứng khoán.
[2024-12-12T08:55:41.005+0000] {logging_mixin.py:190} INFO - Lỗi khi tải trang hoặc không có dữ liệu
[2024-12-12T08:55:41.257+0000] {logging_mixin.py:190} INFO - Lỗi khi tải trang hoặc không có dữ liệu
[2024-12-12T08:56:10.881+0000] {logging_mixin.py:190} INFO - Mã SID đã được xử lý
[2024-12-12T08:56:20.538+0000] {job.py:229} INFO - Heartbeat recovered after 45.88 seconds
[2024-12-12T08:56:33.548+0000] {logging_mixin.py:190} INFO - Mã SCR đã được xử lý
[2024-12-12T08:56:45.662+0000] {logging_mixin.py:190} INFO - Mã NVL đã được xử lý
[2024-12-12T08:56:59.835+0000] {logging_mixin.py:190} INFO - Lỗi khi crawl dữ liệu 'Kết Quả Kinh Doanh' cho mã TIG: Message: unknown error: session deleted because of page crash
from unknown error: cannot determine loading status
from tab crashed
  (Session info: chrome=131.0.6778.85)
Stacktrace:
#0 0x564d8813831a <unknown>
#1 0x564d87c4e53d <unknown>
#2 0x564d87c37e44 <unknown>
#3 0x564d87c3702e <unknown>
#4 0x564d87c367af <unknown>
#5 0x564d87c366a2 <unknown>
#6 0x564d87c346c6 <unknown>
#7 0x564d87c34eaf <unknown>
#8 0x564d87c44747 <unknown>
#9 0x564d87c5b564 <unknown>
#10 0x564d87c613eb <unknown>
#11 0x564d87c355b7 <unknown>
#12 0x564d87c5b0c1 <unknown>
#13 0x564d87cdfda7 <unknown>
#14 0x564d87cc1203 <unknown>
#15 0x564d87c8fcc0 <unknown>
#16 0x564d87c90c9e <unknown>
#17 0x564d88105d0b <unknown>
#18 0x564d88109c92 <unknown>
#19 0x564d880f2b3c <unknown>
#20 0x564d8810a807 <unknown>
#21 0x564d880d80df <unknown>
#22 0x564d88127578 <unknown>
#23 0x564d88127740 <unknown>
#24 0x564d88137196 <unknown>
#25 0x7f1f78148a94 <unknown>
#26 0x7f1f781d5c3c <unknown>
[2024-12-12T08:57:00.263+0000] {logging_mixin.py:190} INFO - Lỗi khi crawl dữ liệu 'Lưu Chuyển Tiền Tệ' cho mã TIG: Message: invalid session id
Stacktrace:
#0 0x564d8813831a <unknown>
#1 0x564d87c4e53d <unknown>
#2 0x564d87c8f9c7 <unknown>
#3 0x564d87c90c9e <unknown>
#4 0x564d88105d0b <unknown>
#5 0x564d88109c92 <unknown>
#6 0x564d880f2b3c <unknown>
#7 0x564d8810a807 <unknown>
#8 0x564d880d80df <unknown>
#9 0x564d88127578 <unknown>
#10 0x564d88127740 <unknown>
#11 0x564d88137196 <unknown>
#12 0x7f1f78148a94 <unknown>
#13 0x7f1f781d5c3c <unknown>
[2024-12-12T08:57:00.280+0000] {logging_mixin.py:190} INFO - Lỗi khi crawl dữ liệu 'Cân Đối Kế Toán' cho mã TIG: Message: invalid session id
Stacktrace:
#0 0x564d8813831a <unknown>
#1 0x564d87c4e53d <unknown>
#2 0x564d87c8eec3 <unknown>
#3 0x564d87cc1344 <unknown>
#4 0x564d87cbbbb1 <unknown>
#5 0x564d87cbac9c <unknown>
#6 0x564d87c18e38 <unknown>
#7 0x564d88105d0b <unknown>
#8 0x564d88109c92 <unknown>
#9 0x564d880f2b3c <unknown>
#10 0x564d8810a807 <unknown>
#11 0x564d880d80df <unknown>
#12 0x564d87c178ac <unknown>
#13 0x7f1f780d61ca <unknown>
#14 0x7f1f780d628b __libc_start_main
#15 0x564d87be356a _start
[2024-12-12T08:57:00.282+0000] {logging_mixin.py:190} INFO - Mã TIG đã được xử lý
[2024-12-12T08:57:00.378+0000] {taskinstance.py:3311} ERROR - Task failed with exception
Traceback (most recent call last):
  File "/usr/local/lib/python3.12/site-packages/airflow/models/taskinstance.py", line 767, in _execute_task
    result = _execute_callable(context=context, **execute_callable_kwargs)
             ^^^^^^^^^^^^^^^^^^^^^^^^^^^^^^^^^^^^^^^^^^^^^^^^^^^^^^^^^^^^^
  File "/usr/local/lib/python3.12/site-packages/airflow/models/taskinstance.py", line 733, in _execute_callable
    return ExecutionCallableRunner(
           ^^^^^^^^^^^^^^^^^^^^^^^^
  File "/usr/local/lib/python3.12/site-packages/airflow/utils/operator_helpers.py", line 252, in run
    return self.func(*args, **kwargs)
           ^^^^^^^^^^^^^^^^^^^^^^^^^^
  File "/usr/local/lib/python3.12/site-packages/airflow/models/baseoperator.py", line 417, in wrapper
    return func(self, *args, **kwargs)
           ^^^^^^^^^^^^^^^^^^^^^^^^^^^
  File "/usr/local/lib/python3.12/site-packages/airflow/operators/python.py", line 238, in execute
    return_value = self.execute_callable()
                   ^^^^^^^^^^^^^^^^^^^^^^^
  File "/usr/local/lib/python3.12/site-packages/airflow/operators/python.py", line 256, in execute_callable
    return runner.run(*self.op_args, **self.op_kwargs)
           ^^^^^^^^^^^^^^^^^^^^^^^^^^^^^^^^^^^^^^^^^^^
  File "/usr/local/lib/python3.12/site-packages/airflow/utils/operator_helpers.py", line 252, in run
    return self.func(*args, **kwargs)
           ^^^^^^^^^^^^^^^^^^^^^^^^^^
  File "/opt/Tasks/extract/NewData/company_financial_new_1.py", line 52, in main_report_new_1
    enter_stock_code(driver, stock_code)
  File "/opt/ScrapingPackage/scraper.py", line 37, in enter_stock_code
    stock_input = WebDriverWait(driver, 30).until(
                  ^^^^^^^^^^^^^^^^^^^^^^^^^^^^^^^^
  File "/usr/local/lib/python3.12/site-packages/selenium/webdriver/support/wait.py", line 86, in until
    value = method(self._driver)
            ^^^^^^^^^^^^^^^^^^^^
  File "/usr/local/lib/python3.12/site-packages/selenium/webdriver/support/expected_conditions.py", line 81, in _predicate
    return driver.find_element(*locator)
           ^^^^^^^^^^^^^^^^^^^^^^^^^^^^^
  File "/usr/local/lib/python3.12/site-packages/selenium/webdriver/remote/webdriver.py", line 738, in find_element
    return self.execute(Command.FIND_ELEMENT, {"using": by, "value": value})["value"]
           ^^^^^^^^^^^^^^^^^^^^^^^^^^^^^^^^^^^^^^^^^^^^^^^^^^^^^^^^^^^^^^^^^
  File "/usr/local/lib/python3.12/site-packages/selenium/webdriver/remote/webdriver.py", line 344, in execute
    self.error_handler.check_response(response)
  File "/usr/local/lib/python3.12/site-packages/selenium/webdriver/remote/errorhandler.py", line 229, in check_response
    raise exception_class(message, screen, stacktrace)
selenium.common.exceptions.InvalidSessionIdException: Message: invalid session id
Stacktrace:
#0 0x564d8813831a <unknown>
#1 0x564d87c4e53d <unknown>
#2 0x564d87c8eec3 <unknown>
#3 0x564d87cc1344 <unknown>
#4 0x564d87cbbbb1 <unknown>
#5 0x564d87cbac9c <unknown>
#6 0x564d87c18e38 <unknown>
#7 0x564d88105d0b <unknown>
#8 0x564d88109c92 <unknown>
#9 0x564d880f2b3c <unknown>
#10 0x564d8810a807 <unknown>
#11 0x564d880d80df <unknown>
#12 0x564d87c178ac <unknown>
#13 0x7f1f780d61ca <unknown>
#14 0x7f1f780d628b __libc_start_main
#15 0x564d87be356a _start

[2024-12-12T08:57:01.742+0000] {taskinstance.py:1225} INFO - Marking task as FAILED. dag_id=parallel_new_financial_reports, task_id=financial_reports.run_main_report_1, run_id=manual__2024-12-12T08:52:00.943909+00:00, execution_date=20241212T085200, start_date=20241212T085203, end_date=20241212T085701
[2024-12-12T08:57:01.909+0000] {taskinstance.py:340} INFO - ::group::Post task execution logs
[2024-12-12T08:57:01.919+0000] {standard_task_runner.py:124} ERROR - Failed to execute job 305 for task financial_reports.run_main_report_1 (Message: invalid session id
Stacktrace:
#0 0x564d8813831a <unknown>
#1 0x564d87c4e53d <unknown>
#2 0x564d87c8eec3 <unknown>
#3 0x564d87cc1344 <unknown>
#4 0x564d87cbbbb1 <unknown>
#5 0x564d87cbac9c <unknown>
#6 0x564d87c18e38 <unknown>
#7 0x564d88105d0b <unknown>
#8 0x564d88109c92 <unknown>
#9 0x564d880f2b3c <unknown>
#10 0x564d8810a807 <unknown>
#11 0x564d880d80df <unknown>
#12 0x564d87c178ac <unknown>
#13 0x7f1f780d61ca <unknown>
#14 0x7f1f780d628b __libc_start_main
#15 0x564d87be356a _start
; 650)
Traceback (most recent call last):
  File "/usr/local/lib/python3.12/site-packages/airflow/task/task_runner/standard_task_runner.py", line 117, in _start_by_fork
    ret = args.func(args, dag=self.dag)
          ^^^^^^^^^^^^^^^^^^^^^^^^^^^^^
  File "/usr/local/lib/python3.12/site-packages/airflow/cli/cli_config.py", line 49, in command
    return func(*args, **kwargs)
           ^^^^^^^^^^^^^^^^^^^^^
  File "/usr/local/lib/python3.12/site-packages/airflow/utils/cli.py", line 116, in wrapper
    return f(*args, **kwargs)
           ^^^^^^^^^^^^^^^^^^
  File "/usr/local/lib/python3.12/site-packages/airflow/cli/commands/task_command.py", line 483, in task_run
    task_return_code = _run_task_by_selected_method(args, _dag, ti)
                       ^^^^^^^^^^^^^^^^^^^^^^^^^^^^^^^^^^^^^^^^^^^^
  File "/usr/local/lib/python3.12/site-packages/airflow/cli/commands/task_command.py", line 256, in _run_task_by_selected_method
    return _run_raw_task(args, ti)
           ^^^^^^^^^^^^^^^^^^^^^^^
  File "/usr/local/lib/python3.12/site-packages/airflow/cli/commands/task_command.py", line 341, in _run_raw_task
    return ti._run_raw_task(
           ^^^^^^^^^^^^^^^^^
  File "/usr/local/lib/python3.12/site-packages/airflow/utils/session.py", line 97, in wrapper
    return func(*args, session=session, **kwargs)
           ^^^^^^^^^^^^^^^^^^^^^^^^^^^^^^^^^^^^^^
  File "/usr/local/lib/python3.12/site-packages/airflow/models/taskinstance.py", line 3005, in _run_raw_task
    return _run_raw_task(
           ^^^^^^^^^^^^^^
  File "/usr/local/lib/python3.12/site-packages/airflow/models/taskinstance.py", line 273, in _run_raw_task
    TaskInstance._execute_task_with_callbacks(
  File "/usr/local/lib/python3.12/site-packages/airflow/models/taskinstance.py", line 3159, in _execute_task_with_callbacks
    result = self._execute_task(context, task_orig)
             ^^^^^^^^^^^^^^^^^^^^^^^^^^^^^^^^^^^^^^
  File "/usr/local/lib/python3.12/site-packages/airflow/models/taskinstance.py", line 3183, in _execute_task
    return _execute_task(self, context, task_orig)
           ^^^^^^^^^^^^^^^^^^^^^^^^^^^^^^^^^^^^^^^
  File "/usr/local/lib/python3.12/site-packages/airflow/models/taskinstance.py", line 767, in _execute_task
    result = _execute_callable(context=context, **execute_callable_kwargs)
             ^^^^^^^^^^^^^^^^^^^^^^^^^^^^^^^^^^^^^^^^^^^^^^^^^^^^^^^^^^^^^
  File "/usr/local/lib/python3.12/site-packages/airflow/models/taskinstance.py", line 733, in _execute_callable
    return ExecutionCallableRunner(
           ^^^^^^^^^^^^^^^^^^^^^^^^
  File "/usr/local/lib/python3.12/site-packages/airflow/utils/operator_helpers.py", line 252, in run
    return self.func(*args, **kwargs)
           ^^^^^^^^^^^^^^^^^^^^^^^^^^
  File "/usr/local/lib/python3.12/site-packages/airflow/models/baseoperator.py", line 417, in wrapper
    return func(self, *args, **kwargs)
           ^^^^^^^^^^^^^^^^^^^^^^^^^^^
  File "/usr/local/lib/python3.12/site-packages/airflow/operators/python.py", line 238, in execute
    return_value = self.execute_callable()
                   ^^^^^^^^^^^^^^^^^^^^^^^
  File "/usr/local/lib/python3.12/site-packages/airflow/operators/python.py", line 256, in execute_callable
    return runner.run(*self.op_args, **self.op_kwargs)
           ^^^^^^^^^^^^^^^^^^^^^^^^^^^^^^^^^^^^^^^^^^^
  File "/usr/local/lib/python3.12/site-packages/airflow/utils/operator_helpers.py", line 252, in run
    return self.func(*args, **kwargs)
           ^^^^^^^^^^^^^^^^^^^^^^^^^^
  File "/opt/Tasks/extract/NewData/company_financial_new_1.py", line 52, in main_report_new_1
    enter_stock_code(driver, stock_code)
  File "/opt/ScrapingPackage/scraper.py", line 37, in enter_stock_code
    stock_input = WebDriverWait(driver, 30).until(
                  ^^^^^^^^^^^^^^^^^^^^^^^^^^^^^^^^
  File "/usr/local/lib/python3.12/site-packages/selenium/webdriver/support/wait.py", line 86, in until
    value = method(self._driver)
            ^^^^^^^^^^^^^^^^^^^^
  File "/usr/local/lib/python3.12/site-packages/selenium/webdriver/support/expected_conditions.py", line 81, in _predicate
    return driver.find_element(*locator)
           ^^^^^^^^^^^^^^^^^^^^^^^^^^^^^
  File "/usr/local/lib/python3.12/site-packages/selenium/webdriver/remote/webdriver.py", line 738, in find_element
    return self.execute(Command.FIND_ELEMENT, {"using": by, "value": value})["value"]
           ^^^^^^^^^^^^^^^^^^^^^^^^^^^^^^^^^^^^^^^^^^^^^^^^^^^^^^^^^^^^^^^^^
  File "/usr/local/lib/python3.12/site-packages/selenium/webdriver/remote/webdriver.py", line 344, in execute
    self.error_handler.check_response(response)
  File "/usr/local/lib/python3.12/site-packages/selenium/webdriver/remote/errorhandler.py", line 229, in check_response
    raise exception_class(message, screen, stacktrace)
selenium.common.exceptions.InvalidSessionIdException: Message: invalid session id
Stacktrace:
#0 0x564d8813831a <unknown>
#1 0x564d87c4e53d <unknown>
#2 0x564d87c8eec3 <unknown>
#3 0x564d87cc1344 <unknown>
#4 0x564d87cbbbb1 <unknown>
#5 0x564d87cbac9c <unknown>
#6 0x564d87c18e38 <unknown>
#7 0x564d88105d0b <unknown>
#8 0x564d88109c92 <unknown>
#9 0x564d880f2b3c <unknown>
#10 0x564d8810a807 <unknown>
#11 0x564d880d80df <unknown>
#12 0x564d87c178ac <unknown>
#13 0x7f1f780d61ca <unknown>
#14 0x7f1f780d628b __libc_start_main
#15 0x564d87be356a _start

[2024-12-12T08:57:01.977+0000] {local_task_job_runner.py:266} INFO - Task exited with return code 1
[2024-12-12T08:57:02.237+0000] {taskinstance.py:3895} INFO - 0 downstream tasks scheduled from follow-on schedule check
[2024-12-12T08:57:02.266+0000] {local_task_job_runner.py:245} INFO - ::endgroup::
