[2024-12-12T05:50:44.285+0000] {local_task_job_runner.py:123} INFO - ::group::Pre task execution logs
[2024-12-12T05:50:44.379+0000] {taskinstance.py:2613} INFO - Dependencies all met for dep_context=non-requeueable deps ti=<TaskInstance: parallel_new_price_with_group.process_groups.process_group_3 manual__2024-12-12T05:50:38.739061+00:00 [queued]>
[2024-12-12T05:50:44.400+0000] {taskinstance.py:2613} INFO - Dependencies all met for dep_context=requeueable deps ti=<TaskInstance: parallel_new_price_with_group.process_groups.process_group_3 manual__2024-12-12T05:50:38.739061+00:00 [queued]>
[2024-12-12T05:50:44.401+0000] {taskinstance.py:2866} INFO - Starting attempt 1 of 2
[2024-12-12T05:50:44.438+0000] {taskinstance.py:2889} INFO - Executing <Task(PythonOperator): process_groups.process_group_3> on 2024-12-12 05:50:38.739061+00:00
[2024-12-12T05:50:44.475+0000] {logging_mixin.py:190} WARNING - /usr/local/lib/python3.12/site-packages/airflow/task/task_runner/standard_task_runner.py:70 DeprecationWarning: This process (pid=7432) is multi-threaded, use of fork() may lead to deadlocks in the child.
[2024-12-12T05:50:44.477+0000] {standard_task_runner.py:72} INFO - Started process 7449 to run task
[2024-12-12T05:50:44.477+0000] {standard_task_runner.py:104} INFO - Running: ['airflow', 'tasks', 'run', 'parallel_new_price_with_group', 'process_groups.process_group_3', 'manual__2024-12-12T05:50:38.739061+00:00', '--job-id', '284', '--raw', '--subdir', 'DAGS_FOLDER/Extract_new_price_data.py', '--cfg-path', '/tmp/tmpp8rz54yc']
[2024-12-12T05:50:44.482+0000] {standard_task_runner.py:105} INFO - Job 284: Subtask process_groups.process_group_3
[2024-12-12T05:50:45.245+0000] {task_command.py:467} INFO - Running <TaskInstance: parallel_new_price_with_group.process_groups.process_group_3 manual__2024-12-12T05:50:38.739061+00:00 [running]> on host b97e805017e1
[2024-12-12T05:50:46.065+0000] {taskinstance.py:3132} INFO - Exporting env vars: AIRFLOW_CTX_DAG_OWNER='airflowDWH' AIRFLOW_CTX_DAG_ID='parallel_new_price_with_group' AIRFLOW_CTX_TASK_ID='process_groups.process_group_3' AIRFLOW_CTX_EXECUTION_DATE='2024-12-12T05:50:38.739061+00:00' AIRFLOW_CTX_TRY_NUMBER='1' AIRFLOW_CTX_DAG_RUN_ID='manual__2024-12-12T05:50:38.739061+00:00'
[2024-12-12T05:50:46.077+0000] {taskinstance.py:731} INFO - ::endgroup::
[2024-12-12T05:50:51.344+0000] {data_explorer.py:64} WARNING - Thông tin niêm yết & giao dịch sẽ được truy xuất từ TCBS
[2024-12-12T05:50:53.098+0000] {data_explorer.py:64} WARNING - Thông tin niêm yết & giao dịch sẽ được truy xuất từ TCBS
[2024-12-12T05:50:54.243+0000] {data_explorer.py:64} WARNING - Thông tin niêm yết & giao dịch sẽ được truy xuất từ TCBS
[2024-12-12T05:50:55.067+0000] {data_explorer.py:64} WARNING - Thông tin niêm yết & giao dịch sẽ được truy xuất từ TCBS
[2024-12-12T05:50:55.276+0000] {logging_mixin.py:190} INFO - Mã cổ phiếu TBR hiện bị dừng giao dịch
[2024-12-12T05:50:56.017+0000] {data_explorer.py:64} WARNING - Thông tin niêm yết & giao dịch sẽ được truy xuất từ TCBS
[2024-12-12T05:50:56.907+0000] {data_explorer.py:64} WARNING - Thông tin niêm yết & giao dịch sẽ được truy xuất từ TCBS
[2024-12-12T05:50:58.202+0000] {data_explorer.py:64} WARNING - Thông tin niêm yết & giao dịch sẽ được truy xuất từ TCBS
[2024-12-12T05:50:59.606+0000] {data_explorer.py:64} WARNING - Thông tin niêm yết & giao dịch sẽ được truy xuất từ TCBS
[2024-12-12T05:51:01.271+0000] {data_explorer.py:64} WARNING - Thông tin niêm yết & giao dịch sẽ được truy xuất từ TCBS
[2024-12-12T05:51:02.752+0000] {logging_mixin.py:190} INFO - Mã cổ phiếu LMH hiện bị dừng giao dịch
[2024-12-12T05:51:04.020+0000] {data_explorer.py:64} WARNING - Thông tin niêm yết & giao dịch sẽ được truy xuất từ TCBS
[2024-12-12T05:51:05.910+0000] {data_explorer.py:64} WARNING - Thông tin niêm yết & giao dịch sẽ được truy xuất từ TCBS
[2024-12-12T05:51:07.549+0000] {data_explorer.py:64} WARNING - Thông tin niêm yết & giao dịch sẽ được truy xuất từ TCBS
[2024-12-12T05:51:08.411+0000] {data_explorer.py:64} WARNING - Thông tin niêm yết & giao dịch sẽ được truy xuất từ TCBS
[2024-12-12T05:51:08.615+0000] {logging_mixin.py:190} INFO - Mã cổ phiếu PVR hiện bị dừng giao dịch
[2024-12-12T05:51:09.213+0000] {data_explorer.py:64} WARNING - Thông tin niêm yết & giao dịch sẽ được truy xuất từ TCBS
[2024-12-12T05:51:10.204+0000] {data_explorer.py:64} WARNING - Thông tin niêm yết & giao dịch sẽ được truy xuất từ TCBS
[2024-12-12T05:51:11.304+0000] {data_explorer.py:64} WARNING - Thông tin niêm yết & giao dịch sẽ được truy xuất từ TCBS
[2024-12-12T05:51:12.090+0000] {data_explorer.py:64} WARNING - Thông tin niêm yết & giao dịch sẽ được truy xuất từ TCBS
[2024-12-12T05:51:12.335+0000] {logging_mixin.py:190} INFO - Mã cổ phiếu PXC hiện bị dừng giao dịch
[2024-12-12T05:51:12.947+0000] {data_explorer.py:64} WARNING - Thông tin niêm yết & giao dịch sẽ được truy xuất từ TCBS
[2024-12-12T05:51:13.765+0000] {data_explorer.py:64} WARNING - Thông tin niêm yết & giao dịch sẽ được truy xuất từ TCBS
[2024-12-12T05:51:13.981+0000] {logging_mixin.py:190} INFO - Mã cổ phiếu SZG hiện bị dừng giao dịch
[2024-12-12T05:51:14.551+0000] {data_explorer.py:64} WARNING - Thông tin niêm yết & giao dịch sẽ được truy xuất từ TCBS
[2024-12-12T05:51:15.379+0000] {data_explorer.py:64} WARNING - Thông tin niêm yết & giao dịch sẽ được truy xuất từ TCBS
[2024-12-12T05:51:15.642+0000] {logging_mixin.py:190} INFO - Mã cổ phiếu STL hiện bị dừng giao dịch
[2024-12-12T05:51:16.350+0000] {data_explorer.py:64} WARNING - Thông tin niêm yết & giao dịch sẽ được truy xuất từ TCBS
[2024-12-12T05:51:17.128+0000] {data_explorer.py:64} WARNING - Thông tin niêm yết & giao dịch sẽ được truy xuất từ TCBS
[2024-12-12T05:51:17.898+0000] {data_explorer.py:64} WARNING - Thông tin niêm yết & giao dịch sẽ được truy xuất từ TCBS
[2024-12-12T05:51:18.832+0000] {data_explorer.py:64} WARNING - Thông tin niêm yết & giao dịch sẽ được truy xuất từ TCBS
[2024-12-12T05:51:19.720+0000] {data_explorer.py:64} WARNING - Thông tin niêm yết & giao dịch sẽ được truy xuất từ TCBS
[2024-12-12T05:51:19.963+0000] {python.py:240} INFO - Done. Returned value was: None
[2024-12-12T05:51:19.996+0000] {taskinstance.py:340} INFO - ::group::Post task execution logs
[2024-12-12T05:51:19.996+0000] {taskinstance.py:352} INFO - Marking task as SUCCESS. dag_id=parallel_new_price_with_group, task_id=process_groups.process_group_3, run_id=manual__2024-12-12T05:50:38.739061+00:00, execution_date=20241212T055038, start_date=20241212T055044, end_date=20241212T055119
[2024-12-12T05:51:20.062+0000] {local_task_job_runner.py:266} INFO - Task exited with return code 0
[2024-12-12T05:51:20.161+0000] {taskinstance.py:3895} INFO - 0 downstream tasks scheduled from follow-on schedule check
[2024-12-12T05:51:20.168+0000] {local_task_job_runner.py:245} INFO - ::endgroup::
