[2024-12-12T14:06:33.760+0000] {local_task_job_runner.py:123} INFO - ::group::Pre task execution logs
[2024-12-12T14:06:33.950+0000] {taskinstance.py:2613} INFO - Dependencies all met for dep_context=non-requeueable deps ti=<TaskInstance: parallel_new_price_with_group.process_groups.process_group_2 manual__2024-12-12T14:06:20.999044+00:00 [queued]>
[2024-12-12T14:06:33.995+0000] {taskinstance.py:2613} INFO - Dependencies all met for dep_context=requeueable deps ti=<TaskInstance: parallel_new_price_with_group.process_groups.process_group_2 manual__2024-12-12T14:06:20.999044+00:00 [queued]>
[2024-12-12T14:06:33.996+0000] {taskinstance.py:2866} INFO - Starting attempt 1 of 2
[2024-12-12T14:06:34.040+0000] {taskinstance.py:2889} INFO - Executing <Task(PythonOperator): process_groups.process_group_2> on 2024-12-12 14:06:20.999044+00:00
[2024-12-12T14:06:34.092+0000] {logging_mixin.py:190} WARNING - /usr/local/lib/python3.12/site-packages/airflow/task/task_runner/standard_task_runner.py:70 DeprecationWarning: This process (pid=3638) is multi-threaded, use of fork() may lead to deadlocks in the child.
[2024-12-12T14:06:34.133+0000] {standard_task_runner.py:72} INFO - Started process 3659 to run task
[2024-12-12T14:06:34.209+0000] {standard_task_runner.py:104} INFO - Running: ['airflow', 'tasks', 'run', 'parallel_new_price_with_group', 'process_groups.process_group_2', 'manual__2024-12-12T14:06:20.999044+00:00', '--job-id', '348', '--raw', '--subdir', 'DAGS_FOLDER/Extract_new_price_data.py', '--cfg-path', '/tmp/tmpwzxa71c6']
[2024-12-12T14:06:34.260+0000] {standard_task_runner.py:105} INFO - Job 348: Subtask process_groups.process_group_2
[2024-12-12T14:06:35.699+0000] {task_command.py:467} INFO - Running <TaskInstance: parallel_new_price_with_group.process_groups.process_group_2 manual__2024-12-12T14:06:20.999044+00:00 [running]> on host f1b774b5d57f
[2024-12-12T14:06:36.394+0000] {taskinstance.py:3132} INFO - Exporting env vars: AIRFLOW_CTX_DAG_OWNER='airflowDWH' AIRFLOW_CTX_DAG_ID='parallel_new_price_with_group' AIRFLOW_CTX_TASK_ID='process_groups.process_group_2' AIRFLOW_CTX_EXECUTION_DATE='2024-12-12T14:06:20.999044+00:00' AIRFLOW_CTX_TRY_NUMBER='1' AIRFLOW_CTX_DAG_RUN_ID='manual__2024-12-12T14:06:20.999044+00:00'
[2024-12-12T14:06:36.406+0000] {taskinstance.py:731} INFO - ::endgroup::
[2024-12-12T14:07:23.242+0000] {job.py:229} INFO - Heartbeat recovered after 50.05 seconds
[2024-12-12T14:07:23.784+0000] {data_explorer.py:64} WARNING - Thông tin niêm yết & giao dịch sẽ được truy xuất từ TCBS
[2024-12-12T14:07:29.106+0000] {data_explorer.py:64} WARNING - Thông tin niêm yết & giao dịch sẽ được truy xuất từ TCBS
[2024-12-12T14:07:30.821+0000] {data_explorer.py:64} WARNING - Thông tin niêm yết & giao dịch sẽ được truy xuất từ TCBS
[2024-12-12T14:07:31.239+0000] {logging_mixin.py:190} INFO - Mã cổ phiếu FID hiện bị dừng giao dịch
[2024-12-12T14:07:32.495+0000] {data_explorer.py:64} WARNING - Thông tin niêm yết & giao dịch sẽ được truy xuất từ TCBS
[2024-12-12T14:07:33.930+0000] {data_explorer.py:64} WARNING - Thông tin niêm yết & giao dịch sẽ được truy xuất từ TCBS
[2024-12-12T14:07:35.698+0000] {data_explorer.py:64} WARNING - Thông tin niêm yết & giao dịch sẽ được truy xuất từ TCBS
[2024-12-12T14:07:41.080+0000] {data_explorer.py:64} WARNING - Thông tin niêm yết & giao dịch sẽ được truy xuất từ TCBS
[2024-12-12T14:07:43.589+0000] {data_explorer.py:64} WARNING - Thông tin niêm yết & giao dịch sẽ được truy xuất từ TCBS
[2024-12-12T14:07:44.178+0000] {logging_mixin.py:190} INFO - Mã cổ phiếu EFI hiện bị dừng giao dịch
[2024-12-12T14:07:45.245+0000] {data_explorer.py:64} WARNING - Thông tin niêm yết & giao dịch sẽ được truy xuất từ TCBS
[2024-12-12T14:07:45.569+0000] {logging_mixin.py:190} INFO - Mã cổ phiếu NTB hiện bị dừng giao dịch
[2024-12-12T14:07:46.407+0000] {data_explorer.py:64} WARNING - Thông tin niêm yết & giao dịch sẽ được truy xuất từ TCBS
[2024-12-12T14:07:47.703+0000] {data_explorer.py:64} WARNING - Thông tin niêm yết & giao dịch sẽ được truy xuất từ TCBS
[2024-12-12T14:07:48.983+0000] {data_explorer.py:64} WARNING - Thông tin niêm yết & giao dịch sẽ được truy xuất từ TCBS
[2024-12-12T14:07:49.859+0000] {data_explorer.py:64} WARNING - Thông tin niêm yết & giao dịch sẽ được truy xuất từ TCBS
[2024-12-12T14:07:50.920+0000] {data_explorer.py:64} WARNING - Thông tin niêm yết & giao dịch sẽ được truy xuất từ TCBS
[2024-12-12T14:07:51.370+0000] {logging_mixin.py:190} INFO - Mã cổ phiếu PLA hiện bị dừng giao dịch
[2024-12-12T14:07:51.980+0000] {data_explorer.py:64} WARNING - Thông tin niêm yết & giao dịch sẽ được truy xuất từ TCBS
[2024-12-12T14:07:52.345+0000] {logging_mixin.py:190} INFO - Mã cổ phiếu PPI hiện bị dừng giao dịch
[2024-12-12T14:07:53.210+0000] {data_explorer.py:64} WARNING - Thông tin niêm yết & giao dịch sẽ được truy xuất từ TCBS
[2024-12-12T14:07:54.336+0000] {data_explorer.py:64} WARNING - Thông tin niêm yết & giao dịch sẽ được truy xuất từ TCBS
[2024-12-12T14:07:55.484+0000] {data_explorer.py:64} WARNING - Thông tin niêm yết & giao dịch sẽ được truy xuất từ TCBS
[2024-12-12T14:07:56.489+0000] {data_explorer.py:64} WARNING - Thông tin niêm yết & giao dịch sẽ được truy xuất từ TCBS
[2024-12-12T14:07:57.591+0000] {data_explorer.py:64} WARNING - Thông tin niêm yết & giao dịch sẽ được truy xuất từ TCBS
[2024-12-12T14:08:00.973+0000] {data_explorer.py:64} WARNING - Thông tin niêm yết & giao dịch sẽ được truy xuất từ TCBS
[2024-12-12T14:08:11.167+0000] {logging_mixin.py:190} INFO - Mã cổ phiếu HD2 hiện bị dừng giao dịch
[2024-12-12T14:08:15.162+0000] {job.py:229} INFO - Heartbeat recovered after 16.93 seconds
[2024-12-12T14:08:16.322+0000] {data_explorer.py:64} WARNING - Thông tin niêm yết & giao dịch sẽ được truy xuất từ TCBS
[2024-12-12T14:08:16.671+0000] {logging_mixin.py:190} INFO - Mã cổ phiếu PVL hiện bị dừng giao dịch
[2024-12-12T14:08:18.044+0000] {data_explorer.py:64} WARNING - Thông tin niêm yết & giao dịch sẽ được truy xuất từ TCBS
[2024-12-12T14:08:20.086+0000] {data_explorer.py:64} WARNING - Thông tin niêm yết & giao dịch sẽ được truy xuất từ TCBS
[2024-12-12T14:08:22.118+0000] {data_explorer.py:64} WARNING - Thông tin niêm yết & giao dịch sẽ được truy xuất từ TCBS
[2024-12-12T14:08:22.525+0000] {logging_mixin.py:190} INFO - Mã cổ phiếu PXA hiện bị dừng giao dịch
[2024-12-12T14:08:23.557+0000] {data_explorer.py:64} WARNING - Thông tin niêm yết & giao dịch sẽ được truy xuất từ TCBS
[2024-12-12T14:08:23.997+0000] {python.py:240} INFO - Done. Returned value was: None
[2024-12-12T14:08:24.157+0000] {taskinstance.py:340} INFO - ::group::Post task execution logs
[2024-12-12T14:08:24.160+0000] {taskinstance.py:352} INFO - Marking task as SUCCESS. dag_id=parallel_new_price_with_group, task_id=process_groups.process_group_2, run_id=manual__2024-12-12T14:06:20.999044+00:00, execution_date=20241212T140620, start_date=20241212T140633, end_date=20241212T140824
[2024-12-12T14:08:24.282+0000] {local_task_job_runner.py:266} INFO - Task exited with return code 0
[2024-12-12T14:08:24.507+0000] {taskinstance.py:3895} INFO - 0 downstream tasks scheduled from follow-on schedule check
[2024-12-12T14:08:24.514+0000] {local_task_job_runner.py:245} INFO - ::endgroup::
