[2024-12-12T05:05:48.406+0000] {local_task_job_runner.py:123} INFO - ::group::Pre task execution logs
[2024-12-12T05:05:48.567+0000] {taskinstance.py:2613} INFO - Dependencies all met for dep_context=non-requeueable deps ti=<TaskInstance: parallel_new_price_with_group.process_groups.process_group_2 manual__2024-12-12T05:04:27.805240+00:00 [queued]>
[2024-12-12T05:05:48.640+0000] {taskinstance.py:2613} INFO - Dependencies all met for dep_context=requeueable deps ti=<TaskInstance: parallel_new_price_with_group.process_groups.process_group_2 manual__2024-12-12T05:04:27.805240+00:00 [queued]>
[2024-12-12T05:05:48.641+0000] {taskinstance.py:2866} INFO - Starting attempt 2 of 2
[2024-12-12T05:05:48.682+0000] {taskinstance.py:2889} INFO - Executing <Task(PythonOperator): process_groups.process_group_2> on 2024-12-12 05:04:27.805240+00:00
[2024-12-12T05:05:48.706+0000] {logging_mixin.py:190} WARNING - /usr/local/lib/python3.12/site-packages/airflow/task/task_runner/standard_task_runner.py:70 DeprecationWarning: This process (pid=4836) is multi-threaded, use of fork() may lead to deadlocks in the child.
[2024-12-12T05:05:48.707+0000] {standard_task_runner.py:72} INFO - Started process 4859 to run task
[2024-12-12T05:05:48.706+0000] {standard_task_runner.py:104} INFO - Running: ['airflow', 'tasks', 'run', 'parallel_new_price_with_group', 'process_groups.process_group_2', 'manual__2024-12-12T05:04:27.805240+00:00', '--job-id', '265', '--raw', '--subdir', 'DAGS_FOLDER/Extract_new_price_data.py', '--cfg-path', '/tmp/tmp99292_xh']
[2024-12-12T05:05:48.711+0000] {standard_task_runner.py:105} INFO - Job 265: Subtask process_groups.process_group_2
[2024-12-12T05:05:48.937+0000] {task_command.py:467} INFO - Running <TaskInstance: parallel_new_price_with_group.process_groups.process_group_2 manual__2024-12-12T05:04:27.805240+00:00 [running]> on host b97e805017e1
[2024-12-12T05:05:49.609+0000] {taskinstance.py:3132} INFO - Exporting env vars: AIRFLOW_CTX_DAG_OWNER='airflowDWH' AIRFLOW_CTX_DAG_ID='parallel_new_price_with_group' AIRFLOW_CTX_TASK_ID='process_groups.process_group_2' AIRFLOW_CTX_EXECUTION_DATE='2024-12-12T05:04:27.805240+00:00' AIRFLOW_CTX_TRY_NUMBER='2' AIRFLOW_CTX_DAG_RUN_ID='manual__2024-12-12T05:04:27.805240+00:00'
[2024-12-12T05:05:49.612+0000] {taskinstance.py:731} INFO - ::endgroup::
[2024-12-12T05:05:54.136+0000] {data_explorer.py:64} WARNING - Thông tin niêm yết & giao dịch sẽ được truy xuất từ TCBS
[2024-12-12T05:05:55.677+0000] {data_explorer.py:64} WARNING - Thông tin niêm yết & giao dịch sẽ được truy xuất từ TCBS
[2024-12-12T05:05:56.865+0000] {data_explorer.py:64} WARNING - Thông tin niêm yết & giao dịch sẽ được truy xuất từ TCBS
[2024-12-12T05:05:57.196+0000] {logging_mixin.py:190} INFO - Mã cổ phiếu FID hiện bị dừng giao dịch
[2024-12-12T05:05:58.583+0000] {data_explorer.py:64} WARNING - Thông tin niêm yết & giao dịch sẽ được truy xuất từ TCBS
[2024-12-12T05:06:00.288+0000] {data_explorer.py:64} WARNING - Thông tin niêm yết & giao dịch sẽ được truy xuất từ TCBS
[2024-12-12T05:06:01.660+0000] {data_explorer.py:64} WARNING - Thông tin niêm yết & giao dịch sẽ được truy xuất từ TCBS
[2024-12-12T05:06:02.792+0000] {data_explorer.py:64} WARNING - Thông tin niêm yết & giao dịch sẽ được truy xuất từ TCBS
[2024-12-12T05:06:03.929+0000] {data_explorer.py:64} WARNING - Thông tin niêm yết & giao dịch sẽ được truy xuất từ TCBS
[2024-12-12T05:06:04.237+0000] {logging_mixin.py:190} INFO - Mã cổ phiếu EFI hiện bị dừng giao dịch
[2024-12-12T05:06:04.847+0000] {data_explorer.py:64} WARNING - Thông tin niêm yết & giao dịch sẽ được truy xuất từ TCBS
[2024-12-12T05:06:05.087+0000] {logging_mixin.py:190} INFO - Mã cổ phiếu NTB hiện bị dừng giao dịch
[2024-12-12T05:06:05.772+0000] {data_explorer.py:64} WARNING - Thông tin niêm yết & giao dịch sẽ được truy xuất từ TCBS
[2024-12-12T05:06:06.839+0000] {data_explorer.py:64} WARNING - Thông tin niêm yết & giao dịch sẽ được truy xuất từ TCBS
[2024-12-12T05:06:07.139+0000] {logging_mixin.py:190} INFO - Mã cổ phiếu NVT hiện bị dừng giao dịch
[2024-12-12T05:06:07.873+0000] {data_explorer.py:64} WARNING - Thông tin niêm yết & giao dịch sẽ được truy xuất từ TCBS
[2024-12-12T05:06:08.843+0000] {data_explorer.py:64} WARNING - Thông tin niêm yết & giao dịch sẽ được truy xuất từ TCBS
[2024-12-12T05:06:10.104+0000] {data_explorer.py:64} WARNING - Thông tin niêm yết & giao dịch sẽ được truy xuất từ TCBS
[2024-12-12T05:06:10.349+0000] {logging_mixin.py:190} INFO - Mã cổ phiếu PLA hiện bị dừng giao dịch
[2024-12-12T05:06:11.078+0000] {data_explorer.py:64} WARNING - Thông tin niêm yết & giao dịch sẽ được truy xuất từ TCBS
[2024-12-12T05:06:11.306+0000] {logging_mixin.py:190} INFO - Mã cổ phiếu PPI hiện bị dừng giao dịch
[2024-12-12T05:06:11.922+0000] {data_explorer.py:64} WARNING - Thông tin niêm yết & giao dịch sẽ được truy xuất từ TCBS
[2024-12-12T05:06:12.929+0000] {data_explorer.py:64} WARNING - Thông tin niêm yết & giao dịch sẽ được truy xuất từ TCBS
[2024-12-12T05:06:13.916+0000] {data_explorer.py:64} WARNING - Thông tin niêm yết & giao dịch sẽ được truy xuất từ TCBS
[2024-12-12T05:06:14.803+0000] {data_explorer.py:64} WARNING - Thông tin niêm yết & giao dịch sẽ được truy xuất từ TCBS
[2024-12-12T05:06:15.714+0000] {data_explorer.py:64} WARNING - Thông tin niêm yết & giao dịch sẽ được truy xuất từ TCBS
[2024-12-12T05:06:16.515+0000] {data_explorer.py:64} WARNING - Thông tin niêm yết & giao dịch sẽ được truy xuất từ TCBS
[2024-12-12T05:06:16.804+0000] {logging_mixin.py:190} INFO - Mã cổ phiếu HD2 hiện bị dừng giao dịch
[2024-12-12T05:06:17.387+0000] {data_explorer.py:64} WARNING - Thông tin niêm yết & giao dịch sẽ được truy xuất từ TCBS
[2024-12-12T05:06:17.642+0000] {logging_mixin.py:190} INFO - Mã cổ phiếu PVL hiện bị dừng giao dịch
[2024-12-12T05:06:18.347+0000] {data_explorer.py:64} WARNING - Thông tin niêm yết & giao dịch sẽ được truy xuất từ TCBS
[2024-12-12T05:06:19.403+0000] {data_explorer.py:64} WARNING - Thông tin niêm yết & giao dịch sẽ được truy xuất từ TCBS
[2024-12-12T05:06:20.345+0000] {data_explorer.py:64} WARNING - Thông tin niêm yết & giao dịch sẽ được truy xuất từ TCBS
[2024-12-12T05:06:20.582+0000] {logging_mixin.py:190} INFO - Mã cổ phiếu PXA hiện bị dừng giao dịch
[2024-12-12T05:06:21.244+0000] {data_explorer.py:64} WARNING - Thông tin niêm yết & giao dịch sẽ được truy xuất từ TCBS
[2024-12-12T05:06:21.553+0000] {python.py:240} INFO - Done. Returned value was: None
[2024-12-12T05:06:21.596+0000] {taskinstance.py:340} INFO - ::group::Post task execution logs
[2024-12-12T05:06:21.597+0000] {taskinstance.py:352} INFO - Marking task as SUCCESS. dag_id=parallel_new_price_with_group, task_id=process_groups.process_group_2, run_id=manual__2024-12-12T05:04:27.805240+00:00, execution_date=20241212T050427, start_date=20241212T050548, end_date=20241212T050621
[2024-12-12T05:06:21.679+0000] {local_task_job_runner.py:266} INFO - Task exited with return code 0
[2024-12-12T05:06:21.756+0000] {taskinstance.py:3895} INFO - 0 downstream tasks scheduled from follow-on schedule check
[2024-12-12T05:06:21.762+0000] {local_task_job_runner.py:245} INFO - ::endgroup::
