[2024-12-17T12:45:37.100+0000] {local_task_job_runner.py:123} INFO - ::group::Pre task execution logs
[2024-12-17T12:45:37.124+0000] {taskinstance.py:2613} INFO - Dependencies all met for dep_context=non-requeueable deps ti=<TaskInstance: parallel_new_price_with_group.combine_csv_files scheduled__2024-12-16T12:45:00+00:00 [queued]>
[2024-12-17T12:45:37.134+0000] {taskinstance.py:2613} INFO - Dependencies all met for dep_context=requeueable deps ti=<TaskInstance: parallel_new_price_with_group.combine_csv_files scheduled__2024-12-16T12:45:00+00:00 [queued]>
[2024-12-17T12:45:37.134+0000] {taskinstance.py:2866} INFO - Starting attempt 1 of 4
[2024-12-17T12:45:37.149+0000] {taskinstance.py:2889} INFO - Executing <Task(PythonOperator): combine_csv_files> on 2024-12-16 12:45:00+00:00
[2024-12-17T12:45:37.157+0000] {logging_mixin.py:190} WARNING - /usr/local/lib/python3.12/site-packages/airflow/task/task_runner/standard_task_runner.py:70 DeprecationWarning: This process (pid=3071) is multi-threaded, use of fork() may lead to deadlocks in the child.
[2024-12-17T12:45:37.158+0000] {standard_task_runner.py:72} INFO - Started process 3073 to run task
[2024-12-17T12:45:37.158+0000] {standard_task_runner.py:104} INFO - Running: ['airflow', 'tasks', 'run', 'parallel_new_price_with_group', 'combine_csv_files', 'scheduled__2024-12-16T12:45:00+00:00', '--job-id', '449', '--raw', '--subdir', 'DAGS_FOLDER/Extract_new_price_data.py', '--cfg-path', '/tmp/tmpn2mglr6_']
[2024-12-17T12:45:37.159+0000] {standard_task_runner.py:105} INFO - Job 449: Subtask combine_csv_files
[2024-12-17T12:45:37.284+0000] {task_command.py:467} INFO - Running <TaskInstance: parallel_new_price_with_group.combine_csv_files scheduled__2024-12-16T12:45:00+00:00 [running]> on host 8e02006e0a25
[2024-12-17T12:45:37.392+0000] {taskinstance.py:3132} INFO - Exporting env vars: AIRFLOW_CTX_DAG_OWNER='airflowDWH' AIRFLOW_CTX_DAG_ID='parallel_new_price_with_group' AIRFLOW_CTX_TASK_ID='combine_csv_files' AIRFLOW_CTX_EXECUTION_DATE='2024-12-16T12:45:00+00:00' AIRFLOW_CTX_TRY_NUMBER='1' AIRFLOW_CTX_DAG_RUN_ID='scheduled__2024-12-16T12:45:00+00:00'
[2024-12-17T12:45:37.393+0000] {taskinstance.py:731} INFO - ::endgroup::
[2024-12-17T12:45:37.404+0000] {logging_mixin.py:190} INFO - Đã xóa thành công /opt/Tasks/extract/NewData/Temp_Price_Group_0.csv
[2024-12-17T12:45:37.404+0000] {logging_mixin.py:190} INFO - Đã xóa thành công /opt/Tasks/extract/NewData/Temp_Price_Group_1.csv
[2024-12-17T12:45:37.404+0000] {logging_mixin.py:190} INFO - Đã xóa thành công /opt/Tasks/extract/NewData/Temp_Price_Group_2.csv
[2024-12-17T12:45:37.404+0000] {logging_mixin.py:190} INFO - Đã xóa thành công /opt/Tasks/extract/NewData/Temp_Price_Group_3.csv
[2024-12-17T12:45:37.405+0000] {logging_mixin.py:190} INFO - Đã xóa thành công /opt/Tasks/extract/NewData/Temp_Price_Group_4.csv
[2024-12-17T12:45:37.405+0000] {logging_mixin.py:190} INFO - Đã xóa thành công /opt/Tasks/extract/NewData/stock_blocks_0.txt
[2024-12-17T12:45:37.405+0000] {logging_mixin.py:190} INFO - Đã xóa thành công /opt/Tasks/extract/NewData/stock_blocks_1.txt
[2024-12-17T12:45:37.405+0000] {logging_mixin.py:190} INFO - Đã xóa thành công /opt/Tasks/extract/NewData/stock_blocks_2.txt
[2024-12-17T12:45:37.405+0000] {logging_mixin.py:190} INFO - Đã xóa thành công /opt/Tasks/extract/NewData/stock_blocks_3.txt
[2024-12-17T12:45:37.405+0000] {logging_mixin.py:190} INFO - Đã xóa thành công /opt/Tasks/extract/NewData/stock_blocks_4.txt
[2024-12-17T12:45:37.406+0000] {python.py:240} INFO - Done. Returned value was: None
[2024-12-17T12:45:37.425+0000] {taskinstance.py:340} INFO - ::group::Post task execution logs
[2024-12-17T12:45:37.426+0000] {taskinstance.py:352} INFO - Marking task as SUCCESS. dag_id=parallel_new_price_with_group, task_id=combine_csv_files, run_id=scheduled__2024-12-16T12:45:00+00:00, execution_date=20241216T124500, start_date=20241217T124537, end_date=20241217T124537
[2024-12-17T12:45:37.615+0000] {local_task_job_runner.py:266} INFO - Task exited with return code 0
[2024-12-17T12:45:37.652+0000] {taskinstance.py:3895} INFO - 1 downstream tasks scheduled from follow-on schedule check
[2024-12-17T12:45:37.656+0000] {local_task_job_runner.py:245} INFO - ::endgroup::
