[2024-12-12T14:08:39.896+0000] {local_task_job_runner.py:123} INFO - ::group::Pre task execution logs
[2024-12-12T14:08:39.925+0000] {taskinstance.py:2613} INFO - Dependencies all met for dep_context=non-requeueable deps ti=<TaskInstance: parallel_new_price_with_group.load_price_to_db manual__2024-12-12T14:06:20.999044+00:00 [queued]>
[2024-12-12T14:08:39.939+0000] {taskinstance.py:2613} INFO - Dependencies all met for dep_context=requeueable deps ti=<TaskInstance: parallel_new_price_with_group.load_price_to_db manual__2024-12-12T14:06:20.999044+00:00 [queued]>
[2024-12-12T14:08:39.939+0000] {taskinstance.py:2866} INFO - Starting attempt 1 of 2
[2024-12-12T14:08:39.959+0000] {taskinstance.py:2889} INFO - Executing <Task(PythonOperator): load_price_to_db> on 2024-12-12 14:06:20.999044+00:00
[2024-12-12T14:08:39.972+0000] {logging_mixin.py:190} WARNING - /usr/local/lib/python3.12/site-packages/airflow/task/task_runner/standard_task_runner.py:70 DeprecationWarning: This process (pid=3742) is multi-threaded, use of fork() may lead to deadlocks in the child.
[2024-12-12T14:08:39.973+0000] {standard_task_runner.py:72} INFO - Started process 3744 to run task
[2024-12-12T14:08:39.980+0000] {standard_task_runner.py:104} INFO - Running: ['airflow', 'tasks', 'run', 'parallel_new_price_with_group', 'load_price_to_db', 'manual__2024-12-12T14:06:20.999044+00:00', '--job-id', '351', '--raw', '--subdir', 'DAGS_FOLDER/Extract_new_price_data.py', '--cfg-path', '/tmp/tmpd685h8ib']
[2024-12-12T14:08:39.987+0000] {standard_task_runner.py:105} INFO - Job 351: Subtask load_price_to_db
[2024-12-12T14:08:40.089+0000] {task_command.py:467} INFO - Running <TaskInstance: parallel_new_price_with_group.load_price_to_db manual__2024-12-12T14:06:20.999044+00:00 [running]> on host f1b774b5d57f
[2024-12-12T14:08:40.251+0000] {taskinstance.py:3132} INFO - Exporting env vars: AIRFLOW_CTX_DAG_OWNER='airflowDWH' AIRFLOW_CTX_DAG_ID='parallel_new_price_with_group' AIRFLOW_CTX_TASK_ID='load_price_to_db' AIRFLOW_CTX_EXECUTION_DATE='2024-12-12T14:06:20.999044+00:00' AIRFLOW_CTX_TRY_NUMBER='1' AIRFLOW_CTX_DAG_RUN_ID='manual__2024-12-12T14:06:20.999044+00:00'
[2024-12-12T14:08:40.253+0000] {taskinstance.py:731} INFO - ::endgroup::
[2024-12-12T14:08:40.305+0000] {base.py:84} INFO - Retrieving connection 'load_to_staging'
[2024-12-12T14:08:40.339+0000] {logging_mixin.py:190} INFO - Dữ liệu đã được tải thành công vào bảng lichsugia.
[2024-12-12T14:08:40.340+0000] {python.py:240} INFO - Done. Returned value was: None
[2024-12-12T14:08:40.360+0000] {taskinstance.py:340} INFO - ::group::Post task execution logs
[2024-12-12T14:08:40.360+0000] {taskinstance.py:352} INFO - Marking task as SUCCESS. dag_id=parallel_new_price_with_group, task_id=load_price_to_db, run_id=manual__2024-12-12T14:06:20.999044+00:00, execution_date=20241212T140620, start_date=20241212T140839, end_date=20241212T140840
[2024-12-12T14:08:40.389+0000] {local_task_job_runner.py:266} INFO - Task exited with return code 0
[2024-12-12T14:08:40.414+0000] {taskinstance.py:3895} INFO - 0 downstream tasks scheduled from follow-on schedule check
[2024-12-12T14:08:40.418+0000] {local_task_job_runner.py:245} INFO - ::endgroup::
