[2024-12-12T13:17:26.764+0000] {local_task_job_runner.py:123} INFO - ::group::Pre task execution logs
[2024-12-12T13:17:27.205+0000] {taskinstance.py:2613} INFO - Dependencies all met for dep_context=non-requeueable deps ti=<TaskInstance: parallel_new_price_with_group.process_groups.process_group_4 scheduled__2024-12-11T13:15:00+00:00 [queued]>
[2024-12-12T13:17:27.264+0000] {taskinstance.py:2613} INFO - Dependencies all met for dep_context=requeueable deps ti=<TaskInstance: parallel_new_price_with_group.process_groups.process_group_4 scheduled__2024-12-11T13:15:00+00:00 [queued]>
[2024-12-12T13:17:27.265+0000] {taskinstance.py:2866} INFO - Starting attempt 2 of 2
[2024-12-12T13:17:27.394+0000] {taskinstance.py:2889} INFO - Executing <Task(PythonOperator): process_groups.process_group_4> on 2024-12-11 13:15:00+00:00
[2024-12-12T13:17:27.434+0000] {standard_task_runner.py:104} INFO - Running: ['airflow', 'tasks', 'run', 'parallel_new_price_with_group', 'process_groups.process_group_4', 'scheduled__2024-12-11T13:15:00+00:00', '--job-id', '317', '--raw', '--subdir', 'DAGS_FOLDER/Extract_new_price_data.py', '--cfg-path', '/tmp/tmp_faw3r9r']
[2024-12-12T13:17:27.441+0000] {logging_mixin.py:190} WARNING - /usr/local/lib/python3.12/site-packages/airflow/task/task_runner/standard_task_runner.py:70 DeprecationWarning: This process (pid=321) is multi-threaded, use of fork() may lead to deadlocks in the child.
[2024-12-12T13:17:27.447+0000] {standard_task_runner.py:105} INFO - Job 317: Subtask process_groups.process_group_4
[2024-12-12T13:17:27.448+0000] {standard_task_runner.py:72} INFO - Started process 350 to run task
[2024-12-12T13:17:29.837+0000] {task_command.py:467} INFO - Running <TaskInstance: parallel_new_price_with_group.process_groups.process_group_4 scheduled__2024-12-11T13:15:00+00:00 [running]> on host f1b774b5d57f
[2024-12-12T13:17:32.245+0000] {taskinstance.py:3132} INFO - Exporting env vars: AIRFLOW_CTX_DAG_OWNER='airflowDWH' AIRFLOW_CTX_DAG_ID='parallel_new_price_with_group' AIRFLOW_CTX_TASK_ID='process_groups.process_group_4' AIRFLOW_CTX_EXECUTION_DATE='2024-12-11T13:15:00+00:00' AIRFLOW_CTX_TRY_NUMBER='2' AIRFLOW_CTX_DAG_RUN_ID='scheduled__2024-12-11T13:15:00+00:00'
[2024-12-12T13:17:32.268+0000] {taskinstance.py:731} INFO - ::endgroup::
[2024-12-12T13:17:39.722+0000] {data_explorer.py:64} WARNING - Thông tin niêm yết & giao dịch sẽ được truy xuất từ TCBS
[2024-12-12T13:17:42.260+0000] {data_explorer.py:64} WARNING - Thông tin niêm yết & giao dịch sẽ được truy xuất từ TCBS
[2024-12-12T13:17:45.518+0000] {data_explorer.py:64} WARNING - Thông tin niêm yết & giao dịch sẽ được truy xuất từ TCBS
[2024-12-12T13:17:49.179+0000] {data_explorer.py:64} WARNING - Thông tin niêm yết & giao dịch sẽ được truy xuất từ TCBS
[2024-12-12T13:17:51.980+0000] {data_explorer.py:64} WARNING - Thông tin niêm yết & giao dịch sẽ được truy xuất từ TCBS
[2024-12-12T13:17:53.659+0000] {data_explorer.py:64} WARNING - Thông tin niêm yết & giao dịch sẽ được truy xuất từ TCBS
[2024-12-12T13:17:56.213+0000] {data_explorer.py:64} WARNING - Thông tin niêm yết & giao dịch sẽ được truy xuất từ TCBS
[2024-12-12T13:17:56.822+0000] {logging_mixin.py:190} INFO - Mã cổ phiếu V11 hiện bị dừng giao dịch
[2024-12-12T13:17:58.593+0000] {data_explorer.py:64} WARNING - Thông tin niêm yết & giao dịch sẽ được truy xuất từ TCBS
[2024-12-12T13:18:00.408+0000] {data_explorer.py:64} WARNING - Thông tin niêm yết & giao dịch sẽ được truy xuất từ TCBS
[2024-12-12T13:18:03.134+0000] {data_explorer.py:64} WARNING - Thông tin niêm yết & giao dịch sẽ được truy xuất từ TCBS
[2024-12-12T13:18:04.868+0000] {data_explorer.py:64} WARNING - Thông tin niêm yết & giao dịch sẽ được truy xuất từ TCBS
[2024-12-12T13:18:06.352+0000] {data_explorer.py:64} WARNING - Thông tin niêm yết & giao dịch sẽ được truy xuất từ TCBS
[2024-12-12T13:18:06.670+0000] {logging_mixin.py:190} INFO - Mã cổ phiếu VES hiện bị dừng giao dịch
[2024-12-12T13:18:07.735+0000] {data_explorer.py:64} WARNING - Thông tin niêm yết & giao dịch sẽ được truy xuất từ TCBS
[2024-12-12T13:18:09.045+0000] {data_explorer.py:64} WARNING - Thông tin niêm yết & giao dịch sẽ được truy xuất từ TCBS
[2024-12-12T13:18:10.908+0000] {data_explorer.py:64} WARNING - Thông tin niêm yết & giao dịch sẽ được truy xuất từ TCBS
[2024-12-12T13:18:12.326+0000] {data_explorer.py:64} WARNING - Thông tin niêm yết & giao dịch sẽ được truy xuất từ TCBS
[2024-12-12T13:18:13.939+0000] {data_explorer.py:64} WARNING - Thông tin niêm yết & giao dịch sẽ được truy xuất từ TCBS
[2024-12-12T13:18:15.434+0000] {data_explorer.py:64} WARNING - Thông tin niêm yết & giao dịch sẽ được truy xuất từ TCBS
[2024-12-12T13:18:16.885+0000] {data_explorer.py:64} WARNING - Thông tin niêm yết & giao dịch sẽ được truy xuất từ TCBS
[2024-12-12T13:18:18.244+0000] {data_explorer.py:64} WARNING - Thông tin niêm yết & giao dịch sẽ được truy xuất từ TCBS
[2024-12-12T13:18:19.521+0000] {data_explorer.py:64} WARNING - Thông tin niêm yết & giao dịch sẽ được truy xuất từ TCBS
[2024-12-12T13:18:19.967+0000] {python.py:240} INFO - Done. Returned value was: None
[2024-12-12T13:18:20.399+0000] {taskinstance.py:340} INFO - ::group::Post task execution logs
[2024-12-12T13:18:20.444+0000] {taskinstance.py:352} INFO - Marking task as SUCCESS. dag_id=parallel_new_price_with_group, task_id=process_groups.process_group_4, run_id=scheduled__2024-12-11T13:15:00+00:00, execution_date=20241211T131500, start_date=20241212T131727, end_date=20241212T131820
[2024-12-12T13:18:20.851+0000] {local_task_job_runner.py:266} INFO - Task exited with return code 0
[2024-12-12T13:18:21.202+0000] {taskinstance.py:3895} INFO - 0 downstream tasks scheduled from follow-on schedule check
[2024-12-12T13:18:21.210+0000] {local_task_job_runner.py:245} INFO - ::endgroup::
