[2024-12-09T09:59:37.816+0000] {local_task_job_runner.py:123} INFO - ::group::Pre task execution logs
[2024-12-09T09:59:37.884+0000] {taskinstance.py:2613} INFO - Dependencies all met for dep_context=non-requeueable deps ti=<TaskInstance: parallel_historycal_financial_reports.financial_reports.run_main_report_1 manual__2024-12-09T09:59:26.770719+00:00 [queued]>
[2024-12-09T09:59:37.909+0000] {taskinstance.py:2613} INFO - Dependencies all met for dep_context=requeueable deps ti=<TaskInstance: parallel_historycal_financial_reports.financial_reports.run_main_report_1 manual__2024-12-09T09:59:26.770719+00:00 [queued]>
[2024-12-09T09:59:37.910+0000] {taskinstance.py:2866} INFO - Starting attempt 1 of 1
[2024-12-09T09:59:37.992+0000] {taskinstance.py:2889} INFO - Executing <Task(PythonOperator): financial_reports.run_main_report_1> on 2024-12-09 09:59:26.770719+00:00
[2024-12-09T09:59:38.016+0000] {standard_task_runner.py:104} INFO - Running: ['airflow', 'tasks', 'run', 'parallel_historycal_financial_reports', 'financial_reports.run_main_report_1', 'manual__2024-12-09T09:59:26.770719+00:00', '--job-id', '200', '--raw', '--subdir', 'DAGS_FOLDER/Extract_history_financial_data.py', '--cfg-path', '/tmp/tmpzwlvmmy1']
[2024-12-09T09:59:38.023+0000] {logging_mixin.py:190} WARNING - /usr/local/lib/python3.12/site-packages/airflow/task/task_runner/standard_task_runner.py:70 DeprecationWarning: This process (pid=261) is multi-threaded, use of fork() may lead to deadlocks in the child.
[2024-12-09T09:59:38.027+0000] {standard_task_runner.py:105} INFO - Job 200: Subtask financial_reports.run_main_report_1
[2024-12-09T09:59:38.028+0000] {standard_task_runner.py:72} INFO - Started process 276 to run task
[2024-12-09T09:59:38.451+0000] {task_command.py:467} INFO - Running <TaskInstance: parallel_historycal_financial_reports.financial_reports.run_main_report_1 manual__2024-12-09T09:59:26.770719+00:00 [running]> on host 1ce88e57b286
[2024-12-09T09:59:39.379+0000] {taskinstance.py:3132} INFO - Exporting env vars: AIRFLOW_CTX_DAG_OWNER='airflowDWH' AIRFLOW_CTX_DAG_ID='parallel_historycal_financial_reports' AIRFLOW_CTX_TASK_ID='financial_reports.run_main_report_1' AIRFLOW_CTX_EXECUTION_DATE='2024-12-09T09:59:26.770719+00:00' AIRFLOW_CTX_TRY_NUMBER='1' AIRFLOW_CTX_DAG_RUN_ID='manual__2024-12-09T09:59:26.770719+00:00'
[2024-12-09T09:59:39.385+0000] {taskinstance.py:731} INFO - ::endgroup::
[2024-12-09T10:01:02.262+0000] {logging_mixin.py:190} INFO - Dữ liệu Kết Quả Kinh Doanh cho mã AGG thiếu từ các năm: 2017.
[2024-12-09T10:01:18.008+0000] {logging_mixin.py:190} INFO - Dữ liệu Lưu Chuyển Tiền Tệ cho mã AGG thiếu từ các năm: 2017.
[2024-12-09T10:01:26.476+0000] {local_task_job_runner.py:346} WARNING - State of this instance has been externally set to failed. Terminating instance.
[2024-12-09T10:01:26.564+0000] {local_task_job_runner.py:245} INFO - ::endgroup::
[2024-12-09T10:01:26.586+0000] {process_utils.py:132} INFO - Sending 15 to group 276. PIDs of all processes in the group: [276]
[2024-12-09T10:01:26.590+0000] {process_utils.py:87} INFO - Sending the signal 15 to group 276
[2024-12-09T10:01:26.594+0000] {taskinstance.py:3093} ERROR - Received SIGTERM. Terminating subprocesses.
[2024-12-09T10:01:27.076+0000] {taskinstance.py:340} INFO - ::group::Post task execution logs
[2024-12-09T10:01:27.168+0000] {process_utils.py:80} INFO - Process psutil.Process(pid=276, status='terminated', exitcode=0, started='09:59:37') (276) terminated with exit code 0
