[2024-12-13T17:18:32.113+0000] {local_task_job_runner.py:123} INFO - ::group::Pre task execution logs
[2024-12-13T17:18:32.151+0000] {taskinstance.py:2613} INFO - Dependencies all met for dep_context=non-requeueable deps ti=<TaskInstance: load_company_info_to_staging_db.load_company_info_to_db manual__2024-12-13T17:18:25.585985+00:00 [queued]>
[2024-12-13T17:18:32.169+0000] {taskinstance.py:2613} INFO - Dependencies all met for dep_context=requeueable deps ti=<TaskInstance: load_company_info_to_staging_db.load_company_info_to_db manual__2024-12-13T17:18:25.585985+00:00 [queued]>
[2024-12-13T17:18:32.169+0000] {taskinstance.py:2866} INFO - Starting attempt 1 of 1
[2024-12-13T17:18:32.191+0000] {taskinstance.py:2889} INFO - Executing <Task(PythonOperator): load_company_info_to_db> on 2024-12-13 17:18:25.585985+00:00
[2024-12-13T17:18:32.202+0000] {standard_task_runner.py:104} INFO - Running: ['airflow', 'tasks', 'run', 'load_company_info_to_staging_db', 'load_company_info_to_db', 'manual__2024-12-13T17:18:25.585985+00:00', '--job-id', '392', '--raw', '--subdir', 'DAGS_FOLDER/Load_company_info_to_staging.py', '--cfg-path', '/tmp/tmpzelau6wh']
[2024-12-13T17:18:32.204+0000] {standard_task_runner.py:105} INFO - Job 392: Subtask load_company_info_to_db
[2024-12-13T17:18:32.206+0000] {logging_mixin.py:190} WARNING - /usr/local/lib/python3.12/site-packages/airflow/task/task_runner/standard_task_runner.py:70 DeprecationWarning: This process (pid=3152) is multi-threaded, use of fork() may lead to deadlocks in the child.
[2024-12-13T17:18:32.207+0000] {standard_task_runner.py:72} INFO - Started process 3167 to run task
[2024-12-13T17:18:32.376+0000] {task_command.py:467} INFO - Running <TaskInstance: load_company_info_to_staging_db.load_company_info_to_db manual__2024-12-13T17:18:25.585985+00:00 [running]> on host 2f7cc6f48508
[2024-12-13T17:18:32.557+0000] {taskinstance.py:3132} INFO - Exporting env vars: AIRFLOW_CTX_DAG_OWNER='airflowDWH' AIRFLOW_CTX_DAG_ID='load_company_info_to_staging_db' AIRFLOW_CTX_TASK_ID='load_company_info_to_db' AIRFLOW_CTX_EXECUTION_DATE='2024-12-13T17:18:25.585985+00:00' AIRFLOW_CTX_TRY_NUMBER='1' AIRFLOW_CTX_DAG_RUN_ID='manual__2024-12-13T17:18:25.585985+00:00'
[2024-12-13T17:18:32.559+0000] {taskinstance.py:731} INFO - ::endgroup::
[2024-12-13T17:18:32.609+0000] {base.py:84} INFO - Retrieving connection 'load_to_staging'
[2024-12-13T17:18:32.699+0000] {logging_mixin.py:190} INFO - Dữ liệu đã được tải thành công vào bảng HoSoCongTy.
[2024-12-13T17:18:32.700+0000] {python.py:240} INFO - Done. Returned value was: None
[2024-12-13T17:18:32.720+0000] {taskinstance.py:340} INFO - ::group::Post task execution logs
[2024-12-13T17:18:32.721+0000] {taskinstance.py:352} INFO - Marking task as SUCCESS. dag_id=load_company_info_to_staging_db, task_id=load_company_info_to_db, run_id=manual__2024-12-13T17:18:25.585985+00:00, execution_date=20241213T171825, start_date=20241213T171832, end_date=20241213T171832
[2024-12-13T17:18:32.830+0000] {local_task_job_runner.py:266} INFO - Task exited with return code 0
[2024-12-13T17:18:32.869+0000] {taskinstance.py:3895} INFO - 1 downstream tasks scheduled from follow-on schedule check
[2024-12-13T17:18:32.873+0000] {local_task_job_runner.py:245} INFO - ::endgroup::
