[2024-12-13T17:24:13.853+0000] {local_task_job_runner.py:123} INFO - ::group::Pre task execution logs
[2024-12-13T17:24:13.886+0000] {taskinstance.py:2613} INFO - Dependencies all met for dep_context=non-requeueable deps ti=<TaskInstance: load_company_info_to_staging_db.load_company_info_to_db manual__2024-12-13T17:24:09.293015+00:00 [queued]>
[2024-12-13T17:24:13.902+0000] {taskinstance.py:2613} INFO - Dependencies all met for dep_context=requeueable deps ti=<TaskInstance: load_company_info_to_staging_db.load_company_info_to_db manual__2024-12-13T17:24:09.293015+00:00 [queued]>
[2024-12-13T17:24:13.903+0000] {taskinstance.py:2866} INFO - Starting attempt 1 of 1
[2024-12-13T17:24:13.922+0000] {taskinstance.py:2889} INFO - Executing <Task(PythonOperator): load_company_info_to_db> on 2024-12-13 17:24:09.293015+00:00
[2024-12-13T17:24:13.938+0000] {logging_mixin.py:190} WARNING - /usr/local/lib/python3.12/site-packages/airflow/task/task_runner/standard_task_runner.py:70 DeprecationWarning: This process (pid=3552) is multi-threaded, use of fork() may lead to deadlocks in the child.
[2024-12-13T17:24:13.941+0000] {standard_task_runner.py:72} INFO - Started process 3553 to run task
[2024-12-13T17:24:13.937+0000] {standard_task_runner.py:104} INFO - Running: ['airflow', 'tasks', 'run', 'load_company_info_to_staging_db', 'load_company_info_to_db', 'manual__2024-12-13T17:24:09.293015+00:00', '--job-id', '394', '--raw', '--subdir', 'DAGS_FOLDER/Load_company_info_to_staging.py', '--cfg-path', '/tmp/tmpu3yittow']
[2024-12-13T17:24:13.942+0000] {standard_task_runner.py:105} INFO - Job 394: Subtask load_company_info_to_db
[2024-12-13T17:24:14.119+0000] {task_command.py:467} INFO - Running <TaskInstance: load_company_info_to_staging_db.load_company_info_to_db manual__2024-12-13T17:24:09.293015+00:00 [running]> on host 2f7cc6f48508
[2024-12-13T17:24:14.341+0000] {taskinstance.py:3132} INFO - Exporting env vars: AIRFLOW_CTX_DAG_OWNER='airflowDWH' AIRFLOW_CTX_DAG_ID='load_company_info_to_staging_db' AIRFLOW_CTX_TASK_ID='load_company_info_to_db' AIRFLOW_CTX_EXECUTION_DATE='2024-12-13T17:24:09.293015+00:00' AIRFLOW_CTX_TRY_NUMBER='1' AIRFLOW_CTX_DAG_RUN_ID='manual__2024-12-13T17:24:09.293015+00:00'
[2024-12-13T17:24:14.343+0000] {taskinstance.py:731} INFO - ::endgroup::
[2024-12-13T17:24:14.375+0000] {base.py:84} INFO - Retrieving connection 'load_to_staging'
[2024-12-13T17:24:14.449+0000] {logging_mixin.py:190} INFO - Dữ liệu đã được tải thành công vào bảng HoSoCongTy.
[2024-12-13T17:24:14.450+0000] {python.py:240} INFO - Done. Returned value was: None
[2024-12-13T17:24:14.473+0000] {taskinstance.py:340} INFO - ::group::Post task execution logs
[2024-12-13T17:24:14.473+0000] {taskinstance.py:352} INFO - Marking task as SUCCESS. dag_id=load_company_info_to_staging_db, task_id=load_company_info_to_db, run_id=manual__2024-12-13T17:24:09.293015+00:00, execution_date=20241213T172409, start_date=20241213T172413, end_date=20241213T172414
[2024-12-13T17:24:14.519+0000] {local_task_job_runner.py:266} INFO - Task exited with return code 0
[2024-12-13T17:24:14.563+0000] {taskinstance.py:3895} INFO - 1 downstream tasks scheduled from follow-on schedule check
[2024-12-13T17:24:14.566+0000] {local_task_job_runner.py:245} INFO - ::endgroup::
