[2024-12-07T13:23:59.901+0000] {local_task_job_runner.py:123} INFO - ::group::Pre task execution logs
[2024-12-07T13:23:59.946+0000] {taskinstance.py:2613} INFO - Dependencies all met for dep_context=non-requeueable deps ti=<TaskInstance: parallel_historical_price_with_group.process_groups.process_group_4 manual__2024-12-07T13:23:55.698416+00:00 [queued]>
[2024-12-07T13:23:59.964+0000] {taskinstance.py:2613} INFO - Dependencies all met for dep_context=requeueable deps ti=<TaskInstance: parallel_historical_price_with_group.process_groups.process_group_4 manual__2024-12-07T13:23:55.698416+00:00 [queued]>
[2024-12-07T13:23:59.965+0000] {taskinstance.py:2866} INFO - Starting attempt 1 of 1
[2024-12-07T13:23:59.987+0000] {taskinstance.py:2889} INFO - Executing <Task(PythonOperator): process_groups.process_group_4> on 2024-12-07 13:23:55.698416+00:00
[2024-12-07T13:24:00.003+0000] {logging_mixin.py:190} WARNING - /usr/local/lib/python3.12/site-packages/airflow/task/task_runner/standard_task_runner.py:70 DeprecationWarning: This process (pid=5756) is multi-threaded, use of fork() may lead to deadlocks in the child.
[2024-12-07T13:24:00.008+0000] {standard_task_runner.py:72} INFO - Started process 5769 to run task
[2024-12-07T13:24:00.002+0000] {standard_task_runner.py:104} INFO - Running: ['airflow', 'tasks', 'run', 'parallel_historical_price_with_group', 'process_groups.process_group_4', 'manual__2024-12-07T13:23:55.698416+00:00', '--job-id', '65', '--raw', '--subdir', 'DAGS_FOLDER/Extract_history_price_data.py', '--cfg-path', '/tmp/tmpmg6cm1sv']
[2024-12-07T13:24:00.009+0000] {standard_task_runner.py:105} INFO - Job 65: Subtask process_groups.process_group_4
[2024-12-07T13:24:00.233+0000] {task_command.py:467} INFO - Running <TaskInstance: parallel_historical_price_with_group.process_groups.process_group_4 manual__2024-12-07T13:23:55.698416+00:00 [running]> on host 5690cb444f4e
[2024-12-07T13:24:00.479+0000] {taskinstance.py:3132} INFO - Exporting env vars: AIRFLOW_CTX_DAG_OWNER='airflowDWH' AIRFLOW_CTX_DAG_ID='parallel_historical_price_with_group' AIRFLOW_CTX_TASK_ID='process_groups.process_group_4' AIRFLOW_CTX_EXECUTION_DATE='2024-12-07T13:23:55.698416+00:00' AIRFLOW_CTX_TRY_NUMBER='1' AIRFLOW_CTX_DAG_RUN_ID='manual__2024-12-07T13:23:55.698416+00:00'
[2024-12-07T13:24:00.481+0000] {taskinstance.py:731} INFO - ::endgroup::
[2024-12-07T13:24:07.031+0000] {data_explorer.py:64} WARNING - Thông tin niêm yết & giao dịch sẽ được truy xuất từ TCBS
[2024-12-07T13:24:08.692+0000] {data_explorer.py:64} WARNING - Thông tin niêm yết & giao dịch sẽ được truy xuất từ TCBS
[2024-12-07T13:24:10.172+0000] {data_explorer.py:64} WARNING - Thông tin niêm yết & giao dịch sẽ được truy xuất từ TCBS
[2024-12-07T13:24:12.880+0000] {data_explorer.py:64} WARNING - Thông tin niêm yết & giao dịch sẽ được truy xuất từ TCBS
[2024-12-07T13:24:14.850+0000] {data_explorer.py:64} WARNING - Thông tin niêm yết & giao dịch sẽ được truy xuất từ TCBS
[2024-12-07T13:24:16.184+0000] {data_explorer.py:64} WARNING - Thông tin niêm yết & giao dịch sẽ được truy xuất từ TCBS
[2024-12-07T13:24:17.680+0000] {data_explorer.py:64} WARNING - Thông tin niêm yết & giao dịch sẽ được truy xuất từ TCBS
[2024-12-07T13:24:20.811+0000] {data_explorer.py:64} WARNING - Thông tin niêm yết & giao dịch sẽ được truy xuất từ TCBS
[2024-12-07T13:24:21.934+0000] {data_explorer.py:64} WARNING - Thông tin niêm yết & giao dịch sẽ được truy xuất từ TCBS
[2024-12-07T13:24:22.999+0000] {data_explorer.py:64} WARNING - Thông tin niêm yết & giao dịch sẽ được truy xuất từ TCBS
[2024-12-07T13:24:24.296+0000] {data_explorer.py:64} WARNING - Thông tin niêm yết & giao dịch sẽ được truy xuất từ TCBS
[2024-12-07T13:24:25.364+0000] {data_explorer.py:64} WARNING - Thông tin niêm yết & giao dịch sẽ được truy xuất từ TCBS
[2024-12-07T13:24:26.418+0000] {data_explorer.py:64} WARNING - Thông tin niêm yết & giao dịch sẽ được truy xuất từ TCBS
[2024-12-07T13:24:28.020+0000] {data_explorer.py:64} WARNING - Thông tin niêm yết & giao dịch sẽ được truy xuất từ TCBS
[2024-12-07T13:24:29.050+0000] {data_explorer.py:64} WARNING - Thông tin niêm yết & giao dịch sẽ được truy xuất từ TCBS
[2024-12-07T13:24:30.316+0000] {data_explorer.py:64} WARNING - Thông tin niêm yết & giao dịch sẽ được truy xuất từ TCBS
[2024-12-07T13:24:31.801+0000] {data_explorer.py:64} WARNING - Thông tin niêm yết & giao dịch sẽ được truy xuất từ TCBS
[2024-12-07T13:24:32.865+0000] {data_explorer.py:64} WARNING - Thông tin niêm yết & giao dịch sẽ được truy xuất từ TCBS
[2024-12-07T13:24:34.066+0000] {data_explorer.py:64} WARNING - Thông tin niêm yết & giao dịch sẽ được truy xuất từ TCBS
[2024-12-07T13:24:34.986+0000] {data_explorer.py:64} WARNING - Thông tin niêm yết & giao dịch sẽ được truy xuất từ TCBS
[2024-12-07T13:24:43.090+0000] {data_explorer.py:64} WARNING - Thông tin niêm yết & giao dịch sẽ được truy xuất từ TCBS
[2024-12-07T13:24:43.959+0000] {data_explorer.py:64} WARNING - Thông tin niêm yết & giao dịch sẽ được truy xuất từ TCBS
[2024-12-07T13:24:44.410+0000] {python.py:240} INFO - Done. Returned value was: None
[2024-12-07T13:24:44.437+0000] {taskinstance.py:340} INFO - ::group::Post task execution logs
[2024-12-07T13:24:44.437+0000] {taskinstance.py:352} INFO - Marking task as SUCCESS. dag_id=parallel_historical_price_with_group, task_id=process_groups.process_group_4, run_id=manual__2024-12-07T13:23:55.698416+00:00, execution_date=20241207T132355, start_date=20241207T132359, end_date=20241207T132444
[2024-12-07T13:24:44.512+0000] {local_task_job_runner.py:266} INFO - Task exited with return code 0
[2024-12-07T13:24:44.586+0000] {taskinstance.py:3895} INFO - 0 downstream tasks scheduled from follow-on schedule check
[2024-12-07T13:24:44.590+0000] {local_task_job_runner.py:245} INFO - ::endgroup::
