[2024-12-12T06:05:38.717+0000] {local_task_job_runner.py:123} INFO - ::group::Pre task execution logs
[2024-12-12T06:05:38.810+0000] {taskinstance.py:2613} INFO - Dependencies all met for dep_context=non-requeueable deps ti=<TaskInstance: parallel_new_price_with_group.process_groups.process_group_0 manual__2024-12-12T06:05:33.443603+00:00 [queued]>
[2024-12-12T06:05:38.831+0000] {taskinstance.py:2613} INFO - Dependencies all met for dep_context=requeueable deps ti=<TaskInstance: parallel_new_price_with_group.process_groups.process_group_0 manual__2024-12-12T06:05:33.443603+00:00 [queued]>
[2024-12-12T06:05:38.832+0000] {taskinstance.py:2866} INFO - Starting attempt 1 of 2
[2024-12-12T06:05:38.862+0000] {taskinstance.py:2889} INFO - Executing <Task(PythonOperator): process_groups.process_group_0> on 2024-12-12 06:05:33.443603+00:00
[2024-12-12T06:05:38.875+0000] {logging_mixin.py:190} WARNING - /usr/local/lib/python3.12/site-packages/airflow/task/task_runner/standard_task_runner.py:70 DeprecationWarning: This process (pid=8315) is multi-threaded, use of fork() may lead to deadlocks in the child.
[2024-12-12T06:05:38.878+0000] {standard_task_runner.py:72} INFO - Started process 8340 to run task
[2024-12-12T06:05:38.875+0000] {standard_task_runner.py:104} INFO - Running: ['airflow', 'tasks', 'run', 'parallel_new_price_with_group', 'process_groups.process_group_0', 'manual__2024-12-12T06:05:33.443603+00:00', '--job-id', '297', '--raw', '--subdir', 'DAGS_FOLDER/Extract_new_price_data.py', '--cfg-path', '/tmp/tmppinspxtj']
[2024-12-12T06:05:38.879+0000] {standard_task_runner.py:105} INFO - Job 297: Subtask process_groups.process_group_0
[2024-12-12T06:05:39.058+0000] {task_command.py:467} INFO - Running <TaskInstance: parallel_new_price_with_group.process_groups.process_group_0 manual__2024-12-12T06:05:33.443603+00:00 [running]> on host b97e805017e1
[2024-12-12T06:05:40.192+0000] {taskinstance.py:3132} INFO - Exporting env vars: AIRFLOW_CTX_DAG_OWNER='airflowDWH' AIRFLOW_CTX_DAG_ID='parallel_new_price_with_group' AIRFLOW_CTX_TASK_ID='process_groups.process_group_0' AIRFLOW_CTX_EXECUTION_DATE='2024-12-12T06:05:33.443603+00:00' AIRFLOW_CTX_TRY_NUMBER='1' AIRFLOW_CTX_DAG_RUN_ID='manual__2024-12-12T06:05:33.443603+00:00'
[2024-12-12T06:05:40.212+0000] {taskinstance.py:731} INFO - ::endgroup::
[2024-12-12T06:05:42.353+0000] {data_explorer.py:64} WARNING - Thông tin niêm yết & giao dịch sẽ được truy xuất từ TCBS
[2024-12-12T06:05:43.466+0000] {data_explorer.py:64} WARNING - Thông tin niêm yết & giao dịch sẽ được truy xuất từ TCBS
[2024-12-12T06:05:43.802+0000] {logging_mixin.py:190} INFO - Mã cổ phiếu LEC hiện bị dừng giao dịch
[2024-12-12T06:05:44.605+0000] {data_explorer.py:64} WARNING - Thông tin niêm yết & giao dịch sẽ được truy xuất từ TCBS
[2024-12-12T06:05:46.047+0000] {data_explorer.py:64} WARNING - Thông tin niêm yết & giao dịch sẽ được truy xuất từ TCBS
[2024-12-12T06:05:47.593+0000] {data_explorer.py:64} WARNING - Thông tin niêm yết & giao dịch sẽ được truy xuất từ TCBS
[2024-12-12T06:05:49.882+0000] {data_explorer.py:64} WARNING - Thông tin niêm yết & giao dịch sẽ được truy xuất từ TCBS
[2024-12-12T06:05:51.245+0000] {data_explorer.py:64} WARNING - Thông tin niêm yết & giao dịch sẽ được truy xuất từ TCBS
[2024-12-12T06:05:52.418+0000] {data_explorer.py:64} WARNING - Thông tin niêm yết & giao dịch sẽ được truy xuất từ TCBS
[2024-12-12T06:05:52.678+0000] {logging_mixin.py:190} INFO - Mã cổ phiếu C21 hiện bị dừng giao dịch
[2024-12-12T06:05:53.296+0000] {data_explorer.py:64} WARNING - Thông tin niêm yết & giao dịch sẽ được truy xuất từ TCBS
[2024-12-12T06:05:54.422+0000] {data_explorer.py:64} WARNING - Thông tin niêm yết & giao dịch sẽ được truy xuất từ TCBS
[2024-12-12T06:05:54.655+0000] {logging_mixin.py:190} INFO - Mã cổ phiếu CK8 hiện bị dừng giao dịch
[2024-12-12T06:05:55.816+0000] {data_explorer.py:64} WARNING - Thông tin niêm yết & giao dịch sẽ được truy xuất từ TCBS
[2024-12-12T06:05:57.666+0000] {data_explorer.py:64} WARNING - Thông tin niêm yết & giao dịch sẽ được truy xuất từ TCBS
[2024-12-12T06:05:57.935+0000] {logging_mixin.py:190} INFO - Mã cổ phiếu CLG hiện bị dừng giao dịch
[2024-12-12T06:05:58.716+0000] {data_explorer.py:64} WARNING - Thông tin niêm yết & giao dịch sẽ được truy xuất từ TCBS
[2024-12-12T06:05:58.949+0000] {logging_mixin.py:190} INFO - Mã cổ phiếu MGR hiện bị dừng giao dịch
[2024-12-12T06:05:59.911+0000] {data_explorer.py:64} WARNING - Thông tin niêm yết & giao dịch sẽ được truy xuất từ TCBS
[2024-12-12T06:06:00.171+0000] {logging_mixin.py:190} INFO - Mã cổ phiếu HPI hiện bị dừng giao dịch
[2024-12-12T06:06:01.235+0000] {data_explorer.py:64} WARNING - Thông tin niêm yết & giao dịch sẽ được truy xuất từ TCBS
[2024-12-12T06:06:01.549+0000] {logging_mixin.py:190} INFO - Mã cổ phiếu DRH hiện bị dừng giao dịch
[2024-12-12T06:06:02.202+0000] {data_explorer.py:64} WARNING - Thông tin niêm yết & giao dịch sẽ được truy xuất từ TCBS
[2024-12-12T06:06:03.151+0000] {data_explorer.py:64} WARNING - Thông tin niêm yết & giao dịch sẽ được truy xuất từ TCBS
[2024-12-12T06:06:04.131+0000] {data_explorer.py:64} WARNING - Thông tin niêm yết & giao dịch sẽ được truy xuất từ TCBS
[2024-12-12T06:06:05.511+0000] {data_explorer.py:64} WARNING - Thông tin niêm yết & giao dịch sẽ được truy xuất từ TCBS
[2024-12-12T06:06:05.731+0000] {logging_mixin.py:190} INFO - Mã cổ phiếu BVL hiện bị dừng giao dịch
[2024-12-12T06:06:06.377+0000] {data_explorer.py:64} WARNING - Thông tin niêm yết & giao dịch sẽ được truy xuất từ TCBS
[2024-12-12T06:06:07.312+0000] {data_explorer.py:64} WARNING - Thông tin niêm yết & giao dịch sẽ được truy xuất từ TCBS
[2024-12-12T06:06:08.301+0000] {data_explorer.py:64} WARNING - Thông tin niêm yết & giao dịch sẽ được truy xuất từ TCBS
[2024-12-12T06:06:08.522+0000] {logging_mixin.py:190} INFO - Mã cổ phiếu BII hiện bị dừng giao dịch
[2024-12-12T06:06:09.249+0000] {data_explorer.py:64} WARNING - Thông tin niêm yết & giao dịch sẽ được truy xuất từ TCBS
[2024-12-12T06:06:09.458+0000] {logging_mixin.py:190} INFO - Mã cổ phiếu FLC hiện bị dừng giao dịch
[2024-12-12T06:06:10.117+0000] {data_explorer.py:64} WARNING - Thông tin niêm yết & giao dịch sẽ được truy xuất từ TCBS
[2024-12-12T06:06:11.133+0000] {data_explorer.py:64} WARNING - Thông tin niêm yết & giao dịch sẽ được truy xuất từ TCBS
[2024-12-12T06:06:12.083+0000] {data_explorer.py:64} WARNING - Thông tin niêm yết & giao dịch sẽ được truy xuất từ TCBS
[2024-12-12T06:06:12.390+0000] {python.py:240} INFO - Done. Returned value was: None
[2024-12-12T06:06:12.470+0000] {taskinstance.py:340} INFO - ::group::Post task execution logs
[2024-12-12T06:06:12.470+0000] {taskinstance.py:352} INFO - Marking task as SUCCESS. dag_id=parallel_new_price_with_group, task_id=process_groups.process_group_0, run_id=manual__2024-12-12T06:05:33.443603+00:00, execution_date=20241212T060533, start_date=20241212T060538, end_date=20241212T060612
[2024-12-12T06:06:12.517+0000] {local_task_job_runner.py:266} INFO - Task exited with return code 0
[2024-12-12T06:06:12.584+0000] {taskinstance.py:3895} INFO - 0 downstream tasks scheduled from follow-on schedule check
[2024-12-12T06:06:12.589+0000] {local_task_job_runner.py:245} INFO - ::endgroup::
