[2024-12-17T12:45:04.505+0000] {local_task_job_runner.py:123} INFO - ::group::Pre task execution logs
[2024-12-17T12:45:04.605+0000] {taskinstance.py:2613} INFO - Dependencies all met for dep_context=non-requeueable deps ti=<TaskInstance: parallel_new_price_with_group.process_groups.process_group_2 scheduled__2024-12-16T12:45:00+00:00 [queued]>
[2024-12-17T12:45:04.680+0000] {taskinstance.py:2613} INFO - Dependencies all met for dep_context=requeueable deps ti=<TaskInstance: parallel_new_price_with_group.process_groups.process_group_2 scheduled__2024-12-16T12:45:00+00:00 [queued]>
[2024-12-17T12:45:04.681+0000] {taskinstance.py:2866} INFO - Starting attempt 1 of 4
[2024-12-17T12:45:04.751+0000] {taskinstance.py:2889} INFO - Executing <Task(PythonOperator): process_groups.process_group_2> on 2024-12-16 12:45:00+00:00
[2024-12-17T12:45:04.765+0000] {logging_mixin.py:190} WARNING - /usr/local/lib/python3.12/site-packages/airflow/task/task_runner/standard_task_runner.py:70 DeprecationWarning: This process (pid=3012) is multi-threaded, use of fork() may lead to deadlocks in the child.
[2024-12-17T12:45:04.766+0000] {standard_task_runner.py:72} INFO - Started process 3033 to run task
[2024-12-17T12:45:04.767+0000] {standard_task_runner.py:104} INFO - Running: ['airflow', 'tasks', 'run', 'parallel_new_price_with_group', 'process_groups.process_group_2', 'scheduled__2024-12-16T12:45:00+00:00', '--job-id', '446', '--raw', '--subdir', 'DAGS_FOLDER/Extract_new_price_data.py', '--cfg-path', '/tmp/tmpb2quauuu']
[2024-12-17T12:45:04.771+0000] {standard_task_runner.py:105} INFO - Job 446: Subtask process_groups.process_group_2
[2024-12-17T12:45:05.053+0000] {task_command.py:467} INFO - Running <TaskInstance: parallel_new_price_with_group.process_groups.process_group_2 scheduled__2024-12-16T12:45:00+00:00 [running]> on host 8e02006e0a25
[2024-12-17T12:45:05.330+0000] {taskinstance.py:3132} INFO - Exporting env vars: AIRFLOW_CTX_DAG_OWNER='airflowDWH' AIRFLOW_CTX_DAG_ID='parallel_new_price_with_group' AIRFLOW_CTX_TASK_ID='process_groups.process_group_2' AIRFLOW_CTX_EXECUTION_DATE='2024-12-16T12:45:00+00:00' AIRFLOW_CTX_TRY_NUMBER='1' AIRFLOW_CTX_DAG_RUN_ID='scheduled__2024-12-16T12:45:00+00:00'
[2024-12-17T12:45:05.333+0000] {taskinstance.py:731} INFO - ::endgroup::
[2024-12-17T12:45:06.694+0000] {data_explorer.py:64} WARNING - Thông tin niêm yết & giao dịch sẽ được truy xuất từ TCBS
[2024-12-17T12:45:08.615+0000] {data_explorer.py:64} WARNING - Thông tin niêm yết & giao dịch sẽ được truy xuất từ TCBS
[2024-12-17T12:45:09.407+0000] {data_explorer.py:64} WARNING - Thông tin niêm yết & giao dịch sẽ được truy xuất từ TCBS
[2024-12-17T12:45:10.531+0000] {data_explorer.py:64} WARNING - Thông tin niêm yết & giao dịch sẽ được truy xuất từ TCBS
[2024-12-17T12:45:11.173+0000] {data_explorer.py:64} WARNING - Thông tin niêm yết & giao dịch sẽ được truy xuất từ TCBS
[2024-12-17T12:45:11.899+0000] {data_explorer.py:64} WARNING - Thông tin niêm yết & giao dịch sẽ được truy xuất từ TCBS
[2024-12-17T12:45:12.313+0000] {logging_mixin.py:190} INFO - Mã cổ phiếu FID hiện bị dừng giao dịch
[2024-12-17T12:45:12.906+0000] {data_explorer.py:64} WARNING - Thông tin niêm yết & giao dịch sẽ được truy xuất từ TCBS
[2024-12-17T12:45:13.904+0000] {data_explorer.py:64} WARNING - Thông tin niêm yết & giao dịch sẽ được truy xuất từ TCBS
[2024-12-17T12:45:14.615+0000] {data_explorer.py:64} WARNING - Thông tin niêm yết & giao dịch sẽ được truy xuất từ TCBS
[2024-12-17T12:45:15.592+0000] {data_explorer.py:64} WARNING - Thông tin niêm yết & giao dịch sẽ được truy xuất từ TCBS
[2024-12-17T12:45:16.433+0000] {logging_mixin.py:190} INFO - Mã cổ phiếu NTB hiện bị dừng giao dịch
[2024-12-17T12:45:17.040+0000] {data_explorer.py:64} WARNING - Thông tin niêm yết & giao dịch sẽ được truy xuất từ TCBS
[2024-12-17T12:45:17.249+0000] {logging_mixin.py:190} INFO - Mã cổ phiếu EFI hiện bị dừng giao dịch
[2024-12-17T12:45:17.935+0000] {data_explorer.py:64} WARNING - Thông tin niêm yết & giao dịch sẽ được truy xuất từ TCBS
[2024-12-17T12:45:18.742+0000] {data_explorer.py:64} WARNING - Thông tin niêm yết & giao dịch sẽ được truy xuất từ TCBS
[2024-12-17T12:45:19.787+0000] {data_explorer.py:64} WARNING - Thông tin niêm yết & giao dịch sẽ được truy xuất từ TCBS
[2024-12-17T12:45:20.509+0000] {data_explorer.py:64} WARNING - Thông tin niêm yết & giao dịch sẽ được truy xuất từ TCBS
[2024-12-17T12:45:20.831+0000] {logging_mixin.py:190} INFO - Mã cổ phiếu HRB hiện bị dừng giao dịch
[2024-12-17T12:45:21.313+0000] {data_explorer.py:64} WARNING - Thông tin niêm yết & giao dịch sẽ được truy xuất từ TCBS
[2024-12-17T12:45:23.199+0000] {data_explorer.py:64} WARNING - Thông tin niêm yết & giao dịch sẽ được truy xuất từ TCBS
[2024-12-17T12:45:23.413+0000] {logging_mixin.py:190} INFO - Mã cổ phiếu PLA hiện bị dừng giao dịch
[2024-12-17T12:45:23.996+0000] {data_explorer.py:64} WARNING - Thông tin niêm yết & giao dịch sẽ được truy xuất từ TCBS
[2024-12-17T12:45:24.196+0000] {logging_mixin.py:190} INFO - Mã cổ phiếu PPI hiện bị dừng giao dịch
[2024-12-17T12:45:24.875+0000] {data_explorer.py:64} WARNING - Thông tin niêm yết & giao dịch sẽ được truy xuất từ TCBS
[2024-12-17T12:45:25.622+0000] {data_explorer.py:64} WARNING - Thông tin niêm yết & giao dịch sẽ được truy xuất từ TCBS
[2024-12-17T12:45:26.567+0000] {data_explorer.py:64} WARNING - Thông tin niêm yết & giao dịch sẽ được truy xuất từ TCBS
[2024-12-17T12:45:27.289+0000] {data_explorer.py:64} WARNING - Thông tin niêm yết & giao dịch sẽ được truy xuất từ TCBS
[2024-12-17T12:45:28.056+0000] {data_explorer.py:64} WARNING - Thông tin niêm yết & giao dịch sẽ được truy xuất từ TCBS
[2024-12-17T12:45:28.266+0000] {logging_mixin.py:190} INFO - Mã cổ phiếu PVL hiện bị dừng giao dịch
[2024-12-17T12:45:28.795+0000] {data_explorer.py:64} WARNING - Thông tin niêm yết & giao dịch sẽ được truy xuất từ TCBS
[2024-12-17T12:45:29.702+0000] {data_explorer.py:64} WARNING - Thông tin niêm yết & giao dịch sẽ được truy xuất từ TCBS
[2024-12-17T12:45:29.911+0000] {logging_mixin.py:190} INFO - Mã cổ phiếu PXA hiện bị dừng giao dịch
[2024-12-17T12:45:30.531+0000] {data_explorer.py:64} WARNING - Thông tin niêm yết & giao dịch sẽ được truy xuất từ TCBS
[2024-12-17T12:45:30.741+0000] {python.py:240} INFO - Done. Returned value was: None
[2024-12-17T12:45:30.769+0000] {taskinstance.py:340} INFO - ::group::Post task execution logs
[2024-12-17T12:45:30.769+0000] {taskinstance.py:352} INFO - Marking task as SUCCESS. dag_id=parallel_new_price_with_group, task_id=process_groups.process_group_2, run_id=scheduled__2024-12-16T12:45:00+00:00, execution_date=20241216T124500, start_date=20241217T124504, end_date=20241217T124530
[2024-12-17T12:45:30.808+0000] {local_task_job_runner.py:266} INFO - Task exited with return code 0
[2024-12-17T12:45:30.852+0000] {taskinstance.py:3895} INFO - 0 downstream tasks scheduled from follow-on schedule check
[2024-12-17T12:45:30.854+0000] {local_task_job_runner.py:245} INFO - ::endgroup::
