[2024-12-12T06:06:23.287+0000] {local_task_job_runner.py:123} INFO - ::group::Pre task execution logs
[2024-12-12T06:06:23.318+0000] {taskinstance.py:2613} INFO - Dependencies all met for dep_context=non-requeueable deps ti=<TaskInstance: parallel_new_price_with_group.load_price_to_db manual__2024-12-12T06:05:33.443603+00:00 [queued]>
[2024-12-12T06:06:23.334+0000] {taskinstance.py:2613} INFO - Dependencies all met for dep_context=requeueable deps ti=<TaskInstance: parallel_new_price_with_group.load_price_to_db manual__2024-12-12T06:05:33.443603+00:00 [queued]>
[2024-12-12T06:06:23.334+0000] {taskinstance.py:2866} INFO - Starting attempt 1 of 2
[2024-12-12T06:06:23.357+0000] {taskinstance.py:2889} INFO - Executing <Task(PythonOperator): load_price_to_db> on 2024-12-12 06:05:33.443603+00:00
[2024-12-12T06:06:23.369+0000] {logging_mixin.py:190} WARNING - /usr/local/lib/python3.12/site-packages/airflow/task/task_runner/standard_task_runner.py:70 DeprecationWarning: This process (pid=8384) is multi-threaded, use of fork() may lead to deadlocks in the child.
[2024-12-12T06:06:23.371+0000] {standard_task_runner.py:72} INFO - Started process 8386 to run task
[2024-12-12T06:06:23.368+0000] {standard_task_runner.py:104} INFO - Running: ['airflow', 'tasks', 'run', 'parallel_new_price_with_group', 'load_price_to_db', 'manual__2024-12-12T06:05:33.443603+00:00', '--job-id', '300', '--raw', '--subdir', 'DAGS_FOLDER/Extract_new_price_data.py', '--cfg-path', '/tmp/tmp3l1m5mb0']
[2024-12-12T06:06:23.371+0000] {standard_task_runner.py:105} INFO - Job 300: Subtask load_price_to_db
[2024-12-12T06:06:23.503+0000] {task_command.py:467} INFO - Running <TaskInstance: parallel_new_price_with_group.load_price_to_db manual__2024-12-12T06:05:33.443603+00:00 [running]> on host b97e805017e1
[2024-12-12T06:06:23.683+0000] {taskinstance.py:3132} INFO - Exporting env vars: AIRFLOW_CTX_DAG_OWNER='airflowDWH' AIRFLOW_CTX_DAG_ID='parallel_new_price_with_group' AIRFLOW_CTX_TASK_ID='load_price_to_db' AIRFLOW_CTX_EXECUTION_DATE='2024-12-12T06:05:33.443603+00:00' AIRFLOW_CTX_TRY_NUMBER='1' AIRFLOW_CTX_DAG_RUN_ID='manual__2024-12-12T06:05:33.443603+00:00'
[2024-12-12T06:06:23.684+0000] {taskinstance.py:731} INFO - ::endgroup::
[2024-12-12T06:06:23.719+0000] {base.py:84} INFO - Retrieving connection 'load_to_staging'
[2024-12-12T06:06:23.744+0000] {logging_mixin.py:190} INFO - Dữ liệu đã được tải thành công vào bảng lichsugia.
[2024-12-12T06:06:23.745+0000] {python.py:240} INFO - Done. Returned value was: None
[2024-12-12T06:06:23.766+0000] {taskinstance.py:340} INFO - ::group::Post task execution logs
[2024-12-12T06:06:23.766+0000] {taskinstance.py:352} INFO - Marking task as SUCCESS. dag_id=parallel_new_price_with_group, task_id=load_price_to_db, run_id=manual__2024-12-12T06:05:33.443603+00:00, execution_date=20241212T060533, start_date=20241212T060623, end_date=20241212T060623
[2024-12-12T06:06:23.787+0000] {local_task_job_runner.py:266} INFO - Task exited with return code 0
[2024-12-12T06:06:23.816+0000] {taskinstance.py:3895} INFO - 0 downstream tasks scheduled from follow-on schedule check
[2024-12-12T06:06:23.820+0000] {local_task_job_runner.py:245} INFO - ::endgroup::
