[2024-12-08T13:58:41.712+0000] {local_task_job_runner.py:123} INFO - ::group::Pre task execution logs
[2024-12-08T13:58:42.529+0000] {taskinstance.py:2613} INFO - Dependencies all met for dep_context=non-requeueable deps ti=<TaskInstance: parallel_historical_price_with_group.load_csv_to_db manual__2024-12-08T13:57:44.750592+00:00 [queued]>
[2024-12-08T13:58:42.607+0000] {taskinstance.py:2613} INFO - Dependencies all met for dep_context=requeueable deps ti=<TaskInstance: parallel_historical_price_with_group.load_csv_to_db manual__2024-12-08T13:57:44.750592+00:00 [queued]>
[2024-12-08T13:58:42.608+0000] {taskinstance.py:2866} INFO - Starting attempt 1 of 1
[2024-12-08T13:58:42.750+0000] {taskinstance.py:2889} INFO - Executing <Task(PostgresOperator): load_csv_to_db> on 2024-12-08 13:57:44.750592+00:00
[2024-12-08T13:58:42.792+0000] {logging_mixin.py:190} WARNING - /usr/local/lib/python3.12/site-packages/airflow/task/task_runner/standard_task_runner.py:70 DeprecationWarning: This process (pid=3164) is multi-threaded, use of fork() may lead to deadlocks in the child.
[2024-12-08T13:58:42.796+0000] {standard_task_runner.py:72} INFO - Started process 3207 to run task
[2024-12-08T13:58:42.819+0000] {standard_task_runner.py:104} INFO - Running: ['airflow', 'tasks', 'run', 'parallel_historical_price_with_group', 'load_csv_to_db', 'manual__2024-12-08T13:57:44.750592+00:00', '--job-id', '147', '--raw', '--subdir', 'DAGS_FOLDER/Extract_history_price_data.py', '--cfg-path', '/tmp/tmpro_o33oc']
[2024-12-08T13:58:42.835+0000] {standard_task_runner.py:105} INFO - Job 147: Subtask load_csv_to_db
[2024-12-08T13:58:44.035+0000] {task_command.py:467} INFO - Running <TaskInstance: parallel_historical_price_with_group.load_csv_to_db manual__2024-12-08T13:57:44.750592+00:00 [running]> on host 80c3b7e46742
[2024-12-08T13:58:46.343+0000] {taskinstance.py:3132} INFO - Exporting env vars: AIRFLOW_CTX_DAG_OWNER='airflowDWH' AIRFLOW_CTX_DAG_ID='parallel_historical_price_with_group' AIRFLOW_CTX_TASK_ID='load_csv_to_db' AIRFLOW_CTX_EXECUTION_DATE='2024-12-08T13:57:44.750592+00:00' AIRFLOW_CTX_TRY_NUMBER='1' AIRFLOW_CTX_DAG_RUN_ID='manual__2024-12-08T13:57:44.750592+00:00'
[2024-12-08T13:58:46.356+0000] {taskinstance.py:731} INFO - ::endgroup::
[2024-12-08T13:58:46.583+0000] {sql.py:278} INFO - Executing: 
            COPY lichsugia
            FROM '/opt/Tasks/HistoricalData/TotalHisPrice.csv'
            DELIMITER ','
            CSV HEADER;
        
[2024-12-08T13:58:46.683+0000] {base.py:84} INFO - Retrieving connection 'load_to_staging'
[2024-12-08T13:58:46.827+0000] {base.py:84} INFO - Retrieving connection 'load_to_staging'
[2024-12-08T13:59:07.325+0000] {job.py:229} INFO - Heartbeat recovered after 27.08 seconds
[2024-12-08T13:59:16.339+0000] {local_task_job_runner.py:346} WARNING - State of this instance has been externally set to failed. Terminating instance.
[2024-12-08T13:59:16.495+0000] {local_task_job_runner.py:245} INFO - ::endgroup::
[2024-12-08T13:59:16.544+0000] {process_utils.py:132} INFO - Sending 15 to group 3207. PIDs of all processes in the group: [3207]
[2024-12-08T13:59:16.548+0000] {process_utils.py:87} INFO - Sending the signal 15 to group 3207
[2024-12-08T13:59:16.871+0000] {taskinstance.py:3093} ERROR - Received SIGTERM. Terminating subprocesses.
[2024-12-08T13:59:20.260+0000] {taskinstance.py:340} INFO - ::group::Post task execution logs
[2024-12-08T13:59:20.803+0000] {process_utils.py:80} INFO - Process psutil.Process(pid=3207, status='terminated', exitcode=0, started='13:58:42') (3207) terminated with exit code 0
