[2024-12-09T10:10:15.420+0000] {local_task_job_runner.py:123} INFO - ::group::Pre task execution logs
[2024-12-09T10:10:15.469+0000] {taskinstance.py:2613} INFO - Dependencies all met for dep_context=non-requeueable deps ti=<TaskInstance: parallel_historycal_financial_reports.financial_reports.run_main_report_1 manual__2024-12-09T10:10:10.211282+00:00 [queued]>
[2024-12-09T10:10:15.488+0000] {taskinstance.py:2613} INFO - Dependencies all met for dep_context=requeueable deps ti=<TaskInstance: parallel_historycal_financial_reports.financial_reports.run_main_report_1 manual__2024-12-09T10:10:10.211282+00:00 [queued]>
[2024-12-09T10:10:15.489+0000] {taskinstance.py:2866} INFO - Starting attempt 1 of 1
[2024-12-09T10:10:15.514+0000] {taskinstance.py:2889} INFO - Executing <Task(PythonOperator): financial_reports.run_main_report_1> on 2024-12-09 10:10:10.211282+00:00
[2024-12-09T10:10:15.528+0000] {logging_mixin.py:190} WARNING - /usr/local/lib/python3.12/site-packages/airflow/task/task_runner/standard_task_runner.py:70 DeprecationWarning: This process (pid=754) is multi-threaded, use of fork() may lead to deadlocks in the child.
[2024-12-09T10:10:15.529+0000] {standard_task_runner.py:72} INFO - Started process 757 to run task
[2024-12-09T10:10:15.529+0000] {standard_task_runner.py:104} INFO - Running: ['airflow', 'tasks', 'run', 'parallel_historycal_financial_reports', 'financial_reports.run_main_report_1', 'manual__2024-12-09T10:10:10.211282+00:00', '--job-id', '205', '--raw', '--subdir', 'DAGS_FOLDER/Extract_history_financial_data.py', '--cfg-path', '/tmp/tmp2lpc5ra5']
[2024-12-09T10:10:15.532+0000] {standard_task_runner.py:105} INFO - Job 205: Subtask financial_reports.run_main_report_1
[2024-12-09T10:10:15.678+0000] {task_command.py:467} INFO - Running <TaskInstance: parallel_historycal_financial_reports.financial_reports.run_main_report_1 manual__2024-12-09T10:10:10.211282+00:00 [running]> on host 1ce88e57b286
[2024-12-09T10:10:15.992+0000] {taskinstance.py:3132} INFO - Exporting env vars: AIRFLOW_CTX_DAG_OWNER='airflowDWH' AIRFLOW_CTX_DAG_ID='parallel_historycal_financial_reports' AIRFLOW_CTX_TASK_ID='financial_reports.run_main_report_1' AIRFLOW_CTX_EXECUTION_DATE='2024-12-09T10:10:10.211282+00:00' AIRFLOW_CTX_TRY_NUMBER='1' AIRFLOW_CTX_DAG_RUN_ID='manual__2024-12-09T10:10:10.211282+00:00'
[2024-12-09T10:10:15.996+0000] {taskinstance.py:731} INFO - ::endgroup::
[2024-12-09T10:13:57.978+0000] {logging_mixin.py:190} INFO - Dữ liệu Kết Quả Kinh Doanh cho mã AGG thiếu từ các năm: 2017.
[2024-12-09T10:14:10.638+0000] {logging_mixin.py:190} INFO - Dữ liệu Lưu Chuyển Tiền Tệ cho mã AGG thiếu từ các năm: 2017.
[2024-12-09T10:14:41.068+0000] {logging_mixin.py:190} INFO - Dữ liệu Cân Đối Kế Toán cho mã AGG thiếu từ các năm: 2017.
[2024-12-09T10:14:41.070+0000] {logging_mixin.py:190} INFO - Mã AGG đã được xử lý
[2024-12-09T10:16:41.015+0000] {logging_mixin.py:190} INFO - Mã LEC đã được xử lý
[2024-12-09T10:17:42.503+0000] {local_task_job_runner.py:346} WARNING - State of this instance has been externally set to success. Terminating instance.
[2024-12-09T10:17:42.601+0000] {local_task_job_runner.py:245} INFO - ::endgroup::
[2024-12-09T10:17:42.643+0000] {process_utils.py:132} INFO - Sending 15 to group 757. PIDs of all processes in the group: [757]
[2024-12-09T10:17:42.649+0000] {process_utils.py:87} INFO - Sending the signal 15 to group 757
[2024-12-09T10:17:42.658+0000] {taskinstance.py:3093} ERROR - Received SIGTERM. Terminating subprocesses.
[2024-12-09T10:17:43.117+0000] {taskinstance.py:340} INFO - ::group::Post task execution logs
[2024-12-09T10:17:43.188+0000] {process_utils.py:80} INFO - Process psutil.Process(pid=757, status='terminated', exitcode=0, started='10:10:14') (757) terminated with exit code 0
