[2024-12-12T05:55:39.021+0000] {local_task_job_runner.py:123} INFO - ::group::Pre task execution logs
[2024-12-12T05:55:39.123+0000] {taskinstance.py:2613} INFO - Dependencies all met for dep_context=non-requeueable deps ti=<TaskInstance: parallel_new_price_with_group.process_groups.process_group_3 manual__2024-12-12T05:55:32.191689+00:00 [queued]>
[2024-12-12T05:55:39.141+0000] {taskinstance.py:2613} INFO - Dependencies all met for dep_context=requeueable deps ti=<TaskInstance: parallel_new_price_with_group.process_groups.process_group_3 manual__2024-12-12T05:55:32.191689+00:00 [queued]>
[2024-12-12T05:55:39.141+0000] {taskinstance.py:2866} INFO - Starting attempt 1 of 2
[2024-12-12T05:55:39.183+0000] {taskinstance.py:2889} INFO - Executing <Task(PythonOperator): process_groups.process_group_3> on 2024-12-12 05:55:32.191689+00:00
[2024-12-12T05:55:39.215+0000] {logging_mixin.py:190} WARNING - /usr/local/lib/python3.12/site-packages/airflow/task/task_runner/standard_task_runner.py:70 DeprecationWarning: This process (pid=7734) is multi-threaded, use of fork() may lead to deadlocks in the child.
[2024-12-12T05:55:39.220+0000] {standard_task_runner.py:72} INFO - Started process 7754 to run task
[2024-12-12T05:55:39.273+0000] {standard_task_runner.py:104} INFO - Running: ['airflow', 'tasks', 'run', 'parallel_new_price_with_group', 'process_groups.process_group_3', 'manual__2024-12-12T05:55:32.191689+00:00', '--job-id', '291', '--raw', '--subdir', 'DAGS_FOLDER/Extract_new_price_data.py', '--cfg-path', '/tmp/tmp2bg05wdf']
[2024-12-12T05:55:39.316+0000] {standard_task_runner.py:105} INFO - Job 291: Subtask process_groups.process_group_3
[2024-12-12T05:55:39.806+0000] {task_command.py:467} INFO - Running <TaskInstance: parallel_new_price_with_group.process_groups.process_group_3 manual__2024-12-12T05:55:32.191689+00:00 [running]> on host b97e805017e1
[2024-12-12T05:55:41.520+0000] {taskinstance.py:3132} INFO - Exporting env vars: AIRFLOW_CTX_DAG_OWNER='airflowDWH' AIRFLOW_CTX_DAG_ID='parallel_new_price_with_group' AIRFLOW_CTX_TASK_ID='process_groups.process_group_3' AIRFLOW_CTX_EXECUTION_DATE='2024-12-12T05:55:32.191689+00:00' AIRFLOW_CTX_TRY_NUMBER='1' AIRFLOW_CTX_DAG_RUN_ID='manual__2024-12-12T05:55:32.191689+00:00'
[2024-12-12T05:55:41.543+0000] {taskinstance.py:731} INFO - ::endgroup::
[2024-12-12T05:55:45.182+0000] {data_explorer.py:64} WARNING - Thông tin niêm yết & giao dịch sẽ được truy xuất từ TCBS
[2024-12-12T05:55:46.158+0000] {data_explorer.py:64} WARNING - Thông tin niêm yết & giao dịch sẽ được truy xuất từ TCBS
[2024-12-12T05:55:47.063+0000] {data_explorer.py:64} WARNING - Thông tin niêm yết & giao dịch sẽ được truy xuất từ TCBS
[2024-12-12T05:55:48.149+0000] {data_explorer.py:64} WARNING - Thông tin niêm yết & giao dịch sẽ được truy xuất từ TCBS
[2024-12-12T05:55:48.370+0000] {logging_mixin.py:190} INFO - Mã cổ phiếu TBR hiện bị dừng giao dịch
[2024-12-12T05:55:49.029+0000] {data_explorer.py:64} WARNING - Thông tin niêm yết & giao dịch sẽ được truy xuất từ TCBS
[2024-12-12T05:55:50.064+0000] {data_explorer.py:64} WARNING - Thông tin niêm yết & giao dịch sẽ được truy xuất từ TCBS
[2024-12-12T05:55:51.141+0000] {data_explorer.py:64} WARNING - Thông tin niêm yết & giao dịch sẽ được truy xuất từ TCBS
[2024-12-12T05:55:52.424+0000] {data_explorer.py:64} WARNING - Thông tin niêm yết & giao dịch sẽ được truy xuất từ TCBS
[2024-12-12T05:55:53.652+0000] {data_explorer.py:64} WARNING - Thông tin niêm yết & giao dịch sẽ được truy xuất từ TCBS
[2024-12-12T05:55:53.963+0000] {logging_mixin.py:190} INFO - Mã cổ phiếu LMH hiện bị dừng giao dịch
[2024-12-12T05:55:55.153+0000] {data_explorer.py:64} WARNING - Thông tin niêm yết & giao dịch sẽ được truy xuất từ TCBS
[2024-12-12T05:55:56.651+0000] {data_explorer.py:64} WARNING - Thông tin niêm yết & giao dịch sẽ được truy xuất từ TCBS
[2024-12-12T05:55:57.949+0000] {data_explorer.py:64} WARNING - Thông tin niêm yết & giao dịch sẽ được truy xuất từ TCBS
[2024-12-12T05:55:59.205+0000] {data_explorer.py:64} WARNING - Thông tin niêm yết & giao dịch sẽ được truy xuất từ TCBS
[2024-12-12T05:55:59.693+0000] {logging_mixin.py:190} INFO - Mã cổ phiếu PVR hiện bị dừng giao dịch
[2024-12-12T05:56:00.358+0000] {data_explorer.py:64} WARNING - Thông tin niêm yết & giao dịch sẽ được truy xuất từ TCBS
[2024-12-12T05:56:01.242+0000] {data_explorer.py:64} WARNING - Thông tin niêm yết & giao dịch sẽ được truy xuất từ TCBS
[2024-12-12T05:56:03.126+0000] {data_explorer.py:64} WARNING - Thông tin niêm yết & giao dịch sẽ được truy xuất từ TCBS
[2024-12-12T05:56:03.827+0000] {data_explorer.py:64} WARNING - Thông tin niêm yết & giao dịch sẽ được truy xuất từ TCBS
[2024-12-12T05:56:04.042+0000] {logging_mixin.py:190} INFO - Mã cổ phiếu PXC hiện bị dừng giao dịch
[2024-12-12T05:56:04.791+0000] {data_explorer.py:64} WARNING - Thông tin niêm yết & giao dịch sẽ được truy xuất từ TCBS
[2024-12-12T05:56:05.934+0000] {data_explorer.py:64} WARNING - Thông tin niêm yết & giao dịch sẽ được truy xuất từ TCBS
[2024-12-12T05:56:06.248+0000] {logging_mixin.py:190} INFO - Mã cổ phiếu SZG hiện bị dừng giao dịch
[2024-12-12T05:56:07.373+0000] {data_explorer.py:64} WARNING - Thông tin niêm yết & giao dịch sẽ được truy xuất từ TCBS
[2024-12-12T05:56:08.352+0000] {data_explorer.py:64} WARNING - Thông tin niêm yết & giao dịch sẽ được truy xuất từ TCBS
[2024-12-12T05:56:08.678+0000] {logging_mixin.py:190} INFO - Mã cổ phiếu STL hiện bị dừng giao dịch
[2024-12-12T05:56:09.480+0000] {data_explorer.py:64} WARNING - Thông tin niêm yết & giao dịch sẽ được truy xuất từ TCBS
[2024-12-12T05:56:10.618+0000] {data_explorer.py:64} WARNING - Thông tin niêm yết & giao dịch sẽ được truy xuất từ TCBS
[2024-12-12T05:56:11.675+0000] {data_explorer.py:64} WARNING - Thông tin niêm yết & giao dịch sẽ được truy xuất từ TCBS
[2024-12-12T05:56:12.396+0000] {data_explorer.py:64} WARNING - Thông tin niêm yết & giao dịch sẽ được truy xuất từ TCBS
[2024-12-12T05:56:13.437+0000] {data_explorer.py:64} WARNING - Thông tin niêm yết & giao dịch sẽ được truy xuất từ TCBS
[2024-12-12T05:56:13.686+0000] {python.py:240} INFO - Done. Returned value was: None
[2024-12-12T05:56:13.710+0000] {taskinstance.py:340} INFO - ::group::Post task execution logs
[2024-12-12T05:56:13.711+0000] {taskinstance.py:352} INFO - Marking task as SUCCESS. dag_id=parallel_new_price_with_group, task_id=process_groups.process_group_3, run_id=manual__2024-12-12T05:55:32.191689+00:00, execution_date=20241212T055532, start_date=20241212T055539, end_date=20241212T055613
[2024-12-12T05:56:13.777+0000] {local_task_job_runner.py:266} INFO - Task exited with return code 0
[2024-12-12T05:56:13.813+0000] {taskinstance.py:3895} INFO - 0 downstream tasks scheduled from follow-on schedule check
[2024-12-12T05:56:13.818+0000] {local_task_job_runner.py:245} INFO - ::endgroup::
