[2024-12-13T17:24:15.905+0000] {local_task_job_runner.py:123} INFO - ::group::Pre task execution logs
[2024-12-13T17:24:15.932+0000] {taskinstance.py:2613} INFO - Dependencies all met for dep_context=non-requeueable deps ti=<TaskInstance: load_company_info_to_staging_db.Staging_to_Datawarehouse manual__2024-12-13T17:24:09.293015+00:00 [queued]>
[2024-12-13T17:24:15.944+0000] {taskinstance.py:2613} INFO - Dependencies all met for dep_context=requeueable deps ti=<TaskInstance: load_company_info_to_staging_db.Staging_to_Datawarehouse manual__2024-12-13T17:24:09.293015+00:00 [queued]>
[2024-12-13T17:24:15.944+0000] {taskinstance.py:2866} INFO - Starting attempt 1 of 1
[2024-12-13T17:24:15.961+0000] {taskinstance.py:2889} INFO - Executing <Task(PythonOperator): Staging_to_Datawarehouse> on 2024-12-13 17:24:09.293015+00:00
[2024-12-13T17:24:15.970+0000] {logging_mixin.py:190} WARNING - /usr/local/lib/python3.12/site-packages/airflow/task/task_runner/standard_task_runner.py:70 DeprecationWarning: This process (pid=3561) is multi-threaded, use of fork() may lead to deadlocks in the child.
[2024-12-13T17:24:15.972+0000] {standard_task_runner.py:72} INFO - Started process 3562 to run task
[2024-12-13T17:24:15.970+0000] {standard_task_runner.py:104} INFO - Running: ['airflow', 'tasks', 'run', 'load_company_info_to_staging_db', 'Staging_to_Datawarehouse', 'manual__2024-12-13T17:24:09.293015+00:00', '--job-id', '395', '--raw', '--subdir', 'DAGS_FOLDER/Load_company_info_to_staging.py', '--cfg-path', '/tmp/tmpat6x7x2q']
[2024-12-13T17:24:15.973+0000] {standard_task_runner.py:105} INFO - Job 395: Subtask Staging_to_Datawarehouse
[2024-12-13T17:24:16.052+0000] {task_command.py:467} INFO - Running <TaskInstance: load_company_info_to_staging_db.Staging_to_Datawarehouse manual__2024-12-13T17:24:09.293015+00:00 [running]> on host 2f7cc6f48508
[2024-12-13T17:24:16.175+0000] {taskinstance.py:3132} INFO - Exporting env vars: AIRFLOW_CTX_DAG_OWNER='airflowDWH' AIRFLOW_CTX_DAG_ID='load_company_info_to_staging_db' AIRFLOW_CTX_TASK_ID='Staging_to_Datawarehouse' AIRFLOW_CTX_EXECUTION_DATE='2024-12-13T17:24:09.293015+00:00' AIRFLOW_CTX_TRY_NUMBER='1' AIRFLOW_CTX_DAG_RUN_ID='manual__2024-12-13T17:24:09.293015+00:00'
[2024-12-13T17:24:16.177+0000] {taskinstance.py:731} INFO - ::endgroup::
[2024-12-13T17:24:16.209+0000] {base.py:84} INFO - Retrieving connection 'load_to_staging'
[2024-12-13T17:24:16.242+0000] {base.py:84} INFO - Retrieving connection 'load_to_dwh'
[2024-12-13T17:24:16.354+0000] {logging_mixin.py:190} INFO - ETL process completed successfully.
[2024-12-13T17:24:16.355+0000] {python.py:240} INFO - Done. Returned value was: None
[2024-12-13T17:24:16.375+0000] {taskinstance.py:340} INFO - ::group::Post task execution logs
[2024-12-13T17:24:16.376+0000] {taskinstance.py:352} INFO - Marking task as SUCCESS. dag_id=load_company_info_to_staging_db, task_id=Staging_to_Datawarehouse, run_id=manual__2024-12-13T17:24:09.293015+00:00, execution_date=20241213T172409, start_date=20241213T172415, end_date=20241213T172416
[2024-12-13T17:24:16.428+0000] {local_task_job_runner.py:266} INFO - Task exited with return code 0
[2024-12-13T17:24:16.458+0000] {taskinstance.py:3895} INFO - 0 downstream tasks scheduled from follow-on schedule check
[2024-12-13T17:24:16.461+0000] {local_task_job_runner.py:245} INFO - ::endgroup::
