[2024-12-16T13:00:04.770+0000] {local_task_job_runner.py:123} INFO - ::group::Pre task execution logs
[2024-12-16T13:00:04.807+0000] {taskinstance.py:2613} INFO - Dependencies all met for dep_context=non-requeueable deps ti=<TaskInstance: parallel_new_price_with_group.process_groups.process_group_1 scheduled__2024-12-13T13:00:00+00:00 [queued]>
[2024-12-16T13:00:04.825+0000] {taskinstance.py:2613} INFO - Dependencies all met for dep_context=requeueable deps ti=<TaskInstance: parallel_new_price_with_group.process_groups.process_group_1 scheduled__2024-12-13T13:00:00+00:00 [queued]>
[2024-12-16T13:00:04.825+0000] {taskinstance.py:2866} INFO - Starting attempt 1 of 4
[2024-12-16T13:00:04.853+0000] {taskinstance.py:2889} INFO - Executing <Task(PythonOperator): process_groups.process_group_1> on 2024-12-13 13:00:00+00:00
[2024-12-16T13:00:04.874+0000] {logging_mixin.py:190} WARNING - /usr/local/lib/python3.12/site-packages/airflow/task/task_runner/standard_task_runner.py:70 DeprecationWarning: This process (pid=13685) is multi-threaded, use of fork() may lead to deadlocks in the child.
[2024-12-16T13:00:04.875+0000] {standard_task_runner.py:72} INFO - Started process 13702 to run task
[2024-12-16T13:00:04.891+0000] {standard_task_runner.py:104} INFO - Running: ['airflow', 'tasks', 'run', 'parallel_new_price_with_group', 'process_groups.process_group_1', 'scheduled__2024-12-13T13:00:00+00:00', '--job-id', '429', '--raw', '--subdir', 'DAGS_FOLDER/Extract_new_price_data.py', '--cfg-path', '/tmp/tmpdfiuy8n0']
[2024-12-16T13:00:04.894+0000] {standard_task_runner.py:105} INFO - Job 429: Subtask process_groups.process_group_1
[2024-12-16T13:00:05.178+0000] {task_command.py:467} INFO - Running <TaskInstance: parallel_new_price_with_group.process_groups.process_group_1 scheduled__2024-12-13T13:00:00+00:00 [running]> on host 8e02006e0a25
[2024-12-16T13:00:05.782+0000] {taskinstance.py:3132} INFO - Exporting env vars: AIRFLOW_CTX_DAG_OWNER='airflowDWH' AIRFLOW_CTX_DAG_ID='parallel_new_price_with_group' AIRFLOW_CTX_TASK_ID='process_groups.process_group_1' AIRFLOW_CTX_EXECUTION_DATE='2024-12-13T13:00:00+00:00' AIRFLOW_CTX_TRY_NUMBER='1' AIRFLOW_CTX_DAG_RUN_ID='scheduled__2024-12-13T13:00:00+00:00'
[2024-12-16T13:00:05.783+0000] {taskinstance.py:731} INFO - ::endgroup::
[2024-12-16T13:00:08.378+0000] {data_explorer.py:64} WARNING - Thông tin niêm yết & giao dịch sẽ được truy xuất từ TCBS
[2024-12-16T13:00:09.435+0000] {data_explorer.py:64} WARNING - Thông tin niêm yết & giao dịch sẽ được truy xuất từ TCBS
[2024-12-16T13:00:10.418+0000] {data_explorer.py:64} WARNING - Thông tin niêm yết & giao dịch sẽ được truy xuất từ TCBS
[2024-12-16T13:00:13.358+0000] {data_explorer.py:64} WARNING - Thông tin niêm yết & giao dịch sẽ được truy xuất từ TCBS
[2024-12-16T13:00:14.208+0000] {data_explorer.py:64} WARNING - Thông tin niêm yết & giao dịch sẽ được truy xuất từ TCBS
[2024-12-16T13:00:15.033+0000] {data_explorer.py:64} WARNING - Thông tin niêm yết & giao dịch sẽ được truy xuất từ TCBS
[2024-12-16T13:00:15.887+0000] {data_explorer.py:64} WARNING - Thông tin niêm yết & giao dịch sẽ được truy xuất từ TCBS
[2024-12-16T13:00:16.175+0000] {logging_mixin.py:190} INFO - Mã cổ phiếu DCH hiện bị dừng giao dịch
[2024-12-16T13:00:16.886+0000] {data_explorer.py:64} WARNING - Thông tin niêm yết & giao dịch sẽ được truy xuất từ TCBS
[2024-12-16T13:00:17.101+0000] {logging_mixin.py:190} INFO - Mã cổ phiếu AMD hiện bị dừng giao dịch
[2024-12-16T13:00:17.671+0000] {data_explorer.py:64} WARNING - Thông tin niêm yết & giao dịch sẽ được truy xuất từ TCBS
[2024-12-16T13:00:17.890+0000] {logging_mixin.py:190} INFO - Mã cổ phiếu MH3 hiện bị dừng giao dịch
[2024-12-16T13:00:18.471+0000] {data_explorer.py:64} WARNING - Thông tin niêm yết & giao dịch sẽ được truy xuất từ TCBS
[2024-12-16T13:00:19.752+0000] {data_explorer.py:64} WARNING - Thông tin niêm yết & giao dịch sẽ được truy xuất từ TCBS
[2024-12-16T13:00:21.937+0000] {data_explorer.py:64} WARNING - Thông tin niêm yết & giao dịch sẽ được truy xuất từ TCBS
[2024-12-16T13:00:22.740+0000] {data_explorer.py:64} WARNING - Thông tin niêm yết & giao dịch sẽ được truy xuất từ TCBS
[2024-12-16T13:00:22.956+0000] {logging_mixin.py:190} INFO - Mã cổ phiếu KAC hiện bị dừng giao dịch
[2024-12-16T13:00:24.288+0000] {data_explorer.py:64} WARNING - Thông tin niêm yết & giao dịch sẽ được truy xuất từ TCBS
[2024-12-16T13:00:25.362+0000] {data_explorer.py:64} WARNING - Thông tin niêm yết & giao dịch sẽ được truy xuất từ TCBS
[2024-12-16T13:00:26.262+0000] {data_explorer.py:64} WARNING - Thông tin niêm yết & giao dịch sẽ được truy xuất từ TCBS
[2024-12-16T13:00:27.183+0000] {data_explorer.py:64} WARNING - Thông tin niêm yết & giao dịch sẽ được truy xuất từ TCBS
[2024-12-16T13:00:27.988+0000] {data_explorer.py:64} WARNING - Thông tin niêm yết & giao dịch sẽ được truy xuất từ TCBS
[2024-12-16T13:00:28.181+0000] {logging_mixin.py:190} INFO - Mã cổ phiếu BSC hiện bị dừng giao dịch
[2024-12-16T13:00:28.754+0000] {data_explorer.py:64} WARNING - Thông tin niêm yết & giao dịch sẽ được truy xuất từ TCBS
[2024-12-16T13:00:30.449+0000] {data_explorer.py:64} WARNING - Thông tin niêm yết & giao dịch sẽ được truy xuất từ TCBS
[2024-12-16T13:00:31.494+0000] {data_explorer.py:64} WARNING - Thông tin niêm yết & giao dịch sẽ được truy xuất từ TCBS
[2024-12-16T13:00:32.346+0000] {data_explorer.py:64} WARNING - Thông tin niêm yết & giao dịch sẽ được truy xuất từ TCBS
[2024-12-16T13:00:33.104+0000] {data_explorer.py:64} WARNING - Thông tin niêm yết & giao dịch sẽ được truy xuất từ TCBS
[2024-12-16T13:00:33.956+0000] {data_explorer.py:64} WARNING - Thông tin niêm yết & giao dịch sẽ được truy xuất từ TCBS
[2024-12-16T13:00:34.816+0000] {data_explorer.py:64} WARNING - Thông tin niêm yết & giao dịch sẽ được truy xuất từ TCBS
[2024-12-16T13:00:35.010+0000] {logging_mixin.py:190} INFO - Mã cổ phiếu ITA hiện bị dừng giao dịch
[2024-12-16T13:00:35.462+0000] {data_explorer.py:64} WARNING - Thông tin niêm yết & giao dịch sẽ được truy xuất từ TCBS
[2024-12-16T13:00:35.697+0000] {python.py:240} INFO - Done. Returned value was: None
[2024-12-16T13:00:35.722+0000] {taskinstance.py:340} INFO - ::group::Post task execution logs
[2024-12-16T13:00:35.722+0000] {taskinstance.py:352} INFO - Marking task as SUCCESS. dag_id=parallel_new_price_with_group, task_id=process_groups.process_group_1, run_id=scheduled__2024-12-13T13:00:00+00:00, execution_date=20241213T130000, start_date=20241216T130004, end_date=20241216T130035
[2024-12-16T13:00:35.785+0000] {local_task_job_runner.py:266} INFO - Task exited with return code 0
[2024-12-16T13:00:35.826+0000] {taskinstance.py:3895} INFO - 1 downstream tasks scheduled from follow-on schedule check
[2024-12-16T13:00:35.830+0000] {local_task_job_runner.py:245} INFO - ::endgroup::
