[2024-12-08T17:32:59.692+0000] {local_task_job_runner.py:123} INFO - ::group::Pre task execution logs
[2024-12-08T17:32:59.721+0000] {taskinstance.py:2613} INFO - Dependencies all met for dep_context=non-requeueable deps ti=<TaskInstance: load_company_info_to_staging_db.load_company_info_to_db manual__2024-12-08T17:32:57.238674+00:00 [queued]>
[2024-12-08T17:32:59.734+0000] {taskinstance.py:2613} INFO - Dependencies all met for dep_context=requeueable deps ti=<TaskInstance: load_company_info_to_staging_db.load_company_info_to_db manual__2024-12-08T17:32:57.238674+00:00 [queued]>
[2024-12-08T17:32:59.734+0000] {taskinstance.py:2866} INFO - Starting attempt 1 of 1
[2024-12-08T17:32:59.750+0000] {taskinstance.py:2889} INFO - Executing <Task(PythonOperator): load_company_info_to_db> on 2024-12-08 17:32:57.238674+00:00
[2024-12-08T17:32:59.760+0000] {standard_task_runner.py:104} INFO - Running: ['airflow', 'tasks', 'run', 'load_company_info_to_staging_db', 'load_company_info_to_db', 'manual__2024-12-08T17:32:57.238674+00:00', '--job-id', '191', '--raw', '--subdir', 'DAGS_FOLDER/Load_company_info_to_staging.py', '--cfg-path', '/tmp/tmpis15m102']
[2024-12-08T17:32:59.762+0000] {standard_task_runner.py:105} INFO - Job 191: Subtask load_company_info_to_db
[2024-12-08T17:32:59.768+0000] {logging_mixin.py:190} WARNING - /usr/local/lib/python3.12/site-packages/airflow/task/task_runner/standard_task_runner.py:70 DeprecationWarning: This process (pid=6953) is multi-threaded, use of fork() may lead to deadlocks in the child.
[2024-12-08T17:32:59.769+0000] {standard_task_runner.py:72} INFO - Started process 6954 to run task
[2024-12-08T17:32:59.843+0000] {task_command.py:467} INFO - Running <TaskInstance: load_company_info_to_staging_db.load_company_info_to_db manual__2024-12-08T17:32:57.238674+00:00 [running]> on host a15ab3c9c934
[2024-12-08T17:32:59.984+0000] {taskinstance.py:3132} INFO - Exporting env vars: AIRFLOW_CTX_DAG_OWNER='airflowDWH' AIRFLOW_CTX_DAG_ID='load_company_info_to_staging_db' AIRFLOW_CTX_TASK_ID='load_company_info_to_db' AIRFLOW_CTX_EXECUTION_DATE='2024-12-08T17:32:57.238674+00:00' AIRFLOW_CTX_TRY_NUMBER='1' AIRFLOW_CTX_DAG_RUN_ID='manual__2024-12-08T17:32:57.238674+00:00'
[2024-12-08T17:32:59.985+0000] {taskinstance.py:731} INFO - ::endgroup::
[2024-12-08T17:33:00.023+0000] {base.py:84} INFO - Retrieving connection 'load_to_staging'
[2024-12-08T17:33:00.086+0000] {logging_mixin.py:190} INFO - Error during COPY operation: invalid input syntax for type integer: "3,904"
CONTEXT:  COPY hosocongty, line 19, column so_luong_nhan_vien: "3,904"
[2024-12-08T17:33:00.089+0000] {python.py:240} INFO - Done. Returned value was: None
[2024-12-08T17:33:00.110+0000] {taskinstance.py:340} INFO - ::group::Post task execution logs
[2024-12-08T17:33:00.110+0000] {taskinstance.py:352} INFO - Marking task as SUCCESS. dag_id=load_company_info_to_staging_db, task_id=load_company_info_to_db, run_id=manual__2024-12-08T17:32:57.238674+00:00, execution_date=20241208T173257, start_date=20241208T173259, end_date=20241208T173300
[2024-12-08T17:33:00.145+0000] {local_task_job_runner.py:266} INFO - Task exited with return code 0
[2024-12-08T17:33:00.174+0000] {taskinstance.py:3895} INFO - 0 downstream tasks scheduled from follow-on schedule check
[2024-12-08T17:33:00.176+0000] {local_task_job_runner.py:245} INFO - ::endgroup::
