[2024-12-15T04:22:02.026+0000] {processor.py:186} INFO - Started process (PID=196) to work on /opt/airflow/dags/Extract_new_price_data.py
[2024-12-15T04:22:02.029+0000] {processor.py:914} INFO - Processing file /opt/airflow/dags/Extract_new_price_data.py for tasks to queue
[2024-12-15T04:22:02.032+0000] {logging_mixin.py:190} INFO - [2024-12-15T04:22:02.032+0000] {dagbag.py:588} INFO - Filling up the DagBag from /opt/airflow/dags/Extract_new_price_data.py
[2024-12-15T04:22:05.010+0000] {processor.py:925} INFO - DAG(s) 'parallel_new_price_with_group' retrieved from /opt/airflow/dags/Extract_new_price_data.py
[2024-12-15T04:22:05.059+0000] {logging_mixin.py:190} INFO - [2024-12-15T04:22:05.058+0000] {dag.py:3239} INFO - Sync 1 DAGs
[2024-12-15T04:22:05.090+0000] {logging_mixin.py:190} INFO - [2024-12-15T04:22:05.090+0000] {dag.py:4180} INFO - Setting next_dagrun for parallel_new_price_with_group to 2024-12-13 13:00:00+00:00, run_after=2024-12-16 13:00:00+00:00
[2024-12-15T04:22:05.131+0000] {processor.py:208} INFO - Processing /opt/airflow/dags/Extract_new_price_data.py took 3.133 seconds
[2024-12-15T10:57:45.700+0000] {processor.py:186} INFO - Started process (PID=201) to work on /opt/airflow/dags/Extract_new_price_data.py
[2024-12-15T10:57:45.702+0000] {processor.py:914} INFO - Processing file /opt/airflow/dags/Extract_new_price_data.py for tasks to queue
[2024-12-15T10:57:45.715+0000] {logging_mixin.py:190} INFO - [2024-12-15T10:57:45.714+0000] {dagbag.py:588} INFO - Filling up the DagBag from /opt/airflow/dags/Extract_new_price_data.py
[2024-12-15T10:57:49.818+0000] {processor.py:925} INFO - DAG(s) 'parallel_new_price_with_group' retrieved from /opt/airflow/dags/Extract_new_price_data.py
[2024-12-15T10:57:49.905+0000] {logging_mixin.py:190} INFO - [2024-12-15T10:57:49.904+0000] {dag.py:3239} INFO - Sync 1 DAGs
[2024-12-15T10:57:49.957+0000] {logging_mixin.py:190} INFO - [2024-12-15T10:57:49.957+0000] {dag.py:4180} INFO - Setting next_dagrun for parallel_new_price_with_group to 2024-12-13 13:00:00+00:00, run_after=2024-12-16 13:00:00+00:00
[2024-12-15T10:57:50.006+0000] {processor.py:208} INFO - Processing /opt/airflow/dags/Extract_new_price_data.py took 4.316 seconds
[2024-12-15T10:58:20.343+0000] {processor.py:186} INFO - Started process (PID=250) to work on /opt/airflow/dags/Extract_new_price_data.py
[2024-12-15T10:58:20.346+0000] {processor.py:914} INFO - Processing file /opt/airflow/dags/Extract_new_price_data.py for tasks to queue
[2024-12-15T10:58:20.347+0000] {logging_mixin.py:190} INFO - [2024-12-15T10:58:20.347+0000] {dagbag.py:588} INFO - Filling up the DagBag from /opt/airflow/dags/Extract_new_price_data.py
[2024-12-15T10:58:21.474+0000] {processor.py:925} INFO - DAG(s) 'parallel_new_price_with_group' retrieved from /opt/airflow/dags/Extract_new_price_data.py
[2024-12-15T10:58:21.576+0000] {logging_mixin.py:190} INFO - [2024-12-15T10:58:21.575+0000] {dag.py:3239} INFO - Sync 1 DAGs
[2024-12-15T10:58:21.634+0000] {logging_mixin.py:190} INFO - [2024-12-15T10:58:21.633+0000] {dag.py:4180} INFO - Setting next_dagrun for parallel_new_price_with_group to 2024-12-13 13:00:00+00:00, run_after=2024-12-16 13:00:00+00:00
[2024-12-15T10:58:21.695+0000] {processor.py:208} INFO - Processing /opt/airflow/dags/Extract_new_price_data.py took 1.358 seconds
[2024-12-15T10:58:51.945+0000] {processor.py:186} INFO - Started process (PID=285) to work on /opt/airflow/dags/Extract_new_price_data.py
[2024-12-15T10:58:51.949+0000] {processor.py:914} INFO - Processing file /opt/airflow/dags/Extract_new_price_data.py for tasks to queue
[2024-12-15T10:58:51.952+0000] {logging_mixin.py:190} INFO - [2024-12-15T10:58:51.952+0000] {dagbag.py:588} INFO - Filling up the DagBag from /opt/airflow/dags/Extract_new_price_data.py
[2024-12-15T10:58:53.739+0000] {processor.py:925} INFO - DAG(s) 'parallel_new_price_with_group' retrieved from /opt/airflow/dags/Extract_new_price_data.py
[2024-12-15T10:58:53.799+0000] {logging_mixin.py:190} INFO - [2024-12-15T10:58:53.798+0000] {dag.py:3239} INFO - Sync 1 DAGs
[2024-12-15T10:58:53.845+0000] {logging_mixin.py:190} INFO - [2024-12-15T10:58:53.844+0000] {dag.py:4180} INFO - Setting next_dagrun for parallel_new_price_with_group to 2024-12-13 13:00:00+00:00, run_after=2024-12-16 13:00:00+00:00
[2024-12-15T10:58:53.888+0000] {processor.py:208} INFO - Processing /opt/airflow/dags/Extract_new_price_data.py took 1.953 seconds
[2024-12-15T10:59:24.482+0000] {processor.py:186} INFO - Started process (PID=320) to work on /opt/airflow/dags/Extract_new_price_data.py
[2024-12-15T10:59:24.483+0000] {processor.py:914} INFO - Processing file /opt/airflow/dags/Extract_new_price_data.py for tasks to queue
[2024-12-15T10:59:24.485+0000] {logging_mixin.py:190} INFO - [2024-12-15T10:59:24.485+0000] {dagbag.py:588} INFO - Filling up the DagBag from /opt/airflow/dags/Extract_new_price_data.py
[2024-12-15T10:59:26.014+0000] {processor.py:925} INFO - DAG(s) 'parallel_new_price_with_group' retrieved from /opt/airflow/dags/Extract_new_price_data.py
[2024-12-15T10:59:26.080+0000] {logging_mixin.py:190} INFO - [2024-12-15T10:59:26.079+0000] {dag.py:3239} INFO - Sync 1 DAGs
[2024-12-15T10:59:26.114+0000] {logging_mixin.py:190} INFO - [2024-12-15T10:59:26.113+0000] {dag.py:4180} INFO - Setting next_dagrun for parallel_new_price_with_group to 2024-12-13 13:00:00+00:00, run_after=2024-12-16 13:00:00+00:00
[2024-12-15T10:59:26.153+0000] {processor.py:208} INFO - Processing /opt/airflow/dags/Extract_new_price_data.py took 1.679 seconds
[2024-12-15T10:59:56.457+0000] {processor.py:186} INFO - Started process (PID=355) to work on /opt/airflow/dags/Extract_new_price_data.py
[2024-12-15T10:59:56.460+0000] {processor.py:914} INFO - Processing file /opt/airflow/dags/Extract_new_price_data.py for tasks to queue
[2024-12-15T10:59:56.461+0000] {logging_mixin.py:190} INFO - [2024-12-15T10:59:56.461+0000] {dagbag.py:588} INFO - Filling up the DagBag from /opt/airflow/dags/Extract_new_price_data.py
[2024-12-15T10:59:57.668+0000] {processor.py:925} INFO - DAG(s) 'parallel_new_price_with_group' retrieved from /opt/airflow/dags/Extract_new_price_data.py
[2024-12-15T10:59:57.765+0000] {logging_mixin.py:190} INFO - [2024-12-15T10:59:57.765+0000] {dag.py:3239} INFO - Sync 1 DAGs
[2024-12-15T10:59:57.823+0000] {logging_mixin.py:190} INFO - [2024-12-15T10:59:57.823+0000] {dag.py:4180} INFO - Setting next_dagrun for parallel_new_price_with_group to 2024-12-13 13:00:00+00:00, run_after=2024-12-16 13:00:00+00:00
[2024-12-15T10:59:57.866+0000] {processor.py:208} INFO - Processing /opt/airflow/dags/Extract_new_price_data.py took 1.414 seconds
[2024-12-15T11:00:28.346+0000] {processor.py:186} INFO - Started process (PID=394) to work on /opt/airflow/dags/Extract_new_price_data.py
[2024-12-15T11:00:28.357+0000] {processor.py:914} INFO - Processing file /opt/airflow/dags/Extract_new_price_data.py for tasks to queue
[2024-12-15T11:00:28.365+0000] {logging_mixin.py:190} INFO - [2024-12-15T11:00:28.365+0000] {dagbag.py:588} INFO - Filling up the DagBag from /opt/airflow/dags/Extract_new_price_data.py
[2024-12-15T11:00:30.215+0000] {processor.py:925} INFO - DAG(s) 'parallel_new_price_with_group' retrieved from /opt/airflow/dags/Extract_new_price_data.py
[2024-12-15T11:00:30.273+0000] {logging_mixin.py:190} INFO - [2024-12-15T11:00:30.272+0000] {dag.py:3239} INFO - Sync 1 DAGs
[2024-12-15T11:00:30.311+0000] {logging_mixin.py:190} INFO - [2024-12-15T11:00:30.311+0000] {dag.py:4180} INFO - Setting next_dagrun for parallel_new_price_with_group to 2024-12-13 13:00:00+00:00, run_after=2024-12-16 13:00:00+00:00
[2024-12-15T11:00:30.347+0000] {processor.py:208} INFO - Processing /opt/airflow/dags/Extract_new_price_data.py took 2.019 seconds
[2024-12-15T11:01:00.392+0000] {processor.py:186} INFO - Started process (PID=431) to work on /opt/airflow/dags/Extract_new_price_data.py
[2024-12-15T11:01:00.393+0000] {processor.py:914} INFO - Processing file /opt/airflow/dags/Extract_new_price_data.py for tasks to queue
[2024-12-15T11:01:00.395+0000] {logging_mixin.py:190} INFO - [2024-12-15T11:01:00.395+0000] {dagbag.py:588} INFO - Filling up the DagBag from /opt/airflow/dags/Extract_new_price_data.py
[2024-12-15T11:01:01.449+0000] {processor.py:925} INFO - DAG(s) 'parallel_new_price_with_group' retrieved from /opt/airflow/dags/Extract_new_price_data.py
[2024-12-15T11:01:01.522+0000] {logging_mixin.py:190} INFO - [2024-12-15T11:01:01.522+0000] {dag.py:3239} INFO - Sync 1 DAGs
[2024-12-15T11:01:01.550+0000] {logging_mixin.py:190} INFO - [2024-12-15T11:01:01.550+0000] {dag.py:4180} INFO - Setting next_dagrun for parallel_new_price_with_group to 2024-12-13 13:00:00+00:00, run_after=2024-12-16 13:00:00+00:00
[2024-12-15T11:01:01.591+0000] {processor.py:208} INFO - Processing /opt/airflow/dags/Extract_new_price_data.py took 1.204 seconds
[2024-12-15T11:01:32.217+0000] {processor.py:186} INFO - Started process (PID=466) to work on /opt/airflow/dags/Extract_new_price_data.py
[2024-12-15T11:01:32.219+0000] {processor.py:914} INFO - Processing file /opt/airflow/dags/Extract_new_price_data.py for tasks to queue
[2024-12-15T11:01:32.223+0000] {logging_mixin.py:190} INFO - [2024-12-15T11:01:32.222+0000] {dagbag.py:588} INFO - Filling up the DagBag from /opt/airflow/dags/Extract_new_price_data.py
[2024-12-15T11:01:33.504+0000] {processor.py:925} INFO - DAG(s) 'parallel_new_price_with_group' retrieved from /opt/airflow/dags/Extract_new_price_data.py
[2024-12-15T11:01:33.564+0000] {logging_mixin.py:190} INFO - [2024-12-15T11:01:33.563+0000] {dag.py:3239} INFO - Sync 1 DAGs
[2024-12-15T11:01:33.593+0000] {logging_mixin.py:190} INFO - [2024-12-15T11:01:33.592+0000] {dag.py:4180} INFO - Setting next_dagrun for parallel_new_price_with_group to 2024-12-13 13:00:00+00:00, run_after=2024-12-16 13:00:00+00:00
[2024-12-15T11:01:33.630+0000] {processor.py:208} INFO - Processing /opt/airflow/dags/Extract_new_price_data.py took 1.421 seconds
[2024-12-15T11:02:03.929+0000] {processor.py:186} INFO - Started process (PID=501) to work on /opt/airflow/dags/Extract_new_price_data.py
[2024-12-15T11:02:03.932+0000] {processor.py:914} INFO - Processing file /opt/airflow/dags/Extract_new_price_data.py for tasks to queue
[2024-12-15T11:02:03.934+0000] {logging_mixin.py:190} INFO - [2024-12-15T11:02:03.934+0000] {dagbag.py:588} INFO - Filling up the DagBag from /opt/airflow/dags/Extract_new_price_data.py
[2024-12-15T11:02:05.302+0000] {processor.py:925} INFO - DAG(s) 'parallel_new_price_with_group' retrieved from /opt/airflow/dags/Extract_new_price_data.py
[2024-12-15T11:02:05.383+0000] {logging_mixin.py:190} INFO - [2024-12-15T11:02:05.382+0000] {dag.py:3239} INFO - Sync 1 DAGs
[2024-12-15T11:02:05.424+0000] {logging_mixin.py:190} INFO - [2024-12-15T11:02:05.423+0000] {dag.py:4180} INFO - Setting next_dagrun for parallel_new_price_with_group to 2024-12-13 13:00:00+00:00, run_after=2024-12-16 13:00:00+00:00
[2024-12-15T11:02:05.466+0000] {processor.py:208} INFO - Processing /opt/airflow/dags/Extract_new_price_data.py took 1.544 seconds
[2024-12-15T11:02:35.583+0000] {processor.py:186} INFO - Started process (PID=537) to work on /opt/airflow/dags/Extract_new_price_data.py
[2024-12-15T11:02:35.585+0000] {processor.py:914} INFO - Processing file /opt/airflow/dags/Extract_new_price_data.py for tasks to queue
[2024-12-15T11:02:35.589+0000] {logging_mixin.py:190} INFO - [2024-12-15T11:02:35.589+0000] {dagbag.py:588} INFO - Filling up the DagBag from /opt/airflow/dags/Extract_new_price_data.py
[2024-12-15T11:02:36.666+0000] {processor.py:925} INFO - DAG(s) 'parallel_new_price_with_group' retrieved from /opt/airflow/dags/Extract_new_price_data.py
[2024-12-15T11:02:36.737+0000] {logging_mixin.py:190} INFO - [2024-12-15T11:02:36.736+0000] {dag.py:3239} INFO - Sync 1 DAGs
[2024-12-15T11:02:36.771+0000] {logging_mixin.py:190} INFO - [2024-12-15T11:02:36.771+0000] {dag.py:4180} INFO - Setting next_dagrun for parallel_new_price_with_group to 2024-12-13 13:00:00+00:00, run_after=2024-12-16 13:00:00+00:00
[2024-12-15T11:02:36.810+0000] {processor.py:208} INFO - Processing /opt/airflow/dags/Extract_new_price_data.py took 1.232 seconds
[2024-12-15T11:03:06.886+0000] {processor.py:186} INFO - Started process (PID=573) to work on /opt/airflow/dags/Extract_new_price_data.py
[2024-12-15T11:03:06.887+0000] {processor.py:914} INFO - Processing file /opt/airflow/dags/Extract_new_price_data.py for tasks to queue
[2024-12-15T11:03:06.890+0000] {logging_mixin.py:190} INFO - [2024-12-15T11:03:06.889+0000] {dagbag.py:588} INFO - Filling up the DagBag from /opt/airflow/dags/Extract_new_price_data.py
[2024-12-15T11:03:08.065+0000] {processor.py:925} INFO - DAG(s) 'parallel_new_price_with_group' retrieved from /opt/airflow/dags/Extract_new_price_data.py
[2024-12-15T11:03:08.125+0000] {logging_mixin.py:190} INFO - [2024-12-15T11:03:08.124+0000] {dag.py:3239} INFO - Sync 1 DAGs
[2024-12-15T11:03:08.154+0000] {logging_mixin.py:190} INFO - [2024-12-15T11:03:08.154+0000] {dag.py:4180} INFO - Setting next_dagrun for parallel_new_price_with_group to 2024-12-13 13:00:00+00:00, run_after=2024-12-16 13:00:00+00:00
[2024-12-15T11:03:08.195+0000] {processor.py:208} INFO - Processing /opt/airflow/dags/Extract_new_price_data.py took 1.314 seconds
[2024-12-15T11:03:38.950+0000] {processor.py:186} INFO - Started process (PID=616) to work on /opt/airflow/dags/Extract_new_price_data.py
[2024-12-15T11:03:38.951+0000] {processor.py:914} INFO - Processing file /opt/airflow/dags/Extract_new_price_data.py for tasks to queue
[2024-12-15T11:03:38.955+0000] {logging_mixin.py:190} INFO - [2024-12-15T11:03:38.954+0000] {dagbag.py:588} INFO - Filling up the DagBag from /opt/airflow/dags/Extract_new_price_data.py
[2024-12-15T11:03:41.473+0000] {processor.py:925} INFO - DAG(s) 'parallel_new_price_with_group' retrieved from /opt/airflow/dags/Extract_new_price_data.py
[2024-12-15T11:03:41.641+0000] {logging_mixin.py:190} INFO - [2024-12-15T11:03:41.639+0000] {dag.py:3239} INFO - Sync 1 DAGs
[2024-12-15T11:03:41.708+0000] {logging_mixin.py:190} INFO - [2024-12-15T11:03:41.708+0000] {dag.py:4180} INFO - Setting next_dagrun for parallel_new_price_with_group to 2024-12-13 13:00:00+00:00, run_after=2024-12-16 13:00:00+00:00
[2024-12-15T11:03:41.770+0000] {processor.py:208} INFO - Processing /opt/airflow/dags/Extract_new_price_data.py took 2.831 seconds
[2024-12-15T11:04:12.552+0000] {processor.py:186} INFO - Started process (PID=651) to work on /opt/airflow/dags/Extract_new_price_data.py
[2024-12-15T11:04:12.555+0000] {processor.py:914} INFO - Processing file /opt/airflow/dags/Extract_new_price_data.py for tasks to queue
[2024-12-15T11:04:12.564+0000] {logging_mixin.py:190} INFO - [2024-12-15T11:04:12.563+0000] {dagbag.py:588} INFO - Filling up the DagBag from /opt/airflow/dags/Extract_new_price_data.py
[2024-12-15T11:04:14.538+0000] {processor.py:925} INFO - DAG(s) 'parallel_new_price_with_group' retrieved from /opt/airflow/dags/Extract_new_price_data.py
[2024-12-15T11:04:14.636+0000] {logging_mixin.py:190} INFO - [2024-12-15T11:04:14.635+0000] {dag.py:3239} INFO - Sync 1 DAGs
[2024-12-15T11:04:14.685+0000] {logging_mixin.py:190} INFO - [2024-12-15T11:04:14.684+0000] {dag.py:4180} INFO - Setting next_dagrun for parallel_new_price_with_group to 2024-12-13 13:00:00+00:00, run_after=2024-12-16 13:00:00+00:00
[2024-12-15T11:04:14.743+0000] {processor.py:208} INFO - Processing /opt/airflow/dags/Extract_new_price_data.py took 2.211 seconds
[2024-12-15T11:04:45.685+0000] {processor.py:186} INFO - Started process (PID=686) to work on /opt/airflow/dags/Extract_new_price_data.py
[2024-12-15T11:04:45.688+0000] {processor.py:914} INFO - Processing file /opt/airflow/dags/Extract_new_price_data.py for tasks to queue
[2024-12-15T11:04:45.703+0000] {logging_mixin.py:190} INFO - [2024-12-15T11:04:45.702+0000] {dagbag.py:588} INFO - Filling up the DagBag from /opt/airflow/dags/Extract_new_price_data.py
[2024-12-15T11:04:47.914+0000] {processor.py:925} INFO - DAG(s) 'parallel_new_price_with_group' retrieved from /opt/airflow/dags/Extract_new_price_data.py
[2024-12-15T11:04:48.032+0000] {logging_mixin.py:190} INFO - [2024-12-15T11:04:48.032+0000] {dag.py:3239} INFO - Sync 1 DAGs
[2024-12-15T11:04:48.084+0000] {logging_mixin.py:190} INFO - [2024-12-15T11:04:48.084+0000] {dag.py:4180} INFO - Setting next_dagrun for parallel_new_price_with_group to 2024-12-13 13:00:00+00:00, run_after=2024-12-16 13:00:00+00:00
[2024-12-15T11:04:48.132+0000] {processor.py:208} INFO - Processing /opt/airflow/dags/Extract_new_price_data.py took 2.464 seconds
[2024-12-15T11:05:18.604+0000] {processor.py:186} INFO - Started process (PID=721) to work on /opt/airflow/dags/Extract_new_price_data.py
[2024-12-15T11:05:18.605+0000] {processor.py:914} INFO - Processing file /opt/airflow/dags/Extract_new_price_data.py for tasks to queue
[2024-12-15T11:05:18.608+0000] {logging_mixin.py:190} INFO - [2024-12-15T11:05:18.607+0000] {dagbag.py:588} INFO - Filling up the DagBag from /opt/airflow/dags/Extract_new_price_data.py
[2024-12-15T11:05:20.430+0000] {processor.py:925} INFO - DAG(s) 'parallel_new_price_with_group' retrieved from /opt/airflow/dags/Extract_new_price_data.py
[2024-12-15T11:05:20.565+0000] {logging_mixin.py:190} INFO - [2024-12-15T11:05:20.564+0000] {dag.py:3239} INFO - Sync 1 DAGs
[2024-12-15T11:05:20.613+0000] {logging_mixin.py:190} INFO - [2024-12-15T11:05:20.613+0000] {dag.py:4180} INFO - Setting next_dagrun for parallel_new_price_with_group to 2024-12-13 13:00:00+00:00, run_after=2024-12-16 13:00:00+00:00
[2024-12-15T11:05:20.667+0000] {processor.py:208} INFO - Processing /opt/airflow/dags/Extract_new_price_data.py took 2.072 seconds
[2024-12-15T11:05:51.389+0000] {processor.py:186} INFO - Started process (PID=762) to work on /opt/airflow/dags/Extract_new_price_data.py
[2024-12-15T11:05:51.390+0000] {processor.py:914} INFO - Processing file /opt/airflow/dags/Extract_new_price_data.py for tasks to queue
[2024-12-15T11:05:51.394+0000] {logging_mixin.py:190} INFO - [2024-12-15T11:05:51.394+0000] {dagbag.py:588} INFO - Filling up the DagBag from /opt/airflow/dags/Extract_new_price_data.py
[2024-12-15T11:05:54.194+0000] {processor.py:925} INFO - DAG(s) 'parallel_new_price_with_group' retrieved from /opt/airflow/dags/Extract_new_price_data.py
[2024-12-15T11:05:54.314+0000] {logging_mixin.py:190} INFO - [2024-12-15T11:05:54.313+0000] {dag.py:3239} INFO - Sync 1 DAGs
[2024-12-15T11:05:54.365+0000] {logging_mixin.py:190} INFO - [2024-12-15T11:05:54.365+0000] {dag.py:4180} INFO - Setting next_dagrun for parallel_new_price_with_group to 2024-12-13 13:00:00+00:00, run_after=2024-12-16 13:00:00+00:00
[2024-12-15T11:05:54.444+0000] {processor.py:208} INFO - Processing /opt/airflow/dags/Extract_new_price_data.py took 3.063 seconds
[2024-12-15T11:06:25.056+0000] {processor.py:186} INFO - Started process (PID=796) to work on /opt/airflow/dags/Extract_new_price_data.py
[2024-12-15T11:06:25.058+0000] {processor.py:914} INFO - Processing file /opt/airflow/dags/Extract_new_price_data.py for tasks to queue
[2024-12-15T11:06:25.060+0000] {logging_mixin.py:190} INFO - [2024-12-15T11:06:25.060+0000] {dagbag.py:588} INFO - Filling up the DagBag from /opt/airflow/dags/Extract_new_price_data.py
[2024-12-15T11:06:26.573+0000] {processor.py:925} INFO - DAG(s) 'parallel_new_price_with_group' retrieved from /opt/airflow/dags/Extract_new_price_data.py
[2024-12-15T11:06:26.669+0000] {logging_mixin.py:190} INFO - [2024-12-15T11:06:26.668+0000] {dag.py:3239} INFO - Sync 1 DAGs
[2024-12-15T11:06:26.772+0000] {logging_mixin.py:190} INFO - [2024-12-15T11:06:26.772+0000] {dag.py:4180} INFO - Setting next_dagrun for parallel_new_price_with_group to 2024-12-13 13:00:00+00:00, run_after=2024-12-16 13:00:00+00:00
[2024-12-15T11:06:26.831+0000] {processor.py:208} INFO - Processing /opt/airflow/dags/Extract_new_price_data.py took 1.786 seconds
[2024-12-15T11:06:56.913+0000] {processor.py:186} INFO - Started process (PID=831) to work on /opt/airflow/dags/Extract_new_price_data.py
[2024-12-15T11:06:56.915+0000] {processor.py:914} INFO - Processing file /opt/airflow/dags/Extract_new_price_data.py for tasks to queue
[2024-12-15T11:06:56.918+0000] {logging_mixin.py:190} INFO - [2024-12-15T11:06:56.918+0000] {dagbag.py:588} INFO - Filling up the DagBag from /opt/airflow/dags/Extract_new_price_data.py
[2024-12-15T11:06:58.387+0000] {processor.py:925} INFO - DAG(s) 'parallel_new_price_with_group' retrieved from /opt/airflow/dags/Extract_new_price_data.py
[2024-12-15T11:06:58.454+0000] {logging_mixin.py:190} INFO - [2024-12-15T11:06:58.454+0000] {dag.py:3239} INFO - Sync 1 DAGs
[2024-12-15T11:06:58.488+0000] {logging_mixin.py:190} INFO - [2024-12-15T11:06:58.488+0000] {dag.py:4180} INFO - Setting next_dagrun for parallel_new_price_with_group to 2024-12-13 13:00:00+00:00, run_after=2024-12-16 13:00:00+00:00
[2024-12-15T11:06:58.523+0000] {processor.py:208} INFO - Processing /opt/airflow/dags/Extract_new_price_data.py took 1.618 seconds
[2024-12-15T11:07:28.895+0000] {processor.py:186} INFO - Started process (PID=866) to work on /opt/airflow/dags/Extract_new_price_data.py
[2024-12-15T11:07:28.896+0000] {processor.py:914} INFO - Processing file /opt/airflow/dags/Extract_new_price_data.py for tasks to queue
[2024-12-15T11:07:28.902+0000] {logging_mixin.py:190} INFO - [2024-12-15T11:07:28.901+0000] {dagbag.py:588} INFO - Filling up the DagBag from /opt/airflow/dags/Extract_new_price_data.py
[2024-12-15T11:07:30.180+0000] {processor.py:925} INFO - DAG(s) 'parallel_new_price_with_group' retrieved from /opt/airflow/dags/Extract_new_price_data.py
[2024-12-15T11:07:30.238+0000] {logging_mixin.py:190} INFO - [2024-12-15T11:07:30.238+0000] {dag.py:3239} INFO - Sync 1 DAGs
[2024-12-15T11:07:30.278+0000] {logging_mixin.py:190} INFO - [2024-12-15T11:07:30.277+0000] {dag.py:4180} INFO - Setting next_dagrun for parallel_new_price_with_group to 2024-12-13 13:00:00+00:00, run_after=2024-12-16 13:00:00+00:00
[2024-12-15T11:07:30.321+0000] {processor.py:208} INFO - Processing /opt/airflow/dags/Extract_new_price_data.py took 1.433 seconds
[2024-12-15T11:08:00.785+0000] {processor.py:186} INFO - Started process (PID=938) to work on /opt/airflow/dags/Extract_new_price_data.py
[2024-12-15T11:08:00.787+0000] {processor.py:914} INFO - Processing file /opt/airflow/dags/Extract_new_price_data.py for tasks to queue
[2024-12-15T11:08:00.790+0000] {logging_mixin.py:190} INFO - [2024-12-15T11:08:00.789+0000] {dagbag.py:588} INFO - Filling up the DagBag from /opt/airflow/dags/Extract_new_price_data.py
