[2024-12-15T04:22:02.011+0000] {processor.py:186} INFO - Started process (PID=186) to work on /opt/airflow/dags/Extract_new_financial_data.py
[2024-12-15T04:22:02.013+0000] {processor.py:914} INFO - Processing file /opt/airflow/dags/Extract_new_financial_data.py for tasks to queue
[2024-12-15T04:22:02.020+0000] {logging_mixin.py:190} INFO - [2024-12-15T04:22:02.019+0000] {dagbag.py:588} INFO - Filling up the DagBag from /opt/airflow/dags/Extract_new_financial_data.py
[2024-12-15T04:22:03.755+0000] {processor.py:925} INFO - DAG(s) 'parallel_new_financial_reports' retrieved from /opt/airflow/dags/Extract_new_financial_data.py
[2024-12-15T04:22:03.943+0000] {logging_mixin.py:190} INFO - [2024-12-15T04:22:03.942+0000] {dag.py:3239} INFO - Sync 1 DAGs
[2024-12-15T04:22:04.061+0000] {logging_mixin.py:190} INFO - [2024-12-15T04:22:04.061+0000] {dag.py:4180} INFO - Setting next_dagrun for parallel_new_financial_reports to None, run_after=None
[2024-12-15T04:22:04.163+0000] {processor.py:208} INFO - Processing /opt/airflow/dags/Extract_new_financial_data.py took 2.199 seconds
[2024-12-15T10:57:45.660+0000] {processor.py:186} INFO - Started process (PID=198) to work on /opt/airflow/dags/Extract_new_financial_data.py
[2024-12-15T10:57:45.663+0000] {processor.py:914} INFO - Processing file /opt/airflow/dags/Extract_new_financial_data.py for tasks to queue
[2024-12-15T10:57:45.667+0000] {logging_mixin.py:190} INFO - [2024-12-15T10:57:45.666+0000] {dagbag.py:588} INFO - Filling up the DagBag from /opt/airflow/dags/Extract_new_financial_data.py
[2024-12-15T10:57:47.694+0000] {processor.py:925} INFO - DAG(s) 'parallel_new_financial_reports' retrieved from /opt/airflow/dags/Extract_new_financial_data.py
[2024-12-15T10:57:47.868+0000] {logging_mixin.py:190} INFO - [2024-12-15T10:57:47.867+0000] {dag.py:3239} INFO - Sync 1 DAGs
[2024-12-15T10:57:47.903+0000] {logging_mixin.py:190} INFO - [2024-12-15T10:57:47.903+0000] {dag.py:4180} INFO - Setting next_dagrun for parallel_new_financial_reports to None, run_after=None
[2024-12-15T10:57:47.973+0000] {processor.py:208} INFO - Processing /opt/airflow/dags/Extract_new_financial_data.py took 2.344 seconds
[2024-12-15T10:58:18.610+0000] {processor.py:186} INFO - Started process (PID=239) to work on /opt/airflow/dags/Extract_new_financial_data.py
[2024-12-15T10:58:18.613+0000] {processor.py:914} INFO - Processing file /opt/airflow/dags/Extract_new_financial_data.py for tasks to queue
[2024-12-15T10:58:18.616+0000] {logging_mixin.py:190} INFO - [2024-12-15T10:58:18.616+0000] {dagbag.py:588} INFO - Filling up the DagBag from /opt/airflow/dags/Extract_new_financial_data.py
[2024-12-15T10:58:19.074+0000] {processor.py:925} INFO - DAG(s) 'parallel_new_financial_reports' retrieved from /opt/airflow/dags/Extract_new_financial_data.py
[2024-12-15T10:58:19.192+0000] {logging_mixin.py:190} INFO - [2024-12-15T10:58:19.192+0000] {dag.py:3239} INFO - Sync 1 DAGs
[2024-12-15T10:58:19.216+0000] {logging_mixin.py:190} INFO - [2024-12-15T10:58:19.216+0000] {dag.py:4180} INFO - Setting next_dagrun for parallel_new_financial_reports to None, run_after=None
[2024-12-15T10:58:19.277+0000] {processor.py:208} INFO - Processing /opt/airflow/dags/Extract_new_financial_data.py took 0.676 seconds
[2024-12-15T10:58:50.019+0000] {processor.py:186} INFO - Started process (PID=279) to work on /opt/airflow/dags/Extract_new_financial_data.py
[2024-12-15T10:58:50.022+0000] {processor.py:914} INFO - Processing file /opt/airflow/dags/Extract_new_financial_data.py for tasks to queue
[2024-12-15T10:58:50.024+0000] {logging_mixin.py:190} INFO - [2024-12-15T10:58:50.024+0000] {dagbag.py:588} INFO - Filling up the DagBag from /opt/airflow/dags/Extract_new_financial_data.py
[2024-12-15T10:58:50.632+0000] {processor.py:925} INFO - DAG(s) 'parallel_new_financial_reports' retrieved from /opt/airflow/dags/Extract_new_financial_data.py
[2024-12-15T10:58:50.730+0000] {logging_mixin.py:190} INFO - [2024-12-15T10:58:50.724+0000] {dag.py:3239} INFO - Sync 1 DAGs
[2024-12-15T10:58:50.805+0000] {logging_mixin.py:190} INFO - [2024-12-15T10:58:50.805+0000] {dag.py:4180} INFO - Setting next_dagrun for parallel_new_financial_reports to None, run_after=None
[2024-12-15T10:58:50.868+0000] {processor.py:208} INFO - Processing /opt/airflow/dags/Extract_new_financial_data.py took 0.857 seconds
[2024-12-15T10:59:21.670+0000] {processor.py:186} INFO - Started process (PID=314) to work on /opt/airflow/dags/Extract_new_financial_data.py
[2024-12-15T10:59:21.672+0000] {processor.py:914} INFO - Processing file /opt/airflow/dags/Extract_new_financial_data.py for tasks to queue
[2024-12-15T10:59:21.674+0000] {logging_mixin.py:190} INFO - [2024-12-15T10:59:21.674+0000] {dagbag.py:588} INFO - Filling up the DagBag from /opt/airflow/dags/Extract_new_financial_data.py
[2024-12-15T10:59:22.230+0000] {processor.py:925} INFO - DAG(s) 'parallel_new_financial_reports' retrieved from /opt/airflow/dags/Extract_new_financial_data.py
[2024-12-15T10:59:22.305+0000] {logging_mixin.py:190} INFO - [2024-12-15T10:59:22.304+0000] {dag.py:3239} INFO - Sync 1 DAGs
[2024-12-15T10:59:22.327+0000] {logging_mixin.py:190} INFO - [2024-12-15T10:59:22.327+0000] {dag.py:4180} INFO - Setting next_dagrun for parallel_new_financial_reports to None, run_after=None
[2024-12-15T10:59:22.365+0000] {processor.py:208} INFO - Processing /opt/airflow/dags/Extract_new_financial_data.py took 0.702 seconds
[2024-12-15T10:59:53.207+0000] {processor.py:186} INFO - Started process (PID=349) to work on /opt/airflow/dags/Extract_new_financial_data.py
[2024-12-15T10:59:53.209+0000] {processor.py:914} INFO - Processing file /opt/airflow/dags/Extract_new_financial_data.py for tasks to queue
[2024-12-15T10:59:53.211+0000] {logging_mixin.py:190} INFO - [2024-12-15T10:59:53.211+0000] {dagbag.py:588} INFO - Filling up the DagBag from /opt/airflow/dags/Extract_new_financial_data.py
[2024-12-15T10:59:53.546+0000] {processor.py:925} INFO - DAG(s) 'parallel_new_financial_reports' retrieved from /opt/airflow/dags/Extract_new_financial_data.py
[2024-12-15T10:59:53.608+0000] {logging_mixin.py:190} INFO - [2024-12-15T10:59:53.608+0000] {dag.py:3239} INFO - Sync 1 DAGs
[2024-12-15T10:59:53.623+0000] {logging_mixin.py:190} INFO - [2024-12-15T10:59:53.623+0000] {dag.py:4180} INFO - Setting next_dagrun for parallel_new_financial_reports to None, run_after=None
[2024-12-15T10:59:53.668+0000] {processor.py:208} INFO - Processing /opt/airflow/dags/Extract_new_financial_data.py took 0.465 seconds
[2024-12-15T11:00:24.369+0000] {processor.py:186} INFO - Started process (PID=384) to work on /opt/airflow/dags/Extract_new_financial_data.py
[2024-12-15T11:00:24.370+0000] {processor.py:914} INFO - Processing file /opt/airflow/dags/Extract_new_financial_data.py for tasks to queue
[2024-12-15T11:00:24.373+0000] {logging_mixin.py:190} INFO - [2024-12-15T11:00:24.373+0000] {dagbag.py:588} INFO - Filling up the DagBag from /opt/airflow/dags/Extract_new_financial_data.py
[2024-12-15T11:00:24.978+0000] {processor.py:925} INFO - DAG(s) 'parallel_new_financial_reports' retrieved from /opt/airflow/dags/Extract_new_financial_data.py
[2024-12-15T11:00:25.055+0000] {logging_mixin.py:190} INFO - [2024-12-15T11:00:25.054+0000] {dag.py:3239} INFO - Sync 1 DAGs
[2024-12-15T11:00:25.129+0000] {logging_mixin.py:190} INFO - [2024-12-15T11:00:25.129+0000] {dag.py:4180} INFO - Setting next_dagrun for parallel_new_financial_reports to None, run_after=None
[2024-12-15T11:00:25.178+0000] {processor.py:208} INFO - Processing /opt/airflow/dags/Extract_new_financial_data.py took 0.821 seconds
[2024-12-15T11:00:55.934+0000] {processor.py:186} INFO - Started process (PID=419) to work on /opt/airflow/dags/Extract_new_financial_data.py
[2024-12-15T11:00:55.935+0000] {processor.py:914} INFO - Processing file /opt/airflow/dags/Extract_new_financial_data.py for tasks to queue
[2024-12-15T11:00:55.939+0000] {logging_mixin.py:190} INFO - [2024-12-15T11:00:55.939+0000] {dagbag.py:588} INFO - Filling up the DagBag from /opt/airflow/dags/Extract_new_financial_data.py
[2024-12-15T11:00:56.542+0000] {processor.py:925} INFO - DAG(s) 'parallel_new_financial_reports' retrieved from /opt/airflow/dags/Extract_new_financial_data.py
[2024-12-15T11:00:56.623+0000] {logging_mixin.py:190} INFO - [2024-12-15T11:00:56.622+0000] {dag.py:3239} INFO - Sync 1 DAGs
[2024-12-15T11:00:56.656+0000] {logging_mixin.py:190} INFO - [2024-12-15T11:00:56.656+0000] {dag.py:4180} INFO - Setting next_dagrun for parallel_new_financial_reports to None, run_after=None
[2024-12-15T11:00:56.711+0000] {processor.py:208} INFO - Processing /opt/airflow/dags/Extract_new_financial_data.py took 0.784 seconds
[2024-12-15T11:01:27.071+0000] {processor.py:186} INFO - Started process (PID=454) to work on /opt/airflow/dags/Extract_new_financial_data.py
[2024-12-15T11:01:27.074+0000] {processor.py:914} INFO - Processing file /opt/airflow/dags/Extract_new_financial_data.py for tasks to queue
[2024-12-15T11:01:27.077+0000] {logging_mixin.py:190} INFO - [2024-12-15T11:01:27.076+0000] {dagbag.py:588} INFO - Filling up the DagBag from /opt/airflow/dags/Extract_new_financial_data.py
[2024-12-15T11:01:27.470+0000] {processor.py:925} INFO - DAG(s) 'parallel_new_financial_reports' retrieved from /opt/airflow/dags/Extract_new_financial_data.py
[2024-12-15T11:01:27.553+0000] {logging_mixin.py:190} INFO - [2024-12-15T11:01:27.552+0000] {dag.py:3239} INFO - Sync 1 DAGs
[2024-12-15T11:01:27.568+0000] {logging_mixin.py:190} INFO - [2024-12-15T11:01:27.568+0000] {dag.py:4180} INFO - Setting next_dagrun for parallel_new_financial_reports to None, run_after=None
[2024-12-15T11:01:27.608+0000] {processor.py:208} INFO - Processing /opt/airflow/dags/Extract_new_financial_data.py took 0.542 seconds
[2024-12-15T11:01:58.183+0000] {processor.py:186} INFO - Started process (PID=489) to work on /opt/airflow/dags/Extract_new_financial_data.py
[2024-12-15T11:01:58.185+0000] {processor.py:914} INFO - Processing file /opt/airflow/dags/Extract_new_financial_data.py for tasks to queue
[2024-12-15T11:01:58.190+0000] {logging_mixin.py:190} INFO - [2024-12-15T11:01:58.189+0000] {dagbag.py:588} INFO - Filling up the DagBag from /opt/airflow/dags/Extract_new_financial_data.py
[2024-12-15T11:01:58.641+0000] {processor.py:925} INFO - DAG(s) 'parallel_new_financial_reports' retrieved from /opt/airflow/dags/Extract_new_financial_data.py
[2024-12-15T11:01:58.713+0000] {logging_mixin.py:190} INFO - [2024-12-15T11:01:58.712+0000] {dag.py:3239} INFO - Sync 1 DAGs
[2024-12-15T11:01:58.732+0000] {logging_mixin.py:190} INFO - [2024-12-15T11:01:58.732+0000] {dag.py:4180} INFO - Setting next_dagrun for parallel_new_financial_reports to None, run_after=None
[2024-12-15T11:01:58.775+0000] {processor.py:208} INFO - Processing /opt/airflow/dags/Extract_new_financial_data.py took 0.602 seconds
[2024-12-15T11:02:29.409+0000] {processor.py:186} INFO - Started process (PID=525) to work on /opt/airflow/dags/Extract_new_financial_data.py
[2024-12-15T11:02:29.410+0000] {processor.py:914} INFO - Processing file /opt/airflow/dags/Extract_new_financial_data.py for tasks to queue
[2024-12-15T11:02:29.413+0000] {logging_mixin.py:190} INFO - [2024-12-15T11:02:29.412+0000] {dagbag.py:588} INFO - Filling up the DagBag from /opt/airflow/dags/Extract_new_financial_data.py
[2024-12-15T11:02:29.819+0000] {processor.py:925} INFO - DAG(s) 'parallel_new_financial_reports' retrieved from /opt/airflow/dags/Extract_new_financial_data.py
[2024-12-15T11:02:29.877+0000] {logging_mixin.py:190} INFO - [2024-12-15T11:02:29.876+0000] {dag.py:3239} INFO - Sync 1 DAGs
[2024-12-15T11:02:29.892+0000] {logging_mixin.py:190} INFO - [2024-12-15T11:02:29.892+0000] {dag.py:4180} INFO - Setting next_dagrun for parallel_new_financial_reports to None, run_after=None
[2024-12-15T11:02:29.934+0000] {processor.py:208} INFO - Processing /opt/airflow/dags/Extract_new_financial_data.py took 0.534 seconds
[2024-12-15T11:03:00.300+0000] {processor.py:186} INFO - Started process (PID=561) to work on /opt/airflow/dags/Extract_new_financial_data.py
[2024-12-15T11:03:00.301+0000] {processor.py:914} INFO - Processing file /opt/airflow/dags/Extract_new_financial_data.py for tasks to queue
[2024-12-15T11:03:00.303+0000] {logging_mixin.py:190} INFO - [2024-12-15T11:03:00.303+0000] {dagbag.py:588} INFO - Filling up the DagBag from /opt/airflow/dags/Extract_new_financial_data.py
[2024-12-15T11:03:00.640+0000] {processor.py:925} INFO - DAG(s) 'parallel_new_financial_reports' retrieved from /opt/airflow/dags/Extract_new_financial_data.py
[2024-12-15T11:03:00.702+0000] {logging_mixin.py:190} INFO - [2024-12-15T11:03:00.701+0000] {dag.py:3239} INFO - Sync 1 DAGs
[2024-12-15T11:03:00.718+0000] {logging_mixin.py:190} INFO - [2024-12-15T11:03:00.717+0000] {dag.py:4180} INFO - Setting next_dagrun for parallel_new_financial_reports to None, run_after=None
[2024-12-15T11:03:00.752+0000] {processor.py:208} INFO - Processing /opt/airflow/dags/Extract_new_financial_data.py took 0.456 seconds
[2024-12-15T11:03:31.534+0000] {processor.py:186} INFO - Started process (PID=596) to work on /opt/airflow/dags/Extract_new_financial_data.py
[2024-12-15T11:03:31.537+0000] {processor.py:914} INFO - Processing file /opt/airflow/dags/Extract_new_financial_data.py for tasks to queue
[2024-12-15T11:03:31.540+0000] {logging_mixin.py:190} INFO - [2024-12-15T11:03:31.540+0000] {dagbag.py:588} INFO - Filling up the DagBag from /opt/airflow/dags/Extract_new_financial_data.py
[2024-12-15T11:03:32.222+0000] {processor.py:925} INFO - DAG(s) 'parallel_new_financial_reports' retrieved from /opt/airflow/dags/Extract_new_financial_data.py
[2024-12-15T11:03:32.292+0000] {logging_mixin.py:190} INFO - [2024-12-15T11:03:32.291+0000] {dag.py:3239} INFO - Sync 1 DAGs
[2024-12-15T11:03:32.316+0000] {logging_mixin.py:190} INFO - [2024-12-15T11:03:32.315+0000] {dag.py:4180} INFO - Setting next_dagrun for parallel_new_financial_reports to None, run_after=None
[2024-12-15T11:03:32.356+0000] {processor.py:208} INFO - Processing /opt/airflow/dags/Extract_new_financial_data.py took 0.831 seconds
[2024-12-15T11:04:02.459+0000] {processor.py:186} INFO - Started process (PID=639) to work on /opt/airflow/dags/Extract_new_financial_data.py
[2024-12-15T11:04:02.464+0000] {processor.py:914} INFO - Processing file /opt/airflow/dags/Extract_new_financial_data.py for tasks to queue
[2024-12-15T11:04:02.471+0000] {logging_mixin.py:190} INFO - [2024-12-15T11:04:02.470+0000] {dagbag.py:588} INFO - Filling up the DagBag from /opt/airflow/dags/Extract_new_financial_data.py
[2024-12-15T11:04:03.375+0000] {processor.py:925} INFO - DAG(s) 'parallel_new_financial_reports' retrieved from /opt/airflow/dags/Extract_new_financial_data.py
[2024-12-15T11:04:03.527+0000] {logging_mixin.py:190} INFO - [2024-12-15T11:04:03.526+0000] {dag.py:3239} INFO - Sync 1 DAGs
[2024-12-15T11:04:03.552+0000] {logging_mixin.py:190} INFO - [2024-12-15T11:04:03.551+0000] {dag.py:4180} INFO - Setting next_dagrun for parallel_new_financial_reports to None, run_after=None
[2024-12-15T11:04:03.604+0000] {processor.py:208} INFO - Processing /opt/airflow/dags/Extract_new_financial_data.py took 1.170 seconds
[2024-12-15T11:04:34.163+0000] {processor.py:186} INFO - Started process (PID=674) to work on /opt/airflow/dags/Extract_new_financial_data.py
[2024-12-15T11:04:34.165+0000] {processor.py:914} INFO - Processing file /opt/airflow/dags/Extract_new_financial_data.py for tasks to queue
[2024-12-15T11:04:34.169+0000] {logging_mixin.py:190} INFO - [2024-12-15T11:04:34.168+0000] {dagbag.py:588} INFO - Filling up the DagBag from /opt/airflow/dags/Extract_new_financial_data.py
[2024-12-15T11:04:34.905+0000] {processor.py:925} INFO - DAG(s) 'parallel_new_financial_reports' retrieved from /opt/airflow/dags/Extract_new_financial_data.py
[2024-12-15T11:04:35.002+0000] {logging_mixin.py:190} INFO - [2024-12-15T11:04:34.998+0000] {dag.py:3239} INFO - Sync 1 DAGs
[2024-12-15T11:04:35.047+0000] {logging_mixin.py:190} INFO - [2024-12-15T11:04:35.047+0000] {dag.py:4180} INFO - Setting next_dagrun for parallel_new_financial_reports to None, run_after=None
[2024-12-15T11:04:35.119+0000] {processor.py:208} INFO - Processing /opt/airflow/dags/Extract_new_financial_data.py took 0.967 seconds
[2024-12-15T11:05:05.497+0000] {processor.py:186} INFO - Started process (PID=709) to work on /opt/airflow/dags/Extract_new_financial_data.py
[2024-12-15T11:05:05.498+0000] {processor.py:914} INFO - Processing file /opt/airflow/dags/Extract_new_financial_data.py for tasks to queue
[2024-12-15T11:05:05.502+0000] {logging_mixin.py:190} INFO - [2024-12-15T11:05:05.501+0000] {dagbag.py:588} INFO - Filling up the DagBag from /opt/airflow/dags/Extract_new_financial_data.py
[2024-12-15T11:05:06.167+0000] {processor.py:925} INFO - DAG(s) 'parallel_new_financial_reports' retrieved from /opt/airflow/dags/Extract_new_financial_data.py
[2024-12-15T11:05:06.240+0000] {logging_mixin.py:190} INFO - [2024-12-15T11:05:06.239+0000] {dag.py:3239} INFO - Sync 1 DAGs
[2024-12-15T11:05:06.269+0000] {logging_mixin.py:190} INFO - [2024-12-15T11:05:06.268+0000] {dag.py:4180} INFO - Setting next_dagrun for parallel_new_financial_reports to None, run_after=None
[2024-12-15T11:05:06.331+0000] {processor.py:208} INFO - Processing /opt/airflow/dags/Extract_new_financial_data.py took 0.845 seconds
[2024-12-15T11:05:37.005+0000] {processor.py:186} INFO - Started process (PID=744) to work on /opt/airflow/dags/Extract_new_financial_data.py
[2024-12-15T11:05:37.008+0000] {processor.py:914} INFO - Processing file /opt/airflow/dags/Extract_new_financial_data.py for tasks to queue
[2024-12-15T11:05:37.011+0000] {logging_mixin.py:190} INFO - [2024-12-15T11:05:37.011+0000] {dagbag.py:588} INFO - Filling up the DagBag from /opt/airflow/dags/Extract_new_financial_data.py
[2024-12-15T11:05:37.626+0000] {processor.py:925} INFO - DAG(s) 'parallel_new_financial_reports' retrieved from /opt/airflow/dags/Extract_new_financial_data.py
[2024-12-15T11:05:37.706+0000] {logging_mixin.py:190} INFO - [2024-12-15T11:05:37.704+0000] {dag.py:3239} INFO - Sync 1 DAGs
[2024-12-15T11:05:37.734+0000] {logging_mixin.py:190} INFO - [2024-12-15T11:05:37.733+0000] {dag.py:4180} INFO - Setting next_dagrun for parallel_new_financial_reports to None, run_after=None
[2024-12-15T11:05:37.783+0000] {processor.py:208} INFO - Processing /opt/airflow/dags/Extract_new_financial_data.py took 0.784 seconds
[2024-12-15T11:06:08.011+0000] {processor.py:186} INFO - Started process (PID=779) to work on /opt/airflow/dags/Extract_new_financial_data.py
[2024-12-15T11:06:08.019+0000] {processor.py:914} INFO - Processing file /opt/airflow/dags/Extract_new_financial_data.py for tasks to queue
[2024-12-15T11:06:08.022+0000] {logging_mixin.py:190} INFO - [2024-12-15T11:06:08.021+0000] {dagbag.py:588} INFO - Filling up the DagBag from /opt/airflow/dags/Extract_new_financial_data.py
[2024-12-15T11:06:08.507+0000] {processor.py:925} INFO - DAG(s) 'parallel_new_financial_reports' retrieved from /opt/airflow/dags/Extract_new_financial_data.py
[2024-12-15T11:06:08.581+0000] {logging_mixin.py:190} INFO - [2024-12-15T11:06:08.580+0000] {dag.py:3239} INFO - Sync 1 DAGs
[2024-12-15T11:06:08.606+0000] {logging_mixin.py:190} INFO - [2024-12-15T11:06:08.606+0000] {dag.py:4180} INFO - Setting next_dagrun for parallel_new_financial_reports to None, run_after=None
[2024-12-15T11:06:08.668+0000] {processor.py:208} INFO - Processing /opt/airflow/dags/Extract_new_financial_data.py took 0.664 seconds
[2024-12-15T11:06:38.945+0000] {processor.py:186} INFO - Started process (PID=813) to work on /opt/airflow/dags/Extract_new_financial_data.py
[2024-12-15T11:06:38.946+0000] {processor.py:914} INFO - Processing file /opt/airflow/dags/Extract_new_financial_data.py for tasks to queue
[2024-12-15T11:06:38.950+0000] {logging_mixin.py:190} INFO - [2024-12-15T11:06:38.949+0000] {dagbag.py:588} INFO - Filling up the DagBag from /opt/airflow/dags/Extract_new_financial_data.py
[2024-12-15T11:06:39.355+0000] {processor.py:925} INFO - DAG(s) 'parallel_new_financial_reports' retrieved from /opt/airflow/dags/Extract_new_financial_data.py
[2024-12-15T11:06:39.408+0000] {logging_mixin.py:190} INFO - [2024-12-15T11:06:39.408+0000] {dag.py:3239} INFO - Sync 1 DAGs
[2024-12-15T11:06:39.635+0000] {logging_mixin.py:190} INFO - [2024-12-15T11:06:39.634+0000] {dag.py:4180} INFO - Setting next_dagrun for parallel_new_financial_reports to None, run_after=None
[2024-12-15T11:06:39.677+0000] {processor.py:208} INFO - Processing /opt/airflow/dags/Extract_new_financial_data.py took 0.743 seconds
[2024-12-15T11:07:09.934+0000] {processor.py:186} INFO - Started process (PID=848) to work on /opt/airflow/dags/Extract_new_financial_data.py
[2024-12-15T11:07:09.936+0000] {processor.py:914} INFO - Processing file /opt/airflow/dags/Extract_new_financial_data.py for tasks to queue
[2024-12-15T11:07:09.940+0000] {logging_mixin.py:190} INFO - [2024-12-15T11:07:09.940+0000] {dagbag.py:588} INFO - Filling up the DagBag from /opt/airflow/dags/Extract_new_financial_data.py
[2024-12-15T11:07:10.565+0000] {processor.py:925} INFO - DAG(s) 'parallel_new_financial_reports' retrieved from /opt/airflow/dags/Extract_new_financial_data.py
[2024-12-15T11:07:10.726+0000] {logging_mixin.py:190} INFO - [2024-12-15T11:07:10.725+0000] {dag.py:3239} INFO - Sync 1 DAGs
[2024-12-15T11:07:10.744+0000] {logging_mixin.py:190} INFO - [2024-12-15T11:07:10.744+0000] {dag.py:4180} INFO - Setting next_dagrun for parallel_new_financial_reports to None, run_after=None
[2024-12-15T11:07:10.791+0000] {processor.py:208} INFO - Processing /opt/airflow/dags/Extract_new_financial_data.py took 0.867 seconds
[2024-12-15T11:07:41.644+0000] {processor.py:186} INFO - Started process (PID=883) to work on /opt/airflow/dags/Extract_new_financial_data.py
[2024-12-15T11:07:41.645+0000] {processor.py:914} INFO - Processing file /opt/airflow/dags/Extract_new_financial_data.py for tasks to queue
[2024-12-15T11:07:41.648+0000] {logging_mixin.py:190} INFO - [2024-12-15T11:07:41.647+0000] {dagbag.py:588} INFO - Filling up the DagBag from /opt/airflow/dags/Extract_new_financial_data.py
[2024-12-15T11:07:42.158+0000] {processor.py:925} INFO - DAG(s) 'parallel_new_financial_reports' retrieved from /opt/airflow/dags/Extract_new_financial_data.py
[2024-12-15T11:07:42.241+0000] {logging_mixin.py:190} INFO - [2024-12-15T11:07:42.240+0000] {dag.py:3239} INFO - Sync 1 DAGs
[2024-12-15T11:07:42.264+0000] {logging_mixin.py:190} INFO - [2024-12-15T11:07:42.263+0000] {dag.py:4180} INFO - Setting next_dagrun for parallel_new_financial_reports to None, run_after=None
[2024-12-15T11:07:42.305+0000] {processor.py:208} INFO - Processing /opt/airflow/dags/Extract_new_financial_data.py took 0.668 seconds
