[2024-12-15T04:22:04.500+0000] {processor.py:186} INFO - Started process (PID=208) to work on /opt/airflow/dags/Extract_history_price_data.py
[2024-12-15T04:22:04.501+0000] {processor.py:914} INFO - Processing file /opt/airflow/dags/Extract_history_price_data.py for tasks to queue
[2024-12-15T04:22:04.504+0000] {logging_mixin.py:190} INFO - [2024-12-15T04:22:04.503+0000] {dagbag.py:588} INFO - Filling up the DagBag from /opt/airflow/dags/Extract_history_price_data.py
[2024-12-15T04:22:05.946+0000] {processor.py:925} INFO - DAG(s) 'parallel_historical_price_with_group' retrieved from /opt/airflow/dags/Extract_history_price_data.py
[2024-12-15T04:22:06.008+0000] {logging_mixin.py:190} INFO - [2024-12-15T04:22:06.008+0000] {dag.py:3239} INFO - Sync 1 DAGs
[2024-12-15T04:22:06.023+0000] {logging_mixin.py:190} INFO - [2024-12-15T04:22:06.023+0000] {dag.py:4180} INFO - Setting next_dagrun for parallel_historical_price_with_group to None, run_after=None
[2024-12-15T04:22:06.058+0000] {processor.py:208} INFO - Processing /opt/airflow/dags/Extract_history_price_data.py took 1.567 seconds
[2024-12-15T10:57:48.454+0000] {processor.py:186} INFO - Started process (PID=219) to work on /opt/airflow/dags/Extract_history_price_data.py
[2024-12-15T10:57:48.456+0000] {processor.py:914} INFO - Processing file /opt/airflow/dags/Extract_history_price_data.py for tasks to queue
[2024-12-15T10:57:48.458+0000] {logging_mixin.py:190} INFO - [2024-12-15T10:57:48.458+0000] {dagbag.py:588} INFO - Filling up the DagBag from /opt/airflow/dags/Extract_history_price_data.py
[2024-12-15T10:57:50.187+0000] {processor.py:925} INFO - DAG(s) 'parallel_historical_price_with_group' retrieved from /opt/airflow/dags/Extract_history_price_data.py
[2024-12-15T10:57:50.257+0000] {logging_mixin.py:190} INFO - [2024-12-15T10:57:50.256+0000] {dag.py:3239} INFO - Sync 1 DAGs
[2024-12-15T10:57:50.280+0000] {logging_mixin.py:190} INFO - [2024-12-15T10:57:50.280+0000] {dag.py:4180} INFO - Setting next_dagrun for parallel_historical_price_with_group to None, run_after=None
[2024-12-15T10:57:50.325+0000] {processor.py:208} INFO - Processing /opt/airflow/dags/Extract_history_price_data.py took 1.879 seconds
[2024-12-15T10:58:20.899+0000] {processor.py:186} INFO - Started process (PID=254) to work on /opt/airflow/dags/Extract_history_price_data.py
[2024-12-15T10:58:20.901+0000] {processor.py:914} INFO - Processing file /opt/airflow/dags/Extract_history_price_data.py for tasks to queue
[2024-12-15T10:58:20.904+0000] {logging_mixin.py:190} INFO - [2024-12-15T10:58:20.904+0000] {dagbag.py:588} INFO - Filling up the DagBag from /opt/airflow/dags/Extract_history_price_data.py
[2024-12-15T10:58:22.275+0000] {processor.py:925} INFO - DAG(s) 'parallel_historical_price_with_group' retrieved from /opt/airflow/dags/Extract_history_price_data.py
[2024-12-15T10:58:22.333+0000] {logging_mixin.py:190} INFO - [2024-12-15T10:58:22.333+0000] {dag.py:3239} INFO - Sync 1 DAGs
[2024-12-15T10:58:22.350+0000] {logging_mixin.py:190} INFO - [2024-12-15T10:58:22.350+0000] {dag.py:4180} INFO - Setting next_dagrun for parallel_historical_price_with_group to None, run_after=None
[2024-12-15T10:58:22.412+0000] {processor.py:208} INFO - Processing /opt/airflow/dags/Extract_history_price_data.py took 1.519 seconds
[2024-12-15T10:58:52.971+0000] {processor.py:186} INFO - Started process (PID=289) to work on /opt/airflow/dags/Extract_history_price_data.py
[2024-12-15T10:58:52.973+0000] {processor.py:914} INFO - Processing file /opt/airflow/dags/Extract_history_price_data.py for tasks to queue
[2024-12-15T10:58:52.977+0000] {logging_mixin.py:190} INFO - [2024-12-15T10:58:52.976+0000] {dagbag.py:588} INFO - Filling up the DagBag from /opt/airflow/dags/Extract_history_price_data.py
[2024-12-15T10:58:54.934+0000] {processor.py:925} INFO - DAG(s) 'parallel_historical_price_with_group' retrieved from /opt/airflow/dags/Extract_history_price_data.py
[2024-12-15T10:58:55.070+0000] {logging_mixin.py:190} INFO - [2024-12-15T10:58:55.069+0000] {dag.py:3239} INFO - Sync 1 DAGs
[2024-12-15T10:58:55.099+0000] {logging_mixin.py:190} INFO - [2024-12-15T10:58:55.099+0000] {dag.py:4180} INFO - Setting next_dagrun for parallel_historical_price_with_group to None, run_after=None
[2024-12-15T10:58:55.159+0000] {processor.py:208} INFO - Processing /opt/airflow/dags/Extract_history_price_data.py took 2.198 seconds
[2024-12-15T10:59:25.508+0000] {processor.py:186} INFO - Started process (PID=324) to work on /opt/airflow/dags/Extract_history_price_data.py
[2024-12-15T10:59:25.511+0000] {processor.py:914} INFO - Processing file /opt/airflow/dags/Extract_history_price_data.py for tasks to queue
[2024-12-15T10:59:25.514+0000] {logging_mixin.py:190} INFO - [2024-12-15T10:59:25.514+0000] {dagbag.py:588} INFO - Filling up the DagBag from /opt/airflow/dags/Extract_history_price_data.py
[2024-12-15T10:59:26.664+0000] {processor.py:925} INFO - DAG(s) 'parallel_historical_price_with_group' retrieved from /opt/airflow/dags/Extract_history_price_data.py
[2024-12-15T10:59:26.723+0000] {logging_mixin.py:190} INFO - [2024-12-15T10:59:26.722+0000] {dag.py:3239} INFO - Sync 1 DAGs
[2024-12-15T10:59:26.736+0000] {logging_mixin.py:190} INFO - [2024-12-15T10:59:26.736+0000] {dag.py:4180} INFO - Setting next_dagrun for parallel_historical_price_with_group to None, run_after=None
[2024-12-15T10:59:26.772+0000] {processor.py:208} INFO - Processing /opt/airflow/dags/Extract_history_price_data.py took 1.273 seconds
[2024-12-15T10:59:57.461+0000] {processor.py:186} INFO - Started process (PID=365) to work on /opt/airflow/dags/Extract_history_price_data.py
[2024-12-15T10:59:57.463+0000] {processor.py:914} INFO - Processing file /opt/airflow/dags/Extract_history_price_data.py for tasks to queue
[2024-12-15T10:59:57.466+0000] {logging_mixin.py:190} INFO - [2024-12-15T10:59:57.465+0000] {dagbag.py:588} INFO - Filling up the DagBag from /opt/airflow/dags/Extract_history_price_data.py
[2024-12-15T10:59:58.665+0000] {processor.py:925} INFO - DAG(s) 'parallel_historical_price_with_group' retrieved from /opt/airflow/dags/Extract_history_price_data.py
[2024-12-15T10:59:58.715+0000] {logging_mixin.py:190} INFO - [2024-12-15T10:59:58.715+0000] {dag.py:3239} INFO - Sync 1 DAGs
[2024-12-15T10:59:58.732+0000] {logging_mixin.py:190} INFO - [2024-12-15T10:59:58.732+0000] {dag.py:4180} INFO - Setting next_dagrun for parallel_historical_price_with_group to None, run_after=None
[2024-12-15T10:59:58.787+0000] {processor.py:208} INFO - Processing /opt/airflow/dags/Extract_history_price_data.py took 1.335 seconds
[2024-12-15T11:00:29.292+0000] {processor.py:186} INFO - Started process (PID=400) to work on /opt/airflow/dags/Extract_history_price_data.py
[2024-12-15T11:00:29.295+0000] {processor.py:914} INFO - Processing file /opt/airflow/dags/Extract_history_price_data.py for tasks to queue
[2024-12-15T11:00:29.297+0000] {logging_mixin.py:190} INFO - [2024-12-15T11:00:29.296+0000] {dagbag.py:588} INFO - Filling up the DagBag from /opt/airflow/dags/Extract_history_price_data.py
[2024-12-15T11:00:30.742+0000] {processor.py:925} INFO - DAG(s) 'parallel_historical_price_with_group' retrieved from /opt/airflow/dags/Extract_history_price_data.py
[2024-12-15T11:00:30.815+0000] {logging_mixin.py:190} INFO - [2024-12-15T11:00:30.814+0000] {dag.py:3239} INFO - Sync 1 DAGs
[2024-12-15T11:00:30.835+0000] {logging_mixin.py:190} INFO - [2024-12-15T11:00:30.835+0000] {dag.py:4180} INFO - Setting next_dagrun for parallel_historical_price_with_group to None, run_after=None
[2024-12-15T11:00:30.887+0000] {processor.py:208} INFO - Processing /opt/airflow/dags/Extract_history_price_data.py took 1.600 seconds
[2024-12-15T11:01:01.264+0000] {processor.py:186} INFO - Started process (PID=435) to work on /opt/airflow/dags/Extract_history_price_data.py
[2024-12-15T11:01:01.267+0000] {processor.py:914} INFO - Processing file /opt/airflow/dags/Extract_history_price_data.py for tasks to queue
[2024-12-15T11:01:01.269+0000] {logging_mixin.py:190} INFO - [2024-12-15T11:01:01.269+0000] {dagbag.py:588} INFO - Filling up the DagBag from /opt/airflow/dags/Extract_history_price_data.py
[2024-12-15T11:01:02.431+0000] {processor.py:925} INFO - DAG(s) 'parallel_historical_price_with_group' retrieved from /opt/airflow/dags/Extract_history_price_data.py
[2024-12-15T11:01:02.518+0000] {logging_mixin.py:190} INFO - [2024-12-15T11:01:02.517+0000] {dag.py:3239} INFO - Sync 1 DAGs
[2024-12-15T11:01:02.542+0000] {logging_mixin.py:190} INFO - [2024-12-15T11:01:02.541+0000] {dag.py:4180} INFO - Setting next_dagrun for parallel_historical_price_with_group to None, run_after=None
[2024-12-15T11:01:02.597+0000] {processor.py:208} INFO - Processing /opt/airflow/dags/Extract_history_price_data.py took 1.341 seconds
[2024-12-15T11:01:33.234+0000] {processor.py:186} INFO - Started process (PID=470) to work on /opt/airflow/dags/Extract_history_price_data.py
[2024-12-15T11:01:33.235+0000] {processor.py:914} INFO - Processing file /opt/airflow/dags/Extract_history_price_data.py for tasks to queue
[2024-12-15T11:01:33.239+0000] {logging_mixin.py:190} INFO - [2024-12-15T11:01:33.238+0000] {dagbag.py:588} INFO - Filling up the DagBag from /opt/airflow/dags/Extract_history_price_data.py
[2024-12-15T11:01:34.769+0000] {processor.py:925} INFO - DAG(s) 'parallel_historical_price_with_group' retrieved from /opt/airflow/dags/Extract_history_price_data.py
[2024-12-15T11:01:34.839+0000] {logging_mixin.py:190} INFO - [2024-12-15T11:01:34.838+0000] {dag.py:3239} INFO - Sync 1 DAGs
[2024-12-15T11:01:34.863+0000] {logging_mixin.py:190} INFO - [2024-12-15T11:01:34.862+0000] {dag.py:4180} INFO - Setting next_dagrun for parallel_historical_price_with_group to None, run_after=None
[2024-12-15T11:01:34.925+0000] {processor.py:208} INFO - Processing /opt/airflow/dags/Extract_history_price_data.py took 1.698 seconds
[2024-12-15T11:02:04.994+0000] {processor.py:186} INFO - Started process (PID=505) to work on /opt/airflow/dags/Extract_history_price_data.py
[2024-12-15T11:02:04.995+0000] {processor.py:914} INFO - Processing file /opt/airflow/dags/Extract_history_price_data.py for tasks to queue
[2024-12-15T11:02:04.998+0000] {logging_mixin.py:190} INFO - [2024-12-15T11:02:04.998+0000] {dagbag.py:588} INFO - Filling up the DagBag from /opt/airflow/dags/Extract_history_price_data.py
[2024-12-15T11:02:06.220+0000] {processor.py:925} INFO - DAG(s) 'parallel_historical_price_with_group' retrieved from /opt/airflow/dags/Extract_history_price_data.py
[2024-12-15T11:02:06.272+0000] {logging_mixin.py:190} INFO - [2024-12-15T11:02:06.272+0000] {dag.py:3239} INFO - Sync 1 DAGs
[2024-12-15T11:02:06.286+0000] {logging_mixin.py:190} INFO - [2024-12-15T11:02:06.286+0000] {dag.py:4180} INFO - Setting next_dagrun for parallel_historical_price_with_group to None, run_after=None
[2024-12-15T11:02:06.319+0000] {processor.py:208} INFO - Processing /opt/airflow/dags/Extract_history_price_data.py took 1.333 seconds
[2024-12-15T11:02:36.608+0000] {processor.py:186} INFO - Started process (PID=541) to work on /opt/airflow/dags/Extract_history_price_data.py
[2024-12-15T11:02:36.610+0000] {processor.py:914} INFO - Processing file /opt/airflow/dags/Extract_history_price_data.py for tasks to queue
[2024-12-15T11:02:36.613+0000] {logging_mixin.py:190} INFO - [2024-12-15T11:02:36.613+0000] {dagbag.py:588} INFO - Filling up the DagBag from /opt/airflow/dags/Extract_history_price_data.py
[2024-12-15T11:02:37.719+0000] {processor.py:925} INFO - DAG(s) 'parallel_historical_price_with_group' retrieved from /opt/airflow/dags/Extract_history_price_data.py
[2024-12-15T11:02:37.780+0000] {logging_mixin.py:190} INFO - [2024-12-15T11:02:37.780+0000] {dag.py:3239} INFO - Sync 1 DAGs
[2024-12-15T11:02:37.798+0000] {logging_mixin.py:190} INFO - [2024-12-15T11:02:37.797+0000] {dag.py:4180} INFO - Setting next_dagrun for parallel_historical_price_with_group to None, run_after=None
[2024-12-15T11:02:37.839+0000] {processor.py:208} INFO - Processing /opt/airflow/dags/Extract_history_price_data.py took 1.240 seconds
[2024-12-15T11:03:07.903+0000] {processor.py:186} INFO - Started process (PID=577) to work on /opt/airflow/dags/Extract_history_price_data.py
[2024-12-15T11:03:07.906+0000] {processor.py:914} INFO - Processing file /opt/airflow/dags/Extract_history_price_data.py for tasks to queue
[2024-12-15T11:03:07.907+0000] {logging_mixin.py:190} INFO - [2024-12-15T11:03:07.907+0000] {dagbag.py:588} INFO - Filling up the DagBag from /opt/airflow/dags/Extract_history_price_data.py
[2024-12-15T11:03:08.989+0000] {processor.py:925} INFO - DAG(s) 'parallel_historical_price_with_group' retrieved from /opt/airflow/dags/Extract_history_price_data.py
[2024-12-15T11:03:09.038+0000] {logging_mixin.py:190} INFO - [2024-12-15T11:03:09.037+0000] {dag.py:3239} INFO - Sync 1 DAGs
[2024-12-15T11:03:09.053+0000] {logging_mixin.py:190} INFO - [2024-12-15T11:03:09.053+0000] {dag.py:4180} INFO - Setting next_dagrun for parallel_historical_price_with_group to None, run_after=None
[2024-12-15T11:03:09.087+0000] {processor.py:208} INFO - Processing /opt/airflow/dags/Extract_history_price_data.py took 1.191 seconds
[2024-12-15T11:03:39.212+0000] {processor.py:186} INFO - Started process (PID=620) to work on /opt/airflow/dags/Extract_history_price_data.py
[2024-12-15T11:03:39.213+0000] {processor.py:914} INFO - Processing file /opt/airflow/dags/Extract_history_price_data.py for tasks to queue
[2024-12-15T11:03:39.218+0000] {logging_mixin.py:190} INFO - [2024-12-15T11:03:39.218+0000] {dagbag.py:588} INFO - Filling up the DagBag from /opt/airflow/dags/Extract_history_price_data.py
[2024-12-15T11:03:41.682+0000] {processor.py:925} INFO - DAG(s) 'parallel_historical_price_with_group' retrieved from /opt/airflow/dags/Extract_history_price_data.py
[2024-12-15T11:03:41.783+0000] {logging_mixin.py:190} INFO - [2024-12-15T11:03:41.782+0000] {dag.py:3239} INFO - Sync 1 DAGs
[2024-12-15T11:03:41.818+0000] {logging_mixin.py:190} INFO - [2024-12-15T11:03:41.817+0000] {dag.py:4180} INFO - Setting next_dagrun for parallel_historical_price_with_group to None, run_after=None
[2024-12-15T11:03:41.878+0000] {processor.py:208} INFO - Processing /opt/airflow/dags/Extract_history_price_data.py took 2.690 seconds
[2024-12-15T11:04:12.566+0000] {processor.py:186} INFO - Started process (PID=654) to work on /opt/airflow/dags/Extract_history_price_data.py
[2024-12-15T11:04:12.568+0000] {processor.py:914} INFO - Processing file /opt/airflow/dags/Extract_history_price_data.py for tasks to queue
[2024-12-15T11:04:12.572+0000] {logging_mixin.py:190} INFO - [2024-12-15T11:04:12.571+0000] {dagbag.py:588} INFO - Filling up the DagBag from /opt/airflow/dags/Extract_history_price_data.py
[2024-12-15T11:04:14.519+0000] {processor.py:925} INFO - DAG(s) 'parallel_historical_price_with_group' retrieved from /opt/airflow/dags/Extract_history_price_data.py
[2024-12-15T11:04:14.621+0000] {logging_mixin.py:190} INFO - [2024-12-15T11:04:14.621+0000] {dag.py:3239} INFO - Sync 1 DAGs
[2024-12-15T11:04:14.646+0000] {logging_mixin.py:190} INFO - [2024-12-15T11:04:14.645+0000] {dag.py:4180} INFO - Setting next_dagrun for parallel_historical_price_with_group to None, run_after=None
[2024-12-15T11:04:14.695+0000] {processor.py:208} INFO - Processing /opt/airflow/dags/Extract_history_price_data.py took 2.144 seconds
[2024-12-15T11:04:45.688+0000] {processor.py:186} INFO - Started process (PID=688) to work on /opt/airflow/dags/Extract_history_price_data.py
[2024-12-15T11:04:45.690+0000] {processor.py:914} INFO - Processing file /opt/airflow/dags/Extract_history_price_data.py for tasks to queue
[2024-12-15T11:04:45.703+0000] {logging_mixin.py:190} INFO - [2024-12-15T11:04:45.702+0000] {dagbag.py:588} INFO - Filling up the DagBag from /opt/airflow/dags/Extract_history_price_data.py
[2024-12-15T11:04:47.912+0000] {processor.py:925} INFO - DAG(s) 'parallel_historical_price_with_group' retrieved from /opt/airflow/dags/Extract_history_price_data.py
[2024-12-15T11:04:47.978+0000] {logging_mixin.py:190} INFO - [2024-12-15T11:04:47.977+0000] {dag.py:3239} INFO - Sync 1 DAGs
[2024-12-15T11:04:48.003+0000] {logging_mixin.py:190} INFO - [2024-12-15T11:04:48.003+0000] {dag.py:4180} INFO - Setting next_dagrun for parallel_historical_price_with_group to None, run_after=None
[2024-12-15T11:04:48.052+0000] {processor.py:208} INFO - Processing /opt/airflow/dags/Extract_history_price_data.py took 2.382 seconds
[2024-12-15T11:05:18.608+0000] {processor.py:186} INFO - Started process (PID=724) to work on /opt/airflow/dags/Extract_history_price_data.py
[2024-12-15T11:05:18.610+0000] {processor.py:914} INFO - Processing file /opt/airflow/dags/Extract_history_price_data.py for tasks to queue
[2024-12-15T11:05:18.614+0000] {logging_mixin.py:190} INFO - [2024-12-15T11:05:18.614+0000] {dagbag.py:588} INFO - Filling up the DagBag from /opt/airflow/dags/Extract_history_price_data.py
[2024-12-15T11:05:20.467+0000] {processor.py:925} INFO - DAG(s) 'parallel_historical_price_with_group' retrieved from /opt/airflow/dags/Extract_history_price_data.py
[2024-12-15T11:05:20.548+0000] {logging_mixin.py:190} INFO - [2024-12-15T11:05:20.547+0000] {dag.py:3239} INFO - Sync 1 DAGs
[2024-12-15T11:05:20.572+0000] {logging_mixin.py:190} INFO - [2024-12-15T11:05:20.572+0000] {dag.py:4180} INFO - Setting next_dagrun for parallel_historical_price_with_group to None, run_after=None
[2024-12-15T11:05:20.624+0000] {processor.py:208} INFO - Processing /opt/airflow/dags/Extract_history_price_data.py took 2.023 seconds
[2024-12-15T11:05:51.398+0000] {processor.py:186} INFO - Started process (PID=765) to work on /opt/airflow/dags/Extract_history_price_data.py
[2024-12-15T11:05:51.399+0000] {processor.py:914} INFO - Processing file /opt/airflow/dags/Extract_history_price_data.py for tasks to queue
[2024-12-15T11:05:51.403+0000] {logging_mixin.py:190} INFO - [2024-12-15T11:05:51.402+0000] {dagbag.py:588} INFO - Filling up the DagBag from /opt/airflow/dags/Extract_history_price_data.py
[2024-12-15T11:05:54.291+0000] {processor.py:925} INFO - DAG(s) 'parallel_historical_price_with_group' retrieved from /opt/airflow/dags/Extract_history_price_data.py
[2024-12-15T11:05:54.461+0000] {logging_mixin.py:190} INFO - [2024-12-15T11:05:54.460+0000] {dag.py:3239} INFO - Sync 1 DAGs
[2024-12-15T11:05:54.498+0000] {logging_mixin.py:190} INFO - [2024-12-15T11:05:54.497+0000] {dag.py:4180} INFO - Setting next_dagrun for parallel_historical_price_with_group to None, run_after=None
[2024-12-15T11:05:54.627+0000] {processor.py:208} INFO - Processing /opt/airflow/dags/Extract_history_price_data.py took 3.239 seconds
[2024-12-15T11:06:25.072+0000] {processor.py:186} INFO - Started process (PID=799) to work on /opt/airflow/dags/Extract_history_price_data.py
[2024-12-15T11:06:25.074+0000] {processor.py:914} INFO - Processing file /opt/airflow/dags/Extract_history_price_data.py for tasks to queue
[2024-12-15T11:06:25.078+0000] {logging_mixin.py:190} INFO - [2024-12-15T11:06:25.077+0000] {dagbag.py:588} INFO - Filling up the DagBag from /opt/airflow/dags/Extract_history_price_data.py
[2024-12-15T11:06:26.589+0000] {processor.py:925} INFO - DAG(s) 'parallel_historical_price_with_group' retrieved from /opt/airflow/dags/Extract_history_price_data.py
[2024-12-15T11:06:26.676+0000] {logging_mixin.py:190} INFO - [2024-12-15T11:06:26.675+0000] {dag.py:3239} INFO - Sync 1 DAGs
[2024-12-15T11:06:26.758+0000] {logging_mixin.py:190} INFO - [2024-12-15T11:06:26.757+0000] {dag.py:4180} INFO - Setting next_dagrun for parallel_historical_price_with_group to None, run_after=None
[2024-12-15T11:06:26.812+0000] {processor.py:208} INFO - Processing /opt/airflow/dags/Extract_history_price_data.py took 1.756 seconds
[2024-12-15T11:06:56.922+0000] {processor.py:186} INFO - Started process (PID=834) to work on /opt/airflow/dags/Extract_history_price_data.py
[2024-12-15T11:06:56.923+0000] {processor.py:914} INFO - Processing file /opt/airflow/dags/Extract_history_price_data.py for tasks to queue
[2024-12-15T11:06:56.927+0000] {logging_mixin.py:190} INFO - [2024-12-15T11:06:56.927+0000] {dagbag.py:588} INFO - Filling up the DagBag from /opt/airflow/dags/Extract_history_price_data.py
[2024-12-15T11:06:58.385+0000] {processor.py:925} INFO - DAG(s) 'parallel_historical_price_with_group' retrieved from /opt/airflow/dags/Extract_history_price_data.py
[2024-12-15T11:06:58.453+0000] {logging_mixin.py:190} INFO - [2024-12-15T11:06:58.453+0000] {dag.py:3239} INFO - Sync 1 DAGs
[2024-12-15T11:06:58.472+0000] {logging_mixin.py:190} INFO - [2024-12-15T11:06:58.472+0000] {dag.py:4180} INFO - Setting next_dagrun for parallel_historical_price_with_group to None, run_after=None
[2024-12-15T11:06:58.506+0000] {processor.py:208} INFO - Processing /opt/airflow/dags/Extract_history_price_data.py took 1.593 seconds
[2024-12-15T11:07:28.906+0000] {processor.py:186} INFO - Started process (PID=869) to work on /opt/airflow/dags/Extract_history_price_data.py
[2024-12-15T11:07:28.908+0000] {processor.py:914} INFO - Processing file /opt/airflow/dags/Extract_history_price_data.py for tasks to queue
[2024-12-15T11:07:28.912+0000] {logging_mixin.py:190} INFO - [2024-12-15T11:07:28.911+0000] {dagbag.py:588} INFO - Filling up the DagBag from /opt/airflow/dags/Extract_history_price_data.py
[2024-12-15T11:07:30.221+0000] {processor.py:925} INFO - DAG(s) 'parallel_historical_price_with_group' retrieved from /opt/airflow/dags/Extract_history_price_data.py
[2024-12-15T11:07:30.291+0000] {logging_mixin.py:190} INFO - [2024-12-15T11:07:30.290+0000] {dag.py:3239} INFO - Sync 1 DAGs
[2024-12-15T11:07:30.309+0000] {logging_mixin.py:190} INFO - [2024-12-15T11:07:30.308+0000] {dag.py:4180} INFO - Setting next_dagrun for parallel_historical_price_with_group to None, run_after=None
[2024-12-15T11:07:30.349+0000] {processor.py:208} INFO - Processing /opt/airflow/dags/Extract_history_price_data.py took 1.453 seconds
[2024-12-15T11:08:01.058+0000] {processor.py:186} INFO - Started process (PID=941) to work on /opt/airflow/dags/Extract_history_price_data.py
[2024-12-15T11:08:01.060+0000] {processor.py:914} INFO - Processing file /opt/airflow/dags/Extract_history_price_data.py for tasks to queue
[2024-12-15T11:08:01.062+0000] {logging_mixin.py:190} INFO - [2024-12-15T11:08:01.062+0000] {dagbag.py:588} INFO - Filling up the DagBag from /opt/airflow/dags/Extract_history_price_data.py
[2024-12-15T11:08:03.157+0000] {logging_mixin.py:190} INFO - [2024-12-15T11:08:03.152+0000] {dagbag.py:387} ERROR - Failed to import: /opt/airflow/dags/Extract_history_price_data.py
Traceback (most recent call last):
  File "/usr/local/lib/python3.12/site-packages/airflow/models/dagbag.py", line 383, in parse
    loader.exec_module(new_module)
  File "<frozen importlib._bootstrap_external>", line 995, in exec_module
  File "<frozen importlib._bootstrap>", line 488, in _call_with_frames_removed
  File "/opt/airflow/dags/Extract_history_price_data.py", line 12, in <module>
    from Tasks.extract.HistoricalData.Historical_price_stock import historical_price
  File "/opt/Tasks/extract/HistoricalData/Historical_price_stock.py", line 5, in <module>
    from vnstock3 import Vnstock
  File "/usr/local/lib/python3.12/site-packages/vnstock3/__init__.py", line 3, in <module>
    from .common.plot import chart_wrapper
  File "/usr/local/lib/python3.12/site-packages/vnstock3/common/plot/__init__.py", line 1, in <module>
    from .chart_wrapper import Chart
  File "/usr/local/lib/python3.12/site-packages/vnstock3/common/plot/chart_wrapper.py", line 4, in <module>
    from vnstock_ezchart.mplot import MPlot, Utils
  File "/usr/local/lib/python3.12/site-packages/vnstock_ezchart/__init__.py", line 1, in <module>
    from .utils import *
  File "/usr/local/lib/python3.12/site-packages/vnstock_ezchart/utils.py", line 1, in <module>
    from .config import *
  File "/usr/local/lib/python3.12/site-packages/vnstock_ezchart/config.py", line 1, in <module>
    import matplotlib.pyplot as plt
  File "/usr/local/lib/python3.12/site-packages/matplotlib/__init__.py", line 159, in <module>
    from . import _api, _version, cbook, _docstring, rcsetup
  File "/usr/local/lib/python3.12/site-packages/matplotlib/rcsetup.py", line 28, in <module>
    from matplotlib.colors import Colormap, is_color_like
  File "/usr/local/lib/python3.12/site-packages/matplotlib/colors.py", line 555, in <module>
    hexColorPattern = re.compile(r"\A#[a-fA-F0-9]{6}\Z")
                      ^^^^^^^^^^^^^^^^^^^^^^^^^^^^^^^^^^
  File "/usr/local/lib/python3.12/re/__init__.py", line 228, in compile
    return _compile(pattern, flags)
           ^^^^^^^^^^^^^^^^^^^^^^^^
  File "/usr/local/lib/python3.12/re/__init__.py", line 307, in _compile
    p = _compiler.compile(pattern, flags)
        ^^^^^^^^^^^^^^^^^^^^^^^^^^^^^^^^^
  File "/usr/local/lib/python3.12/re/_compiler.py", line 745, in compile
    p = _parser.parse(p, flags)
        ^^^^^^^^^^^^^^^^^^^^^^^
  File "/usr/local/lib/python3.12/re/_parser.py", line 979, in parse
    p = _parse_sub(source, state, flags & SRE_FLAG_VERBOSE, 0)
        ^^^^^^^^^^^^^^^^^^^^^^^^^^^^^^^^^^^^^^^^^^^^^^^^^^^^^^
  File "/usr/local/lib/python3.12/re/_parser.py", line 460, in _parse_sub
    itemsappend(_parse(source, state, verbose, nested + 1,
                ^^^^^^^^^^^^^^^^^^^^^^^^^^^^^^^^^^^^^^^^^^
  File "/usr/local/lib/python3.12/re/_parser.py", line 589, in _parse
    that = sourceget()
           ^^^^^^^^^^^
  File "/usr/local/lib/python3.12/re/_parser.py", line 261, in get
    def get(self):
    
  File "/usr/local/lib/python3.12/site-packages/airflow/dag_processing/manager.py", line 467, in _exit_gracefully
    self.terminate()
  File "/usr/local/lib/python3.12/site-packages/airflow/dag_processing/manager.py", line 1429, in terminate
    processor.terminate()
  File "/usr/local/lib/python3.12/site-packages/airflow/dag_processing/processor.py", line 295, in terminate
    self._parent_channel.close()
  File "/usr/local/lib/python3.12/multiprocessing/connection.py", line 178, in close
    self._close()
  File "/usr/local/lib/python3.12/multiprocessing/connection.py", line 377, in _close
    _close(self._handle)
  File "/usr/local/lib/python3.12/site-packages/airflow/dag_processing/manager.py", line 467, in _exit_gracefully
    self.terminate()
  File "/usr/local/lib/python3.12/site-packages/airflow/dag_processing/manager.py", line 1429, in terminate
    processor.terminate()
  File "/usr/local/lib/python3.12/site-packages/airflow/dag_processing/processor.py", line 295, in terminate
    self._parent_channel.close()
  File "/usr/local/lib/python3.12/multiprocessing/connection.py", line 178, in close
    self._close()
  File "/usr/local/lib/python3.12/multiprocessing/connection.py", line 377, in _close
    _close(self._handle)
OSError: [Errno 9] Bad file descriptor
[2024-12-15T11:08:03.159+0000] {processor.py:927} WARNING - No viable dags retrieved from /opt/airflow/dags/Extract_history_price_data.py
[2024-12-15T11:08:03.240+0000] {processor.py:208} INFO - Processing /opt/airflow/dags/Extract_history_price_data.py took 2.191 seconds
