[2024-12-15T04:22:05.183+0000] {processor.py:186} INFO - Started process (PID=214) to work on /opt/airflow/dags/Extract_history_financial_data.py
[2024-12-15T04:22:05.183+0000] {processor.py:914} INFO - Processing file /opt/airflow/dags/Extract_history_financial_data.py for tasks to queue
[2024-12-15T04:22:05.186+0000] {logging_mixin.py:190} INFO - [2024-12-15T04:22:05.185+0000] {dagbag.py:588} INFO - Filling up the DagBag from /opt/airflow/dags/Extract_history_financial_data.py
[2024-12-15T04:22:05.781+0000] {processor.py:925} INFO - DAG(s) 'parallel_historycal_financial_reports' retrieved from /opt/airflow/dags/Extract_history_financial_data.py
[2024-12-15T04:22:05.924+0000] {logging_mixin.py:190} INFO - [2024-12-15T04:22:05.923+0000] {dag.py:3239} INFO - Sync 1 DAGs
[2024-12-15T04:22:05.951+0000] {logging_mixin.py:190} INFO - [2024-12-15T04:22:05.950+0000] {dag.py:4180} INFO - Setting next_dagrun for parallel_historycal_financial_reports to None, run_after=None
[2024-12-15T04:22:05.996+0000] {processor.py:208} INFO - Processing /opt/airflow/dags/Extract_history_financial_data.py took 0.819 seconds
[2024-12-15T10:57:50.066+0000] {processor.py:186} INFO - Started process (PID=225) to work on /opt/airflow/dags/Extract_history_financial_data.py
[2024-12-15T10:57:50.068+0000] {processor.py:914} INFO - Processing file /opt/airflow/dags/Extract_history_financial_data.py for tasks to queue
[2024-12-15T10:57:50.071+0000] {logging_mixin.py:190} INFO - [2024-12-15T10:57:50.071+0000] {dagbag.py:588} INFO - Filling up the DagBag from /opt/airflow/dags/Extract_history_financial_data.py
[2024-12-15T10:57:50.761+0000] {processor.py:925} INFO - DAG(s) 'parallel_historycal_financial_reports' retrieved from /opt/airflow/dags/Extract_history_financial_data.py
[2024-12-15T10:57:50.842+0000] {logging_mixin.py:190} INFO - [2024-12-15T10:57:50.841+0000] {dag.py:3239} INFO - Sync 1 DAGs
[2024-12-15T10:57:50.926+0000] {logging_mixin.py:190} INFO - [2024-12-15T10:57:50.925+0000] {dag.py:4180} INFO - Setting next_dagrun for parallel_historycal_financial_reports to None, run_after=None
[2024-12-15T10:57:50.979+0000] {processor.py:208} INFO - Processing /opt/airflow/dags/Extract_history_financial_data.py took 0.921 seconds
[2024-12-15T10:58:21.770+0000] {processor.py:186} INFO - Started process (PID=260) to work on /opt/airflow/dags/Extract_history_financial_data.py
[2024-12-15T10:58:21.773+0000] {processor.py:914} INFO - Processing file /opt/airflow/dags/Extract_history_financial_data.py for tasks to queue
[2024-12-15T10:58:21.776+0000] {logging_mixin.py:190} INFO - [2024-12-15T10:58:21.776+0000] {dagbag.py:588} INFO - Filling up the DagBag from /opt/airflow/dags/Extract_history_financial_data.py
[2024-12-15T10:58:22.271+0000] {processor.py:925} INFO - DAG(s) 'parallel_historycal_financial_reports' retrieved from /opt/airflow/dags/Extract_history_financial_data.py
[2024-12-15T10:58:22.337+0000] {logging_mixin.py:190} INFO - [2024-12-15T10:58:22.336+0000] {dag.py:3239} INFO - Sync 1 DAGs
[2024-12-15T10:58:22.355+0000] {logging_mixin.py:190} INFO - [2024-12-15T10:58:22.355+0000] {dag.py:4180} INFO - Setting next_dagrun for parallel_historycal_financial_reports to None, run_after=None
[2024-12-15T10:58:22.422+0000] {processor.py:208} INFO - Processing /opt/airflow/dags/Extract_history_financial_data.py took 0.661 seconds
[2024-12-15T10:58:53.985+0000] {processor.py:186} INFO - Started process (PID=295) to work on /opt/airflow/dags/Extract_history_financial_data.py
[2024-12-15T10:58:53.987+0000] {processor.py:914} INFO - Processing file /opt/airflow/dags/Extract_history_financial_data.py for tasks to queue
[2024-12-15T10:58:53.990+0000] {logging_mixin.py:190} INFO - [2024-12-15T10:58:53.989+0000] {dagbag.py:588} INFO - Filling up the DagBag from /opt/airflow/dags/Extract_history_financial_data.py
[2024-12-15T10:58:54.790+0000] {processor.py:925} INFO - DAG(s) 'parallel_historycal_financial_reports' retrieved from /opt/airflow/dags/Extract_history_financial_data.py
[2024-12-15T10:58:54.958+0000] {logging_mixin.py:190} INFO - [2024-12-15T10:58:54.957+0000] {dag.py:3239} INFO - Sync 1 DAGs
[2024-12-15T10:58:55.008+0000] {logging_mixin.py:190} INFO - [2024-12-15T10:58:55.007+0000] {dag.py:4180} INFO - Setting next_dagrun for parallel_historycal_financial_reports to None, run_after=None
[2024-12-15T10:58:55.073+0000] {processor.py:208} INFO - Processing /opt/airflow/dags/Extract_history_financial_data.py took 1.098 seconds
[2024-12-15T10:59:26.194+0000] {processor.py:186} INFO - Started process (PID=330) to work on /opt/airflow/dags/Extract_history_financial_data.py
[2024-12-15T10:59:26.196+0000] {processor.py:914} INFO - Processing file /opt/airflow/dags/Extract_history_financial_data.py for tasks to queue
[2024-12-15T10:59:26.198+0000] {logging_mixin.py:190} INFO - [2024-12-15T10:59:26.198+0000] {dagbag.py:588} INFO - Filling up the DagBag from /opt/airflow/dags/Extract_history_financial_data.py
[2024-12-15T10:59:26.581+0000] {processor.py:925} INFO - DAG(s) 'parallel_historycal_financial_reports' retrieved from /opt/airflow/dags/Extract_history_financial_data.py
[2024-12-15T10:59:26.637+0000] {logging_mixin.py:190} INFO - [2024-12-15T10:59:26.636+0000] {dag.py:3239} INFO - Sync 1 DAGs
[2024-12-15T10:59:26.656+0000] {logging_mixin.py:190} INFO - [2024-12-15T10:59:26.656+0000] {dag.py:4180} INFO - Setting next_dagrun for parallel_historycal_financial_reports to None, run_after=None
[2024-12-15T10:59:26.696+0000] {processor.py:208} INFO - Processing /opt/airflow/dags/Extract_history_financial_data.py took 0.506 seconds
[2024-12-15T10:59:56.759+0000] {processor.py:186} INFO - Started process (PID=359) to work on /opt/airflow/dags/Extract_history_financial_data.py
[2024-12-15T10:59:56.761+0000] {processor.py:914} INFO - Processing file /opt/airflow/dags/Extract_history_financial_data.py for tasks to queue
[2024-12-15T10:59:56.763+0000] {logging_mixin.py:190} INFO - [2024-12-15T10:59:56.763+0000] {dagbag.py:588} INFO - Filling up the DagBag from /opt/airflow/dags/Extract_history_financial_data.py
[2024-12-15T10:59:57.231+0000] {processor.py:925} INFO - DAG(s) 'parallel_historycal_financial_reports' retrieved from /opt/airflow/dags/Extract_history_financial_data.py
[2024-12-15T10:59:57.335+0000] {logging_mixin.py:190} INFO - [2024-12-15T10:59:57.335+0000] {dag.py:3239} INFO - Sync 1 DAGs
[2024-12-15T10:59:57.353+0000] {logging_mixin.py:190} INFO - [2024-12-15T10:59:57.353+0000] {dag.py:4180} INFO - Setting next_dagrun for parallel_historycal_financial_reports to None, run_after=None
[2024-12-15T10:59:57.407+0000] {processor.py:208} INFO - Processing /opt/airflow/dags/Extract_history_financial_data.py took 0.653 seconds
[2024-12-15T11:00:27.659+0000] {processor.py:186} INFO - Started process (PID=390) to work on /opt/airflow/dags/Extract_history_financial_data.py
[2024-12-15T11:00:27.661+0000] {processor.py:914} INFO - Processing file /opt/airflow/dags/Extract_history_financial_data.py for tasks to queue
[2024-12-15T11:00:27.665+0000] {logging_mixin.py:190} INFO - [2024-12-15T11:00:27.664+0000] {dagbag.py:588} INFO - Filling up the DagBag from /opt/airflow/dags/Extract_history_financial_data.py
[2024-12-15T11:00:29.067+0000] {processor.py:925} INFO - DAG(s) 'parallel_historycal_financial_reports' retrieved from /opt/airflow/dags/Extract_history_financial_data.py
[2024-12-15T11:00:29.186+0000] {logging_mixin.py:190} INFO - [2024-12-15T11:00:29.186+0000] {dag.py:3239} INFO - Sync 1 DAGs
[2024-12-15T11:00:29.214+0000] {logging_mixin.py:190} INFO - [2024-12-15T11:00:29.214+0000] {dag.py:4180} INFO - Setting next_dagrun for parallel_historycal_financial_reports to None, run_after=None
[2024-12-15T11:00:29.253+0000] {processor.py:208} INFO - Processing /opt/airflow/dags/Extract_history_financial_data.py took 1.609 seconds
[2024-12-15T11:00:59.805+0000] {processor.py:186} INFO - Started process (PID=425) to work on /opt/airflow/dags/Extract_history_financial_data.py
[2024-12-15T11:00:59.806+0000] {processor.py:914} INFO - Processing file /opt/airflow/dags/Extract_history_financial_data.py for tasks to queue
[2024-12-15T11:00:59.809+0000] {logging_mixin.py:190} INFO - [2024-12-15T11:00:59.808+0000] {dagbag.py:588} INFO - Filling up the DagBag from /opt/airflow/dags/Extract_history_financial_data.py
[2024-12-15T11:01:00.232+0000] {processor.py:925} INFO - DAG(s) 'parallel_historycal_financial_reports' retrieved from /opt/airflow/dags/Extract_history_financial_data.py
[2024-12-15T11:01:00.297+0000] {logging_mixin.py:190} INFO - [2024-12-15T11:01:00.296+0000] {dag.py:3239} INFO - Sync 1 DAGs
[2024-12-15T11:01:00.313+0000] {logging_mixin.py:190} INFO - [2024-12-15T11:01:00.313+0000] {dag.py:4180} INFO - Setting next_dagrun for parallel_historycal_financial_reports to None, run_after=None
[2024-12-15T11:01:00.349+0000] {processor.py:208} INFO - Processing /opt/airflow/dags/Extract_history_financial_data.py took 0.549 seconds
[2024-12-15T11:01:30.692+0000] {processor.py:186} INFO - Started process (PID=460) to work on /opt/airflow/dags/Extract_history_financial_data.py
[2024-12-15T11:01:30.694+0000] {processor.py:914} INFO - Processing file /opt/airflow/dags/Extract_history_financial_data.py for tasks to queue
[2024-12-15T11:01:30.697+0000] {logging_mixin.py:190} INFO - [2024-12-15T11:01:30.696+0000] {dagbag.py:588} INFO - Filling up the DagBag from /opt/airflow/dags/Extract_history_financial_data.py
[2024-12-15T11:01:31.079+0000] {processor.py:925} INFO - DAG(s) 'parallel_historycal_financial_reports' retrieved from /opt/airflow/dags/Extract_history_financial_data.py
[2024-12-15T11:01:31.203+0000] {logging_mixin.py:190} INFO - [2024-12-15T11:01:31.203+0000] {dag.py:3239} INFO - Sync 1 DAGs
[2024-12-15T11:01:31.279+0000] {logging_mixin.py:190} INFO - [2024-12-15T11:01:31.279+0000] {dag.py:4180} INFO - Setting next_dagrun for parallel_historycal_financial_reports to None, run_after=None
[2024-12-15T11:01:31.321+0000] {processor.py:208} INFO - Processing /opt/airflow/dags/Extract_history_financial_data.py took 0.633 seconds
[2024-12-15T11:02:01.390+0000] {processor.py:186} INFO - Started process (PID=495) to work on /opt/airflow/dags/Extract_history_financial_data.py
[2024-12-15T11:02:01.393+0000] {processor.py:914} INFO - Processing file /opt/airflow/dags/Extract_history_financial_data.py for tasks to queue
[2024-12-15T11:02:01.395+0000] {logging_mixin.py:190} INFO - [2024-12-15T11:02:01.395+0000] {dagbag.py:588} INFO - Filling up the DagBag from /opt/airflow/dags/Extract_history_financial_data.py
[2024-12-15T11:02:01.794+0000] {processor.py:925} INFO - DAG(s) 'parallel_historycal_financial_reports' retrieved from /opt/airflow/dags/Extract_history_financial_data.py
[2024-12-15T11:02:01.847+0000] {logging_mixin.py:190} INFO - [2024-12-15T11:02:01.847+0000] {dag.py:3239} INFO - Sync 1 DAGs
[2024-12-15T11:02:01.869+0000] {logging_mixin.py:190} INFO - [2024-12-15T11:02:01.869+0000] {dag.py:4180} INFO - Setting next_dagrun for parallel_historycal_financial_reports to None, run_after=None
[2024-12-15T11:02:01.906+0000] {processor.py:208} INFO - Processing /opt/airflow/dags/Extract_history_financial_data.py took 0.521 seconds
[2024-12-15T11:02:32.026+0000] {processor.py:186} INFO - Started process (PID=531) to work on /opt/airflow/dags/Extract_history_financial_data.py
[2024-12-15T11:02:32.028+0000] {processor.py:914} INFO - Processing file /opt/airflow/dags/Extract_history_financial_data.py for tasks to queue
[2024-12-15T11:02:32.030+0000] {logging_mixin.py:190} INFO - [2024-12-15T11:02:32.030+0000] {dagbag.py:588} INFO - Filling up the DagBag from /opt/airflow/dags/Extract_history_financial_data.py
[2024-12-15T11:02:32.385+0000] {processor.py:925} INFO - DAG(s) 'parallel_historycal_financial_reports' retrieved from /opt/airflow/dags/Extract_history_financial_data.py
[2024-12-15T11:02:32.427+0000] {logging_mixin.py:190} INFO - [2024-12-15T11:02:32.426+0000] {dag.py:3239} INFO - Sync 1 DAGs
[2024-12-15T11:02:32.443+0000] {logging_mixin.py:190} INFO - [2024-12-15T11:02:32.442+0000] {dag.py:4180} INFO - Setting next_dagrun for parallel_historycal_financial_reports to None, run_after=None
[2024-12-15T11:02:32.486+0000] {processor.py:208} INFO - Processing /opt/airflow/dags/Extract_history_financial_data.py took 0.465 seconds
[2024-12-15T11:03:02.825+0000] {processor.py:186} INFO - Started process (PID=567) to work on /opt/airflow/dags/Extract_history_financial_data.py
[2024-12-15T11:03:02.826+0000] {processor.py:914} INFO - Processing file /opt/airflow/dags/Extract_history_financial_data.py for tasks to queue
[2024-12-15T11:03:02.829+0000] {logging_mixin.py:190} INFO - [2024-12-15T11:03:02.829+0000] {dagbag.py:588} INFO - Filling up the DagBag from /opt/airflow/dags/Extract_history_financial_data.py
[2024-12-15T11:03:03.348+0000] {processor.py:925} INFO - DAG(s) 'parallel_historycal_financial_reports' retrieved from /opt/airflow/dags/Extract_history_financial_data.py
[2024-12-15T11:03:03.408+0000] {logging_mixin.py:190} INFO - [2024-12-15T11:03:03.407+0000] {dag.py:3239} INFO - Sync 1 DAGs
[2024-12-15T11:03:03.427+0000] {logging_mixin.py:190} INFO - [2024-12-15T11:03:03.426+0000] {dag.py:4180} INFO - Setting next_dagrun for parallel_historycal_financial_reports to None, run_after=None
[2024-12-15T11:03:03.470+0000] {processor.py:208} INFO - Processing /opt/airflow/dags/Extract_history_financial_data.py took 0.655 seconds
[2024-12-15T11:03:33.829+0000] {processor.py:186} INFO - Started process (PID=608) to work on /opt/airflow/dags/Extract_history_financial_data.py
[2024-12-15T11:03:33.831+0000] {processor.py:914} INFO - Processing file /opt/airflow/dags/Extract_history_financial_data.py for tasks to queue
[2024-12-15T11:03:33.835+0000] {logging_mixin.py:190} INFO - [2024-12-15T11:03:33.834+0000] {dagbag.py:588} INFO - Filling up the DagBag from /opt/airflow/dags/Extract_history_financial_data.py
[2024-12-15T11:03:34.667+0000] {processor.py:925} INFO - DAG(s) 'parallel_historycal_financial_reports' retrieved from /opt/airflow/dags/Extract_history_financial_data.py
[2024-12-15T11:03:34.867+0000] {logging_mixin.py:190} INFO - [2024-12-15T11:03:34.867+0000] {dag.py:3239} INFO - Sync 1 DAGs
[2024-12-15T11:03:34.918+0000] {logging_mixin.py:190} INFO - [2024-12-15T11:03:34.918+0000] {dag.py:4180} INFO - Setting next_dagrun for parallel_historycal_financial_reports to None, run_after=None
[2024-12-15T11:03:35.013+0000] {processor.py:208} INFO - Processing /opt/airflow/dags/Extract_history_financial_data.py took 1.195 seconds
[2024-12-15T11:04:05.512+0000] {processor.py:186} INFO - Started process (PID=645) to work on /opt/airflow/dags/Extract_history_financial_data.py
[2024-12-15T11:04:05.514+0000] {processor.py:914} INFO - Processing file /opt/airflow/dags/Extract_history_financial_data.py for tasks to queue
[2024-12-15T11:04:05.518+0000] {logging_mixin.py:190} INFO - [2024-12-15T11:04:05.517+0000] {dagbag.py:588} INFO - Filling up the DagBag from /opt/airflow/dags/Extract_history_financial_data.py
[2024-12-15T11:04:06.218+0000] {processor.py:925} INFO - DAG(s) 'parallel_historycal_financial_reports' retrieved from /opt/airflow/dags/Extract_history_financial_data.py
[2024-12-15T11:04:06.305+0000] {logging_mixin.py:190} INFO - [2024-12-15T11:04:06.304+0000] {dag.py:3239} INFO - Sync 1 DAGs
[2024-12-15T11:04:06.329+0000] {logging_mixin.py:190} INFO - [2024-12-15T11:04:06.328+0000] {dag.py:4180} INFO - Setting next_dagrun for parallel_historycal_financial_reports to None, run_after=None
[2024-12-15T11:04:06.372+0000] {processor.py:208} INFO - Processing /opt/airflow/dags/Extract_history_financial_data.py took 0.874 seconds
[2024-12-15T11:04:37.242+0000] {processor.py:186} INFO - Started process (PID=680) to work on /opt/airflow/dags/Extract_history_financial_data.py
[2024-12-15T11:04:37.247+0000] {processor.py:914} INFO - Processing file /opt/airflow/dags/Extract_history_financial_data.py for tasks to queue
[2024-12-15T11:04:37.250+0000] {logging_mixin.py:190} INFO - [2024-12-15T11:04:37.250+0000] {dagbag.py:588} INFO - Filling up the DagBag from /opt/airflow/dags/Extract_history_financial_data.py
[2024-12-15T11:04:38.225+0000] {processor.py:925} INFO - DAG(s) 'parallel_historycal_financial_reports' retrieved from /opt/airflow/dags/Extract_history_financial_data.py
[2024-12-15T11:04:38.344+0000] {logging_mixin.py:190} INFO - [2024-12-15T11:04:38.340+0000] {dag.py:3239} INFO - Sync 1 DAGs
[2024-12-15T11:04:38.376+0000] {logging_mixin.py:190} INFO - [2024-12-15T11:04:38.376+0000] {dag.py:4180} INFO - Setting next_dagrun for parallel_historycal_financial_reports to None, run_after=None
[2024-12-15T11:04:38.431+0000] {processor.py:208} INFO - Processing /opt/airflow/dags/Extract_history_financial_data.py took 1.200 seconds
[2024-12-15T11:05:08.897+0000] {processor.py:186} INFO - Started process (PID=715) to work on /opt/airflow/dags/Extract_history_financial_data.py
[2024-12-15T11:05:08.899+0000] {processor.py:914} INFO - Processing file /opt/airflow/dags/Extract_history_financial_data.py for tasks to queue
[2024-12-15T11:05:08.903+0000] {logging_mixin.py:190} INFO - [2024-12-15T11:05:08.902+0000] {dagbag.py:588} INFO - Filling up the DagBag from /opt/airflow/dags/Extract_history_financial_data.py
[2024-12-15T11:05:09.509+0000] {processor.py:925} INFO - DAG(s) 'parallel_historycal_financial_reports' retrieved from /opt/airflow/dags/Extract_history_financial_data.py
[2024-12-15T11:05:09.575+0000] {logging_mixin.py:190} INFO - [2024-12-15T11:05:09.575+0000] {dag.py:3239} INFO - Sync 1 DAGs
[2024-12-15T11:05:09.599+0000] {logging_mixin.py:190} INFO - [2024-12-15T11:05:09.598+0000] {dag.py:4180} INFO - Setting next_dagrun for parallel_historycal_financial_reports to None, run_after=None
[2024-12-15T11:05:09.641+0000] {processor.py:208} INFO - Processing /opt/airflow/dags/Extract_history_financial_data.py took 0.755 seconds
[2024-12-15T11:05:39.875+0000] {processor.py:186} INFO - Started process (PID=750) to work on /opt/airflow/dags/Extract_history_financial_data.py
[2024-12-15T11:05:39.876+0000] {processor.py:914} INFO - Processing file /opt/airflow/dags/Extract_history_financial_data.py for tasks to queue
[2024-12-15T11:05:39.879+0000] {logging_mixin.py:190} INFO - [2024-12-15T11:05:39.879+0000] {dagbag.py:588} INFO - Filling up the DagBag from /opt/airflow/dags/Extract_history_financial_data.py
[2024-12-15T11:05:40.615+0000] {processor.py:925} INFO - DAG(s) 'parallel_historycal_financial_reports' retrieved from /opt/airflow/dags/Extract_history_financial_data.py
[2024-12-15T11:05:40.689+0000] {logging_mixin.py:190} INFO - [2024-12-15T11:05:40.688+0000] {dag.py:3239} INFO - Sync 1 DAGs
[2024-12-15T11:05:40.715+0000] {logging_mixin.py:190} INFO - [2024-12-15T11:05:40.714+0000] {dag.py:4180} INFO - Setting next_dagrun for parallel_historycal_financial_reports to None, run_after=None
[2024-12-15T11:05:40.762+0000] {processor.py:208} INFO - Processing /opt/airflow/dags/Extract_history_financial_data.py took 0.895 seconds
[2024-12-15T11:06:11.243+0000] {processor.py:186} INFO - Started process (PID=785) to work on /opt/airflow/dags/Extract_history_financial_data.py
[2024-12-15T11:06:11.247+0000] {processor.py:914} INFO - Processing file /opt/airflow/dags/Extract_history_financial_data.py for tasks to queue
[2024-12-15T11:06:11.251+0000] {logging_mixin.py:190} INFO - [2024-12-15T11:06:11.250+0000] {dagbag.py:588} INFO - Filling up the DagBag from /opt/airflow/dags/Extract_history_financial_data.py
[2024-12-15T11:06:11.891+0000] {processor.py:925} INFO - DAG(s) 'parallel_historycal_financial_reports' retrieved from /opt/airflow/dags/Extract_history_financial_data.py
[2024-12-15T11:06:12.017+0000] {logging_mixin.py:190} INFO - [2024-12-15T11:06:12.016+0000] {dag.py:3239} INFO - Sync 1 DAGs
[2024-12-15T11:06:12.036+0000] {logging_mixin.py:190} INFO - [2024-12-15T11:06:12.035+0000] {dag.py:4180} INFO - Setting next_dagrun for parallel_historycal_financial_reports to None, run_after=None
[2024-12-15T11:06:12.100+0000] {processor.py:208} INFO - Processing /opt/airflow/dags/Extract_history_financial_data.py took 0.866 seconds
[2024-12-15T11:06:42.725+0000] {processor.py:186} INFO - Started process (PID=819) to work on /opt/airflow/dags/Extract_history_financial_data.py
[2024-12-15T11:06:42.727+0000] {processor.py:914} INFO - Processing file /opt/airflow/dags/Extract_history_financial_data.py for tasks to queue
[2024-12-15T11:06:42.729+0000] {logging_mixin.py:190} INFO - [2024-12-15T11:06:42.728+0000] {dagbag.py:588} INFO - Filling up the DagBag from /opt/airflow/dags/Extract_history_financial_data.py
[2024-12-15T11:06:43.392+0000] {processor.py:925} INFO - DAG(s) 'parallel_historycal_financial_reports' retrieved from /opt/airflow/dags/Extract_history_financial_data.py
[2024-12-15T11:06:43.444+0000] {logging_mixin.py:190} INFO - [2024-12-15T11:06:43.443+0000] {dag.py:3239} INFO - Sync 1 DAGs
[2024-12-15T11:06:43.567+0000] {logging_mixin.py:190} INFO - [2024-12-15T11:06:43.566+0000] {dag.py:4180} INFO - Setting next_dagrun for parallel_historycal_financial_reports to None, run_after=None
[2024-12-15T11:06:43.608+0000] {processor.py:208} INFO - Processing /opt/airflow/dags/Extract_history_financial_data.py took 0.888 seconds
[2024-12-15T11:07:13.891+0000] {processor.py:186} INFO - Started process (PID=854) to work on /opt/airflow/dags/Extract_history_financial_data.py
[2024-12-15T11:07:13.893+0000] {processor.py:914} INFO - Processing file /opt/airflow/dags/Extract_history_financial_data.py for tasks to queue
[2024-12-15T11:07:13.896+0000] {logging_mixin.py:190} INFO - [2024-12-15T11:07:13.895+0000] {dagbag.py:588} INFO - Filling up the DagBag from /opt/airflow/dags/Extract_history_financial_data.py
[2024-12-15T11:07:14.361+0000] {processor.py:925} INFO - DAG(s) 'parallel_historycal_financial_reports' retrieved from /opt/airflow/dags/Extract_history_financial_data.py
[2024-12-15T11:07:14.444+0000] {logging_mixin.py:190} INFO - [2024-12-15T11:07:14.444+0000] {dag.py:3239} INFO - Sync 1 DAGs
[2024-12-15T11:07:14.468+0000] {logging_mixin.py:190} INFO - [2024-12-15T11:07:14.468+0000] {dag.py:4180} INFO - Setting next_dagrun for parallel_historycal_financial_reports to None, run_after=None
[2024-12-15T11:07:14.524+0000] {processor.py:208} INFO - Processing /opt/airflow/dags/Extract_history_financial_data.py took 0.642 seconds
[2024-12-15T11:07:44.905+0000] {processor.py:186} INFO - Started process (PID=889) to work on /opt/airflow/dags/Extract_history_financial_data.py
[2024-12-15T11:07:44.907+0000] {processor.py:914} INFO - Processing file /opt/airflow/dags/Extract_history_financial_data.py for tasks to queue
[2024-12-15T11:07:44.910+0000] {logging_mixin.py:190} INFO - [2024-12-15T11:07:44.910+0000] {dagbag.py:588} INFO - Filling up the DagBag from /opt/airflow/dags/Extract_history_financial_data.py
[2024-12-15T11:07:45.478+0000] {processor.py:925} INFO - DAG(s) 'parallel_historycal_financial_reports' retrieved from /opt/airflow/dags/Extract_history_financial_data.py
[2024-12-15T11:07:45.560+0000] {logging_mixin.py:190} INFO - [2024-12-15T11:07:45.559+0000] {dag.py:3239} INFO - Sync 1 DAGs
[2024-12-15T11:07:45.590+0000] {logging_mixin.py:190} INFO - [2024-12-15T11:07:45.590+0000] {dag.py:4180} INFO - Setting next_dagrun for parallel_historycal_financial_reports to None, run_after=None
[2024-12-15T11:07:45.641+0000] {processor.py:208} INFO - Processing /opt/airflow/dags/Extract_history_financial_data.py took 0.743 seconds
