[2024-12-15T04:22:04.221+0000] {processor.py:186} INFO - Started process (PID=203) to work on /opt/airflow/dags/Load_company_info_to_staging.py
[2024-12-15T04:22:04.222+0000] {processor.py:914} INFO - Processing file /opt/airflow/dags/Load_company_info_to_staging.py for tasks to queue
[2024-12-15T04:22:04.225+0000] {logging_mixin.py:190} INFO - [2024-12-15T04:22:04.224+0000] {dagbag.py:588} INFO - Filling up the DagBag from /opt/airflow/dags/Load_company_info_to_staging.py
[2024-12-15T04:22:04.261+0000] {processor.py:925} INFO - DAG(s) 'load_company_info_to_staging_db' retrieved from /opt/airflow/dags/Load_company_info_to_staging.py
[2024-12-15T04:22:04.344+0000] {logging_mixin.py:190} INFO - [2024-12-15T04:22:04.343+0000] {dag.py:3239} INFO - Sync 1 DAGs
[2024-12-15T04:22:04.375+0000] {logging_mixin.py:190} INFO - [2024-12-15T04:22:04.374+0000] {dag.py:4180} INFO - Setting next_dagrun for load_company_info_to_staging_db to None, run_after=None
[2024-12-15T04:22:04.442+0000] {processor.py:208} INFO - Processing /opt/airflow/dags/Load_company_info_to_staging.py took 0.230 seconds
[2024-12-15T10:57:48.048+0000] {processor.py:186} INFO - Started process (PID=208) to work on /opt/airflow/dags/Load_company_info_to_staging.py
[2024-12-15T10:57:48.050+0000] {processor.py:914} INFO - Processing file /opt/airflow/dags/Load_company_info_to_staging.py for tasks to queue
[2024-12-15T10:57:48.053+0000] {logging_mixin.py:190} INFO - [2024-12-15T10:57:48.053+0000] {dagbag.py:588} INFO - Filling up the DagBag from /opt/airflow/dags/Load_company_info_to_staging.py
[2024-12-15T10:57:48.101+0000] {processor.py:925} INFO - DAG(s) 'load_company_info_to_staging_db' retrieved from /opt/airflow/dags/Load_company_info_to_staging.py
[2024-12-15T10:57:48.219+0000] {logging_mixin.py:190} INFO - [2024-12-15T10:57:48.218+0000] {dag.py:3239} INFO - Sync 1 DAGs
[2024-12-15T10:57:48.275+0000] {logging_mixin.py:190} INFO - [2024-12-15T10:57:48.274+0000] {dag.py:4180} INFO - Setting next_dagrun for load_company_info_to_staging_db to None, run_after=None
[2024-12-15T10:57:48.390+0000] {processor.py:208} INFO - Processing /opt/airflow/dags/Load_company_info_to_staging.py took 0.357 seconds
[2024-12-15T10:58:18.620+0000] {processor.py:186} INFO - Started process (PID=242) to work on /opt/airflow/dags/Load_company_info_to_staging.py
[2024-12-15T10:58:18.621+0000] {processor.py:914} INFO - Processing file /opt/airflow/dags/Load_company_info_to_staging.py for tasks to queue
[2024-12-15T10:58:18.623+0000] {logging_mixin.py:190} INFO - [2024-12-15T10:58:18.623+0000] {dagbag.py:588} INFO - Filling up the DagBag from /opt/airflow/dags/Load_company_info_to_staging.py
[2024-12-15T10:58:18.653+0000] {processor.py:925} INFO - DAG(s) 'load_company_info_to_staging_db' retrieved from /opt/airflow/dags/Load_company_info_to_staging.py
[2024-12-15T10:58:18.731+0000] {logging_mixin.py:190} INFO - [2024-12-15T10:58:18.731+0000] {dag.py:3239} INFO - Sync 1 DAGs
[2024-12-15T10:58:18.758+0000] {logging_mixin.py:190} INFO - [2024-12-15T10:58:18.758+0000] {dag.py:4180} INFO - Setting next_dagrun for load_company_info_to_staging_db to None, run_after=None
[2024-12-15T10:58:18.811+0000] {processor.py:208} INFO - Processing /opt/airflow/dags/Load_company_info_to_staging.py took 0.200 seconds
[2024-12-15T10:58:48.935+0000] {processor.py:186} INFO - Started process (PID=274) to work on /opt/airflow/dags/Load_company_info_to_staging.py
[2024-12-15T10:58:48.938+0000] {processor.py:914} INFO - Processing file /opt/airflow/dags/Load_company_info_to_staging.py for tasks to queue
[2024-12-15T10:58:48.941+0000] {logging_mixin.py:190} INFO - [2024-12-15T10:58:48.940+0000] {dagbag.py:588} INFO - Filling up the DagBag from /opt/airflow/dags/Load_company_info_to_staging.py
[2024-12-15T10:58:48.984+0000] {processor.py:925} INFO - DAG(s) 'load_company_info_to_staging_db' retrieved from /opt/airflow/dags/Load_company_info_to_staging.py
[2024-12-15T10:58:49.058+0000] {logging_mixin.py:190} INFO - [2024-12-15T10:58:49.058+0000] {dag.py:3239} INFO - Sync 1 DAGs
[2024-12-15T10:58:49.085+0000] {logging_mixin.py:190} INFO - [2024-12-15T10:58:49.084+0000] {dag.py:4180} INFO - Setting next_dagrun for load_company_info_to_staging_db to None, run_after=None
[2024-12-15T10:58:49.133+0000] {processor.py:208} INFO - Processing /opt/airflow/dags/Load_company_info_to_staging.py took 0.209 seconds
[2024-12-15T10:59:19.595+0000] {processor.py:186} INFO - Started process (PID=309) to work on /opt/airflow/dags/Load_company_info_to_staging.py
[2024-12-15T10:59:19.597+0000] {processor.py:914} INFO - Processing file /opt/airflow/dags/Load_company_info_to_staging.py for tasks to queue
[2024-12-15T10:59:19.600+0000] {logging_mixin.py:190} INFO - [2024-12-15T10:59:19.600+0000] {dagbag.py:588} INFO - Filling up the DagBag from /opt/airflow/dags/Load_company_info_to_staging.py
[2024-12-15T10:59:19.636+0000] {processor.py:925} INFO - DAG(s) 'load_company_info_to_staging_db' retrieved from /opt/airflow/dags/Load_company_info_to_staging.py
[2024-12-15T10:59:19.702+0000] {logging_mixin.py:190} INFO - [2024-12-15T10:59:19.702+0000] {dag.py:3239} INFO - Sync 1 DAGs
[2024-12-15T10:59:19.724+0000] {logging_mixin.py:190} INFO - [2024-12-15T10:59:19.723+0000] {dag.py:4180} INFO - Setting next_dagrun for load_company_info_to_staging_db to None, run_after=None
[2024-12-15T10:59:19.764+0000] {processor.py:208} INFO - Processing /opt/airflow/dags/Load_company_info_to_staging.py took 0.176 seconds
[2024-12-15T10:59:50.133+0000] {processor.py:186} INFO - Started process (PID=344) to work on /opt/airflow/dags/Load_company_info_to_staging.py
[2024-12-15T10:59:50.136+0000] {processor.py:914} INFO - Processing file /opt/airflow/dags/Load_company_info_to_staging.py for tasks to queue
[2024-12-15T10:59:50.139+0000] {logging_mixin.py:190} INFO - [2024-12-15T10:59:50.139+0000] {dagbag.py:588} INFO - Filling up the DagBag from /opt/airflow/dags/Load_company_info_to_staging.py
[2024-12-15T10:59:50.174+0000] {processor.py:925} INFO - DAG(s) 'load_company_info_to_staging_db' retrieved from /opt/airflow/dags/Load_company_info_to_staging.py
[2024-12-15T10:59:50.242+0000] {logging_mixin.py:190} INFO - [2024-12-15T10:59:50.241+0000] {dag.py:3239} INFO - Sync 1 DAGs
[2024-12-15T10:59:50.270+0000] {logging_mixin.py:190} INFO - [2024-12-15T10:59:50.269+0000] {dag.py:4180} INFO - Setting next_dagrun for load_company_info_to_staging_db to None, run_after=None
[2024-12-15T10:59:50.320+0000] {processor.py:208} INFO - Processing /opt/airflow/dags/Load_company_info_to_staging.py took 0.194 seconds
[2024-12-15T11:00:21.266+0000] {processor.py:186} INFO - Started process (PID=379) to work on /opt/airflow/dags/Load_company_info_to_staging.py
[2024-12-15T11:00:21.268+0000] {processor.py:914} INFO - Processing file /opt/airflow/dags/Load_company_info_to_staging.py for tasks to queue
[2024-12-15T11:00:21.272+0000] {logging_mixin.py:190} INFO - [2024-12-15T11:00:21.272+0000] {dagbag.py:588} INFO - Filling up the DagBag from /opt/airflow/dags/Load_company_info_to_staging.py
[2024-12-15T11:00:21.303+0000] {processor.py:925} INFO - DAG(s) 'load_company_info_to_staging_db' retrieved from /opt/airflow/dags/Load_company_info_to_staging.py
[2024-12-15T11:00:21.367+0000] {logging_mixin.py:190} INFO - [2024-12-15T11:00:21.366+0000] {dag.py:3239} INFO - Sync 1 DAGs
[2024-12-15T11:00:21.385+0000] {logging_mixin.py:190} INFO - [2024-12-15T11:00:21.384+0000] {dag.py:4180} INFO - Setting next_dagrun for load_company_info_to_staging_db to None, run_after=None
[2024-12-15T11:00:21.421+0000] {processor.py:208} INFO - Processing /opt/airflow/dags/Load_company_info_to_staging.py took 0.161 seconds
[2024-12-15T11:00:51.857+0000] {processor.py:186} INFO - Started process (PID=414) to work on /opt/airflow/dags/Load_company_info_to_staging.py
[2024-12-15T11:00:51.859+0000] {processor.py:914} INFO - Processing file /opt/airflow/dags/Load_company_info_to_staging.py for tasks to queue
[2024-12-15T11:00:51.861+0000] {logging_mixin.py:190} INFO - [2024-12-15T11:00:51.861+0000] {dagbag.py:588} INFO - Filling up the DagBag from /opt/airflow/dags/Load_company_info_to_staging.py
[2024-12-15T11:00:51.891+0000] {processor.py:925} INFO - DAG(s) 'load_company_info_to_staging_db' retrieved from /opt/airflow/dags/Load_company_info_to_staging.py
[2024-12-15T11:00:51.965+0000] {logging_mixin.py:190} INFO - [2024-12-15T11:00:51.965+0000] {dag.py:3239} INFO - Sync 1 DAGs
[2024-12-15T11:00:51.992+0000] {logging_mixin.py:190} INFO - [2024-12-15T11:00:51.992+0000] {dag.py:4180} INFO - Setting next_dagrun for load_company_info_to_staging_db to None, run_after=None
[2024-12-15T11:00:52.047+0000] {processor.py:208} INFO - Processing /opt/airflow/dags/Load_company_info_to_staging.py took 0.197 seconds
[2024-12-15T11:01:22.784+0000] {processor.py:186} INFO - Started process (PID=449) to work on /opt/airflow/dags/Load_company_info_to_staging.py
[2024-12-15T11:01:22.785+0000] {processor.py:914} INFO - Processing file /opt/airflow/dags/Load_company_info_to_staging.py for tasks to queue
[2024-12-15T11:01:22.789+0000] {logging_mixin.py:190} INFO - [2024-12-15T11:01:22.788+0000] {dagbag.py:588} INFO - Filling up the DagBag from /opt/airflow/dags/Load_company_info_to_staging.py
[2024-12-15T11:01:22.828+0000] {processor.py:925} INFO - DAG(s) 'load_company_info_to_staging_db' retrieved from /opt/airflow/dags/Load_company_info_to_staging.py
[2024-12-15T11:01:22.904+0000] {logging_mixin.py:190} INFO - [2024-12-15T11:01:22.903+0000] {dag.py:3239} INFO - Sync 1 DAGs
[2024-12-15T11:01:22.988+0000] {logging_mixin.py:190} INFO - [2024-12-15T11:01:22.987+0000] {dag.py:4180} INFO - Setting next_dagrun for load_company_info_to_staging_db to None, run_after=None
[2024-12-15T11:01:23.023+0000] {processor.py:208} INFO - Processing /opt/airflow/dags/Load_company_info_to_staging.py took 0.247 seconds
[2024-12-15T11:01:53.075+0000] {processor.py:186} INFO - Started process (PID=484) to work on /opt/airflow/dags/Load_company_info_to_staging.py
[2024-12-15T11:01:53.077+0000] {processor.py:914} INFO - Processing file /opt/airflow/dags/Load_company_info_to_staging.py for tasks to queue
[2024-12-15T11:01:53.080+0000] {logging_mixin.py:190} INFO - [2024-12-15T11:01:53.080+0000] {dagbag.py:588} INFO - Filling up the DagBag from /opt/airflow/dags/Load_company_info_to_staging.py
[2024-12-15T11:01:53.104+0000] {processor.py:925} INFO - DAG(s) 'load_company_info_to_staging_db' retrieved from /opt/airflow/dags/Load_company_info_to_staging.py
[2024-12-15T11:01:53.167+0000] {logging_mixin.py:190} INFO - [2024-12-15T11:01:53.167+0000] {dag.py:3239} INFO - Sync 1 DAGs
[2024-12-15T11:01:53.189+0000] {logging_mixin.py:190} INFO - [2024-12-15T11:01:53.188+0000] {dag.py:4180} INFO - Setting next_dagrun for load_company_info_to_staging_db to None, run_after=None
[2024-12-15T11:01:53.236+0000] {processor.py:208} INFO - Processing /opt/airflow/dags/Load_company_info_to_staging.py took 0.170 seconds
[2024-12-15T11:02:23.283+0000] {processor.py:186} INFO - Started process (PID=520) to work on /opt/airflow/dags/Load_company_info_to_staging.py
[2024-12-15T11:02:23.285+0000] {processor.py:914} INFO - Processing file /opt/airflow/dags/Load_company_info_to_staging.py for tasks to queue
[2024-12-15T11:02:23.287+0000] {logging_mixin.py:190} INFO - [2024-12-15T11:02:23.287+0000] {dagbag.py:588} INFO - Filling up the DagBag from /opt/airflow/dags/Load_company_info_to_staging.py
[2024-12-15T11:02:23.305+0000] {processor.py:925} INFO - DAG(s) 'load_company_info_to_staging_db' retrieved from /opt/airflow/dags/Load_company_info_to_staging.py
[2024-12-15T11:02:23.358+0000] {logging_mixin.py:190} INFO - [2024-12-15T11:02:23.358+0000] {dag.py:3239} INFO - Sync 1 DAGs
[2024-12-15T11:02:23.377+0000] {logging_mixin.py:190} INFO - [2024-12-15T11:02:23.377+0000] {dag.py:4180} INFO - Setting next_dagrun for load_company_info_to_staging_db to None, run_after=None
[2024-12-15T11:02:23.411+0000] {processor.py:208} INFO - Processing /opt/airflow/dags/Load_company_info_to_staging.py took 0.133 seconds
[2024-12-15T11:02:54.193+0000] {processor.py:186} INFO - Started process (PID=556) to work on /opt/airflow/dags/Load_company_info_to_staging.py
[2024-12-15T11:02:54.194+0000] {processor.py:914} INFO - Processing file /opt/airflow/dags/Load_company_info_to_staging.py for tasks to queue
[2024-12-15T11:02:54.197+0000] {logging_mixin.py:190} INFO - [2024-12-15T11:02:54.196+0000] {dagbag.py:588} INFO - Filling up the DagBag from /opt/airflow/dags/Load_company_info_to_staging.py
[2024-12-15T11:02:54.217+0000] {processor.py:925} INFO - DAG(s) 'load_company_info_to_staging_db' retrieved from /opt/airflow/dags/Load_company_info_to_staging.py
[2024-12-15T11:02:54.266+0000] {logging_mixin.py:190} INFO - [2024-12-15T11:02:54.266+0000] {dag.py:3239} INFO - Sync 1 DAGs
[2024-12-15T11:02:54.285+0000] {logging_mixin.py:190} INFO - [2024-12-15T11:02:54.284+0000] {dag.py:4180} INFO - Setting next_dagrun for load_company_info_to_staging_db to None, run_after=None
[2024-12-15T11:02:54.323+0000] {processor.py:208} INFO - Processing /opt/airflow/dags/Load_company_info_to_staging.py took 0.137 seconds
[2024-12-15T11:03:24.386+0000] {processor.py:186} INFO - Started process (PID=591) to work on /opt/airflow/dags/Load_company_info_to_staging.py
[2024-12-15T11:03:24.389+0000] {processor.py:914} INFO - Processing file /opt/airflow/dags/Load_company_info_to_staging.py for tasks to queue
[2024-12-15T11:03:24.394+0000] {logging_mixin.py:190} INFO - [2024-12-15T11:03:24.393+0000] {dagbag.py:588} INFO - Filling up the DagBag from /opt/airflow/dags/Load_company_info_to_staging.py
[2024-12-15T11:03:24.425+0000] {processor.py:925} INFO - DAG(s) 'load_company_info_to_staging_db' retrieved from /opt/airflow/dags/Load_company_info_to_staging.py
[2024-12-15T11:03:24.516+0000] {logging_mixin.py:190} INFO - [2024-12-15T11:03:24.515+0000] {dag.py:3239} INFO - Sync 1 DAGs
[2024-12-15T11:03:24.548+0000] {logging_mixin.py:190} INFO - [2024-12-15T11:03:24.547+0000] {dag.py:4180} INFO - Setting next_dagrun for load_company_info_to_staging_db to None, run_after=None
[2024-12-15T11:03:24.601+0000] {processor.py:208} INFO - Processing /opt/airflow/dags/Load_company_info_to_staging.py took 0.223 seconds
[2024-12-15T11:03:55.139+0000] {processor.py:186} INFO - Started process (PID=634) to work on /opt/airflow/dags/Load_company_info_to_staging.py
[2024-12-15T11:03:55.142+0000] {processor.py:914} INFO - Processing file /opt/airflow/dags/Load_company_info_to_staging.py for tasks to queue
[2024-12-15T11:03:55.145+0000] {logging_mixin.py:190} INFO - [2024-12-15T11:03:55.145+0000] {dagbag.py:588} INFO - Filling up the DagBag from /opt/airflow/dags/Load_company_info_to_staging.py
[2024-12-15T11:03:55.177+0000] {processor.py:925} INFO - DAG(s) 'load_company_info_to_staging_db' retrieved from /opt/airflow/dags/Load_company_info_to_staging.py
[2024-12-15T11:03:55.279+0000] {logging_mixin.py:190} INFO - [2024-12-15T11:03:55.279+0000] {dag.py:3239} INFO - Sync 1 DAGs
[2024-12-15T11:03:55.387+0000] {logging_mixin.py:190} INFO - [2024-12-15T11:03:55.386+0000] {dag.py:4180} INFO - Setting next_dagrun for load_company_info_to_staging_db to None, run_after=None
[2024-12-15T11:03:55.506+0000] {processor.py:208} INFO - Processing /opt/airflow/dags/Load_company_info_to_staging.py took 0.375 seconds
[2024-12-15T11:04:25.988+0000] {processor.py:186} INFO - Started process (PID=669) to work on /opt/airflow/dags/Load_company_info_to_staging.py
[2024-12-15T11:04:25.991+0000] {processor.py:914} INFO - Processing file /opt/airflow/dags/Load_company_info_to_staging.py for tasks to queue
[2024-12-15T11:04:25.995+0000] {logging_mixin.py:190} INFO - [2024-12-15T11:04:25.995+0000] {dagbag.py:588} INFO - Filling up the DagBag from /opt/airflow/dags/Load_company_info_to_staging.py
[2024-12-15T11:04:26.034+0000] {processor.py:925} INFO - DAG(s) 'load_company_info_to_staging_db' retrieved from /opt/airflow/dags/Load_company_info_to_staging.py
[2024-12-15T11:04:26.111+0000] {logging_mixin.py:190} INFO - [2024-12-15T11:04:26.111+0000] {dag.py:3239} INFO - Sync 1 DAGs
[2024-12-15T11:04:26.137+0000] {logging_mixin.py:190} INFO - [2024-12-15T11:04:26.136+0000] {dag.py:4180} INFO - Setting next_dagrun for load_company_info_to_staging_db to None, run_after=None
[2024-12-15T11:04:26.186+0000] {processor.py:208} INFO - Processing /opt/airflow/dags/Load_company_info_to_staging.py took 0.205 seconds
[2024-12-15T11:04:56.299+0000] {processor.py:186} INFO - Started process (PID=704) to work on /opt/airflow/dags/Load_company_info_to_staging.py
[2024-12-15T11:04:56.302+0000] {processor.py:914} INFO - Processing file /opt/airflow/dags/Load_company_info_to_staging.py for tasks to queue
[2024-12-15T11:04:56.307+0000] {logging_mixin.py:190} INFO - [2024-12-15T11:04:56.307+0000] {dagbag.py:588} INFO - Filling up the DagBag from /opt/airflow/dags/Load_company_info_to_staging.py
[2024-12-15T11:04:56.362+0000] {processor.py:925} INFO - DAG(s) 'load_company_info_to_staging_db' retrieved from /opt/airflow/dags/Load_company_info_to_staging.py
[2024-12-15T11:04:56.444+0000] {logging_mixin.py:190} INFO - [2024-12-15T11:04:56.443+0000] {dag.py:3239} INFO - Sync 1 DAGs
[2024-12-15T11:04:56.486+0000] {logging_mixin.py:190} INFO - [2024-12-15T11:04:56.485+0000] {dag.py:4180} INFO - Setting next_dagrun for load_company_info_to_staging_db to None, run_after=None
[2024-12-15T11:04:56.558+0000] {processor.py:208} INFO - Processing /opt/airflow/dags/Load_company_info_to_staging.py took 0.270 seconds
[2024-12-15T11:05:26.804+0000] {processor.py:186} INFO - Started process (PID=739) to work on /opt/airflow/dags/Load_company_info_to_staging.py
[2024-12-15T11:05:26.805+0000] {processor.py:914} INFO - Processing file /opt/airflow/dags/Load_company_info_to_staging.py for tasks to queue
[2024-12-15T11:05:26.810+0000] {logging_mixin.py:190} INFO - [2024-12-15T11:05:26.809+0000] {dagbag.py:588} INFO - Filling up the DagBag from /opt/airflow/dags/Load_company_info_to_staging.py
[2024-12-15T11:05:26.850+0000] {processor.py:925} INFO - DAG(s) 'load_company_info_to_staging_db' retrieved from /opt/airflow/dags/Load_company_info_to_staging.py
[2024-12-15T11:05:26.982+0000] {logging_mixin.py:190} INFO - [2024-12-15T11:05:26.982+0000] {dag.py:3239} INFO - Sync 1 DAGs
[2024-12-15T11:05:27.019+0000] {logging_mixin.py:190} INFO - [2024-12-15T11:05:27.019+0000] {dag.py:4180} INFO - Setting next_dagrun for load_company_info_to_staging_db to None, run_after=None
[2024-12-15T11:05:27.072+0000] {processor.py:208} INFO - Processing /opt/airflow/dags/Load_company_info_to_staging.py took 0.280 seconds
[2024-12-15T11:05:57.622+0000] {processor.py:186} INFO - Started process (PID=774) to work on /opt/airflow/dags/Load_company_info_to_staging.py
[2024-12-15T11:05:57.625+0000] {processor.py:914} INFO - Processing file /opt/airflow/dags/Load_company_info_to_staging.py for tasks to queue
[2024-12-15T11:05:57.630+0000] {logging_mixin.py:190} INFO - [2024-12-15T11:05:57.629+0000] {dagbag.py:588} INFO - Filling up the DagBag from /opt/airflow/dags/Load_company_info_to_staging.py
[2024-12-15T11:05:57.680+0000] {processor.py:925} INFO - DAG(s) 'load_company_info_to_staging_db' retrieved from /opt/airflow/dags/Load_company_info_to_staging.py
[2024-12-15T11:05:57.783+0000] {logging_mixin.py:190} INFO - [2024-12-15T11:05:57.783+0000] {dag.py:3239} INFO - Sync 1 DAGs
[2024-12-15T11:05:57.825+0000] {logging_mixin.py:190} INFO - [2024-12-15T11:05:57.825+0000] {dag.py:4180} INFO - Setting next_dagrun for load_company_info_to_staging_db to None, run_after=None
[2024-12-15T11:05:57.901+0000] {processor.py:208} INFO - Processing /opt/airflow/dags/Load_company_info_to_staging.py took 0.294 seconds
[2024-12-15T11:06:28.450+0000] {processor.py:186} INFO - Started process (PID=808) to work on /opt/airflow/dags/Load_company_info_to_staging.py
[2024-12-15T11:06:28.452+0000] {processor.py:914} INFO - Processing file /opt/airflow/dags/Load_company_info_to_staging.py for tasks to queue
[2024-12-15T11:06:28.454+0000] {logging_mixin.py:190} INFO - [2024-12-15T11:06:28.454+0000] {dagbag.py:588} INFO - Filling up the DagBag from /opt/airflow/dags/Load_company_info_to_staging.py
[2024-12-15T11:06:28.477+0000] {processor.py:925} INFO - DAG(s) 'load_company_info_to_staging_db' retrieved from /opt/airflow/dags/Load_company_info_to_staging.py
[2024-12-15T11:06:28.538+0000] {logging_mixin.py:190} INFO - [2024-12-15T11:06:28.538+0000] {dag.py:3239} INFO - Sync 1 DAGs
[2024-12-15T11:06:28.557+0000] {logging_mixin.py:190} INFO - [2024-12-15T11:06:28.557+0000] {dag.py:4180} INFO - Setting next_dagrun for load_company_info_to_staging_db to None, run_after=None
[2024-12-15T11:06:28.598+0000] {processor.py:208} INFO - Processing /opt/airflow/dags/Load_company_info_to_staging.py took 0.154 seconds
[2024-12-15T11:06:59.565+0000] {processor.py:186} INFO - Started process (PID=843) to work on /opt/airflow/dags/Load_company_info_to_staging.py
[2024-12-15T11:06:59.568+0000] {processor.py:914} INFO - Processing file /opt/airflow/dags/Load_company_info_to_staging.py for tasks to queue
[2024-12-15T11:06:59.571+0000] {logging_mixin.py:190} INFO - [2024-12-15T11:06:59.571+0000] {dagbag.py:588} INFO - Filling up the DagBag from /opt/airflow/dags/Load_company_info_to_staging.py
[2024-12-15T11:06:59.594+0000] {processor.py:925} INFO - DAG(s) 'load_company_info_to_staging_db' retrieved from /opt/airflow/dags/Load_company_info_to_staging.py
[2024-12-15T11:06:59.661+0000] {logging_mixin.py:190} INFO - [2024-12-15T11:06:59.661+0000] {dag.py:3239} INFO - Sync 1 DAGs
[2024-12-15T11:06:59.678+0000] {logging_mixin.py:190} INFO - [2024-12-15T11:06:59.678+0000] {dag.py:4180} INFO - Setting next_dagrun for load_company_info_to_staging_db to None, run_after=None
[2024-12-15T11:06:59.718+0000] {processor.py:208} INFO - Processing /opt/airflow/dags/Load_company_info_to_staging.py took 0.159 seconds
[2024-12-15T11:07:30.376+0000] {processor.py:186} INFO - Started process (PID=878) to work on /opt/airflow/dags/Load_company_info_to_staging.py
[2024-12-15T11:07:30.378+0000] {processor.py:914} INFO - Processing file /opt/airflow/dags/Load_company_info_to_staging.py for tasks to queue
[2024-12-15T11:07:30.380+0000] {logging_mixin.py:190} INFO - [2024-12-15T11:07:30.380+0000] {dagbag.py:588} INFO - Filling up the DagBag from /opt/airflow/dags/Load_company_info_to_staging.py
[2024-12-15T11:07:30.406+0000] {processor.py:925} INFO - DAG(s) 'load_company_info_to_staging_db' retrieved from /opt/airflow/dags/Load_company_info_to_staging.py
[2024-12-15T11:07:30.465+0000] {logging_mixin.py:190} INFO - [2024-12-15T11:07:30.465+0000] {dag.py:3239} INFO - Sync 1 DAGs
[2024-12-15T11:07:30.489+0000] {logging_mixin.py:190} INFO - [2024-12-15T11:07:30.488+0000] {dag.py:4180} INFO - Setting next_dagrun for load_company_info_to_staging_db to None, run_after=None
[2024-12-15T11:07:30.556+0000] {processor.py:208} INFO - Processing /opt/airflow/dags/Load_company_info_to_staging.py took 0.186 seconds
[2024-12-15T11:08:00.791+0000] {processor.py:186} INFO - Started process (PID=939) to work on /opt/airflow/dags/Load_company_info_to_staging.py
[2024-12-15T11:08:00.792+0000] {processor.py:914} INFO - Processing file /opt/airflow/dags/Load_company_info_to_staging.py for tasks to queue
[2024-12-15T11:08:00.794+0000] {logging_mixin.py:190} INFO - [2024-12-15T11:08:00.794+0000] {dagbag.py:588} INFO - Filling up the DagBag from /opt/airflow/dags/Load_company_info_to_staging.py
[2024-12-15T11:08:00.827+0000] {processor.py:925} INFO - DAG(s) 'load_company_info_to_staging_db' retrieved from /opt/airflow/dags/Load_company_info_to_staging.py
[2024-12-15T11:08:00.943+0000] {logging_mixin.py:190} INFO - [2024-12-15T11:08:00.943+0000] {dag.py:3239} INFO - Sync 1 DAGs
[2024-12-15T11:08:00.973+0000] {logging_mixin.py:190} INFO - [2024-12-15T11:08:00.973+0000] {dag.py:4180} INFO - Setting next_dagrun for load_company_info_to_staging_db to None, run_after=None
[2024-12-15T11:08:01.017+0000] {processor.py:208} INFO - Processing /opt/airflow/dags/Load_company_info_to_staging.py took 0.235 seconds
