[2024-12-07T13:23:59.921+0000] {local_task_job_runner.py:123} INFO - ::group::Pre task execution logs
[2024-12-07T13:23:59.981+0000] {taskinstance.py:2613} INFO - Dependencies all met for dep_context=non-requeueable deps ti=<TaskInstance: parallel_historical_price_with_group.process_groups.process_group_2 manual__2024-12-07T13:23:55.698416+00:00 [queued]>
[2024-12-07T13:24:00.000+0000] {taskinstance.py:2613} INFO - Dependencies all met for dep_context=requeueable deps ti=<TaskInstance: parallel_historical_price_with_group.process_groups.process_group_2 manual__2024-12-07T13:23:55.698416+00:00 [queued]>
[2024-12-07T13:24:00.000+0000] {taskinstance.py:2866} INFO - Starting attempt 1 of 1
[2024-12-07T13:24:00.037+0000] {taskinstance.py:2889} INFO - Executing <Task(PythonOperator): process_groups.process_group_2> on 2024-12-07 13:23:55.698416+00:00
[2024-12-07T13:24:00.053+0000] {logging_mixin.py:190} WARNING - /usr/local/lib/python3.12/site-packages/airflow/task/task_runner/standard_task_runner.py:70 DeprecationWarning: This process (pid=5754) is multi-threaded, use of fork() may lead to deadlocks in the child.
[2024-12-07T13:24:00.054+0000] {standard_task_runner.py:72} INFO - Started process 5772 to run task
[2024-12-07T13:24:00.056+0000] {standard_task_runner.py:104} INFO - Running: ['airflow', 'tasks', 'run', 'parallel_historical_price_with_group', 'process_groups.process_group_2', 'manual__2024-12-07T13:23:55.698416+00:00', '--job-id', '64', '--raw', '--subdir', 'DAGS_FOLDER/Extract_history_price_data.py', '--cfg-path', '/tmp/tmpy3cro5xk']
[2024-12-07T13:24:00.065+0000] {standard_task_runner.py:105} INFO - Job 64: Subtask process_groups.process_group_2
[2024-12-07T13:24:00.338+0000] {task_command.py:467} INFO - Running <TaskInstance: parallel_historical_price_with_group.process_groups.process_group_2 manual__2024-12-07T13:23:55.698416+00:00 [running]> on host 5690cb444f4e
[2024-12-07T13:24:00.622+0000] {taskinstance.py:3132} INFO - Exporting env vars: AIRFLOW_CTX_DAG_OWNER='airflowDWH' AIRFLOW_CTX_DAG_ID='parallel_historical_price_with_group' AIRFLOW_CTX_TASK_ID='process_groups.process_group_2' AIRFLOW_CTX_EXECUTION_DATE='2024-12-07T13:23:55.698416+00:00' AIRFLOW_CTX_TRY_NUMBER='1' AIRFLOW_CTX_DAG_RUN_ID='manual__2024-12-07T13:23:55.698416+00:00'
[2024-12-07T13:24:00.624+0000] {taskinstance.py:731} INFO - ::endgroup::
[2024-12-07T13:24:05.850+0000] {data_explorer.py:64} WARNING - Thông tin niêm yết & giao dịch sẽ được truy xuất từ TCBS
[2024-12-07T13:24:07.579+0000] {data_explorer.py:64} WARNING - Thông tin niêm yết & giao dịch sẽ được truy xuất từ TCBS
[2024-12-07T13:24:09.052+0000] {data_explorer.py:64} WARNING - Thông tin niêm yết & giao dịch sẽ được truy xuất từ TCBS
[2024-12-07T13:24:11.156+0000] {data_explorer.py:64} WARNING - Thông tin niêm yết & giao dịch sẽ được truy xuất từ TCBS
[2024-12-07T13:24:13.460+0000] {data_explorer.py:64} WARNING - Thông tin niêm yết & giao dịch sẽ được truy xuất từ TCBS
[2024-12-07T13:24:15.351+0000] {data_explorer.py:64} WARNING - Thông tin niêm yết & giao dịch sẽ được truy xuất từ TCBS
[2024-12-07T13:24:17.070+0000] {data_explorer.py:64} WARNING - Thông tin niêm yết & giao dịch sẽ được truy xuất từ TCBS
[2024-12-07T13:24:20.805+0000] {data_explorer.py:64} WARNING - Thông tin niêm yết & giao dịch sẽ được truy xuất từ TCBS
[2024-12-07T13:24:21.995+0000] {data_explorer.py:64} WARNING - Thông tin niêm yết & giao dịch sẽ được truy xuất từ TCBS
[2024-12-07T13:24:22.919+0000] {data_explorer.py:64} WARNING - Thông tin niêm yết & giao dịch sẽ được truy xuất từ TCBS
[2024-12-07T13:24:23.896+0000] {data_explorer.py:64} WARNING - Thông tin niêm yết & giao dịch sẽ được truy xuất từ TCBS
[2024-12-07T13:24:24.926+0000] {data_explorer.py:64} WARNING - Thông tin niêm yết & giao dịch sẽ được truy xuất từ TCBS
[2024-12-07T13:24:26.162+0000] {data_explorer.py:64} WARNING - Thông tin niêm yết & giao dịch sẽ được truy xuất từ TCBS
[2024-12-07T13:24:27.522+0000] {data_explorer.py:64} WARNING - Thông tin niêm yết & giao dịch sẽ được truy xuất từ TCBS
[2024-12-07T13:24:28.548+0000] {data_explorer.py:64} WARNING - Thông tin niêm yết & giao dịch sẽ được truy xuất từ TCBS
[2024-12-07T13:24:29.835+0000] {data_explorer.py:64} WARNING - Thông tin niêm yết & giao dịch sẽ được truy xuất từ TCBS
[2024-12-07T13:24:31.993+0000] {data_explorer.py:64} WARNING - Thông tin niêm yết & giao dịch sẽ được truy xuất từ TCBS
[2024-12-07T13:24:33.234+0000] {data_explorer.py:64} WARNING - Thông tin niêm yết & giao dịch sẽ được truy xuất từ TCBS
[2024-12-07T13:24:34.371+0000] {data_explorer.py:64} WARNING - Thông tin niêm yết & giao dịch sẽ được truy xuất từ TCBS
[2024-12-07T13:24:35.610+0000] {data_explorer.py:64} WARNING - Thông tin niêm yết & giao dịch sẽ được truy xuất từ TCBS
[2024-12-07T13:24:37.780+0000] {data_explorer.py:64} WARNING - Thông tin niêm yết & giao dịch sẽ được truy xuất từ TCBS
[2024-12-07T13:24:38.949+0000] {data_explorer.py:64} WARNING - Thông tin niêm yết & giao dịch sẽ được truy xuất từ TCBS
[2024-12-07T13:24:41.181+0000] {data_explorer.py:64} WARNING - Thông tin niêm yết & giao dịch sẽ được truy xuất từ TCBS
[2024-12-07T13:24:42.115+0000] {data_explorer.py:64} WARNING - Thông tin niêm yết & giao dịch sẽ được truy xuất từ TCBS
[2024-12-07T13:24:42.965+0000] {data_explorer.py:64} WARNING - Thông tin niêm yết & giao dịch sẽ được truy xuất từ TCBS
[2024-12-07T13:24:43.893+0000] {data_explorer.py:64} WARNING - Thông tin niêm yết & giao dịch sẽ được truy xuất từ TCBS
[2024-12-07T13:24:44.439+0000] {python.py:240} INFO - Done. Returned value was: None
[2024-12-07T13:24:44.468+0000] {taskinstance.py:340} INFO - ::group::Post task execution logs
[2024-12-07T13:24:44.468+0000] {taskinstance.py:352} INFO - Marking task as SUCCESS. dag_id=parallel_historical_price_with_group, task_id=process_groups.process_group_2, run_id=manual__2024-12-07T13:23:55.698416+00:00, execution_date=20241207T132355, start_date=20241207T132359, end_date=20241207T132444
[2024-12-07T13:24:44.542+0000] {local_task_job_runner.py:266} INFO - Task exited with return code 0
[2024-12-07T13:24:44.583+0000] {local_task_job_runner.py:245} INFO - ::endgroup::
