[2024-12-12T05:05:48.744+0000] {local_task_job_runner.py:123} INFO - ::group::Pre task execution logs
[2024-12-12T05:05:48.823+0000] {taskinstance.py:2613} INFO - Dependencies all met for dep_context=non-requeueable deps ti=<TaskInstance: parallel_new_price_with_group.process_groups.process_group_4 manual__2024-12-12T05:04:27.805240+00:00 [queued]>
[2024-12-12T05:05:48.852+0000] {taskinstance.py:2613} INFO - Dependencies all met for dep_context=requeueable deps ti=<TaskInstance: parallel_new_price_with_group.process_groups.process_group_4 manual__2024-12-12T05:04:27.805240+00:00 [queued]>
[2024-12-12T05:05:48.855+0000] {taskinstance.py:2866} INFO - Starting attempt 2 of 2
[2024-12-12T05:05:48.897+0000] {taskinstance.py:2889} INFO - Executing <Task(PythonOperator): process_groups.process_group_4> on 2024-12-12 05:04:27.805240+00:00
[2024-12-12T05:05:48.937+0000] {standard_task_runner.py:104} INFO - Running: ['airflow', 'tasks', 'run', 'parallel_new_price_with_group', 'process_groups.process_group_4', 'manual__2024-12-12T05:04:27.805240+00:00', '--job-id', '266', '--raw', '--subdir', 'DAGS_FOLDER/Extract_new_price_data.py', '--cfg-path', '/tmp/tmpprowab6o']
[2024-12-12T05:05:48.941+0000] {standard_task_runner.py:105} INFO - Job 266: Subtask process_groups.process_group_4
[2024-12-12T05:05:48.941+0000] {logging_mixin.py:190} WARNING - /usr/local/lib/python3.12/site-packages/airflow/task/task_runner/standard_task_runner.py:70 DeprecationWarning: This process (pid=4837) is multi-threaded, use of fork() may lead to deadlocks in the child.
[2024-12-12T05:05:48.942+0000] {standard_task_runner.py:72} INFO - Started process 4861 to run task
[2024-12-12T05:05:49.301+0000] {task_command.py:467} INFO - Running <TaskInstance: parallel_new_price_with_group.process_groups.process_group_4 manual__2024-12-12T05:04:27.805240+00:00 [running]> on host b97e805017e1
[2024-12-12T05:05:49.832+0000] {taskinstance.py:3132} INFO - Exporting env vars: AIRFLOW_CTX_DAG_OWNER='airflowDWH' AIRFLOW_CTX_DAG_ID='parallel_new_price_with_group' AIRFLOW_CTX_TASK_ID='process_groups.process_group_4' AIRFLOW_CTX_EXECUTION_DATE='2024-12-12T05:04:27.805240+00:00' AIRFLOW_CTX_TRY_NUMBER='2' AIRFLOW_CTX_DAG_RUN_ID='manual__2024-12-12T05:04:27.805240+00:00'
[2024-12-12T05:05:49.837+0000] {taskinstance.py:731} INFO - ::endgroup::
[2024-12-12T05:05:54.258+0000] {data_explorer.py:64} WARNING - Thông tin niêm yết & giao dịch sẽ được truy xuất từ TCBS
[2024-12-12T05:05:55.663+0000] {data_explorer.py:64} WARNING - Thông tin niêm yết & giao dịch sẽ được truy xuất từ TCBS
[2024-12-12T05:05:57.013+0000] {data_explorer.py:64} WARNING - Thông tin niêm yết & giao dịch sẽ được truy xuất từ TCBS
[2024-12-12T05:05:57.529+0000] {logging_mixin.py:190} INFO - Mã cổ phiếu TID hiện bị dừng giao dịch
[2024-12-12T05:05:59.469+0000] {data_explorer.py:64} WARNING - Thông tin niêm yết & giao dịch sẽ được truy xuất từ TCBS
[2024-12-12T05:05:59.852+0000] {logging_mixin.py:190} INFO - Mã cổ phiếu TIX hiện bị dừng giao dịch
[2024-12-12T05:06:00.884+0000] {data_explorer.py:64} WARNING - Thông tin niêm yết & giao dịch sẽ được truy xuất từ TCBS
[2024-12-12T05:06:02.064+0000] {data_explorer.py:64} WARNING - Thông tin niêm yết & giao dịch sẽ được truy xuất từ TCBS
[2024-12-12T05:06:03.705+0000] {data_explorer.py:64} WARNING - Thông tin niêm yết & giao dịch sẽ được truy xuất từ TCBS
[2024-12-12T05:06:04.059+0000] {logging_mixin.py:190} INFO - Mã cổ phiếu V11 hiện bị dừng giao dịch
[2024-12-12T05:06:04.805+0000] {data_explorer.py:64} WARNING - Thông tin niêm yết & giao dịch sẽ được truy xuất từ TCBS
[2024-12-12T05:06:05.828+0000] {data_explorer.py:64} WARNING - Thông tin niêm yết & giao dịch sẽ được truy xuất từ TCBS
[2024-12-12T05:06:06.846+0000] {data_explorer.py:64} WARNING - Thông tin niêm yết & giao dịch sẽ được truy xuất từ TCBS
[2024-12-12T05:06:07.956+0000] {data_explorer.py:64} WARNING - Thông tin niêm yết & giao dịch sẽ được truy xuất từ TCBS
[2024-12-12T05:06:08.222+0000] {logging_mixin.py:190} INFO - Mã cổ phiếu VCR hiện bị dừng giao dịch
[2024-12-12T05:06:08.883+0000] {data_explorer.py:64} WARNING - Thông tin niêm yết & giao dịch sẽ được truy xuất từ TCBS
[2024-12-12T05:06:09.314+0000] {logging_mixin.py:190} INFO - Mã cổ phiếu VES hiện bị dừng giao dịch
[2024-12-12T05:06:10.143+0000] {data_explorer.py:64} WARNING - Thông tin niêm yết & giao dịch sẽ được truy xuất từ TCBS
[2024-12-12T05:06:11.079+0000] {data_explorer.py:64} WARNING - Thông tin niêm yết & giao dịch sẽ được truy xuất từ TCBS
[2024-12-12T05:06:12.370+0000] {data_explorer.py:64} WARNING - Thông tin niêm yết & giao dịch sẽ được truy xuất từ TCBS
[2024-12-12T05:06:13.246+0000] {data_explorer.py:64} WARNING - Thông tin niêm yết & giao dịch sẽ được truy xuất từ TCBS
[2024-12-12T05:06:14.237+0000] {data_explorer.py:64} WARNING - Thông tin niêm yết & giao dịch sẽ được truy xuất từ TCBS
[2024-12-12T05:06:15.212+0000] {data_explorer.py:64} WARNING - Thông tin niêm yết & giao dịch sẽ được truy xuất từ TCBS
[2024-12-12T05:06:16.327+0000] {data_explorer.py:64} WARNING - Thông tin niêm yết & giao dịch sẽ được truy xuất từ TCBS
[2024-12-12T05:06:17.255+0000] {data_explorer.py:64} WARNING - Thông tin niêm yết & giao dịch sẽ được truy xuất từ TCBS
[2024-12-12T05:06:18.243+0000] {data_explorer.py:64} WARNING - Thông tin niêm yết & giao dịch sẽ được truy xuất từ TCBS
[2024-12-12T05:06:18.488+0000] {python.py:240} INFO - Done. Returned value was: None
[2024-12-12T05:06:18.531+0000] {taskinstance.py:340} INFO - ::group::Post task execution logs
[2024-12-12T05:06:18.531+0000] {taskinstance.py:352} INFO - Marking task as SUCCESS. dag_id=parallel_new_price_with_group, task_id=process_groups.process_group_4, run_id=manual__2024-12-12T05:04:27.805240+00:00, execution_date=20241212T050427, start_date=20241212T050548, end_date=20241212T050618
[2024-12-12T05:06:18.623+0000] {local_task_job_runner.py:266} INFO - Task exited with return code 0
[2024-12-12T05:06:18.733+0000] {taskinstance.py:3895} INFO - 0 downstream tasks scheduled from follow-on schedule check
[2024-12-12T05:06:18.739+0000] {local_task_job_runner.py:245} INFO - ::endgroup::
