[2024-12-12T13:17:23.997+0000] {local_task_job_runner.py:123} INFO - ::group::Pre task execution logs
[2024-12-12T13:17:24.316+0000] {taskinstance.py:2613} INFO - Dependencies all met for dep_context=non-requeueable deps ti=<TaskInstance: parallel_new_price_with_group.process_groups.process_group_2 scheduled__2024-12-11T13:15:00+00:00 [queued]>
[2024-12-12T13:17:24.391+0000] {taskinstance.py:2613} INFO - Dependencies all met for dep_context=requeueable deps ti=<TaskInstance: parallel_new_price_with_group.process_groups.process_group_2 scheduled__2024-12-11T13:15:00+00:00 [queued]>
[2024-12-12T13:17:24.393+0000] {taskinstance.py:2866} INFO - Starting attempt 2 of 2
[2024-12-12T13:17:24.672+0000] {taskinstance.py:2889} INFO - Executing <Task(PythonOperator): process_groups.process_group_2> on 2024-12-11 13:15:00+00:00
[2024-12-12T13:17:25.041+0000] {logging_mixin.py:190} WARNING - /usr/local/lib/python3.12/site-packages/airflow/task/task_runner/standard_task_runner.py:70 DeprecationWarning: This process (pid=324) is multi-threaded, use of fork() may lead to deadlocks in the child.
[2024-12-12T13:17:25.050+0000] {standard_task_runner.py:72} INFO - Started process 346 to run task
[2024-12-12T13:17:25.055+0000] {standard_task_runner.py:104} INFO - Running: ['airflow', 'tasks', 'run', 'parallel_new_price_with_group', 'process_groups.process_group_2', 'scheduled__2024-12-11T13:15:00+00:00', '--job-id', '316', '--raw', '--subdir', 'DAGS_FOLDER/Extract_new_price_data.py', '--cfg-path', '/tmp/tmpqzz0rh9z']
[2024-12-12T13:17:25.170+0000] {standard_task_runner.py:105} INFO - Job 316: Subtask process_groups.process_group_2
[2024-12-12T13:17:26.206+0000] {task_command.py:467} INFO - Running <TaskInstance: parallel_new_price_with_group.process_groups.process_group_2 scheduled__2024-12-11T13:15:00+00:00 [running]> on host f1b774b5d57f
[2024-12-12T13:17:27.422+0000] {taskinstance.py:3132} INFO - Exporting env vars: AIRFLOW_CTX_DAG_OWNER='airflowDWH' AIRFLOW_CTX_DAG_ID='parallel_new_price_with_group' AIRFLOW_CTX_TASK_ID='process_groups.process_group_2' AIRFLOW_CTX_EXECUTION_DATE='2024-12-11T13:15:00+00:00' AIRFLOW_CTX_TRY_NUMBER='2' AIRFLOW_CTX_DAG_RUN_ID='scheduled__2024-12-11T13:15:00+00:00'
[2024-12-12T13:17:27.425+0000] {taskinstance.py:731} INFO - ::endgroup::
[2024-12-12T13:17:37.954+0000] {data_explorer.py:64} WARNING - Thông tin niêm yết & giao dịch sẽ được truy xuất từ TCBS
[2024-12-12T13:17:41.659+0000] {data_explorer.py:64} WARNING - Thông tin niêm yết & giao dịch sẽ được truy xuất từ TCBS
[2024-12-12T13:17:44.264+0000] {data_explorer.py:64} WARNING - Thông tin niêm yết & giao dịch sẽ được truy xuất từ TCBS
[2024-12-12T13:17:44.958+0000] {logging_mixin.py:190} INFO - Mã cổ phiếu FID hiện bị dừng giao dịch
[2024-12-12T13:17:46.387+0000] {data_explorer.py:64} WARNING - Thông tin niêm yết & giao dịch sẽ được truy xuất từ TCBS
[2024-12-12T13:17:49.503+0000] {data_explorer.py:64} WARNING - Thông tin niêm yết & giao dịch sẽ được truy xuất từ TCBS
[2024-12-12T13:17:52.092+0000] {data_explorer.py:64} WARNING - Thông tin niêm yết & giao dịch sẽ được truy xuất từ TCBS
[2024-12-12T13:17:53.625+0000] {data_explorer.py:64} WARNING - Thông tin niêm yết & giao dịch sẽ được truy xuất từ TCBS
[2024-12-12T13:17:56.074+0000] {data_explorer.py:64} WARNING - Thông tin niêm yết & giao dịch sẽ được truy xuất từ TCBS
[2024-12-12T13:17:56.607+0000] {logging_mixin.py:190} INFO - Mã cổ phiếu EFI hiện bị dừng giao dịch
[2024-12-12T13:17:58.362+0000] {data_explorer.py:64} WARNING - Thông tin niêm yết & giao dịch sẽ được truy xuất từ TCBS
[2024-12-12T13:17:58.887+0000] {logging_mixin.py:190} INFO - Mã cổ phiếu NTB hiện bị dừng giao dịch
[2024-12-12T13:18:00.366+0000] {data_explorer.py:64} WARNING - Thông tin niêm yết & giao dịch sẽ được truy xuất từ TCBS
[2024-12-12T13:18:02.477+0000] {data_explorer.py:64} WARNING - Thông tin niêm yết & giao dịch sẽ được truy xuất từ TCBS
[2024-12-12T13:18:04.381+0000] {data_explorer.py:64} WARNING - Thông tin niêm yết & giao dịch sẽ được truy xuất từ TCBS
[2024-12-12T13:18:06.162+0000] {data_explorer.py:64} WARNING - Thông tin niêm yết & giao dịch sẽ được truy xuất từ TCBS
[2024-12-12T13:18:07.624+0000] {data_explorer.py:64} WARNING - Thông tin niêm yết & giao dịch sẽ được truy xuất từ TCBS
[2024-12-12T13:18:07.907+0000] {logging_mixin.py:190} INFO - Mã cổ phiếu PLA hiện bị dừng giao dịch
[2024-12-12T13:18:08.850+0000] {data_explorer.py:64} WARNING - Thông tin niêm yết & giao dịch sẽ được truy xuất từ TCBS
[2024-12-12T13:18:09.235+0000] {logging_mixin.py:190} INFO - Mã cổ phiếu PPI hiện bị dừng giao dịch
[2024-12-12T13:18:10.467+0000] {data_explorer.py:64} WARNING - Thông tin niêm yết & giao dịch sẽ được truy xuất từ TCBS
[2024-12-12T13:18:11.754+0000] {data_explorer.py:64} WARNING - Thông tin niêm yết & giao dịch sẽ được truy xuất từ TCBS
[2024-12-12T13:18:13.605+0000] {data_explorer.py:64} WARNING - Thông tin niêm yết & giao dịch sẽ được truy xuất từ TCBS
[2024-12-12T13:18:14.877+0000] {data_explorer.py:64} WARNING - Thông tin niêm yết & giao dịch sẽ được truy xuất từ TCBS
[2024-12-12T13:18:16.371+0000] {data_explorer.py:64} WARNING - Thông tin niêm yết & giao dịch sẽ được truy xuất từ TCBS
[2024-12-12T13:18:17.595+0000] {data_explorer.py:64} WARNING - Thông tin niêm yết & giao dịch sẽ được truy xuất từ TCBS
[2024-12-12T13:18:18.723+0000] {data_explorer.py:64} WARNING - Thông tin niêm yết & giao dịch sẽ được truy xuất từ TCBS
[2024-12-12T13:18:19.054+0000] {logging_mixin.py:190} INFO - Mã cổ phiếu PVL hiện bị dừng giao dịch
[2024-12-12T13:18:20.025+0000] {data_explorer.py:64} WARNING - Thông tin niêm yết & giao dịch sẽ được truy xuất từ TCBS
[2024-12-12T13:18:21.394+0000] {data_explorer.py:64} WARNING - Thông tin niêm yết & giao dịch sẽ được truy xuất từ TCBS
[2024-12-12T13:18:22.572+0000] {data_explorer.py:64} WARNING - Thông tin niêm yết & giao dịch sẽ được truy xuất từ TCBS
[2024-12-12T13:18:22.859+0000] {logging_mixin.py:190} INFO - Mã cổ phiếu PXA hiện bị dừng giao dịch
[2024-12-12T13:18:23.467+0000] {data_explorer.py:64} WARNING - Thông tin niêm yết & giao dịch sẽ được truy xuất từ TCBS
[2024-12-12T13:18:23.800+0000] {python.py:240} INFO - Done. Returned value was: None
[2024-12-12T13:18:23.944+0000] {taskinstance.py:340} INFO - ::group::Post task execution logs
[2024-12-12T13:18:23.947+0000] {taskinstance.py:352} INFO - Marking task as SUCCESS. dag_id=parallel_new_price_with_group, task_id=process_groups.process_group_2, run_id=scheduled__2024-12-11T13:15:00+00:00, execution_date=20241211T131500, start_date=20241212T131724, end_date=20241212T131823
[2024-12-12T13:18:24.112+0000] {local_task_job_runner.py:266} INFO - Task exited with return code 0
[2024-12-12T13:18:24.250+0000] {local_task_job_runner.py:245} INFO - ::endgroup::
