[2024-12-17T12:33:10.392+0000] {local_task_job_runner.py:123} INFO - ::group::Pre task execution logs
[2024-12-17T12:33:10.430+0000] {taskinstance.py:2613} INFO - Dependencies all met for dep_context=non-requeueable deps ti=<TaskInstance: load_company_info_to_dwh.load_company_info_to_db scheduled__2024-12-16T12:30:00+00:00 [queued]>
[2024-12-17T12:33:10.443+0000] {taskinstance.py:2613} INFO - Dependencies all met for dep_context=requeueable deps ti=<TaskInstance: load_company_info_to_dwh.load_company_info_to_db scheduled__2024-12-16T12:30:00+00:00 [queued]>
[2024-12-17T12:33:10.444+0000] {taskinstance.py:2866} INFO - Starting attempt 1 of 2
[2024-12-17T12:33:10.461+0000] {taskinstance.py:2889} INFO - Executing <Task(PythonOperator): load_company_info_to_db> on 2024-12-16 12:30:00+00:00
[2024-12-17T12:33:10.472+0000] {logging_mixin.py:190} WARNING - /usr/local/lib/python3.12/site-packages/airflow/task/task_runner/standard_task_runner.py:70 DeprecationWarning: This process (pid=2175) is multi-threaded, use of fork() may lead to deadlocks in the child.
[2024-12-17T12:33:10.473+0000] {standard_task_runner.py:72} INFO - Started process 2177 to run task
[2024-12-17T12:33:10.472+0000] {standard_task_runner.py:104} INFO - Running: ['airflow', 'tasks', 'run', 'load_company_info_to_dwh', 'load_company_info_to_db', 'scheduled__2024-12-16T12:30:00+00:00', '--job-id', '442', '--raw', '--subdir', 'DAGS_FOLDER/company_info_etl.py', '--cfg-path', '/tmp/tmp69al09yf']
[2024-12-17T12:33:10.474+0000] {standard_task_runner.py:105} INFO - Job 442: Subtask load_company_info_to_db
[2024-12-17T12:33:10.557+0000] {task_command.py:467} INFO - Running <TaskInstance: load_company_info_to_dwh.load_company_info_to_db scheduled__2024-12-16T12:30:00+00:00 [running]> on host 8e02006e0a25
[2024-12-17T12:33:10.905+0000] {taskinstance.py:3132} INFO - Exporting env vars: AIRFLOW_CTX_DAG_OWNER='airflowDWH' AIRFLOW_CTX_DAG_ID='load_company_info_to_dwh' AIRFLOW_CTX_TASK_ID='load_company_info_to_db' AIRFLOW_CTX_EXECUTION_DATE='2024-12-16T12:30:00+00:00' AIRFLOW_CTX_TRY_NUMBER='1' AIRFLOW_CTX_DAG_RUN_ID='scheduled__2024-12-16T12:30:00+00:00'
[2024-12-17T12:33:10.906+0000] {taskinstance.py:731} INFO - ::endgroup::
[2024-12-17T12:33:10.936+0000] {base.py:84} INFO - Retrieving connection 'load_to_staging'
[2024-12-17T12:33:11.019+0000] {logging_mixin.py:190} INFO - Dữ liệu đã được tải thành công vào bảng HoSoCongTy.
[2024-12-17T12:33:11.019+0000] {python.py:240} INFO - Done. Returned value was: None
[2024-12-17T12:33:11.037+0000] {taskinstance.py:340} INFO - ::group::Post task execution logs
[2024-12-17T12:33:11.038+0000] {taskinstance.py:352} INFO - Marking task as SUCCESS. dag_id=load_company_info_to_dwh, task_id=load_company_info_to_db, run_id=scheduled__2024-12-16T12:30:00+00:00, execution_date=20241216T123000, start_date=20241217T123310, end_date=20241217T123311
[2024-12-17T12:33:11.089+0000] {local_task_job_runner.py:266} INFO - Task exited with return code 0
[2024-12-17T12:33:11.120+0000] {taskinstance.py:3895} INFO - 1 downstream tasks scheduled from follow-on schedule check
[2024-12-17T12:33:11.123+0000] {local_task_job_runner.py:245} INFO - ::endgroup::
