[2024-12-08T15:44:50.024+0000] {local_task_job_runner.py:123} INFO - ::group::Pre task execution logs
[2024-12-08T15:44:50.057+0000] {taskinstance.py:2613} INFO - Dependencies all met for dep_context=non-requeueable deps ti=<TaskInstance: parallel_historical_price_with_group.load_history_price_to_db manual__2024-12-08T15:43:53.381277+00:00 [queued]>
[2024-12-08T15:44:50.072+0000] {taskinstance.py:2613} INFO - Dependencies all met for dep_context=requeueable deps ti=<TaskInstance: parallel_historical_price_with_group.load_history_price_to_db manual__2024-12-08T15:43:53.381277+00:00 [queued]>
[2024-12-08T15:44:50.073+0000] {taskinstance.py:2866} INFO - Starting attempt 1 of 1
[2024-12-08T15:44:50.136+0000] {taskinstance.py:2889} INFO - Executing <Task(PythonOperator): load_history_price_to_db> on 2024-12-08 15:43:53.381277+00:00
[2024-12-08T15:44:50.147+0000] {logging_mixin.py:190} WARNING - /usr/local/lib/python3.12/site-packages/airflow/task/task_runner/standard_task_runner.py:70 DeprecationWarning: This process (pid=3102) is multi-threaded, use of fork() may lead to deadlocks in the child.
[2024-12-08T15:44:50.148+0000] {standard_task_runner.py:72} INFO - Started process 3104 to run task
[2024-12-08T15:44:50.147+0000] {standard_task_runner.py:104} INFO - Running: ['airflow', 'tasks', 'run', 'parallel_historical_price_with_group', 'load_history_price_to_db', 'manual__2024-12-08T15:43:53.381277+00:00', '--job-id', '189', '--raw', '--subdir', 'DAGS_FOLDER/Extract_history_price_data.py', '--cfg-path', '/tmp/tmpk0re0j0d']
[2024-12-08T15:44:50.150+0000] {standard_task_runner.py:105} INFO - Job 189: Subtask load_history_price_to_db
[2024-12-08T15:44:50.292+0000] {task_command.py:467} INFO - Running <TaskInstance: parallel_historical_price_with_group.load_history_price_to_db manual__2024-12-08T15:43:53.381277+00:00 [running]> on host a15ab3c9c934
[2024-12-08T15:44:50.582+0000] {taskinstance.py:3132} INFO - Exporting env vars: AIRFLOW_CTX_DAG_OWNER='airflowDWH' AIRFLOW_CTX_DAG_ID='parallel_historical_price_with_group' AIRFLOW_CTX_TASK_ID='load_history_price_to_db' AIRFLOW_CTX_EXECUTION_DATE='2024-12-08T15:43:53.381277+00:00' AIRFLOW_CTX_TRY_NUMBER='1' AIRFLOW_CTX_DAG_RUN_ID='manual__2024-12-08T15:43:53.381277+00:00'
[2024-12-08T15:44:50.585+0000] {taskinstance.py:731} INFO - ::endgroup::
[2024-12-08T15:44:50.630+0000] {base.py:84} INFO - Retrieving connection 'load_to_staging'
[2024-12-08T15:44:51.091+0000] {logging_mixin.py:190} INFO - Dữ liệu đã được tải thành công vào bảng lichsugia.
[2024-12-08T15:44:51.092+0000] {python.py:240} INFO - Done. Returned value was: None
[2024-12-08T15:44:51.126+0000] {taskinstance.py:340} INFO - ::group::Post task execution logs
[2024-12-08T15:44:51.127+0000] {taskinstance.py:352} INFO - Marking task as SUCCESS. dag_id=parallel_historical_price_with_group, task_id=load_history_price_to_db, run_id=manual__2024-12-08T15:43:53.381277+00:00, execution_date=20241208T154353, start_date=20241208T154450, end_date=20241208T154451
[2024-12-08T15:44:51.168+0000] {local_task_job_runner.py:266} INFO - Task exited with return code 0
[2024-12-08T15:44:51.267+0000] {taskinstance.py:3895} INFO - 0 downstream tasks scheduled from follow-on schedule check
[2024-12-08T15:44:51.272+0000] {local_task_job_runner.py:245} INFO - ::endgroup::
