[2024-12-16T10:18:09.788+0000] {local_task_job_runner.py:123} INFO - ::group::Pre task execution logs
[2024-12-16T10:18:09.815+0000] {taskinstance.py:2613} INFO - Dependencies all met for dep_context=non-requeueable deps ti=<TaskInstance: load_company_info_to_dwh.extract_company_info scheduled__2024-12-12T12:45:00+00:00 [queued]>
[2024-12-16T10:18:09.827+0000] {taskinstance.py:2613} INFO - Dependencies all met for dep_context=requeueable deps ti=<TaskInstance: load_company_info_to_dwh.extract_company_info scheduled__2024-12-12T12:45:00+00:00 [queued]>
[2024-12-16T10:18:09.827+0000] {taskinstance.py:2866} INFO - Starting attempt 1 of 3
[2024-12-16T10:18:09.841+0000] {taskinstance.py:2889} INFO - Executing <Task(PythonOperator): extract_company_info> on 2024-12-12 12:45:00+00:00
[2024-12-16T10:18:09.852+0000] {logging_mixin.py:190} WARNING - /usr/local/lib/python3.12/site-packages/airflow/task/task_runner/standard_task_runner.py:70 DeprecationWarning: This process (pid=2421) is multi-threaded, use of fork() may lead to deadlocks in the child.
[2024-12-16T10:18:09.853+0000] {standard_task_runner.py:72} INFO - Started process 2423 to run task
[2024-12-16T10:18:09.852+0000] {standard_task_runner.py:104} INFO - Running: ['airflow', 'tasks', 'run', 'load_company_info_to_dwh', 'extract_company_info', 'scheduled__2024-12-12T12:45:00+00:00', '--job-id', '409', '--raw', '--subdir', 'DAGS_FOLDER/company_info_etl.py', '--cfg-path', '/tmp/tmpid2grjd1']
[2024-12-16T10:18:09.854+0000] {standard_task_runner.py:105} INFO - Job 409: Subtask extract_company_info
[2024-12-16T10:18:09.938+0000] {task_command.py:467} INFO - Running <TaskInstance: load_company_info_to_dwh.extract_company_info scheduled__2024-12-12T12:45:00+00:00 [running]> on host 8e02006e0a25
[2024-12-16T10:18:10.276+0000] {taskinstance.py:3132} INFO - Exporting env vars: AIRFLOW_CTX_DAG_OWNER='airflowDWH' AIRFLOW_CTX_DAG_ID='load_company_info_to_dwh' AIRFLOW_CTX_TASK_ID='extract_company_info' AIRFLOW_CTX_EXECUTION_DATE='2024-12-12T12:45:00+00:00' AIRFLOW_CTX_TRY_NUMBER='1' AIRFLOW_CTX_DAG_RUN_ID='scheduled__2024-12-12T12:45:00+00:00'
[2024-12-16T10:18:10.277+0000] {taskinstance.py:731} INFO - ::endgroup::
[2024-12-16T10:18:10.835+0000] {data_explorer.py:64} WARNING - Thông tin niêm yết & giao dịch sẽ được truy xuất từ TCBS
[2024-12-16T10:21:08.792+0000] {local_task_job_runner.py:346} WARNING - State of this instance has been externally set to success. Terminating instance.
[2024-12-16T10:21:08.794+0000] {local_task_job_runner.py:245} INFO - ::endgroup::
[2024-12-16T10:21:08.801+0000] {process_utils.py:132} INFO - Sending 15 to group 2423. PIDs of all processes in the group: [2423]
[2024-12-16T10:21:08.801+0000] {process_utils.py:87} INFO - Sending the signal 15 to group 2423
[2024-12-16T10:21:08.802+0000] {taskinstance.py:3093} ERROR - Received SIGTERM. Terminating subprocesses.
[2024-12-16T10:21:08.866+0000] {taskinstance.py:340} INFO - ::group::Post task execution logs
[2024-12-16T10:21:08.894+0000] {process_utils.py:80} INFO - Process psutil.Process(pid=2423, status='terminated', exitcode=0, started='10:18:09') (2423) terminated with exit code 0
