[2024-12-07T13:07:10.229+0000] {local_task_job_runner.py:123} INFO - ::group::Pre task execution logs
[2024-12-07T13:07:10.258+0000] {taskinstance.py:2613} INFO - Dependencies all met for dep_context=non-requeueable deps ti=<TaskInstance: parallel_historical_price.combine_csv_files manual__2024-12-07T13:06:45.338570+00:00 [queued]>
[2024-12-07T13:07:10.272+0000] {taskinstance.py:2613} INFO - Dependencies all met for dep_context=requeueable deps ti=<TaskInstance: parallel_historical_price.combine_csv_files manual__2024-12-07T13:06:45.338570+00:00 [queued]>
[2024-12-07T13:07:10.273+0000] {taskinstance.py:2866} INFO - Starting attempt 1 of 1
[2024-12-07T13:07:10.349+0000] {taskinstance.py:2889} INFO - Executing <Task(PythonOperator): combine_csv_files> on 2024-12-07 13:06:45.338570+00:00
[2024-12-07T13:07:10.364+0000] {logging_mixin.py:190} WARNING - /usr/local/lib/python3.12/site-packages/airflow/task/task_runner/standard_task_runner.py:70 DeprecationWarning: This process (pid=5110) is multi-threaded, use of fork() may lead to deadlocks in the child.
[2024-12-07T13:07:10.365+0000] {standard_task_runner.py:72} INFO - Started process 5114 to run task
[2024-12-07T13:07:10.363+0000] {standard_task_runner.py:104} INFO - Running: ['airflow', 'tasks', 'run', 'parallel_historical_price', 'combine_csv_files', 'manual__2024-12-07T13:06:45.338570+00:00', '--job-id', '49', '--raw', '--subdir', 'DAGS_FOLDER/Extract_history_price_data.py', '--cfg-path', '/tmp/tmp9vpwr_4i']
[2024-12-07T13:07:10.366+0000] {standard_task_runner.py:105} INFO - Job 49: Subtask combine_csv_files
[2024-12-07T13:07:10.481+0000] {task_command.py:467} INFO - Running <TaskInstance: parallel_historical_price.combine_csv_files manual__2024-12-07T13:06:45.338570+00:00 [running]> on host 5690cb444f4e
[2024-12-07T13:07:10.790+0000] {taskinstance.py:3132} INFO - Exporting env vars: AIRFLOW_CTX_DAG_OWNER='airflowDWH' AIRFLOW_CTX_DAG_ID='parallel_historical_price' AIRFLOW_CTX_TASK_ID='combine_csv_files' AIRFLOW_CTX_EXECUTION_DATE='2024-12-07T13:06:45.338570+00:00' AIRFLOW_CTX_TRY_NUMBER='1' AIRFLOW_CTX_DAG_RUN_ID='manual__2024-12-07T13:06:45.338570+00:00'
[2024-12-07T13:07:10.792+0000] {taskinstance.py:731} INFO - ::endgroup::
[2024-12-07T13:07:10.852+0000] {logging_mixin.py:190} INFO - Đã xóa thành công
[2024-12-07T13:07:10.852+0000] {logging_mixin.py:190} INFO - Đã xóa thành công
[2024-12-07T13:07:10.853+0000] {logging_mixin.py:190} INFO - Đã xóa thành công
[2024-12-07T13:07:10.853+0000] {logging_mixin.py:190} INFO - Đã xóa thành công
[2024-12-07T13:07:10.853+0000] {logging_mixin.py:190} INFO - Đã xóa thành công
[2024-12-07T13:07:10.853+0000] {python.py:240} INFO - Done. Returned value was: None
[2024-12-07T13:07:10.875+0000] {taskinstance.py:340} INFO - ::group::Post task execution logs
[2024-12-07T13:07:10.876+0000] {taskinstance.py:352} INFO - Marking task as SUCCESS. dag_id=parallel_historical_price, task_id=combine_csv_files, run_id=manual__2024-12-07T13:06:45.338570+00:00, execution_date=20241207T130645, start_date=20241207T130710, end_date=20241207T130710
[2024-12-07T13:07:10.904+0000] {local_task_job_runner.py:266} INFO - Task exited with return code 0
[2024-12-07T13:07:10.933+0000] {taskinstance.py:3895} INFO - 0 downstream tasks scheduled from follow-on schedule check
[2024-12-07T13:07:10.937+0000] {local_task_job_runner.py:245} INFO - ::endgroup::
