[2024-12-12T13:18:46.174+0000] {local_task_job_runner.py:123} INFO - ::group::Pre task execution logs
[2024-12-12T13:18:46.209+0000] {taskinstance.py:2613} INFO - Dependencies all met for dep_context=non-requeueable deps ti=<TaskInstance: parallel_new_price_with_group.load_price_to_db scheduled__2024-12-11T13:15:00+00:00 [queued]>
[2024-12-12T13:18:46.228+0000] {taskinstance.py:2613} INFO - Dependencies all met for dep_context=requeueable deps ti=<TaskInstance: parallel_new_price_with_group.load_price_to_db scheduled__2024-12-11T13:15:00+00:00 [queued]>
[2024-12-12T13:18:46.229+0000] {taskinstance.py:2866} INFO - Starting attempt 1 of 2
[2024-12-12T13:18:46.249+0000] {taskinstance.py:2889} INFO - Executing <Task(PythonOperator): load_price_to_db> on 2024-12-11 13:15:00+00:00
[2024-12-12T13:18:46.271+0000] {standard_task_runner.py:104} INFO - Running: ['airflow', 'tasks', 'run', 'parallel_new_price_with_group', 'load_price_to_db', 'scheduled__2024-12-11T13:15:00+00:00', '--job-id', '322', '--raw', '--subdir', 'DAGS_FOLDER/Extract_new_price_data.py', '--cfg-path', '/tmp/tmpb742pk52']
[2024-12-12T13:18:46.272+0000] {logging_mixin.py:190} WARNING - /usr/local/lib/python3.12/site-packages/airflow/task/task_runner/standard_task_runner.py:70 DeprecationWarning: This process (pid=429) is multi-threaded, use of fork() may lead to deadlocks in the child.
[2024-12-12T13:18:46.278+0000] {standard_task_runner.py:105} INFO - Job 322: Subtask load_price_to_db
[2024-12-12T13:18:46.279+0000] {standard_task_runner.py:72} INFO - Started process 445 to run task
[2024-12-12T13:18:46.677+0000] {task_command.py:467} INFO - Running <TaskInstance: parallel_new_price_with_group.load_price_to_db scheduled__2024-12-11T13:15:00+00:00 [running]> on host f1b774b5d57f
[2024-12-12T13:18:47.066+0000] {taskinstance.py:3132} INFO - Exporting env vars: AIRFLOW_CTX_DAG_OWNER='airflowDWH' AIRFLOW_CTX_DAG_ID='parallel_new_price_with_group' AIRFLOW_CTX_TASK_ID='load_price_to_db' AIRFLOW_CTX_EXECUTION_DATE='2024-12-11T13:15:00+00:00' AIRFLOW_CTX_TRY_NUMBER='1' AIRFLOW_CTX_DAG_RUN_ID='scheduled__2024-12-11T13:15:00+00:00'
[2024-12-12T13:18:47.071+0000] {taskinstance.py:731} INFO - ::endgroup::
[2024-12-12T13:18:47.211+0000] {base.py:84} INFO - Retrieving connection 'load_to_staging'
[2024-12-12T13:18:47.258+0000] {logging_mixin.py:190} INFO - Dữ liệu đã được tải thành công vào bảng lichsugia.
[2024-12-12T13:18:47.259+0000] {python.py:240} INFO - Done. Returned value was: None
[2024-12-12T13:18:47.306+0000] {taskinstance.py:340} INFO - ::group::Post task execution logs
[2024-12-12T13:18:47.307+0000] {taskinstance.py:352} INFO - Marking task as SUCCESS. dag_id=parallel_new_price_with_group, task_id=load_price_to_db, run_id=scheduled__2024-12-11T13:15:00+00:00, execution_date=20241211T131500, start_date=20241212T131846, end_date=20241212T131847
[2024-12-12T13:18:47.344+0000] {local_task_job_runner.py:266} INFO - Task exited with return code 0
[2024-12-12T13:18:47.429+0000] {taskinstance.py:3895} INFO - 0 downstream tasks scheduled from follow-on schedule check
[2024-12-12T13:18:47.433+0000] {local_task_job_runner.py:245} INFO - ::endgroup::
