[2024-12-12T06:05:38.062+0000] {local_task_job_runner.py:123} INFO - ::group::Pre task execution logs
[2024-12-12T06:05:38.106+0000] {taskinstance.py:2613} INFO - Dependencies all met for dep_context=non-requeueable deps ti=<TaskInstance: parallel_new_price_with_group.process_groups.process_group_4 manual__2024-12-12T06:05:33.443603+00:00 [queued]>
[2024-12-12T06:05:38.123+0000] {taskinstance.py:2613} INFO - Dependencies all met for dep_context=requeueable deps ti=<TaskInstance: parallel_new_price_with_group.process_groups.process_group_4 manual__2024-12-12T06:05:33.443603+00:00 [queued]>
[2024-12-12T06:05:38.124+0000] {taskinstance.py:2866} INFO - Starting attempt 1 of 2
[2024-12-12T06:05:38.145+0000] {taskinstance.py:2889} INFO - Executing <Task(PythonOperator): process_groups.process_group_4> on 2024-12-12 06:05:33.443603+00:00
[2024-12-12T06:05:38.157+0000] {standard_task_runner.py:104} INFO - Running: ['airflow', 'tasks', 'run', 'parallel_new_price_with_group', 'process_groups.process_group_4', 'manual__2024-12-12T06:05:33.443603+00:00', '--job-id', '295', '--raw', '--subdir', 'DAGS_FOLDER/Extract_new_price_data.py', '--cfg-path', '/tmp/tmpffy0efm8']
[2024-12-12T06:05:38.158+0000] {logging_mixin.py:190} WARNING - /usr/local/lib/python3.12/site-packages/airflow/task/task_runner/standard_task_runner.py:70 DeprecationWarning: This process (pid=8317) is multi-threaded, use of fork() may lead to deadlocks in the child.
[2024-12-12T06:05:38.160+0000] {standard_task_runner.py:105} INFO - Job 295: Subtask process_groups.process_group_4
[2024-12-12T06:05:38.160+0000] {standard_task_runner.py:72} INFO - Started process 8332 to run task
[2024-12-12T06:05:38.361+0000] {task_command.py:467} INFO - Running <TaskInstance: parallel_new_price_with_group.process_groups.process_group_4 manual__2024-12-12T06:05:33.443603+00:00 [running]> on host b97e805017e1
[2024-12-12T06:05:38.655+0000] {taskinstance.py:3132} INFO - Exporting env vars: AIRFLOW_CTX_DAG_OWNER='airflowDWH' AIRFLOW_CTX_DAG_ID='parallel_new_price_with_group' AIRFLOW_CTX_TASK_ID='process_groups.process_group_4' AIRFLOW_CTX_EXECUTION_DATE='2024-12-12T06:05:33.443603+00:00' AIRFLOW_CTX_TRY_NUMBER='1' AIRFLOW_CTX_DAG_RUN_ID='manual__2024-12-12T06:05:33.443603+00:00'
[2024-12-12T06:05:38.656+0000] {taskinstance.py:731} INFO - ::endgroup::
[2024-12-12T06:05:41.684+0000] {data_explorer.py:64} WARNING - Thông tin niêm yết & giao dịch sẽ được truy xuất từ TCBS
[2024-12-12T06:05:42.658+0000] {data_explorer.py:64} WARNING - Thông tin niêm yết & giao dịch sẽ được truy xuất từ TCBS
[2024-12-12T06:05:43.849+0000] {data_explorer.py:64} WARNING - Thông tin niêm yết & giao dịch sẽ được truy xuất từ TCBS
[2024-12-12T06:05:44.139+0000] {logging_mixin.py:190} INFO - Mã cổ phiếu TID hiện bị dừng giao dịch
[2024-12-12T06:05:44.781+0000] {data_explorer.py:64} WARNING - Thông tin niêm yết & giao dịch sẽ được truy xuất từ TCBS
[2024-12-12T06:05:45.063+0000] {logging_mixin.py:190} INFO - Mã cổ phiếu TIX hiện bị dừng giao dịch
[2024-12-12T06:05:46.155+0000] {data_explorer.py:64} WARNING - Thông tin niêm yết & giao dịch sẽ được truy xuất từ TCBS
[2024-12-12T06:05:47.623+0000] {data_explorer.py:64} WARNING - Thông tin niêm yết & giao dịch sẽ được truy xuất từ TCBS
[2024-12-12T06:05:49.328+0000] {data_explorer.py:64} WARNING - Thông tin niêm yết & giao dịch sẽ được truy xuất từ TCBS
[2024-12-12T06:05:50.776+0000] {logging_mixin.py:190} INFO - Mã cổ phiếu V11 hiện bị dừng giao dịch
[2024-12-12T06:05:51.628+0000] {data_explorer.py:64} WARNING - Thông tin niêm yết & giao dịch sẽ được truy xuất từ TCBS
[2024-12-12T06:05:52.635+0000] {data_explorer.py:64} WARNING - Thông tin niêm yết & giao dịch sẽ được truy xuất từ TCBS
[2024-12-12T06:05:53.512+0000] {data_explorer.py:64} WARNING - Thông tin niêm yết & giao dịch sẽ được truy xuất từ TCBS
[2024-12-12T06:05:54.750+0000] {data_explorer.py:64} WARNING - Thông tin niêm yết & giao dịch sẽ được truy xuất từ TCBS
[2024-12-12T06:05:56.023+0000] {data_explorer.py:64} WARNING - Thông tin niêm yết & giao dịch sẽ được truy xuất từ TCBS
[2024-12-12T06:05:56.258+0000] {logging_mixin.py:190} INFO - Mã cổ phiếu VES hiện bị dừng giao dịch
[2024-12-12T06:05:57.659+0000] {data_explorer.py:64} WARNING - Thông tin niêm yết & giao dịch sẽ được truy xuất từ TCBS
[2024-12-12T06:05:58.786+0000] {data_explorer.py:64} WARNING - Thông tin niêm yết & giao dịch sẽ được truy xuất từ TCBS
[2024-12-12T06:06:00.173+0000] {data_explorer.py:64} WARNING - Thông tin niêm yết & giao dịch sẽ được truy xuất từ TCBS
[2024-12-12T06:06:01.564+0000] {data_explorer.py:64} WARNING - Thông tin niêm yết & giao dịch sẽ được truy xuất từ TCBS
[2024-12-12T06:06:02.579+0000] {data_explorer.py:64} WARNING - Thông tin niêm yết & giao dịch sẽ được truy xuất từ TCBS
[2024-12-12T06:06:03.623+0000] {data_explorer.py:64} WARNING - Thông tin niêm yết & giao dịch sẽ được truy xuất từ TCBS
[2024-12-12T06:06:05.233+0000] {data_explorer.py:64} WARNING - Thông tin niêm yết & giao dịch sẽ được truy xuất từ TCBS
[2024-12-12T06:06:06.324+0000] {data_explorer.py:64} WARNING - Thông tin niêm yết & giao dịch sẽ được truy xuất từ TCBS
[2024-12-12T06:06:07.242+0000] {data_explorer.py:64} WARNING - Thông tin niêm yết & giao dịch sẽ được truy xuất từ TCBS
[2024-12-12T06:06:07.459+0000] {python.py:240} INFO - Done. Returned value was: None
[2024-12-12T06:06:07.552+0000] {taskinstance.py:340} INFO - ::group::Post task execution logs
[2024-12-12T06:06:07.552+0000] {taskinstance.py:352} INFO - Marking task as SUCCESS. dag_id=parallel_new_price_with_group, task_id=process_groups.process_group_4, run_id=manual__2024-12-12T06:05:33.443603+00:00, execution_date=20241212T060533, start_date=20241212T060538, end_date=20241212T060607
[2024-12-12T06:06:07.649+0000] {local_task_job_runner.py:266} INFO - Task exited with return code 0
[2024-12-12T06:06:07.772+0000] {taskinstance.py:3895} INFO - 0 downstream tasks scheduled from follow-on schedule check
[2024-12-12T06:06:07.783+0000] {local_task_job_runner.py:245} INFO - ::endgroup::
