[2024-12-12T14:13:07.094+0000] {local_task_job_runner.py:123} INFO - ::group::Pre task execution logs
[2024-12-12T14:13:07.209+0000] {taskinstance.py:2613} INFO - Dependencies all met for dep_context=non-requeueable deps ti=<TaskInstance: parallel_historical_price_with_group.process_groups.process_group_4 manual__2024-12-12T14:12:57.981560+00:00 [queued]>
[2024-12-12T14:13:07.236+0000] {taskinstance.py:2613} INFO - Dependencies all met for dep_context=requeueable deps ti=<TaskInstance: parallel_historical_price_with_group.process_groups.process_group_4 manual__2024-12-12T14:12:57.981560+00:00 [queued]>
[2024-12-12T14:13:07.237+0000] {taskinstance.py:2866} INFO - Starting attempt 1 of 1
[2024-12-12T14:13:07.270+0000] {taskinstance.py:2889} INFO - Executing <Task(PythonOperator): process_groups.process_group_4> on 2024-12-12 14:12:57.981560+00:00
[2024-12-12T14:13:07.350+0000] {logging_mixin.py:190} WARNING - /usr/local/lib/python3.12/site-packages/airflow/task/task_runner/standard_task_runner.py:70 DeprecationWarning: This process (pid=4055) is multi-threaded, use of fork() may lead to deadlocks in the child.
[2024-12-12T14:13:07.358+0000] {standard_task_runner.py:72} INFO - Started process 4067 to run task
[2024-12-12T14:13:07.354+0000] {standard_task_runner.py:104} INFO - Running: ['airflow', 'tasks', 'run', 'parallel_historical_price_with_group', 'process_groups.process_group_4', 'manual__2024-12-12T14:12:57.981560+00:00', '--job-id', '355', '--raw', '--subdir', 'DAGS_FOLDER/Extract_history_price_data.py', '--cfg-path', '/tmp/tmpa2ciie18']
[2024-12-12T14:13:07.363+0000] {standard_task_runner.py:105} INFO - Job 355: Subtask process_groups.process_group_4
[2024-12-12T14:13:07.999+0000] {task_command.py:467} INFO - Running <TaskInstance: parallel_historical_price_with_group.process_groups.process_group_4 manual__2024-12-12T14:12:57.981560+00:00 [running]> on host f1b774b5d57f
[2024-12-12T14:13:08.585+0000] {taskinstance.py:3132} INFO - Exporting env vars: AIRFLOW_CTX_DAG_OWNER='airflowDWH' AIRFLOW_CTX_DAG_ID='parallel_historical_price_with_group' AIRFLOW_CTX_TASK_ID='process_groups.process_group_4' AIRFLOW_CTX_EXECUTION_DATE='2024-12-12T14:12:57.981560+00:00' AIRFLOW_CTX_TRY_NUMBER='1' AIRFLOW_CTX_DAG_RUN_ID='manual__2024-12-12T14:12:57.981560+00:00'
[2024-12-12T14:13:08.589+0000] {taskinstance.py:731} INFO - ::endgroup::
[2024-12-12T14:13:13.934+0000] {data_explorer.py:64} WARNING - Thông tin niêm yết & giao dịch sẽ được truy xuất từ TCBS
[2024-12-12T14:13:15.485+0000] {data_explorer.py:64} WARNING - Thông tin niêm yết & giao dịch sẽ được truy xuất từ TCBS
[2024-12-12T14:13:17.245+0000] {data_explorer.py:64} WARNING - Thông tin niêm yết & giao dịch sẽ được truy xuất từ TCBS
[2024-12-12T14:13:21.162+0000] {data_explorer.py:64} WARNING - Thông tin niêm yết & giao dịch sẽ được truy xuất từ TCBS
[2024-12-12T14:13:30.967+0000] {data_explorer.py:64} WARNING - Thông tin niêm yết & giao dịch sẽ được truy xuất từ TCBS
[2024-12-12T14:13:32.631+0000] {data_explorer.py:64} WARNING - Thông tin niêm yết & giao dịch sẽ được truy xuất từ TCBS
[2024-12-12T14:13:33.589+0000] {job.py:229} INFO - Heartbeat recovered after 14.20 seconds
[2024-12-12T14:13:33.934+0000] {data_explorer.py:64} WARNING - Thông tin niêm yết & giao dịch sẽ được truy xuất từ TCBS
[2024-12-12T14:13:35.263+0000] {data_explorer.py:64} WARNING - Thông tin niêm yết & giao dịch sẽ được truy xuất từ TCBS
[2024-12-12T14:13:36.776+0000] {data_explorer.py:64} WARNING - Thông tin niêm yết & giao dịch sẽ được truy xuất từ TCBS
[2024-12-12T14:13:38.508+0000] {data_explorer.py:64} WARNING - Thông tin niêm yết & giao dịch sẽ được truy xuất từ TCBS
[2024-12-12T14:13:40.521+0000] {data_explorer.py:64} WARNING - Thông tin niêm yết & giao dịch sẽ được truy xuất từ TCBS
[2024-12-12T14:13:41.785+0000] {data_explorer.py:64} WARNING - Thông tin niêm yết & giao dịch sẽ được truy xuất từ TCBS
[2024-12-12T14:13:42.970+0000] {data_explorer.py:64} WARNING - Thông tin niêm yết & giao dịch sẽ được truy xuất từ TCBS
[2024-12-12T14:13:44.038+0000] {data_explorer.py:64} WARNING - Thông tin niêm yết & giao dịch sẽ được truy xuất từ TCBS
[2024-12-12T14:13:45.099+0000] {data_explorer.py:64} WARNING - Thông tin niêm yết & giao dịch sẽ được truy xuất từ TCBS
[2024-12-12T14:13:46.421+0000] {data_explorer.py:64} WARNING - Thông tin niêm yết & giao dịch sẽ được truy xuất từ TCBS
[2024-12-12T14:13:47.773+0000] {data_explorer.py:64} WARNING - Thông tin niêm yết & giao dịch sẽ được truy xuất từ TCBS
[2024-12-12T14:13:49.232+0000] {data_explorer.py:64} WARNING - Thông tin niêm yết & giao dịch sẽ được truy xuất từ TCBS
[2024-12-12T14:13:50.389+0000] {data_explorer.py:64} WARNING - Thông tin niêm yết & giao dịch sẽ được truy xuất từ TCBS
[2024-12-12T14:13:51.815+0000] {data_explorer.py:64} WARNING - Thông tin niêm yết & giao dịch sẽ được truy xuất từ TCBS
[2024-12-12T14:13:52.842+0000] {data_explorer.py:64} WARNING - Thông tin niêm yết & giao dịch sẽ được truy xuất từ TCBS
[2024-12-12T14:13:53.477+0000] {python.py:240} INFO - Done. Returned value was: None
[2024-12-12T14:13:53.514+0000] {taskinstance.py:340} INFO - ::group::Post task execution logs
[2024-12-12T14:13:53.515+0000] {taskinstance.py:352} INFO - Marking task as SUCCESS. dag_id=parallel_historical_price_with_group, task_id=process_groups.process_group_4, run_id=manual__2024-12-12T14:12:57.981560+00:00, execution_date=20241212T141257, start_date=20241212T141307, end_date=20241212T141353
[2024-12-12T14:13:53.595+0000] {local_task_job_runner.py:266} INFO - Task exited with return code 0
[2024-12-12T14:13:53.753+0000] {taskinstance.py:3895} INFO - 0 downstream tasks scheduled from follow-on schedule check
[2024-12-12T14:13:53.766+0000] {local_task_job_runner.py:245} INFO - ::endgroup::
