[2024-12-08T17:26:38.530+0000] {local_task_job_runner.py:123} INFO - ::group::Pre task execution logs
[2024-12-08T17:26:38.585+0000] {taskinstance.py:2613} INFO - Dependencies all met for dep_context=non-requeueable deps ti=<TaskInstance: load_company_info_to_staging_db.load_company_info_to_db manual__2024-12-08T17:26:34.871566+00:00 [queued]>
[2024-12-08T17:26:38.615+0000] {taskinstance.py:2613} INFO - Dependencies all met for dep_context=requeueable deps ti=<TaskInstance: load_company_info_to_staging_db.load_company_info_to_db manual__2024-12-08T17:26:34.871566+00:00 [queued]>
[2024-12-08T17:26:38.615+0000] {taskinstance.py:2866} INFO - Starting attempt 1 of 1
[2024-12-08T17:26:38.646+0000] {taskinstance.py:2889} INFO - Executing <Task(PythonOperator): load_company_info_to_db> on 2024-12-08 17:26:34.871566+00:00
[2024-12-08T17:26:38.663+0000] {standard_task_runner.py:104} INFO - Running: ['airflow', 'tasks', 'run', 'load_company_info_to_staging_db', 'load_company_info_to_db', 'manual__2024-12-08T17:26:34.871566+00:00', '--job-id', '190', '--raw', '--subdir', 'DAGS_FOLDER/Load_company_info_to_staging.py', '--cfg-path', '/tmp/tmp733hahe7']
[2024-12-08T17:26:38.666+0000] {standard_task_runner.py:105} INFO - Job 190: Subtask load_company_info_to_db
[2024-12-08T17:26:38.679+0000] {logging_mixin.py:190} WARNING - /usr/local/lib/python3.12/site-packages/airflow/task/task_runner/standard_task_runner.py:70 DeprecationWarning: This process (pid=6662) is multi-threaded, use of fork() may lead to deadlocks in the child.
[2024-12-08T17:26:38.680+0000] {standard_task_runner.py:72} INFO - Started process 6663 to run task
[2024-12-08T17:26:38.794+0000] {task_command.py:467} INFO - Running <TaskInstance: load_company_info_to_staging_db.load_company_info_to_db manual__2024-12-08T17:26:34.871566+00:00 [running]> on host a15ab3c9c934
[2024-12-08T17:26:39.096+0000] {taskinstance.py:3132} INFO - Exporting env vars: AIRFLOW_CTX_DAG_OWNER='airflowDWH' AIRFLOW_CTX_DAG_ID='load_company_info_to_staging_db' AIRFLOW_CTX_TASK_ID='load_company_info_to_db' AIRFLOW_CTX_EXECUTION_DATE='2024-12-08T17:26:34.871566+00:00' AIRFLOW_CTX_TRY_NUMBER='1' AIRFLOW_CTX_DAG_RUN_ID='manual__2024-12-08T17:26:34.871566+00:00'
[2024-12-08T17:26:39.097+0000] {taskinstance.py:731} INFO - ::endgroup::
[2024-12-08T17:26:39.141+0000] {base.py:84} INFO - Retrieving connection 'load_to_staging'
[2024-12-08T17:26:39.209+0000] {logging_mixin.py:190} INFO - Error during COPY operation: date/time field value out of range: "18/01/2012"
HINT:  Perhaps you need a different "datestyle" setting.
CONTEXT:  COPY hosocongty, line 2, column nam_thanh_lap: "18/01/2012"
[2024-12-08T17:26:39.211+0000] {python.py:240} INFO - Done. Returned value was: None
[2024-12-08T17:26:39.299+0000] {taskinstance.py:340} INFO - ::group::Post task execution logs
[2024-12-08T17:26:39.300+0000] {taskinstance.py:352} INFO - Marking task as SUCCESS. dag_id=load_company_info_to_staging_db, task_id=load_company_info_to_db, run_id=manual__2024-12-08T17:26:34.871566+00:00, execution_date=20241208T172634, start_date=20241208T172638, end_date=20241208T172639
[2024-12-08T17:26:39.341+0000] {local_task_job_runner.py:266} INFO - Task exited with return code 0
[2024-12-08T17:26:39.372+0000] {taskinstance.py:3895} INFO - 0 downstream tasks scheduled from follow-on schedule check
[2024-12-08T17:26:39.374+0000] {local_task_job_runner.py:245} INFO - ::endgroup::
