[2024-12-08T14:27:48.682+0000] {local_task_job_runner.py:123} INFO - ::group::Pre task execution logs
[2024-12-08T14:27:48.723+0000] {taskinstance.py:2613} INFO - Dependencies all met for dep_context=non-requeueable deps ti=<TaskInstance: parallel_historical_price_with_group.combine_csv_files manual__2024-12-08T14:26:35.310711+00:00 [queued]>
[2024-12-08T14:27:48.751+0000] {taskinstance.py:2613} INFO - Dependencies all met for dep_context=requeueable deps ti=<TaskInstance: parallel_historical_price_with_group.combine_csv_files manual__2024-12-08T14:26:35.310711+00:00 [queued]>
[2024-12-08T14:27:48.751+0000] {taskinstance.py:2866} INFO - Starting attempt 1 of 1
[2024-12-08T14:27:48.779+0000] {taskinstance.py:2889} INFO - Executing <Task(PythonOperator): combine_csv_files> on 2024-12-08 14:26:35.310711+00:00
[2024-12-08T14:27:48.790+0000] {logging_mixin.py:190} WARNING - /usr/local/lib/python3.12/site-packages/airflow/task/task_runner/standard_task_runner.py:70 DeprecationWarning: This process (pid=294) is multi-threaded, use of fork() may lead to deadlocks in the child.
[2024-12-08T14:27:48.791+0000] {standard_task_runner.py:72} INFO - Started process 308 to run task
[2024-12-08T14:27:48.790+0000] {standard_task_runner.py:104} INFO - Running: ['airflow', 'tasks', 'run', 'parallel_historical_price_with_group', 'combine_csv_files', 'manual__2024-12-08T14:26:35.310711+00:00', '--job-id', '160', '--raw', '--subdir', 'DAGS_FOLDER/Extract_history_price_data.py', '--cfg-path', '/tmp/tmpatzk9ezx']
[2024-12-08T14:27:48.792+0000] {standard_task_runner.py:105} INFO - Job 160: Subtask combine_csv_files
[2024-12-08T14:27:48.991+0000] {task_command.py:467} INFO - Running <TaskInstance: parallel_historical_price_with_group.combine_csv_files manual__2024-12-08T14:26:35.310711+00:00 [running]> on host a15ab3c9c934
[2024-12-08T14:27:49.247+0000] {taskinstance.py:3132} INFO - Exporting env vars: AIRFLOW_CTX_DAG_OWNER='airflowDWH' AIRFLOW_CTX_DAG_ID='parallel_historical_price_with_group' AIRFLOW_CTX_TASK_ID='combine_csv_files' AIRFLOW_CTX_EXECUTION_DATE='2024-12-08T14:26:35.310711+00:00' AIRFLOW_CTX_TRY_NUMBER='1' AIRFLOW_CTX_DAG_RUN_ID='manual__2024-12-08T14:26:35.310711+00:00'
[2024-12-08T14:27:49.249+0000] {taskinstance.py:731} INFO - ::endgroup::
[2024-12-08T14:27:50.557+0000] {logging_mixin.py:190} INFO - Đã xóa thành công
[2024-12-08T14:27:50.559+0000] {logging_mixin.py:190} INFO - Đã xóa thành công
[2024-12-08T14:27:50.561+0000] {logging_mixin.py:190} INFO - Đã xóa thành công
[2024-12-08T14:27:50.566+0000] {logging_mixin.py:190} INFO - Đã xóa thành công
[2024-12-08T14:27:50.568+0000] {logging_mixin.py:190} INFO - Đã xóa thành công
[2024-12-08T14:27:50.571+0000] {python.py:240} INFO - Done. Returned value was: None
[2024-12-08T14:27:50.608+0000] {taskinstance.py:340} INFO - ::group::Post task execution logs
[2024-12-08T14:27:50.608+0000] {taskinstance.py:352} INFO - Marking task as SUCCESS. dag_id=parallel_historical_price_with_group, task_id=combine_csv_files, run_id=manual__2024-12-08T14:26:35.310711+00:00, execution_date=20241208T142635, start_date=20241208T142748, end_date=20241208T142750
[2024-12-08T14:27:50.695+0000] {local_task_job_runner.py:266} INFO - Task exited with return code 0
[2024-12-08T14:27:50.754+0000] {taskinstance.py:3895} INFO - 1 downstream tasks scheduled from follow-on schedule check
[2024-12-08T14:27:50.760+0000] {local_task_job_runner.py:245} INFO - ::endgroup::
