[2024-12-07T09:05:46.914+0000] {local_task_job_runner.py:123} INFO - ::group::Pre task execution logs
[2024-12-07T09:05:46.982+0000] {taskinstance.py:2613} INFO - Dependencies all met for dep_context=non-requeueable deps ti=<TaskInstance: parallel_financial_reports.financial_reports.run_main_report manual__2024-12-07T09:05:38.040359+00:00 [queued]>
[2024-12-07T09:05:47.000+0000] {taskinstance.py:2613} INFO - Dependencies all met for dep_context=requeueable deps ti=<TaskInstance: parallel_financial_reports.financial_reports.run_main_report manual__2024-12-07T09:05:38.040359+00:00 [queued]>
[2024-12-07T09:05:47.000+0000] {taskinstance.py:2866} INFO - Starting attempt 1 of 1
[2024-12-07T09:05:47.028+0000] {taskinstance.py:2889} INFO - Executing <Task(PythonOperator): financial_reports.run_main_report> on 2024-12-07 09:05:38.040359+00:00
[2024-12-07T09:05:47.069+0000] {logging_mixin.py:190} WARNING - /usr/local/lib/python3.12/site-packages/airflow/task/task_runner/standard_task_runner.py:70 DeprecationWarning: This process (pid=235) is multi-threaded, use of fork() may lead to deadlocks in the child.
[2024-12-07T09:05:47.060+0000] {standard_task_runner.py:104} INFO - Running: ['airflow', 'tasks', 'run', 'parallel_financial_reports', 'financial_reports.run_main_report', 'manual__2024-12-07T09:05:38.040359+00:00', '--job-id', '39', '--raw', '--subdir', 'DAGS_FOLDER/Extract_history_data.py', '--cfg-path', '/tmp/tmpiu6pq1vm']
[2024-12-07T09:05:47.074+0000] {standard_task_runner.py:105} INFO - Job 39: Subtask financial_reports.run_main_report
[2024-12-07T09:05:47.075+0000] {standard_task_runner.py:72} INFO - Started process 239 to run task
[2024-12-07T09:05:47.340+0000] {task_command.py:467} INFO - Running <TaskInstance: parallel_financial_reports.financial_reports.run_main_report manual__2024-12-07T09:05:38.040359+00:00 [running]> on host dc7f1c1b5340
[2024-12-07T09:05:47.621+0000] {taskinstance.py:3132} INFO - Exporting env vars: AIRFLOW_CTX_DAG_OWNER='airflowDWH' AIRFLOW_CTX_DAG_ID='parallel_financial_reports' AIRFLOW_CTX_TASK_ID='financial_reports.run_main_report' AIRFLOW_CTX_EXECUTION_DATE='2024-12-07T09:05:38.040359+00:00' AIRFLOW_CTX_TRY_NUMBER='1' AIRFLOW_CTX_DAG_RUN_ID='manual__2024-12-07T09:05:38.040359+00:00'
[2024-12-07T09:05:47.623+0000] {taskinstance.py:731} INFO - ::endgroup::
[2024-12-07T09:06:52.827+0000] {logging_mixin.py:190} INFO - Dữ liệu Cân Đối Kế Toán cho mã AGG thiếu từ các năm: 2017.
[2024-12-07T09:07:25.909+0000] {logging_mixin.py:190} INFO - Dữ liệu Kết Quả Kinh Doanh cho mã AGG thiếu từ các năm: 2017.
[2024-12-07T09:07:40.342+0000] {logging_mixin.py:190} INFO - Dữ liệu Lưu Chuyển Tiền Tệ cho mã AGG thiếu từ các năm: 2017.
[2024-12-07T09:07:40.343+0000] {logging_mixin.py:190} INFO - Mã AGG đã được xử lý
[2024-12-07T09:08:12.445+0000] {logging_mixin.py:190} INFO - Dữ liệu Cân Đối Kế Toán cho mã LEC thiếu từ các năm: 2017.
[2024-12-07T09:09:11.630+0000] {logging_mixin.py:190} INFO - Mã LEC đã được xử lý
[2024-12-07T09:09:40.832+0000] {logging_mixin.py:190} INFO - Dữ liệu Cân Đối Kế Toán cho mã BIG thiếu từ các năm: 2017.
[2024-12-07T09:09:42.278+0000] {logging_mixin.py:190} INFO - Dữ liệu Kết Quả Kinh Doanh cho mã BIG thiếu từ các năm: 2024.
[2024-12-07T09:09:43.241+0000] {logging_mixin.py:190} INFO - Dữ liệu Lưu Chuyển Tiền Tệ cho mã BIG thiếu từ các năm: 2024.
[2024-12-07T09:09:43.242+0000] {logging_mixin.py:190} INFO - Mã BIG đã được xử lý
[2024-12-07T09:10:11.694+0000] {logging_mixin.py:190} INFO - Dữ liệu Cân Đối Kế Toán cho mã FDC thiếu từ các năm: 2017.
[2024-12-07T09:10:12.522+0000] {logging_mixin.py:190} INFO - Dữ liệu Kết Quả Kinh Doanh cho mã FDC thiếu từ các năm: 2024.
[2024-12-07T09:10:29.068+0000] {logging_mixin.py:190} INFO - Mã FDC đã được xử lý
[2024-12-07T09:10:58.752+0000] {logging_mixin.py:190} INFO - Dữ liệu Cân Đối Kế Toán cho mã API thiếu từ các năm: 2017.
[2024-12-07T09:12:01.855+0000] {logging_mixin.py:190} INFO - Mã API đã được xử lý
[2024-12-07T09:12:02.016+0000] {logging_mixin.py:190} INFO - Đã lưu dữ liệu sau 5 mã chứng khoán.
[2024-12-07T09:12:31.774+0000] {logging_mixin.py:190} INFO - Dữ liệu Cân Đối Kế Toán cho mã D11 thiếu từ các năm: 2017.
[2024-12-07T09:13:47.347+0000] {logging_mixin.py:190} INFO - Mã D11 đã được xử lý
[2024-12-07T09:14:16.787+0000] {logging_mixin.py:190} INFO - Dữ liệu Cân Đối Kế Toán cho mã HAR thiếu từ các năm: 2017.
[2024-12-07T09:15:22.497+0000] {logging_mixin.py:190} INFO - Mã HAR đã được xử lý
[2024-12-07T09:15:48.708+0000] {logging_mixin.py:190} INFO - Dữ liệu Cân Đối Kế Toán cho mã XDH thiếu từ các năm: 2017.
[2024-12-07T09:16:06.072+0000] {logging_mixin.py:190} INFO - Dữ liệu Kết Quả Kinh Doanh cho mã XDH thiếu từ các năm: 2020.
[2024-12-07T09:16:11.860+0000] {logging_mixin.py:190} INFO - Dữ liệu Lưu Chuyển Tiền Tệ cho mã XDH thiếu từ các năm: 2020.
[2024-12-07T09:16:11.862+0000] {logging_mixin.py:190} INFO - Mã XDH đã được xử lý
[2024-12-07T09:16:42.149+0000] {logging_mixin.py:190} INFO - Dữ liệu Cân Đối Kế Toán cho mã C21 thiếu từ các năm: 2017.
[2024-12-07T09:16:59.468+0000] {logging_mixin.py:190} INFO - Lỗi khi crawl dữ liệu 'Kết Quả Kinh Doanh' cho mã C21: 13 columns passed, passed data had 16 columns
[2024-12-07T09:17:17.832+0000] {logging_mixin.py:190} INFO - Mã C21 đã được xử lý
[2024-12-07T09:17:47.083+0000] {logging_mixin.py:190} INFO - Dữ liệu Cân Đối Kế Toán cho mã D2D thiếu từ các năm: 2017.
[2024-12-07T09:19:00.553+0000] {logging_mixin.py:190} INFO - Mã D2D đã được xử lý
[2024-12-07T09:19:00.680+0000] {logging_mixin.py:190} INFO - Đã lưu dữ liệu sau 10 mã chứng khoán.
[2024-12-07T09:19:32.195+0000] {logging_mixin.py:190} INFO - Dữ liệu Cân Đối Kế Toán cho mã CK8 thiếu từ các năm: 2017.
[2024-12-07T09:19:33.592+0000] {logging_mixin.py:190} INFO - Dữ liệu Kết Quả Kinh Doanh cho mã CK8 thiếu từ các năm: 2024.
[2024-12-07T09:19:34.418+0000] {logging_mixin.py:190} INFO - Dữ liệu Lưu Chuyển Tiền Tệ cho mã CK8 thiếu từ các năm: 2024.
[2024-12-07T09:19:34.420+0000] {logging_mixin.py:190} INFO - Mã CK8 đã được xử lý
[2024-12-07T09:20:03.696+0000] {logging_mixin.py:190} INFO - Dữ liệu Cân Đối Kế Toán cho mã AAV thiếu từ các năm: 2017.
[2024-12-07T09:20:04.579+0000] {logging_mixin.py:190} INFO - Dữ liệu Kết Quả Kinh Doanh cho mã AAV thiếu từ các năm: 2024.
[2024-12-07T09:20:20.186+0000] {logging_mixin.py:190} INFO - Mã AAV đã được xử lý
[2024-12-07T09:20:48.368+0000] {logging_mixin.py:190} INFO - Dữ liệu Cân Đối Kế Toán cho mã CLG thiếu từ các năm: 2017.
[2024-12-07T09:21:59.175+0000] {logging_mixin.py:190} INFO - Mã CLG đã được xử lý
[2024-12-07T09:22:13.461+0000] {job.py:229} INFO - Heartbeat recovered after 36.06 seconds
[2024-12-07T09:22:38.101+0000] {logging_mixin.py:190} INFO - Dữ liệu Cân Đối Kế Toán cho mã MGR thiếu từ các năm: 2017.
[2024-12-07T09:23:03.895+0000] {logging_mixin.py:190} INFO - Dữ liệu Kết Quả Kinh Doanh cho mã MGR thiếu từ các năm: 2020.
[2024-12-07T09:23:13.702+0000] {logging_mixin.py:190} INFO - Dữ liệu Lưu Chuyển Tiền Tệ cho mã MGR thiếu từ các năm: 2020.
[2024-12-07T09:23:13.747+0000] {logging_mixin.py:190} INFO - Mã MGR đã được xử lý
[2024-12-07T09:23:49.399+0000] {logging_mixin.py:190} INFO - Dữ liệu Cân Đối Kế Toán cho mã HPI thiếu từ các năm: 2017.
[2024-12-07T09:24:03.992+0000] {local_task_job_runner.py:346} WARNING - State of this instance has been externally set to failed. Terminating instance.
[2024-12-07T09:24:04.027+0000] {local_task_job_runner.py:245} INFO - ::endgroup::
[2024-12-07T09:24:04.089+0000] {process_utils.py:132} INFO - Sending 15 to group 239. PIDs of all processes in the group: [239]
[2024-12-07T09:24:04.100+0000] {process_utils.py:87} INFO - Sending the signal 15 to group 239
[2024-12-07T09:24:04.115+0000] {taskinstance.py:3093} ERROR - Received SIGTERM. Terminating subprocesses.
[2024-12-07T09:24:05.886+0000] {taskinstance.py:340} INFO - ::group::Post task execution logs
[2024-12-07T09:24:05.993+0000] {process_utils.py:80} INFO - Process psutil.Process(pid=239, status='terminated', exitcode=0, started='09:05:46') (239) terminated with exit code 0
