[2024-12-17T12:45:41.540+0000] {local_task_job_runner.py:123} INFO - ::group::Pre task execution logs
[2024-12-17T12:45:41.563+0000] {taskinstance.py:2613} INFO - Dependencies all met for dep_context=non-requeueable deps ti=<TaskInstance: parallel_new_price_with_group.Load_to_fact_price scheduled__2024-12-16T12:45:00+00:00 [queued]>
[2024-12-17T12:45:41.573+0000] {taskinstance.py:2613} INFO - Dependencies all met for dep_context=requeueable deps ti=<TaskInstance: parallel_new_price_with_group.Load_to_fact_price scheduled__2024-12-16T12:45:00+00:00 [queued]>
[2024-12-17T12:45:41.574+0000] {taskinstance.py:2866} INFO - Starting attempt 1 of 4
[2024-12-17T12:45:41.589+0000] {taskinstance.py:2889} INFO - Executing <Task(PythonOperator): Load_to_fact_price> on 2024-12-16 12:45:00+00:00
[2024-12-17T12:45:41.597+0000] {logging_mixin.py:190} WARNING - /usr/local/lib/python3.12/site-packages/airflow/task/task_runner/standard_task_runner.py:70 DeprecationWarning: This process (pid=3085) is multi-threaded, use of fork() may lead to deadlocks in the child.
[2024-12-17T12:45:41.597+0000] {standard_task_runner.py:72} INFO - Started process 3087 to run task
[2024-12-17T12:45:41.597+0000] {standard_task_runner.py:104} INFO - Running: ['airflow', 'tasks', 'run', 'parallel_new_price_with_group', 'Load_to_fact_price', 'scheduled__2024-12-16T12:45:00+00:00', '--job-id', '451', '--raw', '--subdir', 'DAGS_FOLDER/Extract_new_price_data.py', '--cfg-path', '/tmp/tmp5cp99mf1']
[2024-12-17T12:45:41.598+0000] {standard_task_runner.py:105} INFO - Job 451: Subtask Load_to_fact_price
[2024-12-17T12:45:41.670+0000] {task_command.py:467} INFO - Running <TaskInstance: parallel_new_price_with_group.Load_to_fact_price scheduled__2024-12-16T12:45:00+00:00 [running]> on host 8e02006e0a25
[2024-12-17T12:45:41.779+0000] {taskinstance.py:3132} INFO - Exporting env vars: AIRFLOW_CTX_DAG_OWNER='airflowDWH' AIRFLOW_CTX_DAG_ID='parallel_new_price_with_group' AIRFLOW_CTX_TASK_ID='Load_to_fact_price' AIRFLOW_CTX_EXECUTION_DATE='2024-12-16T12:45:00+00:00' AIRFLOW_CTX_TRY_NUMBER='1' AIRFLOW_CTX_DAG_RUN_ID='scheduled__2024-12-16T12:45:00+00:00'
[2024-12-17T12:45:41.780+0000] {taskinstance.py:731} INFO - ::endgroup::
[2024-12-17T12:45:41.809+0000] {base.py:84} INFO - Retrieving connection 'load_to_staging'
[2024-12-17T12:45:41.929+0000] {base.py:84} INFO - Retrieving connection 'load_to_dwh'
[2024-12-17T12:45:42.046+0000] {logging_mixin.py:190} INFO - ETL process completed successfully.
[2024-12-17T12:45:42.046+0000] {python.py:240} INFO - Done. Returned value was: None
[2024-12-17T12:45:42.201+0000] {taskinstance.py:340} INFO - ::group::Post task execution logs
[2024-12-17T12:45:42.201+0000] {taskinstance.py:352} INFO - Marking task as SUCCESS. dag_id=parallel_new_price_with_group, task_id=Load_to_fact_price, run_id=scheduled__2024-12-16T12:45:00+00:00, execution_date=20241216T124500, start_date=20241217T124541, end_date=20241217T124542
[2024-12-17T12:45:42.253+0000] {local_task_job_runner.py:266} INFO - Task exited with return code 0
[2024-12-17T12:45:42.280+0000] {taskinstance.py:3895} INFO - 0 downstream tasks scheduled from follow-on schedule check
[2024-12-17T12:45:42.282+0000] {local_task_job_runner.py:245} INFO - ::endgroup::
