[2024-12-13T13:10:52.026+0000] {local_task_job_runner.py:123} INFO - ::group::Pre task execution logs
[2024-12-13T13:10:52.120+0000] {taskinstance.py:2613} INFO - Dependencies all met for dep_context=non-requeueable deps ti=<TaskInstance: parallel_new_price_with_group.load_price_to_db scheduled__2024-12-12T13:00:00+00:00 [queued]>
[2024-12-13T13:10:52.137+0000] {taskinstance.py:2613} INFO - Dependencies all met for dep_context=requeueable deps ti=<TaskInstance: parallel_new_price_with_group.load_price_to_db scheduled__2024-12-12T13:00:00+00:00 [queued]>
[2024-12-13T13:10:52.138+0000] {taskinstance.py:2866} INFO - Starting attempt 1 of 4
[2024-12-13T13:10:52.163+0000] {taskinstance.py:2889} INFO - Executing <Task(PythonOperator): load_price_to_db> on 2024-12-12 13:00:00+00:00
[2024-12-13T13:10:52.183+0000] {standard_task_runner.py:104} INFO - Running: ['airflow', 'tasks', 'run', 'parallel_new_price_with_group', 'load_price_to_db', 'scheduled__2024-12-12T13:00:00+00:00', '--job-id', '390', '--raw', '--subdir', 'DAGS_FOLDER/Extract_new_price_data.py', '--cfg-path', '/tmp/tmpscvpbtnc']
[2024-12-13T13:10:52.191+0000] {logging_mixin.py:190} WARNING - /usr/local/lib/python3.12/site-packages/airflow/task/task_runner/standard_task_runner.py:70 DeprecationWarning: This process (pid=301) is multi-threaded, use of fork() may lead to deadlocks in the child.
[2024-12-13T13:10:52.192+0000] {standard_task_runner.py:105} INFO - Job 390: Subtask load_price_to_db
[2024-12-13T13:10:52.192+0000] {standard_task_runner.py:72} INFO - Started process 303 to run task
[2024-12-13T13:10:52.515+0000] {task_command.py:467} INFO - Running <TaskInstance: parallel_new_price_with_group.load_price_to_db scheduled__2024-12-12T13:00:00+00:00 [running]> on host 2f7cc6f48508
[2024-12-13T13:10:52.969+0000] {taskinstance.py:3132} INFO - Exporting env vars: AIRFLOW_CTX_DAG_OWNER='airflowDWH' AIRFLOW_CTX_DAG_ID='parallel_new_price_with_group' AIRFLOW_CTX_TASK_ID='load_price_to_db' AIRFLOW_CTX_EXECUTION_DATE='2024-12-12T13:00:00+00:00' AIRFLOW_CTX_TRY_NUMBER='1' AIRFLOW_CTX_DAG_RUN_ID='scheduled__2024-12-12T13:00:00+00:00'
[2024-12-13T13:10:52.976+0000] {taskinstance.py:731} INFO - ::endgroup::
[2024-12-13T13:10:53.171+0000] {base.py:84} INFO - Retrieving connection 'load_to_staging'
[2024-12-13T13:10:53.363+0000] {logging_mixin.py:190} INFO - Dữ liệu đã được tải thành công vào bảng lichsugia.
[2024-12-13T13:10:53.364+0000] {python.py:240} INFO - Done. Returned value was: None
[2024-12-13T13:10:53.399+0000] {taskinstance.py:340} INFO - ::group::Post task execution logs
[2024-12-13T13:10:53.399+0000] {taskinstance.py:352} INFO - Marking task as SUCCESS. dag_id=parallel_new_price_with_group, task_id=load_price_to_db, run_id=scheduled__2024-12-12T13:00:00+00:00, execution_date=20241212T130000, start_date=20241213T131052, end_date=20241213T131053
[2024-12-13T13:10:53.457+0000] {local_task_job_runner.py:266} INFO - Task exited with return code 0
[2024-12-13T13:10:53.497+0000] {taskinstance.py:3895} INFO - 0 downstream tasks scheduled from follow-on schedule check
[2024-12-13T13:10:53.502+0000] {local_task_job_runner.py:245} INFO - ::endgroup::
