[2024-12-13T13:10:47.692+0000] {local_task_job_runner.py:123} INFO - ::group::Pre task execution logs
[2024-12-13T13:10:47.789+0000] {taskinstance.py:2613} INFO - Dependencies all met for dep_context=non-requeueable deps ti=<TaskInstance: parallel_new_price_with_group.combine_csv_files scheduled__2024-12-12T13:00:00+00:00 [queued]>
[2024-12-13T13:10:47.808+0000] {taskinstance.py:2613} INFO - Dependencies all met for dep_context=requeueable deps ti=<TaskInstance: parallel_new_price_with_group.combine_csv_files scheduled__2024-12-12T13:00:00+00:00 [queued]>
[2024-12-13T13:10:47.808+0000] {taskinstance.py:2866} INFO - Starting attempt 1 of 4
[2024-12-13T13:10:47.829+0000] {taskinstance.py:2889} INFO - Executing <Task(PythonOperator): combine_csv_files> on 2024-12-12 13:00:00+00:00
[2024-12-13T13:10:47.855+0000] {standard_task_runner.py:104} INFO - Running: ['airflow', 'tasks', 'run', 'parallel_new_price_with_group', 'combine_csv_files', 'scheduled__2024-12-12T13:00:00+00:00', '--job-id', '389', '--raw', '--subdir', 'DAGS_FOLDER/Extract_new_price_data.py', '--cfg-path', '/tmp/tmpmbe1ygt5']
[2024-12-13T13:10:47.873+0000] {logging_mixin.py:190} WARNING - /usr/local/lib/python3.12/site-packages/airflow/task/task_runner/standard_task_runner.py:70 DeprecationWarning: This process (pid=291) is multi-threaded, use of fork() may lead to deadlocks in the child.
[2024-12-13T13:10:47.886+0000] {standard_task_runner.py:105} INFO - Job 389: Subtask combine_csv_files
[2024-12-13T13:10:47.887+0000] {standard_task_runner.py:72} INFO - Started process 299 to run task
[2024-12-13T13:10:48.091+0000] {task_command.py:467} INFO - Running <TaskInstance: parallel_new_price_with_group.combine_csv_files scheduled__2024-12-12T13:00:00+00:00 [running]> on host 2f7cc6f48508
[2024-12-13T13:10:48.370+0000] {taskinstance.py:3132} INFO - Exporting env vars: AIRFLOW_CTX_DAG_OWNER='airflowDWH' AIRFLOW_CTX_DAG_ID='parallel_new_price_with_group' AIRFLOW_CTX_TASK_ID='combine_csv_files' AIRFLOW_CTX_EXECUTION_DATE='2024-12-12T13:00:00+00:00' AIRFLOW_CTX_TRY_NUMBER='1' AIRFLOW_CTX_DAG_RUN_ID='scheduled__2024-12-12T13:00:00+00:00'
[2024-12-13T13:10:48.377+0000] {taskinstance.py:731} INFO - ::endgroup::
[2024-12-13T13:10:48.462+0000] {logging_mixin.py:190} INFO - Đã xóa thành công /opt/Tasks/extract/NewData/Temp_Price_Group_0.csv
[2024-12-13T13:10:48.462+0000] {logging_mixin.py:190} INFO - Đã xóa thành công /opt/Tasks/extract/NewData/Temp_Price_Group_1.csv
[2024-12-13T13:10:48.463+0000] {logging_mixin.py:190} INFO - Đã xóa thành công /opt/Tasks/extract/NewData/Temp_Price_Group_2.csv
[2024-12-13T13:10:48.463+0000] {logging_mixin.py:190} INFO - Đã xóa thành công /opt/Tasks/extract/NewData/Temp_Price_Group_3.csv
[2024-12-13T13:10:48.463+0000] {logging_mixin.py:190} INFO - Đã xóa thành công /opt/Tasks/extract/NewData/Temp_Price_Group_4.csv
[2024-12-13T13:10:48.464+0000] {logging_mixin.py:190} INFO - Đã xóa thành công /opt/Tasks/extract/NewData/stock_blocks_0.txt
[2024-12-13T13:10:48.464+0000] {logging_mixin.py:190} INFO - Đã xóa thành công /opt/Tasks/extract/NewData/stock_blocks_1.txt
[2024-12-13T13:10:48.464+0000] {logging_mixin.py:190} INFO - Đã xóa thành công /opt/Tasks/extract/NewData/stock_blocks_2.txt
[2024-12-13T13:10:48.464+0000] {logging_mixin.py:190} INFO - Đã xóa thành công /opt/Tasks/extract/NewData/stock_blocks_3.txt
[2024-12-13T13:10:48.464+0000] {logging_mixin.py:190} INFO - Đã xóa thành công /opt/Tasks/extract/NewData/stock_blocks_4.txt
[2024-12-13T13:10:48.464+0000] {python.py:240} INFO - Done. Returned value was: None
[2024-12-13T13:10:48.493+0000] {taskinstance.py:340} INFO - ::group::Post task execution logs
[2024-12-13T13:10:48.493+0000] {taskinstance.py:352} INFO - Marking task as SUCCESS. dag_id=parallel_new_price_with_group, task_id=combine_csv_files, run_id=scheduled__2024-12-12T13:00:00+00:00, execution_date=20241212T130000, start_date=20241213T131047, end_date=20241213T131048
[2024-12-13T13:10:48.555+0000] {local_task_job_runner.py:266} INFO - Task exited with return code 0
[2024-12-13T13:10:48.601+0000] {taskinstance.py:3895} INFO - 1 downstream tasks scheduled from follow-on schedule check
[2024-12-13T13:10:48.606+0000] {local_task_job_runner.py:245} INFO - ::endgroup::
