[2024-12-12T05:55:37.929+0000] {local_task_job_runner.py:123} INFO - ::group::Pre task execution logs
[2024-12-12T05:55:38.001+0000] {taskinstance.py:2613} INFO - Dependencies all met for dep_context=non-requeueable deps ti=<TaskInstance: parallel_new_price_with_group.process_groups.process_group_4 manual__2024-12-12T05:55:32.191689+00:00 [queued]>
[2024-12-12T05:55:38.030+0000] {taskinstance.py:2613} INFO - Dependencies all met for dep_context=requeueable deps ti=<TaskInstance: parallel_new_price_with_group.process_groups.process_group_4 manual__2024-12-12T05:55:32.191689+00:00 [queued]>
[2024-12-12T05:55:38.030+0000] {taskinstance.py:2866} INFO - Starting attempt 1 of 2
[2024-12-12T05:55:38.056+0000] {taskinstance.py:2889} INFO - Executing <Task(PythonOperator): process_groups.process_group_4> on 2024-12-12 05:55:32.191689+00:00
[2024-12-12T05:55:38.104+0000] {standard_task_runner.py:104} INFO - Running: ['airflow', 'tasks', 'run', 'parallel_new_price_with_group', 'process_groups.process_group_4', 'manual__2024-12-12T05:55:32.191689+00:00', '--job-id', '290', '--raw', '--subdir', 'DAGS_FOLDER/Extract_new_price_data.py', '--cfg-path', '/tmp/tmpjbsm82xd']
[2024-12-12T05:55:38.105+0000] {logging_mixin.py:190} WARNING - /usr/local/lib/python3.12/site-packages/airflow/task/task_runner/standard_task_runner.py:70 DeprecationWarning: This process (pid=7733) is multi-threaded, use of fork() may lead to deadlocks in the child.
[2024-12-12T05:55:38.108+0000] {standard_task_runner.py:105} INFO - Job 290: Subtask process_groups.process_group_4
[2024-12-12T05:55:38.108+0000] {standard_task_runner.py:72} INFO - Started process 7752 to run task
[2024-12-12T05:55:38.688+0000] {task_command.py:467} INFO - Running <TaskInstance: parallel_new_price_with_group.process_groups.process_group_4 manual__2024-12-12T05:55:32.191689+00:00 [running]> on host b97e805017e1
[2024-12-12T05:55:39.044+0000] {taskinstance.py:3132} INFO - Exporting env vars: AIRFLOW_CTX_DAG_OWNER='airflowDWH' AIRFLOW_CTX_DAG_ID='parallel_new_price_with_group' AIRFLOW_CTX_TASK_ID='process_groups.process_group_4' AIRFLOW_CTX_EXECUTION_DATE='2024-12-12T05:55:32.191689+00:00' AIRFLOW_CTX_TRY_NUMBER='1' AIRFLOW_CTX_DAG_RUN_ID='manual__2024-12-12T05:55:32.191689+00:00'
[2024-12-12T05:55:39.047+0000] {taskinstance.py:731} INFO - ::endgroup::
[2024-12-12T05:55:44.561+0000] {data_explorer.py:64} WARNING - Thông tin niêm yết & giao dịch sẽ được truy xuất từ TCBS
[2024-12-12T05:55:45.793+0000] {data_explorer.py:64} WARNING - Thông tin niêm yết & giao dịch sẽ được truy xuất từ TCBS
[2024-12-12T05:55:46.726+0000] {data_explorer.py:64} WARNING - Thông tin niêm yết & giao dịch sẽ được truy xuất từ TCBS
[2024-12-12T05:55:46.956+0000] {logging_mixin.py:190} INFO - Mã cổ phiếu TID hiện bị dừng giao dịch
[2024-12-12T05:55:47.836+0000] {data_explorer.py:64} WARNING - Thông tin niêm yết & giao dịch sẽ được truy xuất từ TCBS
[2024-12-12T05:55:48.297+0000] {logging_mixin.py:190} INFO - Mã cổ phiếu TIX hiện bị dừng giao dịch
[2024-12-12T05:55:49.026+0000] {data_explorer.py:64} WARNING - Thông tin niêm yết & giao dịch sẽ được truy xuất từ TCBS
[2024-12-12T05:55:50.051+0000] {data_explorer.py:64} WARNING - Thông tin niêm yết & giao dịch sẽ được truy xuất từ TCBS
[2024-12-12T05:55:50.997+0000] {data_explorer.py:64} WARNING - Thông tin niêm yết & giao dịch sẽ được truy xuất từ TCBS
[2024-12-12T05:55:51.260+0000] {logging_mixin.py:190} INFO - Mã cổ phiếu V11 hiện bị dừng giao dịch
[2024-12-12T05:55:51.972+0000] {data_explorer.py:64} WARNING - Thông tin niêm yết & giao dịch sẽ được truy xuất từ TCBS
[2024-12-12T05:55:53.289+0000] {data_explorer.py:64} WARNING - Thông tin niêm yết & giao dịch sẽ được truy xuất từ TCBS
[2024-12-12T05:55:54.805+0000] {data_explorer.py:64} WARNING - Thông tin niêm yết & giao dịch sẽ được truy xuất từ TCBS
[2024-12-12T05:55:56.505+0000] {data_explorer.py:64} WARNING - Thông tin niêm yết & giao dịch sẽ được truy xuất từ TCBS
[2024-12-12T05:55:56.898+0000] {logging_mixin.py:190} INFO - Mã cổ phiếu VCR hiện bị dừng giao dịch
[2024-12-12T05:55:57.796+0000] {data_explorer.py:64} WARNING - Thông tin niêm yết & giao dịch sẽ được truy xuất từ TCBS
[2024-12-12T05:55:58.016+0000] {logging_mixin.py:190} INFO - Mã cổ phiếu VES hiện bị dừng giao dịch
[2024-12-12T05:55:58.600+0000] {data_explorer.py:64} WARNING - Thông tin niêm yết & giao dịch sẽ được truy xuất từ TCBS
[2024-12-12T05:56:00.021+0000] {data_explorer.py:64} WARNING - Thông tin niêm yết & giao dịch sẽ được truy xuất từ TCBS
[2024-12-12T05:56:01.257+0000] {data_explorer.py:64} WARNING - Thông tin niêm yết & giao dịch sẽ được truy xuất từ TCBS
[2024-12-12T05:56:03.140+0000] {data_explorer.py:64} WARNING - Thông tin niêm yết & giao dịch sẽ được truy xuất từ TCBS
[2024-12-12T05:56:04.158+0000] {data_explorer.py:64} WARNING - Thông tin niêm yết & giao dịch sẽ được truy xuất từ TCBS
[2024-12-12T05:56:04.988+0000] {data_explorer.py:64} WARNING - Thông tin niêm yết & giao dịch sẽ được truy xuất từ TCBS
[2024-12-12T05:56:06.306+0000] {data_explorer.py:64} WARNING - Thông tin niêm yết & giao dịch sẽ được truy xuất từ TCBS
[2024-12-12T05:56:07.617+0000] {data_explorer.py:64} WARNING - Thông tin niêm yết & giao dịch sẽ được truy xuất từ TCBS
[2024-12-12T05:56:08.786+0000] {data_explorer.py:64} WARNING - Thông tin niêm yết & giao dịch sẽ được truy xuất từ TCBS
[2024-12-12T05:56:09.195+0000] {python.py:240} INFO - Done. Returned value was: None
[2024-12-12T05:56:09.231+0000] {taskinstance.py:340} INFO - ::group::Post task execution logs
[2024-12-12T05:56:09.232+0000] {taskinstance.py:352} INFO - Marking task as SUCCESS. dag_id=parallel_new_price_with_group, task_id=process_groups.process_group_4, run_id=manual__2024-12-12T05:55:32.191689+00:00, execution_date=20241212T055532, start_date=20241212T055538, end_date=20241212T055609
[2024-12-12T05:56:09.294+0000] {local_task_job_runner.py:266} INFO - Task exited with return code 0
[2024-12-12T05:56:09.380+0000] {taskinstance.py:3895} INFO - 0 downstream tasks scheduled from follow-on schedule check
[2024-12-12T05:56:09.386+0000] {local_task_job_runner.py:245} INFO - ::endgroup::
