[2024-12-08T15:28:49.100+0000] {local_task_job_runner.py:123} INFO - ::group::Pre task execution logs
[2024-12-08T15:28:49.355+0000] {taskinstance.py:2613} INFO - Dependencies all met for dep_context=non-requeueable deps ti=<TaskInstance: parallel_historical_price_with_group.process_groups.process_group_2 manual__2024-12-08T15:28:42.089899+00:00 [queued]>
[2024-12-08T15:28:49.409+0000] {taskinstance.py:2613} INFO - Dependencies all met for dep_context=requeueable deps ti=<TaskInstance: parallel_historical_price_with_group.process_groups.process_group_2 manual__2024-12-08T15:28:42.089899+00:00 [queued]>
[2024-12-08T15:28:49.409+0000] {taskinstance.py:2866} INFO - Starting attempt 1 of 1
[2024-12-08T15:28:49.468+0000] {taskinstance.py:2889} INFO - Executing <Task(PythonOperator): process_groups.process_group_2> on 2024-12-08 15:28:42.089899+00:00
[2024-12-08T15:28:49.694+0000] {logging_mixin.py:190} WARNING - /usr/local/lib/python3.12/site-packages/airflow/task/task_runner/standard_task_runner.py:70 DeprecationWarning: This process (pid=2490) is multi-threaded, use of fork() may lead to deadlocks in the child.
[2024-12-08T15:28:49.703+0000] {standard_task_runner.py:72} INFO - Started process 2510 to run task
[2024-12-08T15:28:49.652+0000] {standard_task_runner.py:104} INFO - Running: ['airflow', 'tasks', 'run', 'parallel_historical_price_with_group', 'process_groups.process_group_2', 'manual__2024-12-08T15:28:42.089899+00:00', '--job-id', '180', '--raw', '--subdir', 'DAGS_FOLDER/Extract_history_price_data.py', '--cfg-path', '/tmp/tmpj3c17_16']
[2024-12-08T15:28:49.707+0000] {standard_task_runner.py:105} INFO - Job 180: Subtask process_groups.process_group_2
[2024-12-08T15:28:51.146+0000] {task_command.py:467} INFO - Running <TaskInstance: parallel_historical_price_with_group.process_groups.process_group_2 manual__2024-12-08T15:28:42.089899+00:00 [running]> on host a15ab3c9c934
[2024-12-08T15:28:52.699+0000] {taskinstance.py:3132} INFO - Exporting env vars: AIRFLOW_CTX_DAG_OWNER='airflowDWH' AIRFLOW_CTX_DAG_ID='parallel_historical_price_with_group' AIRFLOW_CTX_TASK_ID='process_groups.process_group_2' AIRFLOW_CTX_EXECUTION_DATE='2024-12-08T15:28:42.089899+00:00' AIRFLOW_CTX_TRY_NUMBER='1' AIRFLOW_CTX_DAG_RUN_ID='manual__2024-12-08T15:28:42.089899+00:00'
[2024-12-08T15:28:52.712+0000] {taskinstance.py:731} INFO - ::endgroup::
[2024-12-08T15:28:58.372+0000] {data_explorer.py:64} WARNING - Thông tin niêm yết & giao dịch sẽ được truy xuất từ TCBS
[2024-12-08T15:29:00.701+0000] {data_explorer.py:64} WARNING - Thông tin niêm yết & giao dịch sẽ được truy xuất từ TCBS
[2024-12-08T15:29:02.961+0000] {data_explorer.py:64} WARNING - Thông tin niêm yết & giao dịch sẽ được truy xuất từ TCBS
[2024-12-08T15:29:04.888+0000] {data_explorer.py:64} WARNING - Thông tin niêm yết & giao dịch sẽ được truy xuất từ TCBS
[2024-12-08T15:29:06.182+0000] {data_explorer.py:64} WARNING - Thông tin niêm yết & giao dịch sẽ được truy xuất từ TCBS
[2024-12-08T15:29:07.338+0000] {data_explorer.py:64} WARNING - Thông tin niêm yết & giao dịch sẽ được truy xuất từ TCBS
[2024-12-08T15:29:10.724+0000] {data_explorer.py:64} WARNING - Thông tin niêm yết & giao dịch sẽ được truy xuất từ TCBS
[2024-12-08T15:29:11.852+0000] {data_explorer.py:64} WARNING - Thông tin niêm yết & giao dịch sẽ được truy xuất từ TCBS
[2024-12-08T15:29:13.180+0000] {data_explorer.py:64} WARNING - Thông tin niêm yết & giao dịch sẽ được truy xuất từ TCBS
[2024-12-08T15:29:14.270+0000] {data_explorer.py:64} WARNING - Thông tin niêm yết & giao dịch sẽ được truy xuất từ TCBS
[2024-12-08T15:29:15.400+0000] {data_explorer.py:64} WARNING - Thông tin niêm yết & giao dịch sẽ được truy xuất từ TCBS
[2024-12-08T15:29:16.608+0000] {data_explorer.py:64} WARNING - Thông tin niêm yết & giao dịch sẽ được truy xuất từ TCBS
[2024-12-08T15:29:17.787+0000] {data_explorer.py:64} WARNING - Thông tin niêm yết & giao dịch sẽ được truy xuất từ TCBS
[2024-12-08T15:29:18.884+0000] {data_explorer.py:64} WARNING - Thông tin niêm yết & giao dịch sẽ được truy xuất từ TCBS
[2024-12-08T15:29:19.971+0000] {data_explorer.py:64} WARNING - Thông tin niêm yết & giao dịch sẽ được truy xuất từ TCBS
[2024-12-08T15:29:21.197+0000] {data_explorer.py:64} WARNING - Thông tin niêm yết & giao dịch sẽ được truy xuất từ TCBS
[2024-12-08T15:29:22.244+0000] {data_explorer.py:64} WARNING - Thông tin niêm yết & giao dịch sẽ được truy xuất từ TCBS
[2024-12-08T15:29:23.459+0000] {data_explorer.py:64} WARNING - Thông tin niêm yết & giao dịch sẽ được truy xuất từ TCBS
[2024-12-08T15:29:24.612+0000] {data_explorer.py:64} WARNING - Thông tin niêm yết & giao dịch sẽ được truy xuất từ TCBS
[2024-12-08T15:29:25.673+0000] {data_explorer.py:64} WARNING - Thông tin niêm yết & giao dịch sẽ được truy xuất từ TCBS
[2024-12-08T15:29:26.947+0000] {data_explorer.py:64} WARNING - Thông tin niêm yết & giao dịch sẽ được truy xuất từ TCBS
[2024-12-08T15:29:28.044+0000] {data_explorer.py:64} WARNING - Thông tin niêm yết & giao dịch sẽ được truy xuất từ TCBS
[2024-12-08T15:29:29.113+0000] {data_explorer.py:64} WARNING - Thông tin niêm yết & giao dịch sẽ được truy xuất từ TCBS
[2024-12-08T15:29:30.173+0000] {data_explorer.py:64} WARNING - Thông tin niêm yết & giao dịch sẽ được truy xuất từ TCBS
[2024-12-08T15:29:31.254+0000] {data_explorer.py:64} WARNING - Thông tin niêm yết & giao dịch sẽ được truy xuất từ TCBS
[2024-12-08T15:29:32.300+0000] {data_explorer.py:64} WARNING - Thông tin niêm yết & giao dịch sẽ được truy xuất từ TCBS
[2024-12-08T15:29:32.907+0000] {python.py:240} INFO - Done. Returned value was: None
[2024-12-08T15:29:32.944+0000] {taskinstance.py:340} INFO - ::group::Post task execution logs
[2024-12-08T15:29:32.944+0000] {taskinstance.py:352} INFO - Marking task as SUCCESS. dag_id=parallel_historical_price_with_group, task_id=process_groups.process_group_2, run_id=manual__2024-12-08T15:28:42.089899+00:00, execution_date=20241208T152842, start_date=20241208T152849, end_date=20241208T152932
[2024-12-08T15:29:33.040+0000] {local_task_job_runner.py:266} INFO - Task exited with return code 0
[2024-12-08T15:29:33.119+0000] {taskinstance.py:3895} INFO - 0 downstream tasks scheduled from follow-on schedule check
[2024-12-08T15:29:33.124+0000] {local_task_job_runner.py:245} INFO - ::endgroup::
