[2024-12-12T08:52:03.594+0000] {local_task_job_runner.py:123} INFO - ::group::Pre task execution logs
[2024-12-12T08:52:03.643+0000] {taskinstance.py:2613} INFO - Dependencies all met for dep_context=non-requeueable deps ti=<TaskInstance: parallel_new_financial_reports.financial_reports.run_main_report manual__2024-12-12T08:52:00.943909+00:00 [queued]>
[2024-12-12T08:52:03.658+0000] {taskinstance.py:2613} INFO - Dependencies all met for dep_context=requeueable deps ti=<TaskInstance: parallel_new_financial_reports.financial_reports.run_main_report manual__2024-12-12T08:52:00.943909+00:00 [queued]>
[2024-12-12T08:52:03.658+0000] {taskinstance.py:2866} INFO - Starting attempt 1 of 1
[2024-12-12T08:52:03.682+0000] {taskinstance.py:2889} INFO - Executing <Task(PythonOperator): financial_reports.run_main_report> on 2024-12-12 08:52:00.943909+00:00
[2024-12-12T08:52:03.721+0000] {logging_mixin.py:190} WARNING - /usr/local/lib/python3.12/site-packages/airflow/task/task_runner/standard_task_runner.py:70 DeprecationWarning: This process (pid=646) is multi-threaded, use of fork() may lead to deadlocks in the child.
[2024-12-12T08:52:03.722+0000] {standard_task_runner.py:72} INFO - Started process 652 to run task
[2024-12-12T08:52:03.719+0000] {standard_task_runner.py:104} INFO - Running: ['airflow', 'tasks', 'run', 'parallel_new_financial_reports', 'financial_reports.run_main_report', 'manual__2024-12-12T08:52:00.943909+00:00', '--job-id', '306', '--raw', '--subdir', 'DAGS_FOLDER/Extract_new_financial_data.py', '--cfg-path', '/tmp/tmpm0a5wayo']
[2024-12-12T08:52:03.722+0000] {standard_task_runner.py:105} INFO - Job 306: Subtask financial_reports.run_main_report
[2024-12-12T08:52:04.051+0000] {task_command.py:467} INFO - Running <TaskInstance: parallel_new_financial_reports.financial_reports.run_main_report manual__2024-12-12T08:52:00.943909+00:00 [running]> on host f1b774b5d57f
[2024-12-12T08:52:04.314+0000] {taskinstance.py:3132} INFO - Exporting env vars: AIRFLOW_CTX_DAG_OWNER='airflowDWH' AIRFLOW_CTX_DAG_ID='parallel_new_financial_reports' AIRFLOW_CTX_TASK_ID='financial_reports.run_main_report' AIRFLOW_CTX_EXECUTION_DATE='2024-12-12T08:52:00.943909+00:00' AIRFLOW_CTX_TRY_NUMBER='1' AIRFLOW_CTX_DAG_RUN_ID='manual__2024-12-12T08:52:00.943909+00:00'
[2024-12-12T08:52:04.319+0000] {taskinstance.py:731} INFO - ::endgroup::
[2024-12-12T08:52:46.947+0000] {logging_mixin.py:190} INFO - Mã AGG đã được xử lý
[2024-12-12T08:53:00.538+0000] {logging_mixin.py:190} INFO - Mã LEC đã được xử lý
[2024-12-12T08:53:13.556+0000] {logging_mixin.py:190} INFO - Mã FDC đã được xử lý
[2024-12-12T08:53:26.888+0000] {logging_mixin.py:190} INFO - Mã API đã được xử lý
[2024-12-12T08:53:39.010+0000] {logging_mixin.py:190} INFO - Mã D11 đã được xử lý
[2024-12-12T08:53:39.119+0000] {logging_mixin.py:190} INFO - Đã lưu dữ liệu sau 5 mã chứng khoán.
[2024-12-12T08:53:48.867+0000] {logging_mixin.py:190} INFO - Mã HAR đã được xử lý
[2024-12-12T08:53:58.752+0000] {logging_mixin.py:190} INFO - Mã XDH đã được xử lý
[2024-12-12T08:54:11.340+0000] {logging_mixin.py:190} INFO - Mã C21 đã được xử lý
[2024-12-12T08:54:23.318+0000] {logging_mixin.py:190} INFO - Mã D2D đã được xử lý
[2024-12-12T08:54:24.849+0000] {logging_mixin.py:190} INFO - Lỗi khi tải trang hoặc không có dữ liệu
[2024-12-12T08:54:25.421+0000] {logging_mixin.py:190} INFO - Lỗi khi tải trang hoặc không có dữ liệu
[2024-12-12T08:54:25.635+0000] {logging_mixin.py:190} INFO - Lỗi khi tải trang hoặc không có dữ liệu
[2024-12-12T08:54:25.636+0000] {logging_mixin.py:190} INFO - Mã CK8 đã được xử lý
[2024-12-12T08:54:25.646+0000] {logging_mixin.py:190} INFO - Đã lưu dữ liệu sau 10 mã chứng khoán.
[2024-12-12T08:54:26.430+0000] {logging_mixin.py:190} INFO - Lỗi khi tải trang hoặc không có dữ liệu
[2024-12-12T08:54:26.703+0000] {logging_mixin.py:190} INFO - Lỗi khi tải trang hoặc không có dữ liệu
[2024-12-12T08:54:30.296+0000] {logging_mixin.py:190} INFO - Mã AAV đã được xử lý
[2024-12-12T08:54:33.665+0000] {logging_mixin.py:190} INFO - Dữ liệu mới nhất chưa được cập nhật
[2024-12-12T08:54:34.647+0000] {logging_mixin.py:190} INFO - Dữ liệu mới nhất chưa được cập nhật
[2024-12-12T08:54:35.281+0000] {logging_mixin.py:190} INFO - Dữ liệu mới nhất chưa được cập nhật
[2024-12-12T08:54:35.284+0000] {logging_mixin.py:190} INFO - Mã CLG đã được xử lý
[2024-12-12T08:54:46.051+0000] {logging_mixin.py:190} INFO - Mã MGR đã được xử lý
[2024-12-12T08:54:56.486+0000] {logging_mixin.py:190} INFO - Mã HPI đã được xử lý
[2024-12-12T08:55:06.208+0000] {logging_mixin.py:190} INFO - Mã DRH đã được xử lý
[2024-12-12T08:55:06.213+0000] {logging_mixin.py:190} INFO - Đã lưu dữ liệu sau 15 mã chứng khoán.
[2024-12-12T08:55:20.777+0000] {logging_mixin.py:190} INFO - Mã FIR đã được xử lý
[2024-12-12T08:55:33.862+0000] {logging_mixin.py:190} INFO - Mã BCM đã được xử lý
[2024-12-12T08:56:20.240+0000] {logging_mixin.py:190} INFO - Mã CCL đã được xử lý
[2024-12-12T08:56:20.524+0000] {job.py:229} INFO - Heartbeat recovered after 45.84 seconds
[2024-12-12T08:56:33.553+0000] {logging_mixin.py:190} INFO - Mã BVL đã được xử lý
[2024-12-12T08:56:46.079+0000] {logging_mixin.py:190} INFO - Mã HQC đã được xử lý
[2024-12-12T08:56:46.101+0000] {logging_mixin.py:190} INFO - Đã lưu dữ liệu sau 20 mã chứng khoán.
[2024-12-12T08:57:04.439+0000] {job.py:229} INFO - Heartbeat recovered after 11.15 seconds
[2024-12-12T08:57:07.303+0000] {logging_mixin.py:190} INFO - Mã DXG đã được xử lý
[2024-12-12T08:57:09.876+0000] {logging_mixin.py:190} INFO - Dữ liệu mới nhất chưa được cập nhật
[2024-12-12T08:57:10.948+0000] {logging_mixin.py:190} INFO - Dữ liệu mới nhất chưa được cập nhật
[2024-12-12T08:57:11.323+0000] {logging_mixin.py:190} INFO - Dữ liệu mới nhất chưa được cập nhật
[2024-12-12T08:57:11.323+0000] {logging_mixin.py:190} INFO - Mã BII đã được xử lý
[2024-12-12T08:57:14.000+0000] {logging_mixin.py:190} INFO - Dữ liệu mới nhất chưa được cập nhật
[2024-12-12T08:57:14.996+0000] {logging_mixin.py:190} INFO - Dữ liệu mới nhất chưa được cập nhật
[2024-12-12T08:57:15.274+0000] {logging_mixin.py:190} INFO - Dữ liệu mới nhất chưa được cập nhật
[2024-12-12T08:57:15.276+0000] {logging_mixin.py:190} INFO - Mã FLC đã được xử lý
[2024-12-12T08:57:24.860+0000] {logging_mixin.py:190} INFO - Mã TCH đã được xử lý
[2024-12-12T08:57:26.402+0000] {logging_mixin.py:190} INFO - Lỗi khi tải trang hoặc không có dữ liệu
[2024-12-12T08:57:26.986+0000] {logging_mixin.py:190} INFO - Lỗi khi tải trang hoặc không có dữ liệu
[2024-12-12T08:57:27.206+0000] {logging_mixin.py:190} INFO - Lỗi khi tải trang hoặc không có dữ liệu
[2024-12-12T08:57:27.207+0000] {logging_mixin.py:190} INFO - Mã HU6 đã được xử lý
[2024-12-12T08:57:27.214+0000] {logging_mixin.py:190} INFO - Đã lưu dữ liệu sau 25 mã chứng khoán.
[2024-12-12T08:57:27.933+0000] {logging_mixin.py:190} INFO - Lỗi khi tải trang hoặc không có dữ liệu
[2024-12-12T08:57:28.212+0000] {logging_mixin.py:190} INFO - Lỗi khi tải trang hoặc không có dữ liệu
[2024-12-12T08:57:32.809+0000] {logging_mixin.py:190} INFO - Mã HTN đã được xử lý
[2024-12-12T08:57:43.650+0000] {logging_mixin.py:190} INFO - Mã DXS đã được xử lý
[2024-12-12T08:57:53.520+0000] {logging_mixin.py:190} INFO - Mã DIG đã được xử lý
[2024-12-12T08:57:58.790+0000] {logging_mixin.py:190} INFO - Dữ liệu mới nhất chưa được cập nhật
[2024-12-12T08:58:01.832+0000] {logging_mixin.py:190} INFO - Mã SSH đã được xử lý
[2024-12-12T08:58:13.802+0000] {logging_mixin.py:190} INFO - Mã IDJ đã được xử lý
[2024-12-12T08:58:13.809+0000] {logging_mixin.py:190} INFO - Đã lưu dữ liệu sau 30 mã chứng khoán.
[2024-12-12T08:58:15.309+0000] {logging_mixin.py:190} INFO - Lỗi khi tải trang hoặc không có dữ liệu
[2024-12-12T08:58:15.882+0000] {logging_mixin.py:190} INFO - Lỗi khi tải trang hoặc không có dữ liệu
[2024-12-12T08:58:16.184+0000] {logging_mixin.py:190} INFO - Dữ liệu mới nhất chưa được cập nhật
[2024-12-12T08:58:16.185+0000] {logging_mixin.py:190} INFO - Mã DCH đã được xử lý
[2024-12-12T08:58:17.753+0000] {logging_mixin.py:190} INFO - Lỗi khi tải trang hoặc không có dữ liệu
[2024-12-12T08:58:17.935+0000] {logging_mixin.py:190} INFO - Lỗi khi tải trang hoặc không có dữ liệu
[2024-12-12T08:58:18.231+0000] {logging_mixin.py:190} INFO - Dữ liệu mới nhất chưa được cập nhật
[2024-12-12T08:58:18.233+0000] {logging_mixin.py:190} INFO - Mã AMD đã được xử lý
[2024-12-12T08:58:28.031+0000] {logging_mixin.py:190} INFO - Mã MH3 đã được xử lý
[2024-12-12T08:58:38.871+0000] {logging_mixin.py:190} INFO - Mã CEO đã được xử lý
[2024-12-12T08:58:51.474+0000] {logging_mixin.py:190} INFO - Mã IJC đã được xử lý
[2024-12-12T08:58:51.480+0000] {logging_mixin.py:190} INFO - Đã lưu dữ liệu sau 35 mã chứng khoán.
[2024-12-12T08:59:01.056+0000] {logging_mixin.py:190} INFO - Mã HDC đã được xử lý
[2024-12-12T08:59:10.654+0000] {logging_mixin.py:190} INFO - Mã HDG đã được xử lý
[2024-12-12T08:59:12.789+0000] {logging_mixin.py:190} INFO - Dữ liệu mới nhất chưa được cập nhật
[2024-12-12T08:59:13.865+0000] {logging_mixin.py:190} INFO - Dữ liệu mới nhất chưa được cập nhật
[2024-12-12T08:59:14.136+0000] {logging_mixin.py:190} INFO - Dữ liệu mới nhất chưa được cập nhật
[2024-12-12T08:59:14.138+0000] {logging_mixin.py:190} INFO - Mã KAC đã được xử lý
[2024-12-12T08:59:24.203+0000] {logging_mixin.py:190} INFO - Mã CRE đã được xử lý
[2024-12-12T08:59:35.455+0000] {logging_mixin.py:190} INFO - Mã KDH đã được xử lý
[2024-12-12T08:59:35.461+0000] {logging_mixin.py:190} INFO - Đã lưu dữ liệu sau 40 mã chứng khoán.
[2024-12-12T08:59:36.969+0000] {logging_mixin.py:190} INFO - Lỗi khi tải trang hoặc không có dữ liệu
[2024-12-12T08:59:37.566+0000] {logging_mixin.py:190} INFO - Lỗi khi tải trang hoặc không có dữ liệu
[2024-12-12T08:59:37.755+0000] {logging_mixin.py:190} INFO - Lỗi khi tải trang hoặc không có dữ liệu
[2024-12-12T08:59:37.755+0000] {logging_mixin.py:190} INFO - Mã HD8 đã được xử lý
[2024-12-12T08:59:38.336+0000] {logging_mixin.py:190} INFO - Lỗi khi tải trang hoặc không có dữ liệu
[2024-12-12T08:59:38.605+0000] {logging_mixin.py:190} INFO - Lỗi khi tải trang hoặc không có dữ liệu
[2024-12-12T08:59:41.776+0000] {logging_mixin.py:190} INFO - Mã KHG đã được xử lý
[2024-12-12T08:59:52.881+0000] {logging_mixin.py:190} INFO - Mã LSG đã được xử lý
[2024-12-12T09:00:02.623+0000] {logging_mixin.py:190} INFO - Mã KOS đã được xử lý
[2024-12-12T09:00:14.093+0000] {logging_mixin.py:190} INFO - Mã LHG đã được xử lý
[2024-12-12T09:00:14.101+0000] {logging_mixin.py:190} INFO - Đã lưu dữ liệu sau 45 mã chứng khoán.
[2024-12-12T09:00:25.275+0000] {logging_mixin.py:190} INFO - Mã ITC đã được xử lý
[2024-12-12T09:00:35.889+0000] {logging_mixin.py:190} INFO - Mã KBC đã được xử lý
[2024-12-12T09:00:37.504+0000] {logging_mixin.py:190} INFO - Dữ liệu mới nhất chưa được cập nhật
[2024-12-12T09:00:38.008+0000] {logging_mixin.py:190} INFO - Lỗi khi tải trang hoặc không có dữ liệu
[2024-12-12T09:00:38.217+0000] {logging_mixin.py:190} INFO - Lỗi khi tải trang hoặc không có dữ liệu
[2024-12-12T09:00:38.219+0000] {logging_mixin.py:190} INFO - Mã MA1 đã được xử lý
[2024-12-12T09:00:42.650+0000] {logging_mixin.py:190} INFO - Lỗi khi tải trang hoặc không có dữ liệu
[2024-12-12T09:00:45.529+0000] {logging_mixin.py:190} INFO - Mã ITA đã được xử lý
[2024-12-12T09:00:50.909+0000] {logging_mixin.py:190} INFO - Dữ liệu mới nhất chưa được cập nhật
[2024-12-12T09:00:53.946+0000] {logging_mixin.py:190} INFO - Mã HD6 đã được xử lý
[2024-12-12T09:00:53.957+0000] {logging_mixin.py:190} INFO - Đã lưu dữ liệu sau 50 mã chứng khoán.
[2024-12-12T09:01:08.708+0000] {logging_mixin.py:190} INFO - Mã DTA đã được xử lý
[2024-12-12T09:01:19.863+0000] {logging_mixin.py:190} INFO - Mã CKG đã được xử lý
[2024-12-12T09:01:29.198+0000] {logging_mixin.py:190} INFO - Mã HPX đã được xử lý
[2024-12-12T09:01:40.666+0000] {logging_mixin.py:190} INFO - Mã LGL đã được xử lý
[2024-12-12T09:01:49.207+0000] {logging_mixin.py:190} INFO - Mã FID đã được xử lý
[2024-12-12T09:01:49.225+0000] {logging_mixin.py:190} INFO - Đã lưu dữ liệu sau 55 mã chứng khoán.
[2024-12-12T09:01:50.700+0000] {local_task_job_runner.py:346} WARNING - State of this instance has been externally set to success. Terminating instance.
[2024-12-12T09:01:50.731+0000] {local_task_job_runner.py:245} INFO - ::endgroup::
[2024-12-12T09:01:50.754+0000] {process_utils.py:132} INFO - Sending 15 to group 652. PIDs of all processes in the group: [652]
[2024-12-12T09:01:50.759+0000] {process_utils.py:87} INFO - Sending the signal 15 to group 652
[2024-12-12T09:01:50.765+0000] {taskinstance.py:3093} ERROR - Received SIGTERM. Terminating subprocesses.
[2024-12-12T09:01:51.152+0000] {taskinstance.py:340} INFO - ::group::Post task execution logs
[2024-12-12T09:01:51.214+0000] {process_utils.py:80} INFO - Process psutil.Process(pid=652, status='terminated', exitcode=0, started='08:52:03') (652) terminated with exit code 0
