[2024-12-17T12:45:04.505+0000] {local_task_job_runner.py:123} INFO - ::group::Pre task execution logs
[2024-12-17T12:45:04.555+0000] {taskinstance.py:2613} INFO - Dependencies all met for dep_context=non-requeueable deps ti=<TaskInstance: parallel_new_price_with_group.process_groups.process_group_3 scheduled__2024-12-16T12:45:00+00:00 [queued]>
[2024-12-17T12:45:04.573+0000] {taskinstance.py:2613} INFO - Dependencies all met for dep_context=requeueable deps ti=<TaskInstance: parallel_new_price_with_group.process_groups.process_group_3 scheduled__2024-12-16T12:45:00+00:00 [queued]>
[2024-12-17T12:45:04.573+0000] {taskinstance.py:2866} INFO - Starting attempt 1 of 4
[2024-12-17T12:45:04.664+0000] {taskinstance.py:2889} INFO - Executing <Task(PythonOperator): process_groups.process_group_3> on 2024-12-16 12:45:00+00:00
[2024-12-17T12:45:04.679+0000] {logging_mixin.py:190} WARNING - /usr/local/lib/python3.12/site-packages/airflow/task/task_runner/standard_task_runner.py:70 DeprecationWarning: This process (pid=3013) is multi-threaded, use of fork() may lead to deadlocks in the child.
[2024-12-17T12:45:04.683+0000] {standard_task_runner.py:72} INFO - Started process 3029 to run task
[2024-12-17T12:45:04.680+0000] {standard_task_runner.py:104} INFO - Running: ['airflow', 'tasks', 'run', 'parallel_new_price_with_group', 'process_groups.process_group_3', 'scheduled__2024-12-16T12:45:00+00:00', '--job-id', '447', '--raw', '--subdir', 'DAGS_FOLDER/Extract_new_price_data.py', '--cfg-path', '/tmp/tmpsasiqo4f']
[2024-12-17T12:45:04.684+0000] {standard_task_runner.py:105} INFO - Job 447: Subtask process_groups.process_group_3
[2024-12-17T12:45:04.857+0000] {task_command.py:467} INFO - Running <TaskInstance: parallel_new_price_with_group.process_groups.process_group_3 scheduled__2024-12-16T12:45:00+00:00 [running]> on host 8e02006e0a25
[2024-12-17T12:45:05.147+0000] {taskinstance.py:3132} INFO - Exporting env vars: AIRFLOW_CTX_DAG_OWNER='airflowDWH' AIRFLOW_CTX_DAG_ID='parallel_new_price_with_group' AIRFLOW_CTX_TASK_ID='process_groups.process_group_3' AIRFLOW_CTX_EXECUTION_DATE='2024-12-16T12:45:00+00:00' AIRFLOW_CTX_TRY_NUMBER='1' AIRFLOW_CTX_DAG_RUN_ID='scheduled__2024-12-16T12:45:00+00:00'
[2024-12-17T12:45:05.149+0000] {taskinstance.py:731} INFO - ::endgroup::
[2024-12-17T12:45:06.658+0000] {data_explorer.py:64} WARNING - Thông tin niêm yết & giao dịch sẽ được truy xuất từ TCBS
[2024-12-17T12:45:08.054+0000] {data_explorer.py:64} WARNING - Thông tin niêm yết & giao dịch sẽ được truy xuất từ TCBS
[2024-12-17T12:45:08.935+0000] {data_explorer.py:64} WARNING - Thông tin niêm yết & giao dịch sẽ được truy xuất từ TCBS
[2024-12-17T12:45:09.851+0000] {data_explorer.py:64} WARNING - Thông tin niêm yết & giao dịch sẽ được truy xuất từ TCBS
[2024-12-17T12:45:11.638+0000] {data_explorer.py:64} WARNING - Thông tin niêm yết & giao dịch sẽ được truy xuất từ TCBS
[2024-12-17T12:45:12.524+0000] {data_explorer.py:64} WARNING - Thông tin niêm yết & giao dịch sẽ được truy xuất từ TCBS
[2024-12-17T12:45:13.174+0000] {data_explorer.py:64} WARNING - Thông tin niêm yết & giao dịch sẽ được truy xuất từ TCBS
[2024-12-17T12:45:14.702+0000] {data_explorer.py:64} WARNING - Thông tin niêm yết & giao dịch sẽ được truy xuất từ TCBS
[2024-12-17T12:45:15.609+0000] {data_explorer.py:64} WARNING - Thông tin niêm yết & giao dịch sẽ được truy xuất từ TCBS
[2024-12-17T12:45:16.967+0000] {data_explorer.py:64} WARNING - Thông tin niêm yết & giao dịch sẽ được truy xuất từ TCBS
[2024-12-17T12:45:17.663+0000] {data_explorer.py:64} WARNING - Thông tin niêm yết & giao dịch sẽ được truy xuất từ TCBS
[2024-12-17T12:45:18.537+0000] {data_explorer.py:64} WARNING - Thông tin niêm yết & giao dịch sẽ được truy xuất từ TCBS
[2024-12-17T12:45:20.314+0000] {data_explorer.py:64} WARNING - Thông tin niêm yết & giao dịch sẽ được truy xuất từ TCBS
[2024-12-17T12:45:21.020+0000] {data_explorer.py:64} WARNING - Thông tin niêm yết & giao dịch sẽ được truy xuất từ TCBS
[2024-12-17T12:45:21.252+0000] {logging_mixin.py:190} INFO - Mã cổ phiếu LMH hiện bị dừng giao dịch
[2024-12-17T12:45:21.796+0000] {data_explorer.py:64} WARNING - Thông tin niêm yết & giao dịch sẽ được truy xuất từ TCBS
[2024-12-17T12:45:22.540+0000] {data_explorer.py:64} WARNING - Thông tin niêm yết & giao dịch sẽ được truy xuất từ TCBS
[2024-12-17T12:45:23.220+0000] {logging_mixin.py:190} INFO - Mã cổ phiếu PVR hiện bị dừng giao dịch
[2024-12-17T12:45:23.759+0000] {data_explorer.py:64} WARNING - Thông tin niêm yết & giao dịch sẽ được truy xuất từ TCBS
[2024-12-17T12:45:24.520+0000] {data_explorer.py:64} WARNING - Thông tin niêm yết & giao dịch sẽ được truy xuất từ TCBS
[2024-12-17T12:45:25.481+0000] {data_explorer.py:64} WARNING - Thông tin niêm yết & giao dịch sẽ được truy xuất từ TCBS
[2024-12-17T12:45:26.292+0000] {data_explorer.py:64} WARNING - Thông tin niêm yết & giao dịch sẽ được truy xuất từ TCBS
[2024-12-17T12:45:26.488+0000] {logging_mixin.py:190} INFO - Mã cổ phiếu PXC hiện bị dừng giao dịch
[2024-12-17T12:45:26.929+0000] {data_explorer.py:64} WARNING - Thông tin niêm yết & giao dịch sẽ được truy xuất từ TCBS
[2024-12-17T12:45:27.563+0000] {data_explorer.py:64} WARNING - Thông tin niêm yết & giao dịch sẽ được truy xuất từ TCBS
[2024-12-17T12:45:27.770+0000] {logging_mixin.py:190} INFO - Mã cổ phiếu SZG hiện bị dừng giao dịch
[2024-12-17T12:45:28.239+0000] {data_explorer.py:64} WARNING - Thông tin niêm yết & giao dịch sẽ được truy xuất từ TCBS
[2024-12-17T12:45:29.449+0000] {data_explorer.py:64} WARNING - Thông tin niêm yết & giao dịch sẽ được truy xuất từ TCBS
[2024-12-17T12:45:29.648+0000] {logging_mixin.py:190} INFO - Mã cổ phiếu STL hiện bị dừng giao dịch
[2024-12-17T12:45:30.186+0000] {data_explorer.py:64} WARNING - Thông tin niêm yết & giao dịch sẽ được truy xuất từ TCBS
[2024-12-17T12:45:30.912+0000] {data_explorer.py:64} WARNING - Thông tin niêm yết & giao dịch sẽ được truy xuất từ TCBS
[2024-12-17T12:45:31.181+0000] {python.py:240} INFO - Done. Returned value was: None
[2024-12-17T12:45:31.205+0000] {taskinstance.py:340} INFO - ::group::Post task execution logs
[2024-12-17T12:45:31.206+0000] {taskinstance.py:352} INFO - Marking task as SUCCESS. dag_id=parallel_new_price_with_group, task_id=process_groups.process_group_3, run_id=scheduled__2024-12-16T12:45:00+00:00, execution_date=20241216T124500, start_date=20241217T124504, end_date=20241217T124531
[2024-12-17T12:45:31.233+0000] {local_task_job_runner.py:266} INFO - Task exited with return code 0
[2024-12-17T12:45:31.264+0000] {taskinstance.py:3895} INFO - 0 downstream tasks scheduled from follow-on schedule check
[2024-12-17T12:45:31.267+0000] {local_task_job_runner.py:245} INFO - ::endgroup::
