[2024-12-14T03:46:33.806+0000] {local_task_job_runner.py:123} INFO - ::group::Pre task execution logs
[2024-12-14T03:46:33.857+0000] {taskinstance.py:2613} INFO - Dependencies all met for dep_context=non-requeueable deps ti=<TaskInstance: parallel_new_financial_reports.Load_to_fact_financials manual__2024-12-14T03:46:30.644695+00:00 [queued]>
[2024-12-14T03:46:33.882+0000] {taskinstance.py:2613} INFO - Dependencies all met for dep_context=requeueable deps ti=<TaskInstance: parallel_new_financial_reports.Load_to_fact_financials manual__2024-12-14T03:46:30.644695+00:00 [queued]>
[2024-12-14T03:46:33.883+0000] {taskinstance.py:2866} INFO - Starting attempt 1 of 1
[2024-12-14T03:46:33.919+0000] {taskinstance.py:2889} INFO - Executing <Task(PythonOperator): Load_to_fact_financials> on 2024-12-14 03:46:30.644695+00:00
[2024-12-14T03:46:33.935+0000] {logging_mixin.py:190} WARNING - /usr/local/lib/python3.12/site-packages/airflow/task/task_runner/standard_task_runner.py:70 DeprecationWarning: This process (pid=6339) is multi-threaded, use of fork() may lead to deadlocks in the child.
[2024-12-14T03:46:33.936+0000] {standard_task_runner.py:72} INFO - Started process 6341 to run task
[2024-12-14T03:46:33.934+0000] {standard_task_runner.py:104} INFO - Running: ['airflow', 'tasks', 'run', 'parallel_new_financial_reports', 'Load_to_fact_financials', 'manual__2024-12-14T03:46:30.644695+00:00', '--job-id', '401', '--raw', '--subdir', 'DAGS_FOLDER/Extract_new_financial_data.py', '--cfg-path', '/tmp/tmp_h1ysaxd']
[2024-12-14T03:46:33.937+0000] {standard_task_runner.py:105} INFO - Job 401: Subtask Load_to_fact_financials
[2024-12-14T03:46:34.107+0000] {task_command.py:467} INFO - Running <TaskInstance: parallel_new_financial_reports.Load_to_fact_financials manual__2024-12-14T03:46:30.644695+00:00 [running]> on host 2f7cc6f48508
[2024-12-14T03:46:34.362+0000] {taskinstance.py:3132} INFO - Exporting env vars: AIRFLOW_CTX_DAG_OWNER='airflowDWH' AIRFLOW_CTX_DAG_ID='parallel_new_financial_reports' AIRFLOW_CTX_TASK_ID='Load_to_fact_financials' AIRFLOW_CTX_EXECUTION_DATE='2024-12-14T03:46:30.644695+00:00' AIRFLOW_CTX_TRY_NUMBER='1' AIRFLOW_CTX_DAG_RUN_ID='manual__2024-12-14T03:46:30.644695+00:00'
[2024-12-14T03:46:34.364+0000] {taskinstance.py:731} INFO - ::endgroup::
[2024-12-14T03:46:34.424+0000] {base.py:84} INFO - Retrieving connection 'load_to_staging'
[2024-12-14T03:46:35.145+0000] {base.py:84} INFO - Retrieving connection 'load_to_dwh'
[2024-12-14T03:51:20.732+0000] {logging_mixin.py:190} INFO - ETL process completed successfully.
[2024-12-14T03:51:20.760+0000] {python.py:240} INFO - Done. Returned value was: None
[2024-12-14T03:51:20.808+0000] {taskinstance.py:340} INFO - ::group::Post task execution logs
[2024-12-14T03:51:20.808+0000] {taskinstance.py:352} INFO - Marking task as SUCCESS. dag_id=parallel_new_financial_reports, task_id=Load_to_fact_financials, run_id=manual__2024-12-14T03:46:30.644695+00:00, execution_date=20241214T034630, start_date=20241214T034633, end_date=20241214T035120
[2024-12-14T03:51:20.852+0000] {local_task_job_runner.py:266} INFO - Task exited with return code 0
[2024-12-14T03:51:20.959+0000] {taskinstance.py:3895} INFO - 0 downstream tasks scheduled from follow-on schedule check
[2024-12-14T03:51:20.966+0000] {local_task_job_runner.py:245} INFO - ::endgroup::
