[2024-12-16T13:00:04.728+0000] {local_task_job_runner.py:123} INFO - ::group::Pre task execution logs
[2024-12-16T13:00:04.842+0000] {taskinstance.py:2613} INFO - Dependencies all met for dep_context=non-requeueable deps ti=<TaskInstance: parallel_new_price_with_group.process_groups.process_group_4 scheduled__2024-12-13T13:00:00+00:00 [queued]>
[2024-12-16T13:00:04.862+0000] {taskinstance.py:2613} INFO - Dependencies all met for dep_context=requeueable deps ti=<TaskInstance: parallel_new_price_with_group.process_groups.process_group_4 scheduled__2024-12-13T13:00:00+00:00 [queued]>
[2024-12-16T13:00:04.862+0000] {taskinstance.py:2866} INFO - Starting attempt 1 of 4
[2024-12-16T13:00:04.890+0000] {taskinstance.py:2889} INFO - Executing <Task(PythonOperator): process_groups.process_group_4> on 2024-12-13 13:00:00+00:00
[2024-12-16T13:00:04.935+0000] {logging_mixin.py:190} WARNING - /usr/local/lib/python3.12/site-packages/airflow/task/task_runner/standard_task_runner.py:70 DeprecationWarning: This process (pid=13686) is multi-threaded, use of fork() may lead to deadlocks in the child.
[2024-12-16T13:00:04.941+0000] {standard_task_runner.py:72} INFO - Started process 13704 to run task
[2024-12-16T13:00:04.935+0000] {standard_task_runner.py:104} INFO - Running: ['airflow', 'tasks', 'run', 'parallel_new_price_with_group', 'process_groups.process_group_4', 'scheduled__2024-12-13T13:00:00+00:00', '--job-id', '428', '--raw', '--subdir', 'DAGS_FOLDER/Extract_new_price_data.py', '--cfg-path', '/tmp/tmpbl_n038x']
[2024-12-16T13:00:04.944+0000] {standard_task_runner.py:105} INFO - Job 428: Subtask process_groups.process_group_4
[2024-12-16T13:00:05.208+0000] {task_command.py:467} INFO - Running <TaskInstance: parallel_new_price_with_group.process_groups.process_group_4 scheduled__2024-12-13T13:00:00+00:00 [running]> on host 8e02006e0a25
[2024-12-16T13:00:05.857+0000] {taskinstance.py:3132} INFO - Exporting env vars: AIRFLOW_CTX_DAG_OWNER='airflowDWH' AIRFLOW_CTX_DAG_ID='parallel_new_price_with_group' AIRFLOW_CTX_TASK_ID='process_groups.process_group_4' AIRFLOW_CTX_EXECUTION_DATE='2024-12-13T13:00:00+00:00' AIRFLOW_CTX_TRY_NUMBER='1' AIRFLOW_CTX_DAG_RUN_ID='scheduled__2024-12-13T13:00:00+00:00'
[2024-12-16T13:00:05.878+0000] {taskinstance.py:731} INFO - ::endgroup::
[2024-12-16T13:00:08.538+0000] {data_explorer.py:64} WARNING - Thông tin niêm yết & giao dịch sẽ được truy xuất từ TCBS
[2024-12-16T13:00:09.633+0000] {data_explorer.py:64} WARNING - Thông tin niêm yết & giao dịch sẽ được truy xuất từ TCBS
[2024-12-16T13:00:10.599+0000] {data_explorer.py:64} WARNING - Thông tin niêm yết & giao dịch sẽ được truy xuất từ TCBS
[2024-12-16T13:00:11.462+0000] {data_explorer.py:64} WARNING - Thông tin niêm yết & giao dịch sẽ được truy xuất từ TCBS
[2024-12-16T13:00:13.498+0000] {data_explorer.py:64} WARNING - Thông tin niêm yết & giao dịch sẽ được truy xuất từ TCBS
[2024-12-16T13:00:14.391+0000] {data_explorer.py:64} WARNING - Thông tin niêm yết & giao dịch sẽ được truy xuất từ TCBS
[2024-12-16T13:00:15.387+0000] {data_explorer.py:64} WARNING - Thông tin niêm yết & giao dịch sẽ được truy xuất từ TCBS
[2024-12-16T13:00:16.204+0000] {data_explorer.py:64} WARNING - Thông tin niêm yết & giao dịch sẽ được truy xuất từ TCBS
[2024-12-16T13:00:17.079+0000] {data_explorer.py:64} WARNING - Thông tin niêm yết & giao dịch sẽ được truy xuất từ TCBS
[2024-12-16T13:00:17.831+0000] {data_explorer.py:64} WARNING - Thông tin niêm yết & giao dịch sẽ được truy xuất từ TCBS
[2024-12-16T13:00:18.692+0000] {data_explorer.py:64} WARNING - Thông tin niêm yết & giao dịch sẽ được truy xuất từ TCBS
[2024-12-16T13:00:18.951+0000] {logging_mixin.py:190} INFO - Mã cổ phiếu V11 hiện bị dừng giao dịch
[2024-12-16T13:00:19.793+0000] {data_explorer.py:64} WARNING - Thông tin niêm yết & giao dịch sẽ được truy xuất từ TCBS
[2024-12-16T13:00:20.093+0000] {logging_mixin.py:190} INFO - Mã cổ phiếu V21 hiện bị dừng giao dịch
[2024-12-16T13:00:20.719+0000] {data_explorer.py:64} WARNING - Thông tin niêm yết & giao dịch sẽ được truy xuất từ TCBS
[2024-12-16T13:00:21.997+0000] {data_explorer.py:64} WARNING - Thông tin niêm yết & giao dịch sẽ được truy xuất từ TCBS
[2024-12-16T13:00:23.147+0000] {data_explorer.py:64} WARNING - Thông tin niêm yết & giao dịch sẽ được truy xuất từ TCBS
[2024-12-16T13:00:23.361+0000] {logging_mixin.py:190} INFO - Mã cổ phiếu VES hiện bị dừng giao dịch
[2024-12-16T13:00:24.098+0000] {data_explorer.py:64} WARNING - Thông tin niêm yết & giao dịch sẽ được truy xuất từ TCBS
[2024-12-16T13:00:25.226+0000] {data_explorer.py:64} WARNING - Thông tin niêm yết & giao dịch sẽ được truy xuất từ TCBS
[2024-12-16T13:00:26.002+0000] {data_explorer.py:64} WARNING - Thông tin niêm yết & giao dịch sẽ được truy xuất từ TCBS
[2024-12-16T13:00:26.251+0000] {logging_mixin.py:190} INFO - Mã cổ phiếu VHD hiện bị dừng giao dịch
[2024-12-16T13:00:26.859+0000] {data_explorer.py:64} WARNING - Thông tin niêm yết & giao dịch sẽ được truy xuất từ TCBS
[2024-12-16T13:00:27.728+0000] {data_explorer.py:64} WARNING - Thông tin niêm yết & giao dịch sẽ được truy xuất từ TCBS
[2024-12-16T13:00:28.499+0000] {data_explorer.py:64} WARNING - Thông tin niêm yết & giao dịch sẽ được truy xuất từ TCBS
[2024-12-16T13:00:29.414+0000] {data_explorer.py:64} WARNING - Thông tin niêm yết & giao dịch sẽ được truy xuất từ TCBS
[2024-12-16T13:00:30.267+0000] {data_explorer.py:64} WARNING - Thông tin niêm yết & giao dịch sẽ được truy xuất từ TCBS
[2024-12-16T13:00:31.007+0000] {data_explorer.py:64} WARNING - Thông tin niêm yết & giao dịch sẽ được truy xuất từ TCBS
[2024-12-16T13:00:31.288+0000] {python.py:240} INFO - Done. Returned value was: None
[2024-12-16T13:00:31.309+0000] {taskinstance.py:340} INFO - ::group::Post task execution logs
[2024-12-16T13:00:31.310+0000] {taskinstance.py:352} INFO - Marking task as SUCCESS. dag_id=parallel_new_price_with_group, task_id=process_groups.process_group_4, run_id=scheduled__2024-12-13T13:00:00+00:00, execution_date=20241213T130000, start_date=20241216T130004, end_date=20241216T130031
[2024-12-16T13:00:31.366+0000] {local_task_job_runner.py:266} INFO - Task exited with return code 0
[2024-12-16T13:00:31.486+0000] {taskinstance.py:3895} INFO - 0 downstream tasks scheduled from follow-on schedule check
[2024-12-16T13:00:31.491+0000] {local_task_job_runner.py:245} INFO - ::endgroup::
