[2024-12-12T05:55:37.784+0000] {local_task_job_runner.py:123} INFO - ::group::Pre task execution logs
[2024-12-12T05:55:37.826+0000] {taskinstance.py:2613} INFO - Dependencies all met for dep_context=non-requeueable deps ti=<TaskInstance: parallel_new_price_with_group.process_groups.process_group_0 manual__2024-12-12T05:55:32.191689+00:00 [queued]>
[2024-12-12T05:55:37.843+0000] {taskinstance.py:2613} INFO - Dependencies all met for dep_context=requeueable deps ti=<TaskInstance: parallel_new_price_with_group.process_groups.process_group_0 manual__2024-12-12T05:55:32.191689+00:00 [queued]>
[2024-12-12T05:55:37.843+0000] {taskinstance.py:2866} INFO - Starting attempt 1 of 2
[2024-12-12T05:55:37.873+0000] {taskinstance.py:2889} INFO - Executing <Task(PythonOperator): process_groups.process_group_0> on 2024-12-12 05:55:32.191689+00:00
[2024-12-12T05:55:37.898+0000] {standard_task_runner.py:104} INFO - Running: ['airflow', 'tasks', 'run', 'parallel_new_price_with_group', 'process_groups.process_group_0', 'manual__2024-12-12T05:55:32.191689+00:00', '--job-id', '287', '--raw', '--subdir', 'DAGS_FOLDER/Extract_new_price_data.py', '--cfg-path', '/tmp/tmpcac85tom']
[2024-12-12T05:55:37.910+0000] {logging_mixin.py:190} WARNING - /usr/local/lib/python3.12/site-packages/airflow/task/task_runner/standard_task_runner.py:70 DeprecationWarning: This process (pid=7731) is multi-threaded, use of fork() may lead to deadlocks in the child.
[2024-12-12T05:55:37.912+0000] {standard_task_runner.py:105} INFO - Job 287: Subtask process_groups.process_group_0
[2024-12-12T05:55:37.912+0000] {standard_task_runner.py:72} INFO - Started process 7746 to run task
[2024-12-12T05:55:38.377+0000] {task_command.py:467} INFO - Running <TaskInstance: parallel_new_price_with_group.process_groups.process_group_0 manual__2024-12-12T05:55:32.191689+00:00 [running]> on host b97e805017e1
[2024-12-12T05:55:38.909+0000] {taskinstance.py:3132} INFO - Exporting env vars: AIRFLOW_CTX_DAG_OWNER='airflowDWH' AIRFLOW_CTX_DAG_ID='parallel_new_price_with_group' AIRFLOW_CTX_TASK_ID='process_groups.process_group_0' AIRFLOW_CTX_EXECUTION_DATE='2024-12-12T05:55:32.191689+00:00' AIRFLOW_CTX_TRY_NUMBER='1' AIRFLOW_CTX_DAG_RUN_ID='manual__2024-12-12T05:55:32.191689+00:00'
[2024-12-12T05:55:38.911+0000] {taskinstance.py:731} INFO - ::endgroup::
[2024-12-12T05:55:44.540+0000] {data_explorer.py:64} WARNING - Thông tin niêm yết & giao dịch sẽ được truy xuất từ TCBS
[2024-12-12T05:55:45.757+0000] {data_explorer.py:64} WARNING - Thông tin niêm yết & giao dịch sẽ được truy xuất từ TCBS
[2024-12-12T05:55:46.292+0000] {logging_mixin.py:190} INFO - Mã cổ phiếu LEC hiện bị dừng giao dịch
[2024-12-12T05:55:47.004+0000] {data_explorer.py:64} WARNING - Thông tin niêm yết & giao dịch sẽ được truy xuất từ TCBS
[2024-12-12T05:55:47.789+0000] {data_explorer.py:64} WARNING - Thông tin niêm yết & giao dịch sẽ được truy xuất từ TCBS
[2024-12-12T05:55:48.660+0000] {data_explorer.py:64} WARNING - Thông tin niêm yết & giao dịch sẽ được truy xuất từ TCBS
[2024-12-12T05:55:49.711+0000] {data_explorer.py:64} WARNING - Thông tin niêm yết & giao dịch sẽ được truy xuất từ TCBS
[2024-12-12T05:55:50.725+0000] {data_explorer.py:64} WARNING - Thông tin niêm yết & giao dịch sẽ được truy xuất từ TCBS
[2024-12-12T05:55:51.969+0000] {data_explorer.py:64} WARNING - Thông tin niêm yết & giao dịch sẽ được truy xuất từ TCBS
[2024-12-12T05:55:52.243+0000] {logging_mixin.py:190} INFO - Mã cổ phiếu C21 hiện bị dừng giao dịch
[2024-12-12T05:55:53.191+0000] {data_explorer.py:64} WARNING - Thông tin niêm yết & giao dịch sẽ được truy xuất từ TCBS
[2024-12-12T05:55:54.436+0000] {data_explorer.py:64} WARNING - Thông tin niêm yết & giao dịch sẽ được truy xuất từ TCBS
[2024-12-12T05:55:54.851+0000] {logging_mixin.py:190} INFO - Mã cổ phiếu CK8 hiện bị dừng giao dịch
[2024-12-12T05:55:55.603+0000] {data_explorer.py:64} WARNING - Thông tin niêm yết & giao dịch sẽ được truy xuất từ TCBS
[2024-12-12T05:55:57.126+0000] {data_explorer.py:64} WARNING - Thông tin niêm yết & giao dịch sẽ được truy xuất từ TCBS
[2024-12-12T05:55:57.755+0000] {logging_mixin.py:190} INFO - Mã cổ phiếu CLG hiện bị dừng giao dịch
[2024-12-12T05:55:58.507+0000] {data_explorer.py:64} WARNING - Thông tin niêm yết & giao dịch sẽ được truy xuất từ TCBS
[2024-12-12T05:55:58.713+0000] {logging_mixin.py:190} INFO - Mã cổ phiếu MGR hiện bị dừng giao dịch
[2024-12-12T05:55:59.277+0000] {data_explorer.py:64} WARNING - Thông tin niêm yết & giao dịch sẽ được truy xuất từ TCBS
[2024-12-12T05:55:59.982+0000] {logging_mixin.py:190} INFO - Mã cổ phiếu HPI hiện bị dừng giao dịch
[2024-12-12T05:56:01.070+0000] {data_explorer.py:64} WARNING - Thông tin niêm yết & giao dịch sẽ được truy xuất từ TCBS
[2024-12-12T05:56:01.255+0000] {logging_mixin.py:190} INFO - Mã cổ phiếu DRH hiện bị dừng giao dịch
[2024-12-12T05:56:01.771+0000] {data_explorer.py:64} WARNING - Thông tin niêm yết & giao dịch sẽ được truy xuất từ TCBS
[2024-12-12T05:56:03.399+0000] {data_explorer.py:64} WARNING - Thông tin niêm yết & giao dịch sẽ được truy xuất từ TCBS
[2024-12-12T05:56:04.139+0000] {data_explorer.py:64} WARNING - Thông tin niêm yết & giao dịch sẽ được truy xuất từ TCBS
[2024-12-12T05:56:04.958+0000] {data_explorer.py:64} WARNING - Thông tin niêm yết & giao dịch sẽ được truy xuất từ TCBS
[2024-12-12T05:56:05.311+0000] {logging_mixin.py:190} INFO - Mã cổ phiếu BVL hiện bị dừng giao dịch
[2024-12-12T05:56:06.368+0000] {data_explorer.py:64} WARNING - Thông tin niêm yết & giao dịch sẽ được truy xuất từ TCBS
[2024-12-12T05:56:07.670+0000] {data_explorer.py:64} WARNING - Thông tin niêm yết & giao dịch sẽ được truy xuất từ TCBS
[2024-12-12T05:56:08.777+0000] {data_explorer.py:64} WARNING - Thông tin niêm yết & giao dịch sẽ được truy xuất từ TCBS
[2024-12-12T05:56:09.113+0000] {logging_mixin.py:190} INFO - Mã cổ phiếu BII hiện bị dừng giao dịch
[2024-12-12T05:56:10.026+0000] {data_explorer.py:64} WARNING - Thông tin niêm yết & giao dịch sẽ được truy xuất từ TCBS
[2024-12-12T05:56:10.361+0000] {logging_mixin.py:190} INFO - Mã cổ phiếu FLC hiện bị dừng giao dịch
[2024-12-12T05:56:11.204+0000] {data_explorer.py:64} WARNING - Thông tin niêm yết & giao dịch sẽ được truy xuất từ TCBS
[2024-12-12T05:56:11.928+0000] {data_explorer.py:64} WARNING - Thông tin niêm yết & giao dịch sẽ được truy xuất từ TCBS
[2024-12-12T05:56:12.632+0000] {data_explorer.py:64} WARNING - Thông tin niêm yết & giao dịch sẽ được truy xuất từ TCBS
[2024-12-12T05:56:12.939+0000] {python.py:240} INFO - Done. Returned value was: None
[2024-12-12T05:56:12.969+0000] {taskinstance.py:340} INFO - ::group::Post task execution logs
[2024-12-12T05:56:12.969+0000] {taskinstance.py:352} INFO - Marking task as SUCCESS. dag_id=parallel_new_price_with_group, task_id=process_groups.process_group_0, run_id=manual__2024-12-12T05:55:32.191689+00:00, execution_date=20241212T055532, start_date=20241212T055537, end_date=20241212T055612
[2024-12-12T05:56:13.015+0000] {local_task_job_runner.py:266} INFO - Task exited with return code 0
[2024-12-12T05:56:13.136+0000] {taskinstance.py:3895} INFO - 0 downstream tasks scheduled from follow-on schedule check
[2024-12-12T05:56:13.141+0000] {local_task_job_runner.py:245} INFO - ::endgroup::
