[2024-12-07T13:13:15.220+0000] {local_task_job_runner.py:123} INFO - ::group::Pre task execution logs
[2024-12-07T13:13:15.249+0000] {taskinstance.py:2613} INFO - Dependencies all met for dep_context=non-requeueable deps ti=<TaskInstance: parallel_historical_price.combine_csv_files manual__2024-12-07T13:12:51.356771+00:00 [queued]>
[2024-12-07T13:13:15.265+0000] {taskinstance.py:2613} INFO - Dependencies all met for dep_context=requeueable deps ti=<TaskInstance: parallel_historical_price.combine_csv_files manual__2024-12-07T13:12:51.356771+00:00 [queued]>
[2024-12-07T13:13:15.265+0000] {taskinstance.py:2866} INFO - Starting attempt 1 of 1
[2024-12-07T13:13:15.336+0000] {taskinstance.py:2889} INFO - Executing <Task(PythonOperator): combine_csv_files> on 2024-12-07 13:12:51.356771+00:00
[2024-12-07T13:13:15.347+0000] {logging_mixin.py:190} WARNING - /usr/local/lib/python3.12/site-packages/airflow/task/task_runner/standard_task_runner.py:70 DeprecationWarning: This process (pid=5340) is multi-threaded, use of fork() may lead to deadlocks in the child.
[2024-12-07T13:13:15.348+0000] {standard_task_runner.py:72} INFO - Started process 5348 to run task
[2024-12-07T13:13:15.347+0000] {standard_task_runner.py:104} INFO - Running: ['airflow', 'tasks', 'run', 'parallel_historical_price', 'combine_csv_files', 'manual__2024-12-07T13:12:51.356771+00:00', '--job-id', '55', '--raw', '--subdir', 'DAGS_FOLDER/Extract_history_price_data.py', '--cfg-path', '/tmp/tmp8fsjsdjq']
[2024-12-07T13:13:15.350+0000] {standard_task_runner.py:105} INFO - Job 55: Subtask combine_csv_files
[2024-12-07T13:13:15.509+0000] {task_command.py:467} INFO - Running <TaskInstance: parallel_historical_price.combine_csv_files manual__2024-12-07T13:12:51.356771+00:00 [running]> on host 5690cb444f4e
[2024-12-07T13:13:15.754+0000] {taskinstance.py:3132} INFO - Exporting env vars: AIRFLOW_CTX_DAG_OWNER='airflowDWH' AIRFLOW_CTX_DAG_ID='parallel_historical_price' AIRFLOW_CTX_TASK_ID='combine_csv_files' AIRFLOW_CTX_EXECUTION_DATE='2024-12-07T13:12:51.356771+00:00' AIRFLOW_CTX_TRY_NUMBER='1' AIRFLOW_CTX_DAG_RUN_ID='manual__2024-12-07T13:12:51.356771+00:00'
[2024-12-07T13:13:15.756+0000] {taskinstance.py:731} INFO - ::endgroup::
[2024-12-07T13:13:15.839+0000] {logging_mixin.py:190} INFO - Đã xóa thành công
[2024-12-07T13:13:15.840+0000] {logging_mixin.py:190} INFO - Đã xóa thành công
[2024-12-07T13:13:15.841+0000] {logging_mixin.py:190} INFO - Đã xóa thành công
[2024-12-07T13:13:15.842+0000] {logging_mixin.py:190} INFO - Đã xóa thành công
[2024-12-07T13:13:15.842+0000] {logging_mixin.py:190} INFO - Đã xóa thành công
[2024-12-07T13:13:15.842+0000] {python.py:240} INFO - Done. Returned value was: None
[2024-12-07T13:13:15.879+0000] {taskinstance.py:340} INFO - ::group::Post task execution logs
[2024-12-07T13:13:15.882+0000] {taskinstance.py:352} INFO - Marking task as SUCCESS. dag_id=parallel_historical_price, task_id=combine_csv_files, run_id=manual__2024-12-07T13:12:51.356771+00:00, execution_date=20241207T131251, start_date=20241207T131315, end_date=20241207T131315
[2024-12-07T13:13:15.925+0000] {local_task_job_runner.py:266} INFO - Task exited with return code 0
[2024-12-07T13:13:15.966+0000] {taskinstance.py:3895} INFO - 0 downstream tasks scheduled from follow-on schedule check
[2024-12-07T13:13:15.971+0000] {local_task_job_runner.py:245} INFO - ::endgroup::
